/usr/bin/env time -v /packages/apps/vtr/8.0.0-git/vpr/vpr k6_frac_N10_mem32K_40nm.xml alu4 --circuit_file alu4.pre-vpr.blif --route_chan_width 40 --max_criticality 0.5 --astar_fac 0 --seed 10
VPR FPGA Placement and Routing.
Version: 8.1.0-dev+109c5adcc
Revision: v8.0.0-9695-g109c5adcc
Compiled: 2024-02-23T09:38:13
Compiler: GNU 11.2.0 on Linux-4.18.0-348.el8.0.2.x86_64 x86_64
Build Info: release IPO VTR_ASSERT_LEVEL=2

University of Toronto
verilogtorouting.org
vtr-users@googlegroups.com
This is free open source code under MIT license.

VPR was run with the following command-line:
/packages/apps/vtr/8.0.0-git/vpr/vpr k6_frac_N10_mem32K_40nm.xml alu4 --circuit_file alu4.pre-vpr.blif --route_chan_width 40 --max_criticality 0.5 --astar_fac 0 --seed 10


Architecture file: k6_frac_N10_mem32K_40nm.xml
Circuit name: alu4

# Loading Architecture Description
# Loading Architecture Description took 0.01 seconds (max_rss 15.4 MiB, delta_rss +2.7 MiB)

Timing analysis: ON
Circuit netlist file: alu4.net
Circuit placement file: alu4.place
Circuit routing file: alu4.route
Circuit SDC file: alu4.sdc
Vpr floorplanning constraints file: not specified

Packer: ENABLED
Placer: ENABLED
Router: ENABLED
Analysis: ENABLED

VPR was run with the following options:

NetlistOpts.abosrb_buffer_luts            : true
NetlistOpts.sweep_dangling_primary_ios    : true
NetlistOpts.sweep_dangling_nets           : true
NetlistOpts.sweep_dangling_blocks         : true
NetlistOpts.sweep_constant_primary_outputs: false
NetlistOpts.netlist_verbosity             : 1
NetlistOpts.const_gen_inference           : COMB_SEQ

PackerOpts.allow_unrelated_clustering: auto
PackerOpts.alpha_clustering: 0.750000
PackerOpts.beta_clustering: 0.900000
PackerOpts.cluster_seed_type: BLEND2
PackerOpts.connection_driven: true
PackerOpts.global_clocks: true
PackerOpts.hill_climbing_flag: false
PackerOpts.inter_cluster_net_delay: 1.000000
PackerOpts.timing_driven: true
PackerOpts.target_external_pin_util: auto

PlacerOpts.place_freq: PLACE_ONCE
PlacerOpts.place_algorithm: CRITICALITY_TIMING_PLACE
PlacerOpts.pad_loc_type: FREE
PlacerOpts.constraints_file: No constraints file given
PlacerOpts.place_cost_exp: 1.000000
PlacerOpts.place_chan_width: 40
PlacerOpts.inner_loop_recompute_divider: 0
PlacerOpts.recompute_crit_iter: 1
PlacerOpts.timing_tradeoff: 0.500000
PlacerOpts.td_place_exp_first: 1.000000
PlacerOpts.td_place_exp_last: 8.000000
PlacerOpts.delay_offset: 0.000000
PlacerOpts.delay_ramp_delta_threshold: -1
PlacerOpts.delay_ramp_slope: 0.000000
PlacerOpts.tsu_rel_margin: 1.000000
PlacerOpts.tsu_abs_margin: 0.000000
PlacerOpts.post_place_timing_report_file: 
PlacerOpts.allowed_tiles_for_delay_model: 
PlacerOpts.delay_model_reducer: MIN
PlacerOpts.delay_model_type: DELTA
PlacerOpts.rlim_escape_fraction: 0.000000
PlacerOpts.move_stats_file: 
PlacerOpts.placement_saves_per_temperature: 0
PlacerOpts.effort_scaling: CIRCUIT
PlacerOpts.place_delta_delay_matrix_calculation_method: ASTAR_ROUTE
PlaceOpts.seed: 10
AnnealSched.type: AUTO_SCHED
AnnealSched.inner_num: 0.500000

RouterOpts.route_type: DETAILED
RouterOpts.flat_routing: false
RouterOpts.has_choking_spot: false
RouterOpts.router_algorithm: TIMING_DRIVEN
RouterOpts.base_cost_type: DELAY_NORMALIZED_LENGTH
RouterOpts.fixed_channel_width: 40
RouterOpts.check_route: FULL
RouterOpts.acc_fac: 1.000000
RouterOpts.bb_factor: 3
RouterOpts.bend_cost: 0.000000
RouterOpts.first_iter_pres_fac: 0.000000
RouterOpts.initial_pres_fac: 0.500000
RouterOpts.pres_fac_mult: 1.300000
RouterOpts.max_router_iterations: 50
RouterOpts.min_incremental_reroute_fanout: 16
RouterOpts.do_check_rr_graph: true
RouterOpts.verify_binary_search: false
RouterOpts.min_channel_width_hint: 0
RouterOpts.read_rr_edge_metadata: false
RouterOpts.exit_after_first_routing_iteration: false
RouterOpts.astar_fac: 0.000000
RouterOpts.router_profiler_astar_fac: 1.200000
RouterOpts.criticality_exp: 1.000000
RouterOpts.max_criticality: 0.500000
RouterOpts.init_wirelength_abort_threshold: 0.850000
RouterOpts.save_routing_per_iteration: false
RouterOpts.congested_routing_iteration_threshold_frac: 1.000000
RouterOpts.high_fanout_threshold: 64
RouterOpts.router_debug_net: -2
RouterOpts.router_debug_sink_rr: -2
RouterOpts.router_debug_iteration: -2
RouterOpts.max_convergence_count: 1
RouterOpts.reconvergence_cpd_threshold: 0.990000
RouterOpts.update_lower_bound_delays: true
RouterOpts.first_iteration_timing_report_file: 
RouterOpts.incr_reroute_delay_ripup: AUTO
RouterOpts.route_bb_update: DYNAMIC
RouterOpts.lookahead_type: MAP
RouterOpts.initial_timing: LOOKAHEAD
RouterOpts.router_heap: BINARY_HEAP
RouterOpts.routing_failure_predictor = SAFE
RouterOpts.routing_budgets_algorithm = DISABLE

AnalysisOpts.gen_post_synthesis_netlist: false
AnalysisOpts.timing_report_npaths: 100
AnalysisOpts.timing_report_skew: false
AnalysisOpts.echo_dot_timing_graph_node: -1
AnalysisOpts.timing_report_detail: NETLIST
AnalysisOpts.post_synth_netlist_unconn_input_handling: UNCONNECTED
AnalysisOpts.post_synth_netlist_unconn_output_handling: UNCONNECTED

# Building complex block graph
Warning 1: io[0].clock[0] unconnected pin in architecture.
# Building complex block graph took 0.02 seconds (max_rss 22.2 MiB, delta_rss +6.7 MiB)
Circuit file: alu4.pre-vpr.blif
# Load circuit
# Load circuit took 0.01 seconds (max_rss 24.5 MiB, delta_rss +2.3 MiB)
# Clean circuit
Absorbed 0 LUT buffers
Inferred    0 additional primitive pins as constant generators since they have no combinationally connected inputs
Inferred    0 additional primitive pins as constant generators due to constant inputs
Swept input(s)      : 0
Swept output(s)     : 0 (0 dangling, 0 constant)
Swept net(s)        : 0
Swept block(s)      : 0
Constant Pins Marked: 0
# Clean circuit took 0.00 seconds (max_rss 24.5 MiB, delta_rss +0.0 MiB)
# Compress circuit
# Compress circuit took 0.00 seconds (max_rss 24.5 MiB, delta_rss +0.0 MiB)
# Verify circuit
# Verify circuit took 0.00 seconds (max_rss 24.5 MiB, delta_rss +0.0 MiB)
Circuit Statistics:
  Blocks: 1195
    .input :      14
    .output:       8
    6-LUT  :    1173
  Nets  : 1187
    Avg Fanout:     4.9
    Max Fanout:   358.0
    Min Fanout:     1.0
  Netlist Clocks: 0
# Build Timing Graph
  Timing Graph Nodes: 7016
  Timing Graph Edges: 11650
  Timing Graph Levels: 14
# Build Timing Graph took 0.01 seconds (max_rss 25.9 MiB, delta_rss +1.5 MiB)
Netlist contains 0 clocks
# Load Timing Constraints

SDC file 'alu4.sdc' not found
Setting default timing constraints:
   * constrain all primay inputs and primary outputs on a virtual external clock 'virtual_io_clock'
   * optimize virtual clock to run as fast as possible
Timing constraints created 1 clocks
  Constrained Clock 'virtual_io_clock' (Virtual Clock)

# Load Timing Constraints took 0.00 seconds (max_rss 25.9 MiB, delta_rss +0.0 MiB)
# Packing
Begin packing 'alu4.pre-vpr.blif'.

After removing unused inputs...
	total blocks: 1195, total nets: 1187, total inputs: 14, total outputs: 8
Begin prepacking.
0 attraction groups were created during prepacking.
Finish prepacking.
Using inter-cluster delay: 1.33777e-09
Packing with pin utilization targets: io:1,1 clb:0.8,1 mult_36:1,1 memory:1,1
Packing with high fanout thresholds: io:128 clb:32 mult_36:128 memory:128
Starting Clustering - Clustering Progress: 
-------------------   --------------------------   ---------
Molecules processed   Number of clusters created   FPGA size
-------------------   --------------------------   ---------
    47/1195      3%                            4     5 x 5     
    94/1195      7%                            8     6 x 6     
   141/1195     11%                           12     7 x 7     
   188/1195     15%                           16     7 x 7     
   235/1195     19%                           20     7 x 7     
   282/1195     23%                           24     8 x 8     
   329/1195     27%                           28     9 x 9     
   376/1195     31%                           32     9 x 9     
   423/1195     35%                           36    10 x 10    
   470/1195     39%                           40    10 x 10    
   517/1195     43%                           44    10 x 10    
   564/1195     47%                           48    10 x 10    
   611/1195     51%                           52    11 x 11    
   658/1195     55%                           56    11 x 11    
   705/1195     58%                           60    11 x 11    
   752/1195     62%                           65    12 x 12    
   799/1195     66%                           68    12 x 12    
   846/1195     70%                           73    13 x 13    
   893/1195     74%                           77    13 x 13    
   940/1195     78%                           81    13 x 13    
   987/1195     82%                           85    13 x 13    
  1034/1195     86%                           90    14 x 14    
  1081/1195     90%                           95    14 x 14    
  1128/1195     94%                           99    14 x 14    
  1175/1195     98%                          108    14 x 14    

Logic Element (fle) detailed count:
  Total number of Logic Elements used : 1030
  LEs used for logic and registers    : 0
  LEs used for logic only             : 1030
  LEs used for registers only         : 0

Incr Slack updates 1 in 8.2936e-05 sec
Full Max Req/Worst Slack updates 1 in 1.402e-06 sec
Incr Max Req/Worst Slack updates 0 in 0 sec
Incr Criticality updates 0 in 0 sec
Full Criticality updates 1 in 0.000132829 sec
FPGA sized to 14 x 14 (auto)
Device Utilization: 0.56 (target 1.00)
	Block Utilization: 0.06 Type: io
	Block Utilization: 0.99 Type: clb

Start the iterative improvement process
the iterative improvement process is done
Final Clustering Statistics: 
----------   --------   ------------------------------------   --------------------------
Block Type   # Blocks   Avg. # of input clocks and pins used   Avg. # of output pins used
----------   --------   ------------------------------------   --------------------------
     EMPTY          0                                      0                            0   
        io         22                               0.363636                     0.636364   
       clb        107                                18.1028                      5.03738   
   mult_36          0                                      0                            0   
    memory          0                                      0                            0   
Absorbed logical nets 634 out of 1187 nets, 553 nets not absorbed.

Netlist conversion complete.

# Packing took 0.58 seconds (max_rss 34.6 MiB, delta_rss +8.7 MiB)
# Load packing
Begin loading packed FPGA netlist file.
Netlist generated from file 'alu4.net'.
Detected 0 constant generators (to see names run with higher pack verbosity)
Finished loading packed FPGA netlist file (took 0.107528 seconds).
Warning 2: Treated 0 constant nets as global which will not be routed (to see net names increase packer verbosity).
# Load packing took 0.11 seconds (max_rss 72.2 MiB, delta_rss +37.6 MiB)
Warning 3: Netlist contains 0 global net to non-global architecture pin connections
Cluster level netlist and block usage statistics
Netlist num_nets: 553
Netlist num_blocks: 129
Netlist EMPTY blocks: 0.
Netlist io blocks: 22.
Netlist clb blocks: 107.
Netlist mult_36 blocks: 0.
Netlist memory blocks: 0.
Netlist inputs pins: 14
Netlist output pins: 8

Pb types usage...
  io             : 22
   inpad         : 14
   outpad        : 8
  clb            : 107
   fle           : 1030
    lut5inter    : 539
     ble5        : 682
      lut5       : 682
       lut       : 682
    ble6         : 491
     lut6        : 491
      lut        : 491

# Create Device
## Build Device Grid
FPGA sized to 14 x 14: 196 grid tiles (auto)

Resource usage...
	Netlist
		22	blocks of type: io
	Architecture
		384	blocks of type: io
	Netlist
		107	blocks of type: clb
	Architecture
		108	blocks of type: clb
	Netlist
		0	blocks of type: mult_36
	Architecture
		3	blocks of type: mult_36
	Netlist
		0	blocks of type: memory
	Architecture
		4	blocks of type: memory

Device Utilization: 0.56 (target 1.00)
	Physical Tile io:
	Block Utilization: 0.06 Logical Block: io
	Physical Tile clb:
	Block Utilization: 0.99 Logical Block: clb
	Physical Tile mult_36:
	Block Utilization: 0.00 Logical Block: mult_36
	Physical Tile memory:
	Block Utilization: 0.00 Logical Block: memory

FPGA size limited by block type(s): clb

## Build Device Grid took 0.00 seconds (max_rss 72.2 MiB, delta_rss +0.0 MiB)
## Build routing resource graph
SOURCE->OPIN and IPIN->SINK edge count:8816
OPIN->CHANX/CHANY edge count before creating direct connections: 12064
OPIN->CHANX/CHANY edge count after creating direct connections: 12064
CHAN->CHAN type edge count:55348
## Build routing resource graph took 0.05 seconds (max_rss 72.2 MiB, delta_rss +0.0 MiB)
  RR Graph Nodes: 17320
  RR Graph Edges: 76228
# Create Device took 0.05 seconds (max_rss 72.2 MiB, delta_rss +0.0 MiB)

# Computing router lookahead map
## Computing wire lookahead
## Computing wire lookahead took 0.13 seconds (max_rss 72.2 MiB, delta_rss +0.0 MiB)
## Computing src/opin lookahead
Warning 4: Found no sample locations for EMPTY
Warning 5: Found no more sample locations for SOURCE in io
Warning 6: Found no more sample locations for OPIN in io
Warning 7: Found no more sample locations for SOURCE in clb
Warning 8: Found no more sample locations for OPIN in clb
Warning 9: Found no more sample locations for SOURCE in mult_36
Warning 10: Found no more sample locations for OPIN in mult_36
Warning 11: Found no more sample locations for SOURCE in memory
Warning 12: Found no more sample locations for OPIN in memory
## Computing src/opin lookahead took 0.00 seconds (max_rss 72.2 MiB, delta_rss +0.0 MiB)
# Computing router lookahead map took 0.13 seconds (max_rss 72.2 MiB, delta_rss +0.0 MiB)
# Computing placement delta delay look-up
RR graph channel widths unchanged, skipping RR graph rebuild
## Computing delta delays
## Computing delta delays took 0.01 seconds (max_rss 72.2 MiB, delta_rss +0.0 MiB)
# Computing placement delta delay look-up took 0.01 seconds (max_rss 72.2 MiB, delta_rss +0.0 MiB)

Bounding box mode is Cube

Using simple RL 'Softmax agent' for choosing move and block types
# Placement
## Initial Placement
Initial placement iteration 0 has finished successfully
## Initial Placement took 0.00 seconds (max_rss 72.2 MiB, delta_rss +0.0 MiB)

There are 1945 point to point connections in this circuit.


BB estimate of min-dist (placement) wire length: 6833

Completed placement consistency check successfully.
Initial placement cost: 1 bb_cost: 170.822 td_cost: 5.77181e-07
Initial placement estimated Critical Path Delay (CPD): 5.81332 ns
Initial placement estimated setup Total Negative Slack (sTNS): -32.3955 ns
Initial placement estimated setup Worst Negative Slack (sWNS): -5.81332 ns

Initial placement estimated setup slack histogram:
[ -5.8e-09: -5.4e-09) 1 ( 12.5%) |*************************
[ -5.4e-09: -5.1e-09) 0 (  0.0%) |
[ -5.1e-09: -4.7e-09) 1 ( 12.5%) |*************************
[ -4.7e-09: -4.3e-09) 1 ( 12.5%) |*************************
[ -4.3e-09:   -4e-09) 1 ( 12.5%) |*************************
[   -4e-09: -3.6e-09) 2 ( 25.0%) |*************************************************
[ -3.6e-09: -3.2e-09) 0 (  0.0%) |
[ -3.2e-09: -2.9e-09) 1 ( 12.5%) |*************************
[ -2.9e-09: -2.5e-09) 0 (  0.0%) |
[ -2.5e-09: -2.1e-09) 1 ( 12.5%) |*************************
Placement contains 0 placement macros involving 0 blocks (average macro size -nan)

Moves per temperature: 325
Warning 13: Starting t: 38 of 129 configurations accepted.

---- ------ ------- ------- ---------- ---------- ------- ---------- -------- ------- ------- ------ -------- --------- ------
Tnum   Time       T Av Cost Av BB Cost Av TD Cost     CPD       sTNS     sWNS Ac Rate Std Dev  R lim Crit Exp Tot Moves  Alpha
      (sec)                                          (ns)       (ns)     (ns)                                                 
---- ------ ------- ------- ---------- ---------- ------- ---------- -------- ------- ------- ------ -------- --------- ------
   1    0.0 4.5e-04   0.960     145.81 4.9855e-07   6.323      -31.1   -6.323   0.280  0.0172   13.0     1.00       325  0.200
   2    0.0 4.2e-04   0.980     137.48 4.2368e-07   4.788      -30.2   -4.788   0.182  0.0106   10.9     2.21       650  0.950
   3    0.0 4.0e-04   0.985     135.15 2.4012e-07   4.899      -29.2   -4.899   0.188  0.0086    8.1     3.86       975  0.950
   4    0.0 3.8e-04   0.984     133.00 2.0111e-07   4.712      -28.4   -4.712   0.237  0.0110    6.1     5.05      1300  0.950
   5    0.0 3.6e-04   0.976     130.77 1.9626e-07   4.578      -27.9   -4.578   0.163  0.0146    4.8     5.77      1625  0.950
   6    0.0 3.4e-04   0.973     128.80 7.9413e-08   5.162      -28.5   -5.162   0.203  0.0122    3.5     6.55      1950  0.950
   7    0.0 3.3e-04   0.973     127.83 1.4213e-07   4.543      -28.4   -4.543   0.206  0.0162    2.7     7.03      2275  0.950
   8    0.0 3.1e-04   0.967     125.29 1.4877e-07   4.439      -28.7   -4.439   0.228  0.0184    2.0     7.39      2600  0.950
   9    0.0 3.0e-04   0.987     122.30 1.6337e-07   4.306      -27.5   -4.306   0.378  0.0050    1.6     7.65      2925  0.950
  10    0.0 2.8e-04   0.972     120.75 1.6326e-07   4.279      -27.9   -4.279   0.298  0.0134    1.5     7.70      3250  0.950
  11    0.0 2.7e-04   0.982     119.18 9.7232e-08   4.564      -28.2   -4.564   0.286  0.0087    1.3     7.83      3575  0.950
  12    0.0 2.5e-04   0.988     118.74 1.1605e-07   4.392      -27.1   -4.392   0.280  0.0095    1.1     7.94      3900  0.950
  13    0.0 2.4e-04   0.996     118.28 1.614e-07    4.223      -26.9   -4.223   0.268  0.0033    1.0     8.00      4225  0.950
  14    0.0 2.3e-04   0.981     116.96 9.3975e-08   4.531      -27.2   -4.531   0.240  0.0084    1.0     8.00      4550  0.950
  15    0.0 2.2e-04   0.988     116.89 1.2015e-07   4.395      -27.5   -4.395   0.222  0.0063    1.0     8.00      4875  0.950
  16    0.0 2.1e-04   0.993     116.29 1.3292e-07   4.393        -27   -4.393   0.194  0.0048    1.0     8.00      5200  0.950
  17    0.0 2.0e-04   0.995     116.58 1.0265e-07   4.534      -26.9   -4.534   0.194  0.0030    1.0     8.00      5525  0.950
  18    0.0 1.9e-04   0.989     116.73 9.3655e-08   4.569      -27.3   -4.569   0.228  0.0065    1.0     8.00      5850  0.950
  19    0.0 1.8e-04   0.989     116.36 1.7908e-07   4.192      -27.2   -4.192   0.203  0.0059    1.0     8.00      6175  0.950
  20    0.0 1.7e-04   0.991     117.02 1.3251e-07   4.377      -27.3   -4.377   0.209  0.0071    1.0     8.00      6500  0.950
  21    0.0 1.6e-04   0.994     117.09 1.7458e-07   4.192      -26.9   -4.192   0.148  0.0030    1.0     8.00      6825  0.950
  22    0.0 1.3e-04   0.992     116.25 1.4883e-07   4.271      -27.1   -4.271   0.154  0.0049    1.0     8.00      7150  0.800
Agent's 2nd state: 
Checkpoint saved: bb_costs=115.37, TD costs=2.09838e-07, CPD=  4.110 (ns) 
  23    0.0 1.2e-04   0.995     115.40 2.0763e-07   4.110        -27   -4.110   0.114  0.0031    1.0     8.00      7475  0.950
  24    0.0 9.7e-05   0.994     114.97 1.6034e-07   4.240      -27.5   -4.240   0.126  0.0028    1.0     8.00      7800  0.800
  25    0.0 7.8e-05   0.996     114.62 1.4493e-07   4.290      -27.4   -4.290   0.105  0.0021    1.0     8.00      8125  0.800
  26    0.0 6.2e-05   0.997     114.38 1.4733e-07   4.269        -27   -4.269   0.080  0.0019    1.0     8.00      8450  0.800
  27    0.0 5.0e-05   0.998     114.11 1.6514e-07   4.202      -27.1   -4.202   0.065  0.0012    1.0     8.00      8775  0.800
  28    0.0 4.0e-05   0.996     114.04 1.7062e-07   4.228      -27.1   -4.228   0.065  0.0017    1.0     8.00      9100  0.800
  29    0.0 3.2e-05   0.997     113.96 1.5303e-07   4.278      -27.2   -4.278   0.068  0.0017    1.0     8.00      9425  0.800
  30    0.0 2.5e-05   0.997     113.61 1.9267e-07   4.162      -27.1   -4.162   0.071  0.0019    1.0     8.00      9750  0.800
  31    0.0 2.0e-05   0.997     113.59 1.2854e-07   4.398      -27.2   -4.398   0.052  0.0018    1.0     8.00     10075  0.800
  32    0.0 1.6e-05   0.998     113.39 2.0047e-07   4.128      -27.1   -4.128   0.055  0.0014    1.0     8.00     10400  0.800
  33    0.0 1.3e-05   0.997     113.29 1.5616e-07   4.278      -27.1   -4.278   0.055  0.0014    1.0     8.00     10725  0.800
  34    0.0 1.0e-05   0.996     113.64 1.3427e-07   4.333      -27.1   -4.333   0.034  0.0018    1.0     8.00     11050  0.800
  35    0.0 0.0e+00   0.997     113.48 2.1171e-07   4.103      -27.3   -4.103   0.046  0.0019    1.0     8.00     11375  0.800
## Placement Quench took 0.00 seconds (max_rss 72.2 MiB)
post-quench CPD = 4.32141 (ns) 

Checkpoint restored

BB estimate of min-dist (placement) wire length: 4615

Completed placement consistency check successfully.

Swaps called: 11504

Aborted Move Reasons:
  No moves aborted

Placement estimated critical path delay (least slack): 4.10989 ns, Fmax: 243.316 MHz
Placement estimated setup Worst Negative Slack (sWNS): -4.10989 ns
Placement estimated setup Total Negative Slack (sTNS): -26.965 ns

Placement estimated setup slack histogram:
[ -4.1e-09: -3.8e-09) 3 ( 37.5%) |*************************************************
[ -3.8e-09: -3.6e-09) 2 ( 25.0%) |*********************************
[ -3.6e-09: -3.3e-09) 1 ( 12.5%) |****************
[ -3.3e-09:   -3e-09) 0 (  0.0%) |
[   -3e-09: -2.8e-09) 0 (  0.0%) |
[ -2.8e-09: -2.5e-09) 0 (  0.0%) |
[ -2.5e-09: -2.2e-09) 1 ( 12.5%) |****************
[ -2.2e-09:   -2e-09) 0 (  0.0%) |
[   -2e-09: -1.7e-09) 0 (  0.0%) |
[ -1.7e-09: -1.4e-09) 1 ( 12.5%) |****************

Placement estimated geomean non-virtual intra-domain period: nan ns (nan MHz)
Placement estimated fanout-weighted geomean non-virtual intra-domain period: nan ns (nan MHz)

Placement cost: 1, bb_cost: 115.37, td_cost: 2.09838e-07, 

Placement resource usage:
  io  implemented as io : 22
  clb implemented as clb: 107

Placement number of temperatures: 35
Placement total # of swap attempts: 11504
	Swaps accepted:  1963 (17.1 %)
	Swaps rejected:  8811 (76.6 %)
	Swaps aborted:   730 ( 6.3 %)


Placement perturbation distribution by block and move type: 
------------------ ----------------- ---------------- ---------------- --------------- ------------ 
    Block Type         Move Type       (%) of Total      Accepted(%)     Rejected(%)    Aborted(%)
------------------ ----------------- ---------------- ---------------- --------------- ------------ 
io                 Uniform                4.27             41.55           58.45          0.00         
                   Median                 3.19             13.62           11.72          74.66        
                   Centroid               3.57             38.93           30.41          30.66        
                   W. Centroid            4.07             34.62           34.40          30.98        
                   W. Median              0.76             6.82            20.45          72.73        
                   Crit. Uniform          1.95             18.75           81.25          0.00         
                   Feasible Region        1.94             13.00           63.23          23.77        

clb                Uniform                18.52            13.33           86.67          0.00         
                   Median                 17.49            20.23           77.24          2.53         
                   Centroid               17.18            14.63           85.37          0.00         
                   W. Centroid            16.57            14.27           85.73          0.00         
                   W. Median              4.14             5.88            90.55          3.57         
                   Crit. Uniform          3.37             4.90            95.10          0.00         
                   Feasible Region        2.99             3.20            96.80          0.00         


Placement Quench timing analysis took 0.00110645 seconds (0.000872701 STA, 0.00023375 slack) (1 full updates: 1 setup, 0 hold, 0 combined).
Placement Total  timing analysis took 0.0537185 seconds (0.0459793 STA, 0.00773925 slack) (38 full updates: 38 setup, 0 hold, 0 combined).
update_td_costs: connections 0 nets 0 sum_nets 0 total 0
# Placement took 0.12 seconds (max_rss 72.2 MiB, delta_rss +0.0 MiB)

# Routing
RR graph channel widths unchanged, skipping RR graph rebuild
## Initializing router criticalities
Initial Net Connection Criticality Histogram:
[        0:      0.1)   0 (  0.0%) |
[      0.1:      0.2)   0 (  0.0%) |
[      0.2:      0.3)   0 (  0.0%) |
[      0.3:      0.4)  10 (  0.5%) |*
[      0.4:      0.5)  28 (  1.4%) |**
[      0.5:      0.6) 132 (  6.8%) |*********
[      0.6:      0.7) 339 ( 17.4%) |**********************
[      0.7:      0.8) 723 ( 37.2%) |***********************************************
[      0.8:      0.9) 581 ( 29.9%) |**************************************
[      0.9:        1) 132 (  6.8%) |*********
## Initializing router criticalities took 0.02 seconds (max_rss 72.2 MiB, delta_rss +0.0 MiB)
---- ------ ------- ---- ------- ------- ------- ----------------- --------------- -------- ---------- ---------- ---------- ---------- --------
Iter   Time    pres  BBs    Heap  Re-Rtd  Re-Rtd Overused RR Nodes      Wirelength      CPD       sTNS       sWNS       hTNS       hWNS Est Succ
      (sec)     fac Updt    push    Nets   Conns                                       (ns)       (ns)       (ns)       (ns)       (ns)     Iter
---- ------ ------- ---- ------- ------- ------- ----------------- --------------- -------- ---------- ---------- ---------- ---------- --------
   1    0.1     0.0    0  486017     553    1945     844 ( 4.873%)    5839 (46.8%)    5.368     -32.13     -5.368      0.000      0.000      N/A
Incr Slack updates 38 in 0.00270929 sec
Full Max Req/Worst Slack updates 24 in 2.2162e-05 sec
Incr Max Req/Worst Slack updates 14 in 1.3383e-05 sec
Incr Criticality updates 0 in 0 sec
Full Criticality updates 38 in 0.00459682 sec
   2    0.0     0.5    3  292592     361    1595     236 ( 1.363%)    5868 (47.0%)    5.691     -33.68     -5.691      0.000      0.000      N/A
   3    0.0     0.6    0  177734     208    1176     219 ( 1.264%)    5954 (47.7%)    5.479     -33.22     -5.479      0.000      0.000      N/A
   4    0.0     0.8    0  183207     193    1147     190 ( 1.097%)    5974 (47.9%)    5.490     -33.85     -5.490      0.000      0.000      N/A
   5    0.0     1.1    1  158989     153    1085     122 ( 0.704%)    6076 (48.7%)    5.490     -33.46     -5.490      0.000      0.000      N/A
   6    0.0     1.4    0  147552     132    1030      64 ( 0.370%)    6131 (49.1%)    5.525     -33.50     -5.525      0.000      0.000      N/A
   7    0.0     1.9    0  145376     132    1050      61 ( 0.352%)    6256 (50.1%)    5.977     -36.73     -5.977      0.000      0.000      N/A
   8    0.0     2.4    3  140295     121    1036      31 ( 0.179%)    6280 (50.3%)    5.707     -34.58     -5.707      0.000      0.000      N/A
   9    0.0     3.1    4  123974     111    1013      24 ( 0.139%)    6295 (50.4%)    5.716     -34.63     -5.716      0.000      0.000      N/A
  10    0.0     4.1    0  120852     102     992      21 ( 0.121%)    6329 (50.7%)    5.716     -34.43     -5.716      0.000      0.000       17
  11    0.0     5.3    0  118772     101     991      10 ( 0.058%)    6355 (50.9%)    5.716     -35.58     -5.716      0.000      0.000       19
  12    0.0     6.9    0  118849      96     980       1 ( 0.006%)    6398 (51.3%)    5.716     -33.71     -5.716      0.000      0.000       18
  13    0.0     9.0    0  115578      96     979       2 ( 0.012%)    6323 (50.7%)    5.716     -34.40     -5.716      0.000      0.000       13
  14    0.0    11.6    0  116259      96     978       1 ( 0.006%)    6352 (50.9%)    5.716     -34.15     -5.716      0.000      0.000       14
  15    0.0    15.1    0  115098      96     975       0 ( 0.000%)    6371 (51.0%)    5.716     -34.80     -5.716      0.000      0.000       14
Restoring best routing
Critical path: 5.71571 ns
Successfully routed after 15 routing iterations.
Final Net Connection Criticality Histogram:
[        0:      0.1)   0 (  0.0%) |
[      0.1:      0.2)   0 (  0.0%) |
[      0.2:      0.3)   2 (  0.1%) |
[      0.3:      0.4)  10 (  0.5%) |*
[      0.4:      0.5)  40 (  2.1%) |***
[      0.5:      0.6) 163 (  8.4%) |***********
[      0.6:      0.7) 461 ( 23.7%) |******************************
[      0.7:      0.8) 715 ( 36.8%) |***********************************************
[      0.8:      0.9) 466 ( 24.0%) |*******************************
[      0.9:        1)  88 (  4.5%) |******
Router Stats: total_nets_routed: 2551 total_connections_routed: 16972 total_heap_pushes: 2561144 total_heap_pops: 540566 
# Routing took 0.36 seconds (max_rss 72.2 MiB, delta_rss +0.0 MiB)

Checking to ensure routing is legal...
# Checking to ensure non-configurable edges are legal
# Checking to ensure non-configurable edges are legal took 0.00 seconds (max_rss 72.2 MiB, delta_rss +0.0 MiB)
Completed routing consistency check successfully.

Serial number (magic cookie) for the routing is: -351383810
Circuit successfully routed with a channel width factor of 40.
# Synchronize the packed netlist to routing optimization
## Annotating rr_node with routed nets
## Annotating rr_node with routed nets took 0.00 seconds (max_rss 72.2 MiB, delta_rss +0.0 MiB)
Found 2737 mismatches between routing and packing results.
Fixed 1880 routing traces due to mismatch between routing and packing results.
# Synchronize the packed netlist to routing optimization took 0.02 seconds (max_rss 72.2 MiB, delta_rss +0.0 MiB)
Final Clustering Statistics: 
----------   --------   ------------------------------------   --------------------------
Block Type   # Blocks   Avg. # of input clocks and pins used   Avg. # of output pins used
----------   --------   ------------------------------------   --------------------------
     EMPTY          0                                      0                            0   
        io         22                               0.363636                     0.636364   
       clb        107                                18.1028                      5.03738   
   mult_36          0                                      0                            0   
    memory          0                                      0                            0   
Absorbed logical nets 634 out of 1187 nets, 553 nets not absorbed.


Average number of bends per net: 1.06510  Maximum # of bends: 13

Number of global nets: 0
Number of routed nets (nonglobal): 553
Wire length results (in units of 1 clb segments)...
	Total wirelength: 6371, average net length: 11.5208
	Maximum net length: 174

Wire length results in terms of physical segments...
	Total wiring segments used: 1769, average wire segments per net: 3.19892
	Maximum segments used by a net: 47
	Total local nets with reserved CLB opins: 0
Total number of nets absorbed: 0

Routing channel utilization histogram:
[        1:      inf)  0 (  0.0%) |
[      0.9:        1)  2 (  0.6%) |*
[      0.8:      0.9)  8 (  2.4%) |*****
[      0.7:      0.8) 76 ( 22.5%) |************************************************
[      0.5:      0.6) 58 ( 17.2%) |*************************************
[      0.4:      0.5) 62 ( 18.3%) |***************************************
[      0.3:      0.4) 58 ( 17.2%) |*************************************
[      0.2:      0.3) 38 ( 11.2%) |************************
[      0.1:      0.2)  8 (  2.4%) |*****
[        0:      0.1) 28 (  8.3%) |******************
Maximum routing channel utilization:      0.93 at (6,8)

X - Directed channels:   j max occ ave occ capacity
                      ---- ------- ------- --------
                         0      22  14.357       40
                         1      24  14.714       40
                         2      30  16.214       40
                         3      31  18.429       40
                         4      32  21.357       40
                         5      35  22.500       40
                         6      32  18.429       40
                         7      31  20.643       40
                         8      37  22.357       40
                         9      29  18.500       40
                        10      23  13.429       40
                        11      24  14.786       40
                        12      16   8.786       40
Y - Directed channels:   i max occ ave occ capacity
                      ---- ------- ------- --------
                         0      17   9.214       40
                         1      21  12.357       40
                         2      27  15.429       40
                         3      35  21.357       40
                         4      32  22.500       40
                         5      37  20.500       40
                         6      27  19.214       40
                         7      34  22.643       40
                         8      33  20.214       40
                         9      24  15.500       40
                        10      29  17.143       40
                        11      37  19.214       40
                        12      28  15.286       40

Total tracks in x-direction: 520, in y-direction: 520

Logic area (in minimum width transistor areas, excludes I/Os and empty grid tiles)...
	Total logic block area (Warning, need to add pitch of routing to blocks with height > 3): 9.20055e+06
	Total used logic block area: 5.76666e+06

Routing area (in minimum width transistor areas)...
	Total routing area: 488146., per logic tile: 2490.54

Total Number of Wiring Segments by Direction: direction length number
                                              --------- ------ -------
                                                      X      4   1950
                                                      Y      4   1950

X - Directed Wiring Segment usage by length: length utilization
                                             ------ -----------
                                             4       0.451

Y - Directed Wiring Segment usage by length: length utilization
                                             ------ -----------
                                             4       0.456

Segment occupancy by length: Length utilization
                             ------ -----------
                             L4           0.454

Segment occupancy by type:              name type utilization
                           ----------------- ---- -----------
                           unnamed_segment_0    0       0.454

Final hold Worst Negative Slack (hWNS): 0 ns
Final hold Total Negative Slack (hTNS): 0 ns

Final hold slack histogram:
[  1.1e-09:  1.2e-09) 1 ( 12.5%) |****************
[  1.2e-09:  1.3e-09) 0 (  0.0%) |
[  1.3e-09:  1.4e-09) 1 ( 12.5%) |****************
[  1.4e-09:  1.5e-09) 0 (  0.0%) |
[  1.5e-09:  1.6e-09) 0 (  0.0%) |
[  1.6e-09:  1.7e-09) 0 (  0.0%) |
[  1.7e-09:  1.8e-09) 1 ( 12.5%) |****************
[  1.8e-09:  1.9e-09) 1 ( 12.5%) |****************
[  1.9e-09:    2e-09) 3 ( 37.5%) |*************************************************
[    2e-09:    2e-09) 1 ( 12.5%) |****************

Final critical path delay (least slack): 5.71571 ns, Fmax: 174.956 MHz
Final setup Worst Negative Slack (sWNS): -5.71571 ns
Final setup Total Negative Slack (sTNS): -34.7985 ns

Final setup slack histogram:
[ -5.7e-09: -5.4e-09) 1 ( 12.5%) |****************
[ -5.4e-09:   -5e-09) 2 ( 25.0%) |*********************************
[   -5e-09: -4.7e-09) 0 (  0.0%) |
[ -4.7e-09: -4.3e-09) 3 ( 37.5%) |*************************************************
[ -4.3e-09:   -4e-09) 0 (  0.0%) |
[   -4e-09: -3.6e-09) 0 (  0.0%) |
[ -3.6e-09: -3.3e-09) 0 (  0.0%) |
[ -3.3e-09: -2.9e-09) 1 ( 12.5%) |****************
[ -2.9e-09: -2.6e-09) 0 (  0.0%) |
[ -2.6e-09: -2.2e-09) 1 ( 12.5%) |****************

Final geomean non-virtual intra-domain period: nan ns (nan MHz)
Final fanout-weighted geomean non-virtual intra-domain period: nan ns (nan MHz)

Incr Slack updates 1 in 7.441e-05 sec
Full Max Req/Worst Slack updates 1 in 1.443e-06 sec
Incr Max Req/Worst Slack updates 0 in 0 sec
Incr Criticality updates 0 in 0 sec
Full Criticality updates 1 in 0.000128993 sec
Flow timing analysis took 0.133968 seconds (0.120013 STA, 0.013955 slack) (56 full updates: 39 setup, 0 hold, 17 combined).
VPR succeeded
The entire flow of VPR took 1.59 seconds (max_rss 72.2 MiB)
Incr Slack updates 16 in 0.00129742 sec
Full Max Req/Worst Slack updates 3 in 4.058e-06 sec
Incr Max Req/Worst Slack updates 13 in 1.3214e-05 sec
Incr Criticality updates 7 in 0.000847403 sec
Full Criticality updates 9 in 0.00110901 sec
	Command being timed: "/packages/apps/vtr/8.0.0-git/vpr/vpr k6_frac_N10_mem32K_40nm.xml alu4 --circuit_file alu4.pre-vpr.blif --route_chan_width 40 --max_criticality 0.5 --astar_fac 0 --seed 10"
	User time (seconds): 1.50
	System time (seconds): 0.04
	Percent of CPU this job got: 96%
	Elapsed (wall clock) time (h:mm:ss or m:ss): 0:01.62
	Average shared text size (kbytes): 0
	Average unshared data size (kbytes): 0
	Average stack size (kbytes): 0
	Average total size (kbytes): 0
	Maximum resident set size (kbytes): 73940
	Average resident set size (kbytes): 0
	Major (requiring I/O) page faults: 0
	Minor (reclaiming a frame) page faults: 38364
	Voluntary context switches: 218
	Involuntary context switches: 18
	Swaps: 0
	File system inputs: 4304
	File system outputs: 9792
	Socket messages sent: 0
	Socket messages received: 0
	Signals delivered: 0
	Page size (bytes): 4096
	Exit status: 0
