VPR FPGA Placement and Routing.
Version: 8.1.0-dev+109c5adcc
Revision: v8.0.0-9695-g109c5adcc
Compiled: 2024-02-23T09:38:13
Compiler: GNU 11.2.0 on Linux-4.18.0-348.el8.0.2.x86_64 x86_64
Build Info: release IPO VTR_ASSERT_LEVEL=2

University of Toronto
verilogtorouting.org
vtr-users@googlegroups.com
This is free open source code under MIT license.

VPR was run with the following command-line:
/packages/apps/vtr/8.0.0-git/vpr/vpr k6_frac_N10_mem32K_40nm.xml alu4 --circuit_file alu4.pre-vpr.blif


Architecture file: k6_frac_N10_mem32K_40nm.xml
Circuit name: alu4

# Loading Architecture Description
# Loading Architecture Description took 0.01 seconds (max_rss 15.5 MiB, delta_rss +2.7 MiB)

Timing analysis: ON
Circuit netlist file: alu4.net
Circuit placement file: alu4.place
Circuit routing file: alu4.route
Circuit SDC file: alu4.sdc
Vpr floorplanning constraints file: not specified

Packer: ENABLED
Placer: ENABLED
Router: ENABLED
Analysis: ENABLED

VPR was run with the following options:

NetlistOpts.abosrb_buffer_luts            : true
NetlistOpts.sweep_dangling_primary_ios    : true
NetlistOpts.sweep_dangling_nets           : true
NetlistOpts.sweep_dangling_blocks         : true
NetlistOpts.sweep_constant_primary_outputs: false
NetlistOpts.netlist_verbosity             : 1
NetlistOpts.const_gen_inference           : COMB_SEQ

PackerOpts.allow_unrelated_clustering: auto
PackerOpts.alpha_clustering: 0.750000
PackerOpts.beta_clustering: 0.900000
PackerOpts.cluster_seed_type: BLEND2
PackerOpts.connection_driven: true
PackerOpts.global_clocks: true
PackerOpts.hill_climbing_flag: false
PackerOpts.inter_cluster_net_delay: 1.000000
PackerOpts.timing_driven: true
PackerOpts.target_external_pin_util: auto

PlacerOpts.place_freq: PLACE_ONCE
PlacerOpts.place_algorithm: CRITICALITY_TIMING_PLACE
PlacerOpts.pad_loc_type: FREE
PlacerOpts.constraints_file: No constraints file given
PlacerOpts.place_cost_exp: 1.000000
PlacerOpts.place_chan_width: 100
PlacerOpts.inner_loop_recompute_divider: 0
PlacerOpts.recompute_crit_iter: 1
PlacerOpts.timing_tradeoff: 0.500000
PlacerOpts.td_place_exp_first: 1.000000
PlacerOpts.td_place_exp_last: 8.000000
PlacerOpts.delay_offset: 0.000000
PlacerOpts.delay_ramp_delta_threshold: -1
PlacerOpts.delay_ramp_slope: 0.000000
PlacerOpts.tsu_rel_margin: 1.000000
PlacerOpts.tsu_abs_margin: 0.000000
PlacerOpts.post_place_timing_report_file: 
PlacerOpts.allowed_tiles_for_delay_model: 
PlacerOpts.delay_model_reducer: MIN
PlacerOpts.delay_model_type: DELTA
PlacerOpts.rlim_escape_fraction: 0.000000
PlacerOpts.move_stats_file: 
PlacerOpts.placement_saves_per_temperature: 0
PlacerOpts.effort_scaling: CIRCUIT
PlacerOpts.place_delta_delay_matrix_calculation_method: ASTAR_ROUTE
PlaceOpts.seed: 1
AnnealSched.type: AUTO_SCHED
AnnealSched.inner_num: 0.500000

RouterOpts.route_type: DETAILED
RouterOpts.flat_routing: false
RouterOpts.has_choking_spot: false
RouterOpts.router_algorithm: TIMING_DRIVEN
RouterOpts.base_cost_type: DELAY_NORMALIZED_LENGTH
RouterOpts.fixed_channel_width: NO_FIXED_CHANNEL_WIDTH
RouterOpts.check_route: FULL
RouterOpts.acc_fac: 1.000000
RouterOpts.bb_factor: 3
RouterOpts.bend_cost: 0.000000
RouterOpts.first_iter_pres_fac: 0.000000
RouterOpts.initial_pres_fac: 0.500000
RouterOpts.pres_fac_mult: 1.300000
RouterOpts.max_router_iterations: 50
RouterOpts.min_incremental_reroute_fanout: 16
RouterOpts.do_check_rr_graph: true
RouterOpts.verify_binary_search: false
RouterOpts.min_channel_width_hint: 0
RouterOpts.read_rr_edge_metadata: false
RouterOpts.exit_after_first_routing_iteration: false
RouterOpts.astar_fac: 1.200000
RouterOpts.router_profiler_astar_fac: 1.200000
RouterOpts.criticality_exp: 1.000000
RouterOpts.max_criticality: 0.990000
RouterOpts.init_wirelength_abort_threshold: 0.850000
RouterOpts.save_routing_per_iteration: false
RouterOpts.congested_routing_iteration_threshold_frac: 1.000000
RouterOpts.high_fanout_threshold: 64
RouterOpts.router_debug_net: -2
RouterOpts.router_debug_sink_rr: -2
RouterOpts.router_debug_iteration: -2
RouterOpts.max_convergence_count: 1
RouterOpts.reconvergence_cpd_threshold: 0.990000
RouterOpts.update_lower_bound_delays: true
RouterOpts.first_iteration_timing_report_file: 
RouterOpts.incr_reroute_delay_ripup: AUTO
RouterOpts.route_bb_update: DYNAMIC
RouterOpts.lookahead_type: MAP
RouterOpts.initial_timing: LOOKAHEAD
RouterOpts.router_heap: BINARY_HEAP
RouterOpts.routing_failure_predictor = SAFE
RouterOpts.routing_budgets_algorithm = DISABLE

AnalysisOpts.gen_post_synthesis_netlist: false
AnalysisOpts.timing_report_npaths: 100
AnalysisOpts.timing_report_skew: false
AnalysisOpts.echo_dot_timing_graph_node: -1
AnalysisOpts.timing_report_detail: NETLIST
AnalysisOpts.post_synth_netlist_unconn_input_handling: UNCONNECTED
AnalysisOpts.post_synth_netlist_unconn_output_handling: UNCONNECTED

# Building complex block graph
Warning 1: io[0].clock[0] unconnected pin in architecture.
# Building complex block graph took 0.01 seconds (max_rss 22.2 MiB, delta_rss +6.7 MiB)
Circuit file: alu4.pre-vpr.blif
# Load circuit
# Load circuit took 0.01 seconds (max_rss 24.5 MiB, delta_rss +2.3 MiB)
# Clean circuit
Absorbed 0 LUT buffers
Inferred    0 additional primitive pins as constant generators since they have no combinationally connected inputs
Inferred    0 additional primitive pins as constant generators due to constant inputs
Swept input(s)      : 0
Swept output(s)     : 0 (0 dangling, 0 constant)
Swept net(s)        : 0
Swept block(s)      : 0
Constant Pins Marked: 0
# Clean circuit took 0.00 seconds (max_rss 24.5 MiB, delta_rss +0.0 MiB)
# Compress circuit
# Compress circuit took 0.00 seconds (max_rss 24.5 MiB, delta_rss +0.0 MiB)
# Verify circuit
# Verify circuit took 0.00 seconds (max_rss 24.5 MiB, delta_rss +0.0 MiB)
Circuit Statistics:
  Blocks: 1195
    .input :      14
    .output:       8
    6-LUT  :    1173
  Nets  : 1187
    Avg Fanout:     4.9
    Max Fanout:   358.0
    Min Fanout:     1.0
  Netlist Clocks: 0
# Build Timing Graph
  Timing Graph Nodes: 7016
  Timing Graph Edges: 11650
  Timing Graph Levels: 14
# Build Timing Graph took 0.01 seconds (max_rss 26.0 MiB, delta_rss +1.5 MiB)
Netlist contains 0 clocks
# Load Timing Constraints

SDC file 'alu4.sdc' not found
Setting default timing constraints:
   * constrain all primay inputs and primary outputs on a virtual external clock 'virtual_io_clock'
   * optimize virtual clock to run as fast as possible
Timing constraints created 1 clocks
  Constrained Clock 'virtual_io_clock' (Virtual Clock)

# Load Timing Constraints took 0.00 seconds (max_rss 26.0 MiB, delta_rss +0.0 MiB)
# Packing
Begin packing 'alu4.pre-vpr.blif'.

After removing unused inputs...
	total blocks: 1195, total nets: 1187, total inputs: 14, total outputs: 8
Begin prepacking.
0 attraction groups were created during prepacking.
Finish prepacking.
Using inter-cluster delay: 1.33777e-09
Packing with pin utilization targets: io:1,1 clb:0.8,1 mult_36:1,1 memory:1,1
Packing with high fanout thresholds: io:128 clb:32 mult_36:128 memory:128
Starting Clustering - Clustering Progress: 
-------------------   --------------------------   ---------
Molecules processed   Number of clusters created   FPGA size
-------------------   --------------------------   ---------
    47/1195      3%                            4     5 x 5     
    94/1195      7%                            8     6 x 6     
   141/1195     11%                           12     7 x 7     
   188/1195     15%                           16     7 x 7     
   235/1195     19%                           20     7 x 7     
   282/1195     23%                           24     8 x 8     
   329/1195     27%                           28     9 x 9     
   376/1195     31%                           32     9 x 9     
   423/1195     35%                           36    10 x 10    
   470/1195     39%                           40    10 x 10    
   517/1195     43%                           44    10 x 10    
   564/1195     47%                           48    10 x 10    
   611/1195     51%                           52    11 x 11    
   658/1195     55%                           56    11 x 11    
   705/1195     58%                           60    11 x 11    
   752/1195     62%                           65    12 x 12    
   799/1195     66%                           68    12 x 12    
   846/1195     70%                           73    13 x 13    
   893/1195     74%                           77    13 x 13    
   940/1195     78%                           81    13 x 13    
   987/1195     82%                           85    13 x 13    
  1034/1195     86%                           90    14 x 14    
  1081/1195     90%                           95    14 x 14    
  1128/1195     94%                           99    14 x 14    
  1175/1195     98%                          108    14 x 14    

Logic Element (fle) detailed count:
  Total number of Logic Elements used : 1030
  LEs used for logic and registers    : 0
  LEs used for logic only             : 1030
  LEs used for registers only         : 0

Incr Slack updates 1 in 8.0411e-05 sec
Full Max Req/Worst Slack updates 1 in 1.863e-06 sec
Incr Max Req/Worst Slack updates 0 in 0 sec
Incr Criticality updates 0 in 0 sec
Full Criticality updates 1 in 0.00012205 sec
FPGA sized to 14 x 14 (auto)
Device Utilization: 0.56 (target 1.00)
	Block Utilization: 0.06 Type: io
	Block Utilization: 0.99 Type: clb

Start the iterative improvement process
the iterative improvement process is done
Final Clustering Statistics: 
----------   --------   ------------------------------------   --------------------------
Block Type   # Blocks   Avg. # of input clocks and pins used   Avg. # of output pins used
----------   --------   ------------------------------------   --------------------------
     EMPTY          0                                      0                            0   
        io         22                               0.363636                     0.636364   
       clb        107                                18.1028                      5.03738   
   mult_36          0                                      0                            0   
    memory          0                                      0                            0   
Absorbed logical nets 634 out of 1187 nets, 553 nets not absorbed.

Netlist conversion complete.

# Packing took 0.55 seconds (max_rss 34.7 MiB, delta_rss +8.7 MiB)
# Load packing
Begin loading packed FPGA netlist file.
Netlist generated from file 'alu4.net'.
Detected 0 constant generators (to see names run with higher pack verbosity)
Finished loading packed FPGA netlist file (took 0.108264 seconds).
Warning 2: Treated 0 constant nets as global which will not be routed (to see net names increase packer verbosity).
# Load packing took 0.12 seconds (max_rss 72.3 MiB, delta_rss +37.6 MiB)
Warning 3: Netlist contains 0 global net to non-global architecture pin connections

Pb types usage...
  io             : 22
   inpad         : 14
   outpad        : 8
  clb            : 107
   fle           : 1030
    lut5inter    : 539
     ble5        : 682
      lut5       : 682
       lut       : 682
    ble6         : 491
     lut6        : 491
      lut        : 491

# Create Device
## Build Device Grid
FPGA sized to 14 x 14: 196 grid tiles (auto)

Resource usage...
	Netlist
		22	blocks of type: io
	Architecture
		384	blocks of type: io
	Netlist
		107	blocks of type: clb
	Architecture
		108	blocks of type: clb
	Netlist
		0	blocks of type: mult_36
	Architecture
		3	blocks of type: mult_36
	Netlist
		0	blocks of type: memory
	Architecture
		4	blocks of type: memory

Device Utilization: 0.56 (target 1.00)
	Physical Tile io:
	Block Utilization: 0.06 Logical Block: io
	Physical Tile clb:
	Block Utilization: 0.99 Logical Block: clb
	Physical Tile mult_36:
	Block Utilization: 0.00 Logical Block: mult_36
	Physical Tile memory:
	Block Utilization: 0.00 Logical Block: memory

FPGA size limited by block type(s): clb

## Build Device Grid took 0.00 seconds (max_rss 72.3 MiB, delta_rss +0.0 MiB)
## Build routing resource graph
SOURCE->OPIN and IPIN->SINK edge count:8816
OPIN->CHANX/CHANY edge count before creating direct connections: 30160
OPIN->CHANX/CHANY edge count after creating direct connections: 30160
CHAN->CHAN type edge count:138240
