/usr/bin/env time -v /packages/apps/vtr/8.0.0-git/vpr/vpr k6_frac_N10_mem32K_40nm.xml alu4 --circuit_file alu4.pre-vpr.blif --route_chan_width 40 --max_criticality 0.5 --seed 20
VPR FPGA Placement and Routing.
Version: 8.1.0-dev+109c5adcc
Revision: v8.0.0-9695-g109c5adcc
Compiled: 2024-02-23T09:38:13
Compiler: GNU 11.2.0 on Linux-4.18.0-348.el8.0.2.x86_64 x86_64
Build Info: release IPO VTR_ASSERT_LEVEL=2

University of Toronto
verilogtorouting.org
vtr-users@googlegroups.com
This is free open source code under MIT license.

VPR was run with the following command-line:
/packages/apps/vtr/8.0.0-git/vpr/vpr k6_frac_N10_mem32K_40nm.xml alu4 --circuit_file alu4.pre-vpr.blif --route_chan_width 40 --max_criticality 0.5 --seed 20


Architecture file: k6_frac_N10_mem32K_40nm.xml
Circuit name: alu4

# Loading Architecture Description
# Loading Architecture Description took 0.01 seconds (max_rss 15.4 MiB, delta_rss +2.7 MiB)

Timing analysis: ON
Circuit netlist file: alu4.net
Circuit placement file: alu4.place
Circuit routing file: alu4.route
Circuit SDC file: alu4.sdc
Vpr floorplanning constraints file: not specified

Packer: ENABLED
Placer: ENABLED
Router: ENABLED
Analysis: ENABLED

VPR was run with the following options:

NetlistOpts.abosrb_buffer_luts            : true
NetlistOpts.sweep_dangling_primary_ios    : true
NetlistOpts.sweep_dangling_nets           : true
NetlistOpts.sweep_dangling_blocks         : true
NetlistOpts.sweep_constant_primary_outputs: false
NetlistOpts.netlist_verbosity             : 1
NetlistOpts.const_gen_inference           : COMB_SEQ

PackerOpts.allow_unrelated_clustering: auto
PackerOpts.alpha_clustering: 0.750000
PackerOpts.beta_clustering: 0.900000
PackerOpts.cluster_seed_type: BLEND2
PackerOpts.connection_driven: true
PackerOpts.global_clocks: true
PackerOpts.hill_climbing_flag: false
PackerOpts.inter_cluster_net_delay: 1.000000
PackerOpts.timing_driven: true
PackerOpts.target_external_pin_util: auto

PlacerOpts.place_freq: PLACE_ONCE
PlacerOpts.place_algorithm: CRITICALITY_TIMING_PLACE
PlacerOpts.pad_loc_type: FREE
PlacerOpts.constraints_file: No constraints file given
PlacerOpts.place_cost_exp: 1.000000
PlacerOpts.place_chan_width: 40
PlacerOpts.inner_loop_recompute_divider: 0
PlacerOpts.recompute_crit_iter: 1
PlacerOpts.timing_tradeoff: 0.500000
PlacerOpts.td_place_exp_first: 1.000000
PlacerOpts.td_place_exp_last: 8.000000
PlacerOpts.delay_offset: 0.000000
PlacerOpts.delay_ramp_delta_threshold: -1
PlacerOpts.delay_ramp_slope: 0.000000
PlacerOpts.tsu_rel_margin: 1.000000
PlacerOpts.tsu_abs_margin: 0.000000
PlacerOpts.post_place_timing_report_file: 
PlacerOpts.allowed_tiles_for_delay_model: 
PlacerOpts.delay_model_reducer: MIN
PlacerOpts.delay_model_type: DELTA
PlacerOpts.rlim_escape_fraction: 0.000000
PlacerOpts.move_stats_file: 
PlacerOpts.placement_saves_per_temperature: 0
PlacerOpts.effort_scaling: CIRCUIT
PlacerOpts.place_delta_delay_matrix_calculation_method: ASTAR_ROUTE
PlaceOpts.seed: 20
AnnealSched.type: AUTO_SCHED
AnnealSched.inner_num: 0.500000

RouterOpts.route_type: DETAILED
RouterOpts.flat_routing: false
RouterOpts.has_choking_spot: false
RouterOpts.router_algorithm: TIMING_DRIVEN
RouterOpts.base_cost_type: DELAY_NORMALIZED_LENGTH
RouterOpts.fixed_channel_width: 40
RouterOpts.check_route: FULL
RouterOpts.acc_fac: 1.000000
RouterOpts.bb_factor: 3
RouterOpts.bend_cost: 0.000000
RouterOpts.first_iter_pres_fac: 0.000000
RouterOpts.initial_pres_fac: 0.500000
RouterOpts.pres_fac_mult: 1.300000
RouterOpts.max_router_iterations: 50
RouterOpts.min_incremental_reroute_fanout: 16
RouterOpts.do_check_rr_graph: true
RouterOpts.verify_binary_search: false
RouterOpts.min_channel_width_hint: 0
RouterOpts.read_rr_edge_metadata: false
RouterOpts.exit_after_first_routing_iteration: false
RouterOpts.astar_fac: 1.200000
RouterOpts.router_profiler_astar_fac: 1.200000
RouterOpts.criticality_exp: 1.000000
RouterOpts.max_criticality: 0.500000
RouterOpts.init_wirelength_abort_threshold: 0.850000
RouterOpts.save_routing_per_iteration: false
RouterOpts.congested_routing_iteration_threshold_frac: 1.000000
RouterOpts.high_fanout_threshold: 64
RouterOpts.router_debug_net: -2
RouterOpts.router_debug_sink_rr: -2
RouterOpts.router_debug_iteration: -2
RouterOpts.max_convergence_count: 1
RouterOpts.reconvergence_cpd_threshold: 0.990000
RouterOpts.update_lower_bound_delays: true
RouterOpts.first_iteration_timing_report_file: 
RouterOpts.incr_reroute_delay_ripup: AUTO
RouterOpts.route_bb_update: DYNAMIC
RouterOpts.lookahead_type: MAP
RouterOpts.initial_timing: LOOKAHEAD
RouterOpts.router_heap: BINARY_HEAP
RouterOpts.routing_failure_predictor = SAFE
RouterOpts.routing_budgets_algorithm = DISABLE

AnalysisOpts.gen_post_synthesis_netlist: false
AnalysisOpts.timing_report_npaths: 100
AnalysisOpts.timing_report_skew: false
AnalysisOpts.echo_dot_timing_graph_node: -1
AnalysisOpts.timing_report_detail: NETLIST
AnalysisOpts.post_synth_netlist_unconn_input_handling: UNCONNECTED
AnalysisOpts.post_synth_netlist_unconn_output_handling: UNCONNECTED

# Building complex block graph
Warning 1: io[0].clock[0] unconnected pin in architecture.
# Building complex block graph took 0.02 seconds (max_rss 22.2 MiB, delta_rss +6.7 MiB)
Circuit file: alu4.pre-vpr.blif
# Load circuit
# Load circuit took 0.01 seconds (max_rss 24.5 MiB, delta_rss +2.3 MiB)
# Clean circuit
Absorbed 0 LUT buffers
Inferred    0 additional primitive pins as constant generators since they have no combinationally connected inputs
Inferred    0 additional primitive pins as constant generators due to constant inputs
Swept input(s)      : 0
Swept output(s)     : 0 (0 dangling, 0 constant)
Swept net(s)        : 0
Swept block(s)      : 0
Constant Pins Marked: 0
# Clean circuit took 0.00 seconds (max_rss 24.5 MiB, delta_rss +0.0 MiB)
# Compress circuit
# Compress circuit took 0.00 seconds (max_rss 24.5 MiB, delta_rss +0.0 MiB)
# Verify circuit
# Verify circuit took 0.00 seconds (max_rss 24.5 MiB, delta_rss +0.0 MiB)
Circuit Statistics:
  Blocks: 1195
    .input :      14
    .output:       8
    6-LUT  :    1173
  Nets  : 1187
    Avg Fanout:     4.9
    Max Fanout:   358.0
    Min Fanout:     1.0
  Netlist Clocks: 0
# Build Timing Graph
  Timing Graph Nodes: 7016
  Timing Graph Edges: 11650
  Timing Graph Levels: 14
# Build Timing Graph took 0.01 seconds (max_rss 25.9 MiB, delta_rss +1.5 MiB)
Netlist contains 0 clocks
# Load Timing Constraints

SDC file 'alu4.sdc' not found
Setting default timing constraints:
   * constrain all primay inputs and primary outputs on a virtual external clock 'virtual_io_clock'
   * optimize virtual clock to run as fast as possible
Timing constraints created 1 clocks
  Constrained Clock 'virtual_io_clock' (Virtual Clock)

# Load Timing Constraints took 0.00 seconds (max_rss 25.9 MiB, delta_rss +0.0 MiB)
# Packing
Begin packing 'alu4.pre-vpr.blif'.

After removing unused inputs...
	total blocks: 1195, total nets: 1187, total inputs: 14, total outputs: 8
Begin prepacking.
0 attraction groups were created during prepacking.
Finish prepacking.
Using inter-cluster delay: 1.33777e-09
Packing with pin utilization targets: io:1,1 clb:0.8,1 mult_36:1,1 memory:1,1
Packing with high fanout thresholds: io:128 clb:32 mult_36:128 memory:128
Starting Clustering - Clustering Progress: 
-------------------   --------------------------   ---------
Molecules processed   Number of clusters created   FPGA size
-------------------   --------------------------   ---------
    47/1195      3%                            4     5 x 5     
    94/1195      7%                            8     6 x 6     
   141/1195     11%                           12     7 x 7     
   188/1195     15%                           16     7 x 7     
   235/1195     19%                           20     7 x 7     
   282/1195     23%                           24     8 x 8     
   329/1195     27%                           28     9 x 9     
   376/1195     31%                           32     9 x 9     
   423/1195     35%                           36    10 x 10    
   470/1195     39%                           40    10 x 10    
   517/1195     43%                           44    10 x 10    
   564/1195     47%                           48    10 x 10    
   611/1195     51%                           52    11 x 11    
   658/1195     55%                           56    11 x 11    
   705/1195     58%                           60    11 x 11    
   752/1195     62%                           65    12 x 12    
   799/1195     66%                           68    12 x 12    
   846/1195     70%                           73    13 x 13    
   893/1195     74%                           77    13 x 13    
   940/1195     78%                           81    13 x 13    
   987/1195     82%                           85    13 x 13    
  1034/1195     86%                           90    14 x 14    
  1081/1195     90%                           95    14 x 14    
  1128/1195     94%                           99    14 x 14    
  1175/1195     98%                          108    14 x 14    

Logic Element (fle) detailed count:
  Total number of Logic Elements used : 1030
  LEs used for logic and registers    : 0
  LEs used for logic only             : 1030
  LEs used for registers only         : 0

Incr Slack updates 1 in 8.0682e-05 sec
Full Max Req/Worst Slack updates 1 in 1.403e-06 sec
Incr Max Req/Worst Slack updates 0 in 0 sec
Incr Criticality updates 0 in 0 sec
Full Criticality updates 1 in 0.000136256 sec
FPGA sized to 14 x 14 (auto)
Device Utilization: 0.56 (target 1.00)
	Block Utilization: 0.06 Type: io
	Block Utilization: 0.99 Type: clb

Start the iterative improvement process
the iterative improvement process is done
Final Clustering Statistics: 
----------   --------   ------------------------------------   --------------------------
Block Type   # Blocks   Avg. # of input clocks and pins used   Avg. # of output pins used
----------   --------   ------------------------------------   --------------------------
     EMPTY          0                                      0                            0   
        io         22                               0.363636                     0.636364   
       clb        107                                18.1028                      5.03738   
   mult_36          0                                      0                            0   
    memory          0                                      0                            0   
Absorbed logical nets 634 out of 1187 nets, 553 nets not absorbed.

Netlist conversion complete.

# Packing took 0.57 seconds (max_rss 34.6 MiB, delta_rss +8.7 MiB)
# Load packing
Begin loading packed FPGA netlist file.
Netlist generated from file 'alu4.net'.
Detected 0 constant generators (to see names run with higher pack verbosity)
Finished loading packed FPGA netlist file (took 0.106362 seconds).
Warning 2: Treated 0 constant nets as global which will not be routed (to see net names increase packer verbosity).
# Load packing took 0.11 seconds (max_rss 72.2 MiB, delta_rss +37.6 MiB)
Warning 3: Netlist contains 0 global net to non-global architecture pin connections
Cluster level netlist and block usage statistics
Netlist num_nets: 553
Netlist num_blocks: 129
Netlist EMPTY blocks: 0.
Netlist io blocks: 22.
Netlist clb blocks: 107.
Netlist mult_36 blocks: 0.
Netlist memory blocks: 0.
Netlist inputs pins: 14
Netlist output pins: 8

Pb types usage...
  io             : 22
   inpad         : 14
   outpad        : 8
  clb            : 107
   fle           : 1030
    lut5inter    : 539
     ble5        : 682
      lut5       : 682
       lut       : 682
    ble6         : 491
     lut6        : 491
      lut        : 491

# Create Device
## Build Device Grid
FPGA sized to 14 x 14: 196 grid tiles (auto)

Resource usage...
	Netlist
		22	blocks of type: io
	Architecture
		384	blocks of type: io
	Netlist
		107	blocks of type: clb
	Architecture
		108	blocks of type: clb
	Netlist
		0	blocks of type: mult_36
	Architecture
		3	blocks of type: mult_36
	Netlist
		0	blocks of type: memory
	Architecture
		4	blocks of type: memory

Device Utilization: 0.56 (target 1.00)
	Physical Tile io:
	Block Utilization: 0.06 Logical Block: io
	Physical Tile clb:
	Block Utilization: 0.99 Logical Block: clb
	Physical Tile mult_36:
	Block Utilization: 0.00 Logical Block: mult_36
	Physical Tile memory:
	Block Utilization: 0.00 Logical Block: memory

FPGA size limited by block type(s): clb

## Build Device Grid took 0.00 seconds (max_rss 72.2 MiB, delta_rss +0.0 MiB)
## Build routing resource graph
SOURCE->OPIN and IPIN->SINK edge count:8816
OPIN->CHANX/CHANY edge count before creating direct connections: 12064
OPIN->CHANX/CHANY edge count after creating direct connections: 12064
CHAN->CHAN type edge count:55348
## Build routing resource graph took 0.05 seconds (max_rss 72.2 MiB, delta_rss +0.0 MiB)
  RR Graph Nodes: 17320
  RR Graph Edges: 76228
# Create Device took 0.05 seconds (max_rss 72.2 MiB, delta_rss +0.0 MiB)

# Computing router lookahead map
## Computing wire lookahead
## Computing wire lookahead took 0.13 seconds (max_rss 72.2 MiB, delta_rss +0.0 MiB)
## Computing src/opin lookahead
Warning 4: Found no sample locations for EMPTY
Warning 5: Found no more sample locations for SOURCE in io
Warning 6: Found no more sample locations for OPIN in io
Warning 7: Found no more sample locations for SOURCE in clb
Warning 8: Found no more sample locations for OPIN in clb
Warning 9: Found no more sample locations for SOURCE in mult_36
Warning 10: Found no more sample locations for OPIN in mult_36
Warning 11: Found no more sample locations for SOURCE in memory
Warning 12: Found no more sample locations for OPIN in memory
## Computing src/opin lookahead took 0.00 seconds (max_rss 72.2 MiB, delta_rss +0.0 MiB)
# Computing router lookahead map took 0.13 seconds (max_rss 72.2 MiB, delta_rss +0.0 MiB)
# Computing placement delta delay look-up
RR graph channel widths unchanged, skipping RR graph rebuild
## Computing delta delays
## Computing delta delays took 0.01 seconds (max_rss 72.2 MiB, delta_rss +0.0 MiB)
# Computing placement delta delay look-up took 0.01 seconds (max_rss 72.2 MiB, delta_rss +0.0 MiB)

Bounding box mode is Cube

Using simple RL 'Softmax agent' for choosing move and block types
# Placement
## Initial Placement
Initial placement iteration 0 has finished successfully
## Initial Placement took 0.00 seconds (max_rss 72.2 MiB, delta_rss +0.0 MiB)

There are 1945 point to point connections in this circuit.


BB estimate of min-dist (placement) wire length: 6733

Completed placement consistency check successfully.
Initial placement cost: 1 bb_cost: 168.337 td_cost: 6.24386e-07
Initial placement estimated Critical Path Delay (CPD): 5.2984 ns
Initial placement estimated setup Total Negative Slack (sTNS): -31.9418 ns
Initial placement estimated setup Worst Negative Slack (sWNS): -5.2984 ns

Initial placement estimated setup slack histogram:
[ -5.3e-09:   -5e-09) 1 ( 12.5%) |*************************
[   -5e-09: -4.7e-09) 1 ( 12.5%) |*************************
[ -4.7e-09: -4.4e-09) 1 ( 12.5%) |*************************
[ -4.4e-09:   -4e-09) 2 ( 25.0%) |*************************************************
[   -4e-09: -3.7e-09) 1 ( 12.5%) |*************************
[ -3.7e-09: -3.4e-09) 0 (  0.0%) |
[ -3.4e-09: -3.1e-09) 0 (  0.0%) |
[ -3.1e-09: -2.8e-09) 1 ( 12.5%) |*************************
[ -2.8e-09: -2.5e-09) 0 (  0.0%) |
[ -2.5e-09: -2.2e-09) 1 ( 12.5%) |*************************
Placement contains 0 placement macros involving 0 blocks (average macro size -nan)

Moves per temperature: 325
Warning 13: Starting t: 44 of 129 configurations accepted.

---- ------ ------- ------- ---------- ---------- ------- ---------- -------- ------- ------- ------ -------- --------- ------
Tnum   Time       T Av Cost Av BB Cost Av TD Cost     CPD       sTNS     sWNS Ac Rate Std Dev  R lim Crit Exp Tot Moves  Alpha
      (sec)                                          (ns)       (ns)     (ns)                                                 
---- ------ ------- ------- ---------- ---------- ------- ---------- -------- ------- ------- ------ -------- --------- ------
   1    0.0 3.2e-04   0.962     143.47 5.4383e-07   5.422      -30.2   -5.422   0.255  0.0222   13.0     1.00       325  0.200
   2    0.0 3.0e-04   0.983     134.70 3.7043e-07   4.915      -27.9   -4.915   0.163  0.0093   10.6     2.40       650  0.950
   3    0.0 2.9e-04   0.985     132.55 2.2298e-07   4.880      -28.3   -4.880   0.185  0.0090    7.7     4.11       975  0.950
   4    0.0 2.7e-04   0.973     128.99 2.1881e-07   4.611        -28   -4.611   0.178  0.0141    5.7     5.25      1300  0.950
   5    0.0 2.6e-04   0.965     126.85 1.368e-07    4.906        -29   -4.906   0.191  0.0155    4.2     6.12      1625  0.950
   6    0.0 2.5e-04   0.975     126.09 1.4166e-07   4.690        -28   -4.690   0.203  0.0135    3.2     6.74      1950  0.950
   7    0.0 2.3e-04   0.975     123.17 1.6281e-07   4.448      -27.8   -4.448   0.203  0.0118    2.4     7.17      2275  0.950
   8    0.0 2.2e-04   0.972     120.73 1.301e-07    4.540      -28.1   -4.540   0.342  0.0148    1.8     7.51      2600  0.950
   9    0.0 2.1e-04   0.980     118.84 1.8006e-07   4.276      -26.8   -4.276   0.271  0.0076    1.7     7.61      2925  0.950
  10    0.0 2.0e-04   0.991     118.42 1.4736e-07   4.309      -26.9   -4.309   0.203  0.0067    1.4     7.78      3250  0.950
  11    0.0 1.9e-04   0.987     118.77 1.3531e-07   4.400      -27.3   -4.400   0.240  0.0088    1.1     7.97      3575  0.950
  12    0.0 1.8e-04   0.994     118.20 1.0359e-07   4.624      -27.7   -4.624   0.188  0.0049    1.0     8.00      3900  0.950
  13    0.0 1.7e-04   0.990     118.28 1.4415e-07   4.371      -26.8   -4.371   0.206  0.0065    1.0     8.00      4225  0.950
  14    0.0 1.6e-04   0.991     117.94 1.5518e-07   4.375      -26.8   -4.375   0.188  0.0058    1.0     8.00      4550  0.950
  15    0.0 1.6e-04   0.987     118.17 1.3214e-07   4.415      -27.8   -4.415   0.157  0.0044    1.0     8.00      4875  0.950
  16    0.0 1.5e-04   0.992     117.75 1.59e-07     4.300        -27   -4.300   0.191  0.0070    1.0     8.00      5200  0.950
  17    0.0 1.4e-04   0.988     117.16 1.3272e-07   4.415      -27.1   -4.415   0.215  0.0074    1.0     8.00      5525  0.950
  18    0.0 1.3e-04   0.996     116.29 1.7851e-07   4.269      -26.5   -4.269   0.163  0.0021    1.0     8.00      5850  0.950
  19    0.0 1.3e-04   0.997     115.92 1.622e-07    4.363      -26.1   -4.363   0.172  0.0019    1.0     8.00      6175  0.950
  20    0.0 1.2e-04   0.990     115.87 1.6097e-07   4.315        -27   -4.315   0.160  0.0029    1.0     8.00      6500  0.950
  21    0.0 1.1e-04   0.994     115.71 1.7212e-07   4.253      -26.4   -4.253   0.163  0.0031    1.0     8.00      6825  0.950
  22    0.0 1.1e-04   0.994     115.59 1.5616e-07   4.310      -26.2   -4.310   0.148  0.0034    1.0     8.00      7150  0.950
  23    0.0 8.7e-05   0.997     115.92 1.4854e-07   4.313      -26.4   -4.313   0.126  0.0019    1.0     8.00      7475  0.800
Agent's 2nd state: 
Checkpoint saved: bb_costs=115.761, TD costs=1.61021e-07, CPD=  4.243 (ns) 
  24    0.0 7.0e-05   0.995     115.64 1.5947e-07   4.243      -26.7   -4.243   0.102  0.0030    1.0     8.00      7800  0.800
Checkpoint saved: bb_costs=115.535, TD costs=1.66604e-07, CPD=  4.233 (ns) 
  25    0.0 5.6e-05   0.994     115.20 1.6512e-07   4.233      -26.1   -4.233   0.098  0.0026    1.0     8.00      8125  0.800
Checkpoint saved: bb_costs=114.73, TD costs=1.74054e-07, CPD=  4.213 (ns) 
  26    0.0 4.5e-05   0.997     114.89 1.7275e-07   4.213      -26.3   -4.213   0.080  0.0020    1.0     8.00      8450  0.800
  27    0.0 3.6e-05   0.994     114.87 1.572e-07    4.366      -26.5   -4.366   0.083  0.0027    1.0     8.00      8775  0.800
  28    0.0 2.9e-05   0.996     115.03 1.7151e-07   4.286      -26.6   -4.286   0.068  0.0018    1.0     8.00      9100  0.800
  29    0.0 2.3e-05   0.997     114.95 1.774e-07    4.250      -26.4   -4.250   0.055  0.0018    1.0     8.00      9425  0.800
  30    0.0 1.8e-05   0.998     114.92 1.6912e-07   4.286        -27   -4.286   0.058  0.0011    1.0     8.00      9750  0.800
  31    0.0 1.5e-05   0.996     114.96 1.8095e-07   4.250      -26.8   -4.250   0.068  0.0019    1.0     8.00     10075  0.800
  32    0.0 1.2e-05   0.998     114.80 1.6897e-07   4.286        -27   -4.286   0.046  0.0009    1.0     8.00     10400  0.800
  33    0.0 9.3e-06   0.998     114.90 1.8328e-07   4.231      -26.7   -4.231   0.040  0.0016    1.0     8.00     10725  0.800
  34    0.0 0.0e+00   0.998     114.99 1.6665e-07   4.286      -26.9   -4.286   0.043  0.0013    1.0     8.00     11050  0.800
## Placement Quench took 0.00 seconds (max_rss 72.2 MiB)
post-quench CPD = 4.2505 (ns) 

Checkpoint restored

BB estimate of min-dist (placement) wire length: 4589

Completed placement consistency check successfully.

Swaps called: 11179

Aborted Move Reasons:
  No moves aborted

Placement estimated critical path delay (least slack): 4.21317 ns, Fmax: 237.351 MHz
Placement estimated setup Worst Negative Slack (sWNS): -4.21317 ns
Placement estimated setup Total Negative Slack (sTNS): -26.3394 ns

Placement estimated setup slack histogram:
[ -4.2e-09:   -4e-09) 2 ( 25.0%) |*************************************************
[   -4e-09: -3.7e-09) 1 ( 12.5%) |*************************
[ -3.7e-09: -3.5e-09) 2 ( 25.0%) |*************************************************
[ -3.5e-09: -3.3e-09) 0 (  0.0%) |
[ -3.3e-09:   -3e-09) 0 (  0.0%) |
[   -3e-09: -2.8e-09) 1 ( 12.5%) |*************************
[ -2.8e-09: -2.5e-09) 0 (  0.0%) |
[ -2.5e-09: -2.3e-09) 0 (  0.0%) |
[ -2.3e-09:   -2e-09) 1 ( 12.5%) |*************************
[   -2e-09: -1.8e-09) 1 ( 12.5%) |*************************

Placement estimated geomean non-virtual intra-domain period: nan ns (nan MHz)
Placement estimated fanout-weighted geomean non-virtual intra-domain period: nan ns (nan MHz)

Placement cost: 1, bb_cost: 114.73, td_cost: 1.74054e-07, 

Placement resource usage:
  io  implemented as io : 22
  clb implemented as clb: 107

Placement number of temperatures: 34
Placement total # of swap attempts: 11179
	Swaps accepted:  1751 (15.7 %)
	Swaps rejected:  8677 (77.6 %)
	Swaps aborted:   751 ( 6.7 %)


Placement perturbation distribution by block and move type: 
------------------ ----------------- ---------------- ---------------- --------------- ------------ 
    Block Type         Move Type       (%) of Total      Accepted(%)     Rejected(%)    Aborted(%)
------------------ ----------------- ---------------- ---------------- --------------- ------------ 
io                 Uniform                4.19             39.74           60.26          0.00         
                   Median                 3.57             11.53           15.54          72.93        
                   Centroid               3.65             31.86           39.95          28.19        
                   W. Centroid            3.98             31.46           38.20          30.34        
                   W. Median              0.82             2.17            11.96          85.87        
                   Crit. Uniform          2.32             17.37           82.63          0.00         
                   Feasible Region        2.25             10.32           72.22          17.46        

clb                Uniform                18.55            13.69           86.31          0.00         
                   Median                 17.31            17.26           79.43          3.31         
                   Centroid               17.63            12.79           87.21          0.00         
                   W. Centroid            17.44            12.97           87.03          0.00         
                   W. Median              3.53             5.57            88.86          5.57         
                   Crit. Uniform          2.28             6.27            93.73          0.00         
                   Feasible Region        2.47             5.43            94.20          0.36         


Placement Quench timing analysis took 0.00127409 seconds (0.00102708 STA, 0.000247005 slack) (1 full updates: 1 setup, 0 hold, 0 combined).
Placement Total  timing analysis took 0.0541088 seconds (0.0463954 STA, 0.00771341 slack) (37 full updates: 37 setup, 0 hold, 0 combined).
update_td_costs: connections 0 nets 0 sum_nets 0 total 0
# Placement took 0.12 seconds (max_rss 72.2 MiB, delta_rss +0.0 MiB)

# Routing
RR graph channel widths unchanged, skipping RR graph rebuild
## Initializing router criticalities
Initial Net Connection Criticality Histogram:
[        0:      0.1)   0 (  0.0%) |
[      0.1:      0.2)   0 (  0.0%) |
[      0.2:      0.3)   0 (  0.0%) |
[      0.3:      0.4)  11 (  0.6%) |*
[      0.4:      0.5)  30 (  1.5%) |**
[      0.5:      0.6) 113 (  5.8%) |********
[      0.6:      0.7) 347 ( 17.8%) |*************************
[      0.7:      0.8) 612 ( 31.5%) |********************************************
[      0.8:      0.9) 656 ( 33.7%) |***********************************************
[      0.9:        1) 176 (  9.0%) |*************
## Initializing router criticalities took 0.02 seconds (max_rss 72.2 MiB, delta_rss +0.0 MiB)
---- ------ ------- ---- ------- ------- ------- ----------------- --------------- -------- ---------- ---------- ---------- ---------- --------
Iter   Time    pres  BBs    Heap  Re-Rtd  Re-Rtd Overused RR Nodes      Wirelength      CPD       sTNS       sWNS       hTNS       hWNS Est Succ
      (sec)     fac Updt    push    Nets   Conns                                       (ns)       (ns)       (ns)       (ns)       (ns)     Iter
---- ------ ------- ---- ------- ------- ------- ----------------- --------------- -------- ---------- ---------- ---------- ---------- --------
   1    0.0     0.0    0   43428     553    1945     809 ( 4.671%)    5650 (45.3%)    4.961     -31.65     -4.961      0.000      0.000      N/A
Incr Slack updates 37 in 0.00279884 sec
Full Max Req/Worst Slack updates 23 in 2.099e-05 sec
Incr Max Req/Worst Slack updates 14 in 1.3123e-05 sec
Incr Criticality updates 0 in 0 sec
Full Criticality updates 37 in 0.00446956 sec
   2    0.0     0.5    0   35419     366    1520     314 ( 1.813%)    5671 (45.4%)    4.973     -31.97     -4.973      0.000      0.000      N/A
   3    0.0     0.6    0   27808     249    1153     251 ( 1.449%)    5630 (45.1%)    5.072     -32.29     -5.072      0.000      0.000      N/A
   4    0.0     0.8    2   28501     199    1103     215 ( 1.241%)    5771 (46.2%)    5.063     -32.40     -5.063      0.000      0.000      N/A
   5    0.0     1.1    2   27813     170    1021     146 ( 0.843%)    5885 (47.2%)    5.063     -32.36     -5.063      0.000      0.000      N/A
   6    0.0     1.4    5   28279     156    1032     115 ( 0.664%)    5948 (47.7%)    5.073     -33.21     -5.073      0.000      0.000      N/A
   7    0.0     1.9    1   26478     126     979      68 ( 0.393%)    5960 (47.8%)    5.057     -32.71     -5.057      0.000      0.000      N/A
   8    0.0     2.4    0   25183     108     937      33 ( 0.191%)    6016 (48.2%)    5.203     -32.78     -5.203      0.000      0.000      N/A
   9    0.0     3.1    1   25069      98     895      18 ( 0.104%)    6096 (48.8%)    5.203     -33.42     -5.203      0.000      0.000      N/A
  10    0.0     4.1    0   24817     101     901      14 ( 0.081%)    6092 (48.8%)    5.240     -33.27     -5.240      0.000      0.000       14
  11    0.0     5.3    1   25529     101     895      10 ( 0.058%)    6162 (49.4%)    5.198     -33.03     -5.198      0.000      0.000       14
  12    0.0     6.9    0   24732      94     892       7 ( 0.040%)    6100 (48.9%)    5.198     -33.21     -5.198      0.000      0.000       15
  13    0.0     9.0    0   25340      94     887       1 ( 0.006%)    6149 (49.3%)    5.203     -33.29     -5.203      0.000      0.000       16
  14    0.0    11.6    0   24326      91     880       0 ( 0.000%)    6103 (48.9%)    5.198     -33.12     -5.198      0.000      0.000       14
Restoring best routing
Critical path: 5.19796 ns
Successfully routed after 14 routing iterations.
Final Net Connection Criticality Histogram:
[        0:      0.1)   0 (  0.0%) |
[      0.1:      0.2)   0 (  0.0%) |
[      0.2:      0.3)   0 (  0.0%) |
[      0.3:      0.4)   6 (  0.3%) |
[      0.4:      0.5)  20 (  1.0%) |*
[      0.5:      0.6)  96 (  4.9%) |******
[      0.6:      0.7) 292 ( 15.0%) |*******************
[      0.7:      0.8) 668 ( 34.3%) |********************************************
[      0.8:      0.9) 708 ( 36.4%) |***********************************************
[      0.9:        1) 155 (  8.0%) |**********
Router Stats: total_nets_routed: 2506 total_connections_routed: 15040 total_heap_pushes: 392722 total_heap_pops: 74646 
# Routing took 0.12 seconds (max_rss 72.2 MiB, delta_rss +0.0 MiB)

Checking to ensure routing is legal...
# Checking to ensure non-configurable edges are legal
# Checking to ensure non-configurable edges are legal took 0.00 seconds (max_rss 72.2 MiB, delta_rss +0.0 MiB)
Completed routing consistency check successfully.

Serial number (magic cookie) for the routing is: -347401885
Circuit successfully routed with a channel width factor of 40.
# Synchronize the packed netlist to routing optimization
## Annotating rr_node with routed nets
## Annotating rr_node with routed nets took 0.00 seconds (max_rss 72.2 MiB, delta_rss +0.0 MiB)
Found 2719 mismatches between routing and packing results.
Fixed 1885 routing traces due to mismatch between routing and packing results.
# Synchronize the packed netlist to routing optimization took 0.02 seconds (max_rss 72.2 MiB, delta_rss +0.0 MiB)
Final Clustering Statistics: 
----------   --------   ------------------------------------   --------------------------
Block Type   # Blocks   Avg. # of input clocks and pins used   Avg. # of output pins used
----------   --------   ------------------------------------   --------------------------
     EMPTY          0                                      0                            0   
        io         22                               0.363636                     0.636364   
       clb        107                                18.1028                      5.03738   
   mult_36          0                                      0                            0   
    memory          0                                      0                            0   
Absorbed logical nets 634 out of 1187 nets, 553 nets not absorbed.


Average number of bends per net: 0.994575  Maximum # of bends: 11

Number of global nets: 0
Number of routed nets (nonglobal): 553
Wire length results (in units of 1 clb segments)...
	Total wirelength: 6103, average net length: 11.0362
	Maximum net length: 148

Wire length results in terms of physical segments...
	Total wiring segments used: 1696, average wire segments per net: 3.06691
	Maximum segments used by a net: 43
	Total local nets with reserved CLB opins: 0
Total number of nets absorbed: 0

Routing channel utilization histogram:
[        1:      inf)  0 (  0.0%) |
[      0.9:        1)  0 (  0.0%) |
[      0.8:      0.9)  0 (  0.0%) |
[      0.7:      0.8) 88 ( 26.0%) |************************************************
[      0.5:      0.6) 46 ( 13.6%) |*************************
[      0.4:      0.5) 58 ( 17.2%) |********************************
[      0.3:      0.4) 56 ( 16.6%) |*******************************
[      0.2:      0.3) 36 ( 10.7%) |********************
[      0.1:      0.2) 24 (  7.1%) |*************
[        0:      0.1) 30 (  8.9%) |****************
Maximum routing channel utilization:       0.8 at (5,3)

X - Directed channels:   j max occ ave occ capacity
                      ---- ------- ------- --------
                         0      25  15.143       40
                         1      22  12.643       40
                         2      27  17.500       40
                         3      32  19.214       40
                         4      31  18.143       40
                         5      30  20.357       40
                         6      30  20.429       40
                         7      31  18.357       40
                         8      30  17.857       40
                         9      30  16.714       40
                        10      25  15.143       40
                        11      19  12.929       40
                        12       9   5.500       40
Y - Directed channels:   i max occ ave occ capacity
                      ---- ------- ------- --------
                         0      19  10.857       40
                         1      25  13.286       40
                         2      23  13.643       40
                         3      36  22.929       40
                         4      33  21.429       40
                         5      27  15.643       40
                         6      28  17.429       40
                         7      37  23.429       40
                         8      39  23.071       40
                         9      29  15.429       40
                        10      31  18.214       40
                        11      31  18.000       40
                        12      26  12.643       40

Total tracks in x-direction: 520, in y-direction: 520

Logic area (in minimum width transistor areas, excludes I/Os and empty grid tiles)...
	Total logic block area (Warning, need to add pitch of routing to blocks with height > 3): 9.20055e+06
	Total used logic block area: 5.76666e+06

Routing area (in minimum width transistor areas)...
	Total routing area: 488146., per logic tile: 2490.54

Total Number of Wiring Segments by Direction: direction length number
                                              --------- ------ -------
                                                      X      4   1950
                                                      Y      4   1950

X - Directed Wiring Segment usage by length: length utilization
                                             ------ -----------
                                             4       0.422

Y - Directed Wiring Segment usage by length: length utilization
                                             ------ -----------
                                             4       0.448

Segment occupancy by length: Length utilization
                             ------ -----------
                             L4           0.435

Segment occupancy by type:              name type utilization
                           ----------------- ---- -----------
                           unnamed_segment_0    0       0.435

Final hold Worst Negative Slack (hWNS): 0 ns
Final hold Total Negative Slack (hTNS): 0 ns

Final hold slack histogram:
[  1.3e-09:  1.4e-09) 1 ( 12.5%) |*************************
[  1.4e-09:  1.5e-09) 1 ( 12.5%) |*************************
[  1.5e-09:  1.5e-09) 1 ( 12.5%) |*************************
[  1.5e-09:  1.6e-09) 0 (  0.0%) |
[  1.6e-09:  1.7e-09) 1 ( 12.5%) |*************************
[  1.7e-09:  1.8e-09) 0 (  0.0%) |
[  1.8e-09:  1.9e-09) 2 ( 25.0%) |*************************************************
[  1.9e-09:    2e-09) 0 (  0.0%) |
[    2e-09:    2e-09) 0 (  0.0%) |
[    2e-09:  2.1e-09) 2 ( 25.0%) |*************************************************

Final critical path delay (least slack): 5.19796 ns, Fmax: 192.383 MHz
Final setup Worst Negative Slack (sWNS): -5.19796 ns
Final setup Total Negative Slack (sTNS): -33.1206 ns

Final setup slack histogram:
[ -5.2e-09: -4.9e-09) 3 ( 37.5%) |*************************************************
[ -4.9e-09: -4.7e-09) 0 (  0.0%) |
[ -4.7e-09: -4.4e-09) 1 ( 12.5%) |****************
[ -4.4e-09: -4.2e-09) 1 ( 12.5%) |****************
[ -4.2e-09: -3.9e-09) 0 (  0.0%) |
[ -3.9e-09: -3.7e-09) 0 (  0.0%) |
[ -3.7e-09: -3.4e-09) 1 ( 12.5%) |****************
[ -3.4e-09: -3.2e-09) 0 (  0.0%) |
[ -3.2e-09: -2.9e-09) 0 (  0.0%) |
[ -2.9e-09: -2.7e-09) 2 ( 25.0%) |*********************************

Final geomean non-virtual intra-domain period: nan ns (nan MHz)
Final fanout-weighted geomean non-virtual intra-domain period: nan ns (nan MHz)

Incr Slack updates 1 in 6.8078e-05 sec
Full Max Req/Worst Slack updates 1 in 1.453e-06 sec
Incr Max Req/Worst Slack updates 0 in 0 sec
Incr Criticality updates 0 in 0 sec
Full Criticality updates 1 in 0.000123612 sec
Flow timing analysis took 0.129998 seconds (0.116594 STA, 0.0134035 slack) (54 full updates: 38 setup, 0 hold, 16 combined).
VPR succeeded
The entire flow of VPR took 1.35 seconds (max_rss 72.2 MiB)
Incr Slack updates 15 in 0.00120518 sec
Full Max Req/Worst Slack updates 6 in 6.964e-06 sec
Incr Max Req/Worst Slack updates 9 in 9.559e-06 sec
Incr Criticality updates 3 in 0.000359876 sec
Full Criticality updates 12 in 0.00141381 sec
	Command being timed: "/packages/apps/vtr/8.0.0-git/vpr/vpr k6_frac_N10_mem32K_40nm.xml alu4 --circuit_file alu4.pre-vpr.blif --route_chan_width 40 --max_criticality 0.5 --seed 20"
	User time (seconds): 1.26
	System time (seconds): 0.04
	Percent of CPU this job got: 95%
	Elapsed (wall clock) time (h:mm:ss or m:ss): 0:01.37
	Average shared text size (kbytes): 0
	Average unshared data size (kbytes): 0
	Average stack size (kbytes): 0
	Average total size (kbytes): 0
	Maximum resident set size (kbytes): 73928
	Average resident set size (kbytes): 0
	Major (requiring I/O) page faults: 0
	Minor (reclaiming a frame) page faults: 38359
	Voluntary context switches: 239
	Involuntary context switches: 18
	Swaps: 0
	File system inputs: 0
	File system outputs: 9784
	Socket messages sent: 0
	Socket messages received: 0
	Signals delivered: 0
	Page size (bytes): 4096
	Exit status: 0
