/usr/bin/env time -v /packages/apps/vtr/8.0.0-git/vpr/vpr k6_frac_N10_mem32K_40nm.xml sha --circuit_file sha.pre-vpr.blif --pack --place --place_algorithm bounding_box --RL_agent_placement off --seed 10 --init_t 0.25
VPR FPGA Placement and Routing.
Version: 8.1.0-dev+109c5adcc
Revision: v8.0.0-9695-g109c5adcc
Compiled: 2024-02-23T09:38:13
Compiler: GNU 11.2.0 on Linux-4.18.0-348.el8.0.2.x86_64 x86_64
Build Info: release IPO VTR_ASSERT_LEVEL=2

University of Toronto
verilogtorouting.org
vtr-users@googlegroups.com
This is free open source code under MIT license.

VPR was run with the following command-line:
/packages/apps/vtr/8.0.0-git/vpr/vpr k6_frac_N10_mem32K_40nm.xml sha --circuit_file sha.pre-vpr.blif --pack --place --place_algorithm bounding_box --RL_agent_placement off --seed 10 --init_t 0.25


Architecture file: k6_frac_N10_mem32K_40nm.xml
Circuit name: sha

# Loading Architecture Description
# Loading Architecture Description took 0.01 seconds (max_rss 15.5 MiB, delta_rss +2.7 MiB)

Timing analysis: ON
Circuit netlist file: sha.net
Circuit placement file: sha.place
Circuit routing file: sha.route
Circuit SDC file: sha.sdc
Vpr floorplanning constraints file: not specified

Packer: ENABLED
Placer: ENABLED
Router: DISABLED
Analysis: DISABLED

VPR was run with the following options:

NetlistOpts.abosrb_buffer_luts            : true
NetlistOpts.sweep_dangling_primary_ios    : true
NetlistOpts.sweep_dangling_nets           : true
NetlistOpts.sweep_dangling_blocks         : true
NetlistOpts.sweep_constant_primary_outputs: false
NetlistOpts.netlist_verbosity             : 1
NetlistOpts.const_gen_inference           : COMB_SEQ

PackerOpts.allow_unrelated_clustering: auto
PackerOpts.alpha_clustering: 0.750000
PackerOpts.beta_clustering: 0.900000
PackerOpts.cluster_seed_type: BLEND2
PackerOpts.connection_driven: true
PackerOpts.global_clocks: true
PackerOpts.hill_climbing_flag: false
PackerOpts.inter_cluster_net_delay: 1.000000
PackerOpts.timing_driven: true
PackerOpts.target_external_pin_util: auto

PlacerOpts.place_freq: PLACE_ONCE
PlacerOpts.place_algorithm: BOUNDING_BOX_PLACE
PlacerOpts.pad_loc_type: FREE
PlacerOpts.constraints_file: No constraints file given
PlacerOpts.place_cost_exp: 1.000000
PlacerOpts.place_chan_width: 100
PlacerOpts.rlim_escape_fraction: 0.000000
PlacerOpts.move_stats_file: 
PlacerOpts.placement_saves_per_temperature: 0
PlacerOpts.effort_scaling: CIRCUIT
PlacerOpts.place_delta_delay_matrix_calculation_method: ASTAR_ROUTE
PlaceOpts.seed: 10
AnnealSched.type: USER_SCHED
AnnealSched.inner_num: 0.500000
AnnealSched.init_t: 0.250000
AnnealSched.alpha_t: 0.800000
AnnealSched.exit_t: 0.010000

# Building complex block graph
Warning 1: io[0].clock[0] unconnected pin in architecture.
# Building complex block graph took 0.01 seconds (max_rss 22.2 MiB, delta_rss +6.7 MiB)
Circuit file: sha.pre-vpr.blif
# Load circuit
# Load circuit took 0.02 seconds (max_rss 27.3 MiB, delta_rss +5.1 MiB)
# Clean circuit
Absorbed 36 LUT buffers
Inferred    0 additional primitive pins as constant generators since they have no combinationally connected inputs
Inferred    0 additional primitive pins as constant generators due to constant inputs
Swept input(s)      : 0
Swept output(s)     : 0 (0 dangling, 0 constant)
Swept net(s)        : 0
Swept block(s)      : 0
Constant Pins Marked: 0
# Clean circuit took 0.00 seconds (max_rss 27.3 MiB, delta_rss +0.0 MiB)
# Compress circuit
# Compress circuit took 0.00 seconds (max_rss 27.7 MiB, delta_rss +0.3 MiB)
# Verify circuit
# Verify circuit took 0.00 seconds (max_rss 27.7 MiB, delta_rss +0.0 MiB)
Circuit Statistics:
  Blocks: 2606
    .input :      38
    .latch :     885
    .output:      36
    6-LUT  :    1647
  Nets  : 2570
    Avg Fanout:     3.9
    Max Fanout:   885.0
    Min Fanout:     1.0
  Netlist Clocks: 1
# Build Timing Graph
  Timing Graph Nodes: 12697
  Timing Graph Edges: 20218
  Timing Graph Levels: 46
# Build Timing Graph took 0.01 seconds (max_rss 29.6 MiB, delta_rss +1.9 MiB)
Netlist contains 1 clocks
  Netlist Clock 'clk_i' Fanout: 885 pins (7.0%), 885 blocks (34.0%)
# Load Timing Constraints

SDC file 'sha.sdc' not found
Setting default timing constraints:
   * constrain all primay inputs and primary outputs on netlist clock 'clk_i'
   * optimize netlist clock to run as fast as possible
Timing constraints created 1 clocks
  Constrained Clock 'clk_i' Source: 'clk_i.inpad[0]'

# Load Timing Constraints took 0.00 seconds (max_rss 29.6 MiB, delta_rss +0.0 MiB)
# Packing
Begin packing 'sha.pre-vpr.blif'.

After removing unused inputs...
	total blocks: 2606, total nets: 2570, total inputs: 38, total outputs: 36
Begin prepacking.
0 attraction groups were created during prepacking.
Finish prepacking.
Using inter-cluster delay: 1.33777e-09
Packing with pin utilization targets: io:1,1 clb:0.8,1 mult_36:1,1 memory:1,1
Packing with high fanout thresholds: io:128 clb:32 mult_36:128 memory:128
Starting Clustering - Clustering Progress: 
-------------------   --------------------------   ---------
Molecules processed   Number of clusters created   FPGA size
-------------------   --------------------------   ---------
    68/1724      3%                            6     5 x 5     
   136/1724      7%                           10     6 x 6     
   204/1724     11%                           15     7 x 7     
   272/1724     15%                           20     7 x 7     
   340/1724     19%                           25     9 x 9     
   408/1724     23%                           30     9 x 9     
   476/1724     27%                           36    10 x 10    
   544/1724     31%                           41    10 x 10    
   612/1724     35%                           47    10 x 10    
   680/1724     39%                           53    11 x 11    
   748/1724     43%                           60    11 x 11    
   816/1724     47%                           66    12 x 12    
   884/1724     51%                           73    13 x 13    
   952/1724     55%                           79    13 x 13    
  1020/1724     59%                           85    13 x 13    
  1088/1724     63%                           92    14 x 14    
  1156/1724     67%                           99    14 x 14    
  1224/1724     70%                          106    14 x 14    
  1292/1724     74%                          112    15 x 15    
  1360/1724     78%                          118    15 x 15    
  1428/1724     82%                          125    15 x 15    
  1496/1724     86%                          131    16 x 16    
  1564/1724     90%                          138    16 x 16    
  1632/1724     94%                          144    17 x 17    
  1700/1724     98%                          198    17 x 17    

Logic Element (fle) detailed count:
  Total number of Logic Elements used : 1458
  LEs used for logic and registers    : 879
  LEs used for logic only             : 579
  LEs used for registers only         : 0

Incr Slack updates 1 in 0.000129163 sec
Full Max Req/Worst Slack updates 1 in 1.6671e-05 sec
Incr Max Req/Worst Slack updates 0 in 0 sec
Incr Criticality updates 0 in 0 sec
Full Criticality updates 1 in 0.000226817 sec
FPGA sized to 17 x 17 (auto)
Device Utilization: 0.55 (target 1.00)
	Block Utilization: 0.15 Type: io
	Block Utilization: 0.90 Type: clb

Start the iterative improvement process
the iterative improvement process is done
Final Clustering Statistics: 
----------   --------   ------------------------------------   --------------------------
Block Type   # Blocks   Avg. # of input clocks and pins used   Avg. # of output pins used
----------   --------   ------------------------------------   --------------------------
     EMPTY          0                                      0                            0   
        io         74                               0.486486                     0.513514   
       clb        149                                20.4228                      6.95302   
   mult_36          0                                      0                            0   
    memory          0                                      0                            0   
Absorbed logical nets 1496 out of 2570 nets, 1074 nets not absorbed.

Netlist conversion complete.

# Packing took 0.86 seconds (max_rss 42.1 MiB, delta_rss +12.5 MiB)
# Load packing
Begin loading packed FPGA netlist file.
Netlist generated from file 'sha.net'.
Detected 0 constant generators (to see names run with higher pack verbosity)
Finished loading packed FPGA netlist file (took 0.150598 seconds).
Warning 2: Treated 0 constant nets as global which will not be routed (to see net names increase packer verbosity).
# Load packing took 0.16 seconds (max_rss 79.3 MiB, delta_rss +37.2 MiB)
Warning 3: Netlist contains 0 global net to non-global architecture pin connections
Cluster level netlist and block usage statistics
Netlist num_nets: 1074
Netlist num_blocks: 223
Netlist EMPTY blocks: 0.
Netlist io blocks: 74.
Netlist clb blocks: 149.
Netlist mult_36 blocks: 0.
Netlist memory blocks: 0.
Netlist inputs pins: 38
Netlist output pins: 36

Pb types usage...
  io             : 74
   inpad         : 38
   outpad        : 36
  clb            : 149
   fle           : 1458
    lut5inter    : 533
     ble5        : 725
      lut5       : 722
       lut       : 722
      ff         : 176
    ble6         : 925
     lut6        : 925
      lut        : 925
     ff          : 709

# Create Device
## Build Device Grid
FPGA sized to 17 x 17: 289 grid tiles (auto)

Resource usage...
	Netlist
		74	blocks of type: io
	Architecture
		480	blocks of type: io
	Netlist
		149	blocks of type: clb
	Architecture
		165	blocks of type: clb
	Netlist
		0	blocks of type: mult_36
	Architecture
		6	blocks of type: mult_36
	Netlist
		0	blocks of type: memory
	Architecture
		4	blocks of type: memory

Device Utilization: 0.55 (target 1.00)
	Physical Tile io:
	Block Utilization: 0.15 Logical Block: io
	Physical Tile clb:
	Block Utilization: 0.90 Logical Block: clb
	Physical Tile mult_36:
	Block Utilization: 0.00 Logical Block: mult_36
	Physical Tile memory:
	Block Utilization: 0.00 Logical Block: memory

FPGA size limited by block type(s): clb

## Build Device Grid took 0.00 seconds (max_rss 79.3 MiB, delta_rss +0.0 MiB)
## Build routing resource graph
SOURCE->OPIN and IPIN->SINK edge count:13013
OPIN->CHANX/CHANY edge count before creating direct connections: 44680
OPIN->CHANX/CHANY edge count after creating direct connections: 44680
CHAN->CHAN type edge count:209845
## Build routing resource graph took 0.16 seconds (max_rss 79.3 MiB, delta_rss +0.0 MiB)
  RR Graph Nodes: 33991
  RR Graph Edges: 267538
# Create Device took 0.17 seconds (max_rss 79.3 MiB, delta_rss +0.0 MiB)


Bounding box mode is Cube

Using static probabilities for choosing each move type
Probability of Uniform_move : 100.000000 
Probability of Median_move : 0.000000 
Probability of Centroid_move : 0.000000 
# Placement
## Initial Placement
Initial placement iteration 0 has finished successfully
## Initial Placement took 0.00 seconds (max_rss 79.3 MiB, delta_rss +0.0 MiB)

BB estimate of min-dist (placement) wire length: 17720

Completed placement consistency check successfully.
Initial placement cost: 1 bb_cost: 177.201 td_cost: nan
Placement contains 0 placement macros involving 0 blocks (average macro size -nan)

Moves per temperature: 676

---- ------ ------- ------- ---------- ---------- ------- ---------- -------- ------- ------- ------ -------- --------- ------
Tnum   Time       T Av Cost Av BB Cost Av TD Cost     CPD       sTNS     sWNS Ac Rate Std Dev  R lim Crit Exp Tot Moves  Alpha
      (sec)                                          (ns)       (ns)     (ns)                                                 
---- ------ ------- ------- ---------- ---------- ------- ---------- -------- ------- ------- ------ -------- --------- ------
   1    0.0 2.5e-01   1.027     181.99 nan            nan        nan      nan   1.000  0.0114   16.0     0.00       676  0.200
   2    0.0 2.0e-01   0.995     180.94 nan            nan        nan      nan   0.988  0.0158   16.0     0.00      1352  0.200
   3    0.0 1.6e-01   1.023     184.71 nan            nan        nan      nan   0.994  0.0190   16.0     0.00      2028  0.200
   4    0.0 1.3e-01   0.963     178.77 nan            nan        nan      nan   0.987  0.0194   16.0     0.00      2704  0.200
   5    0.0 1.0e-01   0.997     179.17 nan            nan        nan      nan   0.994  0.0174   16.0     0.00      3380  0.200
   6    0.0 8.2e-02   0.997     178.88 nan            nan        nan      nan   0.988  0.0148   16.0     0.00      4056  0.200
   7    0.0 6.6e-02   1.026     178.56 nan            nan        nan      nan   0.987  0.0199   16.0     0.00      4732  0.200
   8    0.0 5.2e-02   0.995     180.06 nan            nan        nan      nan   0.994  0.0119   16.0     0.00      5408  0.200
   9    0.0 4.2e-02   0.997     182.72 nan            nan        nan      nan   0.982  0.0135   16.0     0.00      6084  0.200
  10    0.0 3.4e-02   1.013     179.88 nan            nan        nan      nan   0.988  0.0217   16.0     0.00      6760  0.200
  11    0.0 2.7e-02   1.014     179.04 nan            nan        nan      nan   0.966  0.0144   16.0     0.00      7436  0.200
  12    0.0 2.1e-02   0.983     177.43 nan            nan        nan      nan   0.948  0.0105   16.0     0.00      8112  0.200
  13    0.0 1.7e-02   0.956     175.99 nan            nan        nan      nan   0.951  0.0199   16.0     0.00      8788  0.200
  14    0.0 1.4e-02   1.000     175.34 nan            nan        nan      nan   0.941  0.0200   16.0     0.00      9464  0.200
  15    0.0 1.1e-02   1.000     174.01 nan            nan        nan      nan   0.891  0.0130   16.0     0.00     10140  0.200
  16    0.0 0.0e+00   0.901     155.73 nan            nan        nan      nan   0.251  0.0523   16.0     0.00     10816  0.200
## Placement Quench took 0.00 seconds (max_rss 79.3 MiB)

BB estimate of min-dist (placement) wire length: 14210

Completed placement consistency check successfully.

Swaps called: 10816

Aborted Move Reasons:
  No moves aborted
Placement cost: 0.821709, bb_cost: 142.099, td_cost: nan, 

Placement resource usage:
  io  implemented as io : 74
  clb implemented as clb: 149

Placement number of temperatures: 16
Placement total # of swap attempts: 10816
	Swaps accepted: 10039 (92.8 %)
	Swaps rejected:   777 ( 7.2 %)
	Swaps aborted:     0 ( 0.0 %)


Placement perturbation distribution by block and move type: 
------------------ ----------------- ---------------- ---------------- --------------- ------------ 
    Block Type         Move Type       (%) of Total      Accepted(%)     Rejected(%)    Aborted(%)
------------------ ----------------- ---------------- ---------------- --------------- ------------ 
io                 Uniform                33.79            95.51           4.49           0.00         

clb                Uniform                66.21            91.44           8.56           0.00         


Placement Quench timing analysis took 0 seconds (0 STA, 0 slack) (0 full updates: 0 setup, 0 hold, 0 combined).
Placement Total  timing analysis took 0 seconds (0 STA, 0 slack) (0 full updates: 0 setup, 0 hold, 0 combined).
update_td_costs: connections 0 nets 0 sum_nets 0 total 0
# Placement took 0.04 seconds (max_rss 79.3 MiB, delta_rss +0.0 MiB)

Flow timing analysis took 0.00219346 seconds (0.00178828 STA, 0.000405182 slack) (1 full updates: 1 setup, 0 hold, 0 combined).
VPR succeeded
The entire flow of VPR took 1.34 seconds (max_rss 79.3 MiB)
	Command being timed: "/packages/apps/vtr/8.0.0-git/vpr/vpr k6_frac_N10_mem32K_40nm.xml sha --circuit_file sha.pre-vpr.blif --pack --place --place_algorithm bounding_box --RL_agent_placement off --seed 10 --init_t 0.25"
	User time (seconds): 1.26
	System time (seconds): 0.05
	Percent of CPU this job got: 96%
	Elapsed (wall clock) time (h:mm:ss or m:ss): 0:01.36
	Average shared text size (kbytes): 0
	Average unshared data size (kbytes): 0
	Average stack size (kbytes): 0
	Average total size (kbytes): 0
	Maximum resident set size (kbytes): 81200
	Average resident set size (kbytes): 0
	Major (requiring I/O) page faults: 0
	Minor (reclaiming a frame) page faults: 41319
	Voluntary context switches: 154
	Involuntary context switches: 40
	Swaps: 0
	File system inputs: 6624
	File system outputs: 7984
	Socket messages sent: 0
	Socket messages received: 0
	Signals delivered: 0
	Page size (bytes): 4096
	Exit status: 0
