/usr/bin/env time -v /packages/apps/vtr/8.0.0-git/vpr/vpr k6_frac_N10_mem32K_40nm.xml sha --circuit_file sha.pre-vpr.blif --place_algorithm bounding_box
VPR FPGA Placement and Routing.
Version: 8.1.0-dev+109c5adcc
Revision: v8.0.0-9695-g109c5adcc
Compiled: 2024-02-23T09:38:13
Compiler: GNU 11.2.0 on Linux-4.18.0-348.el8.0.2.x86_64 x86_64
Build Info: release IPO VTR_ASSERT_LEVEL=2

University of Toronto
verilogtorouting.org
vtr-users@googlegroups.com
This is free open source code under MIT license.

Warning 1: To use RLPlace for WLdriven placements, the reward function should be basic or nonPenalizing_basic.
you can specify the reward function using --place_reward_fun.
Setting the placement reward function to "basic"
VPR was run with the following command-line:
/packages/apps/vtr/8.0.0-git/vpr/vpr k6_frac_N10_mem32K_40nm.xml sha --circuit_file sha.pre-vpr.blif --place_algorithm bounding_box


Architecture file: k6_frac_N10_mem32K_40nm.xml
Circuit name: sha

# Loading Architecture Description
# Loading Architecture Description took 0.01 seconds (max_rss 15.5 MiB, delta_rss +2.7 MiB)

Timing analysis: ON
Circuit netlist file: sha.net
Circuit placement file: sha.place
Circuit routing file: sha.route
Circuit SDC file: sha.sdc
Vpr floorplanning constraints file: not specified

Packer: ENABLED
Placer: ENABLED
Router: ENABLED
Analysis: ENABLED

VPR was run with the following options:

NetlistOpts.abosrb_buffer_luts            : true
NetlistOpts.sweep_dangling_primary_ios    : true
NetlistOpts.sweep_dangling_nets           : true
NetlistOpts.sweep_dangling_blocks         : true
NetlistOpts.sweep_constant_primary_outputs: false
NetlistOpts.netlist_verbosity             : 1
NetlistOpts.const_gen_inference           : COMB_SEQ

PackerOpts.allow_unrelated_clustering: auto
PackerOpts.alpha_clustering: 0.750000
PackerOpts.beta_clustering: 0.900000
PackerOpts.cluster_seed_type: BLEND2
PackerOpts.connection_driven: true
PackerOpts.global_clocks: true
PackerOpts.hill_climbing_flag: false
PackerOpts.inter_cluster_net_delay: 1.000000
PackerOpts.timing_driven: true
PackerOpts.target_external_pin_util: auto

PlacerOpts.place_freq: PLACE_ONCE
PlacerOpts.place_algorithm: BOUNDING_BOX_PLACE
PlacerOpts.pad_loc_type: FREE
PlacerOpts.constraints_file: No constraints file given
PlacerOpts.place_cost_exp: 1.000000
PlacerOpts.place_chan_width: 100
PlacerOpts.rlim_escape_fraction: 0.000000
PlacerOpts.move_stats_file: 
PlacerOpts.placement_saves_per_temperature: 0
PlacerOpts.effort_scaling: CIRCUIT
PlacerOpts.place_delta_delay_matrix_calculation_method: ASTAR_ROUTE
PlaceOpts.seed: 1
AnnealSched.type: AUTO_SCHED
AnnealSched.inner_num: 0.500000

RouterOpts.route_type: DETAILED
RouterOpts.flat_routing: false
RouterOpts.has_choking_spot: false
RouterOpts.router_algorithm: TIMING_DRIVEN
RouterOpts.base_cost_type: DELAY_NORMALIZED_LENGTH
RouterOpts.fixed_channel_width: NO_FIXED_CHANNEL_WIDTH
RouterOpts.check_route: FULL
RouterOpts.acc_fac: 1.000000
RouterOpts.bb_factor: 3
RouterOpts.bend_cost: 0.000000
RouterOpts.first_iter_pres_fac: 0.000000
RouterOpts.initial_pres_fac: 0.500000
RouterOpts.pres_fac_mult: 1.300000
RouterOpts.max_router_iterations: 50
RouterOpts.min_incremental_reroute_fanout: 16
RouterOpts.do_check_rr_graph: true
RouterOpts.verify_binary_search: false
RouterOpts.min_channel_width_hint: 0
RouterOpts.read_rr_edge_metadata: false
RouterOpts.exit_after_first_routing_iteration: false
RouterOpts.astar_fac: 1.200000
RouterOpts.router_profiler_astar_fac: 1.200000
RouterOpts.criticality_exp: 1.000000
RouterOpts.max_criticality: 0.990000
RouterOpts.init_wirelength_abort_threshold: 0.850000
RouterOpts.save_routing_per_iteration: false
RouterOpts.congested_routing_iteration_threshold_frac: 1.000000
RouterOpts.high_fanout_threshold: 64
RouterOpts.router_debug_net: -2
RouterOpts.router_debug_sink_rr: -2
RouterOpts.router_debug_iteration: -2
RouterOpts.max_convergence_count: 1
RouterOpts.reconvergence_cpd_threshold: 0.990000
RouterOpts.update_lower_bound_delays: true
RouterOpts.first_iteration_timing_report_file: 
RouterOpts.incr_reroute_delay_ripup: AUTO
RouterOpts.route_bb_update: DYNAMIC
RouterOpts.lookahead_type: MAP
RouterOpts.initial_timing: LOOKAHEAD
RouterOpts.router_heap: BINARY_HEAP
RouterOpts.routing_failure_predictor = SAFE
RouterOpts.routing_budgets_algorithm = DISABLE

AnalysisOpts.gen_post_synthesis_netlist: false
AnalysisOpts.timing_report_npaths: 100
AnalysisOpts.timing_report_skew: false
AnalysisOpts.echo_dot_timing_graph_node: -1
AnalysisOpts.timing_report_detail: NETLIST
AnalysisOpts.post_synth_netlist_unconn_input_handling: UNCONNECTED
AnalysisOpts.post_synth_netlist_unconn_output_handling: UNCONNECTED

# Building complex block graph
Warning 2: io[0].clock[0] unconnected pin in architecture.
# Building complex block graph took 0.01 seconds (max_rss 22.2 MiB, delta_rss +6.7 MiB)
Circuit file: sha.pre-vpr.blif
# Load circuit
# Load circuit took 0.02 seconds (max_rss 27.4 MiB, delta_rss +5.1 MiB)
# Clean circuit
Absorbed 36 LUT buffers
Inferred    0 additional primitive pins as constant generators since they have no combinationally connected inputs
Inferred    0 additional primitive pins as constant generators due to constant inputs
Swept input(s)      : 0
Swept output(s)     : 0 (0 dangling, 0 constant)
Swept net(s)        : 0
Swept block(s)      : 0
Constant Pins Marked: 0
# Clean circuit took 0.00 seconds (max_rss 27.4 MiB, delta_rss +0.0 MiB)
# Compress circuit
# Compress circuit took 0.00 seconds (max_rss 27.7 MiB, delta_rss +0.3 MiB)
# Verify circuit
# Verify circuit took 0.00 seconds (max_rss 27.7 MiB, delta_rss +0.0 MiB)
Circuit Statistics:
  Blocks: 2606
    .input :      38
    .latch :     885
    .output:      36
    6-LUT  :    1647
  Nets  : 2570
    Avg Fanout:     3.9
    Max Fanout:   885.0
    Min Fanout:     1.0
  Netlist Clocks: 1
# Build Timing Graph
  Timing Graph Nodes: 12697
  Timing Graph Edges: 20218
  Timing Graph Levels: 46
# Build Timing Graph took 0.01 seconds (max_rss 29.6 MiB, delta_rss +1.9 MiB)
Netlist contains 1 clocks
  Netlist Clock 'clk_i' Fanout: 885 pins (7.0%), 885 blocks (34.0%)
# Load Timing Constraints

SDC file 'sha.sdc' not found
Setting default timing constraints:
   * constrain all primay inputs and primary outputs on netlist clock 'clk_i'
   * optimize netlist clock to run as fast as possible
Timing constraints created 1 clocks
  Constrained Clock 'clk_i' Source: 'clk_i.inpad[0]'

# Load Timing Constraints took 0.00 seconds (max_rss 29.6 MiB, delta_rss +0.0 MiB)
# Packing
Begin packing 'sha.pre-vpr.blif'.

After removing unused inputs...
	total blocks: 2606, total nets: 2570, total inputs: 38, total outputs: 36
Begin prepacking.
0 attraction groups were created during prepacking.
Finish prepacking.
Using inter-cluster delay: 1.33777e-09
Packing with pin utilization targets: io:1,1 clb:0.8,1 mult_36:1,1 memory:1,1
Packing with high fanout thresholds: io:128 clb:32 mult_36:128 memory:128
Starting Clustering - Clustering Progress: 
-------------------   --------------------------   ---------
Molecules processed   Number of clusters created   FPGA size
-------------------   --------------------------   ---------
    68/1724      3%                            6     5 x 5     
   136/1724      7%                           10     6 x 6     
   204/1724     11%                           15     7 x 7     
   272/1724     15%                           20     7 x 7     
   340/1724     19%                           25     9 x 9     
   408/1724     23%                           30     9 x 9     
   476/1724     27%                           36    10 x 10    
   544/1724     31%                           41    10 x 10    
   612/1724     35%                           47    10 x 10    
   680/1724     39%                           53    11 x 11    
   748/1724     43%                           60    11 x 11    
   816/1724     47%                           66    12 x 12    
   884/1724     51%                           73    13 x 13    
   952/1724     55%                           79    13 x 13    
  1020/1724     59%                           85    13 x 13    
  1088/1724     63%                           92    14 x 14    
  1156/1724     67%                           99    14 x 14    
  1224/1724     70%                          106    14 x 14    
  1292/1724     74%                          112    15 x 15    
  1360/1724     78%                          118    15 x 15    
  1428/1724     82%                          125    15 x 15    
  1496/1724     86%                          131    16 x 16    
  1564/1724     90%                          138    16 x 16    
  1632/1724     94%                          144    17 x 17    
  1700/1724     98%                          198    17 x 17    

Logic Element (fle) detailed count:
  Total number of Logic Elements used : 1458
  LEs used for logic and registers    : 879
  LEs used for logic only             : 579
  LEs used for registers only         : 0

Incr Slack updates 1 in 0.000130966 sec
Full Max Req/Worst Slack updates 1 in 1.584e-05 sec
Incr Max Req/Worst Slack updates 0 in 0 sec
Incr Criticality updates 0 in 0 sec
Full Criticality updates 1 in 0.000221205 sec
FPGA sized to 17 x 17 (auto)
Device Utilization: 0.55 (target 1.00)
	Block Utilization: 0.15 Type: io
	Block Utilization: 0.90 Type: clb

Start the iterative improvement process
the iterative improvement process is done
Final Clustering Statistics: 
----------   --------   ------------------------------------   --------------------------
Block Type   # Blocks   Avg. # of input clocks and pins used   Avg. # of output pins used
----------   --------   ------------------------------------   --------------------------
     EMPTY          0                                      0                            0   
        io         74                               0.486486                     0.513514   
       clb        149                                20.4228                      6.95302   
   mult_36          0                                      0                            0   
    memory          0                                      0                            0   
Absorbed logical nets 1496 out of 2570 nets, 1074 nets not absorbed.

Netlist conversion complete.

# Packing took 0.86 seconds (max_rss 42.2 MiB, delta_rss +12.5 MiB)
# Load packing
Begin loading packed FPGA netlist file.
Netlist generated from file 'sha.net'.
Detected 0 constant generators (to see names run with higher pack verbosity)
Finished loading packed FPGA netlist file (took 0.154596 seconds).
Warning 3: Treated 0 constant nets as global which will not be routed (to see net names increase packer verbosity).
# Load packing took 0.16 seconds (max_rss 79.6 MiB, delta_rss +37.4 MiB)
Warning 4: Netlist contains 0 global net to non-global architecture pin connections
Cluster level netlist and block usage statistics
Netlist num_nets: 1074
Netlist num_blocks: 223
Netlist EMPTY blocks: 0.
Netlist io blocks: 74.
Netlist clb blocks: 149.
Netlist mult_36 blocks: 0.
Netlist memory blocks: 0.
Netlist inputs pins: 38
Netlist output pins: 36

Pb types usage...
  io             : 74
   inpad         : 38
   outpad        : 36
  clb            : 149
   fle           : 1458
    lut5inter    : 533
     ble5        : 725
      lut5       : 722
       lut       : 722
      ff         : 176
    ble6         : 925
     lut6        : 925
      lut        : 925
     ff          : 709

# Create Device
## Build Device Grid
FPGA sized to 17 x 17: 289 grid tiles (auto)

Resource usage...
	Netlist
		74	blocks of type: io
	Architecture
		480	blocks of type: io
	Netlist
		149	blocks of type: clb
	Architecture
		165	blocks of type: clb
	Netlist
		0	blocks of type: mult_36
	Architecture
		6	blocks of type: mult_36
	Netlist
		0	blocks of type: memory
	Architecture
		4	blocks of type: memory

Device Utilization: 0.55 (target 1.00)
	Physical Tile io:
	Block Utilization: 0.15 Logical Block: io
	Physical Tile clb:
	Block Utilization: 0.90 Logical Block: clb
	Physical Tile mult_36:
	Block Utilization: 0.00 Logical Block: mult_36
	Physical Tile memory:
	Block Utilization: 0.00 Logical Block: memory

FPGA size limited by block type(s): clb

## Build Device Grid took 0.00 seconds (max_rss 79.6 MiB, delta_rss +0.0 MiB)
## Build routing resource graph
SOURCE->OPIN and IPIN->SINK edge count:13013
OPIN->CHANX/CHANY edge count before creating direct connections: 44680
OPIN->CHANX/CHANY edge count after creating direct connections: 44680
CHAN->CHAN type edge count:209845
## Build routing resource graph took 0.16 seconds (max_rss 79.6 MiB, delta_rss +0.0 MiB)
  RR Graph Nodes: 33991
  RR Graph Edges: 267538
# Create Device took 0.17 seconds (max_rss 79.6 MiB, delta_rss +0.0 MiB)


Bounding box mode is Cube

Using simple RL 'Softmax agent' for choosing move and block types
# Placement
## Initial Placement
Initial placement iteration 0 has finished successfully
## Initial Placement took 0.00 seconds (max_rss 79.6 MiB, delta_rss +0.0 MiB)

BB estimate of min-dist (placement) wire length: 17399

Completed placement consistency check successfully.
Initial placement cost: 1 bb_cost: 173.987 td_cost: nan
Placement contains 0 placement macros involving 0 blocks (average macro size -nan)

Moves per temperature: 676
Warning 5: Starting t: 101 of 223 configurations accepted.

---- ------ ------- ------- ---------- ---------- ------- ---------- -------- ------- ------- ------ -------- --------- ------
Tnum   Time       T Av Cost Av BB Cost Av TD Cost     CPD       sTNS     sWNS Ac Rate Std Dev  R lim Crit Exp Tot Moves  Alpha
      (sec)                                          (ns)       (ns)     (ns)                                                 
---- ------ ------- ------- ---------- ---------- ------- ---------- -------- ------- ------- ------ -------- --------- ------
   1    0.0 4.9e-04   0.917     142.01 nan            nan        nan      nan   0.525  0.0333   16.0     0.00       676  0.200
   2    0.0 4.7e-04   0.973     133.58 nan            nan        nan      nan   0.568  0.0138   16.0     0.00      1352  0.950
   3    0.0 4.4e-04   0.994     128.84 nan            nan        nan      nan   0.561  0.0055   16.0     0.00      2028  0.950
   4    0.0 4.2e-04   0.989     126.87 nan            nan        nan      nan   0.575  0.0047   16.0     0.00      2704  0.950
   5    0.0 4.0e-04   0.992     124.28 nan            nan        nan      nan   0.574  0.0036   16.0     0.00      3380  0.950
   6    0.0 3.8e-04   0.995     122.83 nan            nan        nan      nan   0.537  0.0032   16.0     0.00      4056  0.950
   7    0.0 3.6e-04   0.995     121.61 nan            nan        nan      nan   0.515  0.0043   16.0     0.00      4732  0.950
   8    0.0 3.4e-04   1.000     121.02 nan            nan        nan      nan   0.536  0.0012   16.0     0.00      5408  0.950
   9    0.0 3.3e-04   0.995     120.49 nan            nan        nan      nan   0.491  0.0038   16.0     0.00      6084  0.950
  10    0.0 3.1e-04   0.994     119.42 nan            nan        nan      nan   0.473  0.0036   16.0     0.00      6760  0.950
  11    0.0 2.9e-04   0.998     118.86 nan            nan        nan      nan   0.488  0.0023   16.0     0.00      7436  0.950
  12    0.0 2.8e-04   1.000     118.54 nan            nan        nan      nan   0.448  0.0009   16.0     0.00      8112  0.950
  13    0.0 2.6e-04   0.992     117.42 nan            nan        nan      nan   0.442  0.0046   16.0     0.00      8788  0.950
  14    0.0 2.5e-04   0.997     116.74 nan            nan        nan      nan   0.462  0.0035   16.0     0.00      9464  0.950
  15    0.0 2.4e-04   0.999     116.15 nan            nan        nan      nan   0.373  0.0015   16.0     0.00     10140  0.950
  16    0.0 2.3e-04   0.999     116.35 nan            nan        nan      nan   0.451  0.0007   14.9     0.00     10816  0.950
  17    0.0 2.2e-04   0.999     116.11 nan            nan        nan      nan   0.441  0.0010   15.1     0.00     11492  0.950
  18    0.0 2.0e-04   0.997     115.59 nan            nan        nan      nan   0.407  0.0010   15.1     0.00     12168  0.950
  19    0.0 1.9e-04   1.002     115.75 nan            nan        nan      nan   0.388  0.0010   14.6     0.00     12844  0.950
  20    0.0 1.8e-04   0.997     115.69 nan            nan        nan      nan   0.392  0.0023   13.8     0.00     13520  0.950
  21    0.0 1.8e-04   0.999     115.32 nan            nan        nan      nan   0.359  0.0006   13.2     0.00     14196  0.950
  22    0.0 1.7e-04   0.998     115.03 nan            nan        nan      nan   0.380  0.0018   12.1     0.00     14872  0.950
  23    0.0 1.6e-04   0.999     114.49 nan            nan        nan      nan   0.359  0.0006   11.4     0.00     15548  0.950
  24    0.0 1.5e-04   0.996     113.99 nan            nan        nan      nan   0.330  0.0024   10.5     0.00     16224  0.950
  25    0.0 1.4e-04   0.998     113.56 nan            nan        nan      nan   0.385  0.0013    9.3     0.00     16900  0.950
  26    0.0 1.4e-04   0.998     113.02 nan            nan        nan      nan   0.351  0.0019    8.8     0.00     17576  0.950
  27    0.0 1.3e-04   1.000     112.92 nan            nan        nan      nan   0.303  0.0005    8.0     0.00     18252  0.950
  28    0.0 1.2e-04   0.999     112.77 nan            nan        nan      nan   0.314  0.0009    6.9     0.00     18928  0.950
  29    0.0 1.2e-04   1.001     112.60 nan            nan        nan      nan   0.333  0.0003    6.0     0.00     19604  0.950
  30    0.0 1.1e-04   0.997     112.31 nan            nan        nan      nan   0.302  0.0014    5.4     0.00     20280  0.950
  31    0.0 1.1e-04   1.000     112.18 nan            nan        nan      nan   0.333  0.0004    4.7     0.00     20956  0.950
  32    0.0 1.0e-04   0.999     112.10 nan            nan        nan      nan   0.345  0.0008    4.2     0.00     21632  0.950
  33    0.0 9.5e-05   0.999     111.91 nan            nan        nan      nan   0.320  0.0003    3.8     0.00     22308  0.950
  34    0.0 9.0e-05   0.999     111.84 nan            nan        nan      nan   0.340  0.0008    3.3     0.00     22984  0.950
  35    0.0 8.6e-05   0.998     111.56 nan            nan        nan      nan   0.321  0.0018    3.0     0.00     23660  0.950
  36    0.0 8.1e-05   0.999     111.20 nan            nan        nan      nan   0.314  0.0004    2.6     0.00     24336  0.950
  37    0.0 7.7e-05   0.999     111.19 nan            nan        nan      nan   0.433  0.0007    2.3     0.00     25012  0.950
  38    0.0 7.3e-05   1.000     111.12 nan            nan        nan      nan   0.373  0.0003    2.3     0.00     25688  0.950
  39    0.0 7.0e-05   0.998     110.76 nan            nan        nan      nan   0.376  0.0016    2.1     0.00     26364  0.950
  40    0.0 6.6e-05   0.998     110.40 nan            nan        nan      nan   0.349  0.0009    2.0     0.00     27040  0.950
  41    0.0 6.3e-05   0.999     110.23 nan            nan        nan      nan   0.320  0.0006    1.8     0.00     27716  0.950
  42    0.0 6.0e-05   0.994     109.51 nan            nan        nan      nan   0.327  0.0038    1.6     0.00     28392  0.950
  43    0.0 5.7e-05   0.997     108.73 nan            nan        nan      nan   0.331  0.0021    1.4     0.00     29068  0.950
  44    0.0 5.4e-05   0.996     107.82 nan            nan        nan      nan   0.331  0.0036    1.3     0.00     29744  0.950
  45    0.0 5.1e-05   0.997     106.78 nan            nan        nan      nan   0.297  0.0016    1.1     0.00     30420  0.950
  46    0.0 4.9e-05   0.996     106.06 nan            nan        nan      nan   0.290  0.0032    1.0     0.00     31096  0.950
  47    0.0 4.6e-05   0.992     104.77 nan            nan        nan      nan   0.291  0.0064    1.0     0.00     31772  0.950
  48    0.0 4.4e-05   0.997     103.32 nan            nan        nan      nan   0.259  0.0017    1.0     0.00     32448  0.950
  49    0.0 4.2e-05   0.994     102.30 nan            nan        nan      nan   0.243  0.0043    1.0     0.00     33124  0.950
  50    0.0 4.0e-05   0.998     101.35 nan            nan        nan      nan   0.219  0.0021    1.0     0.00     33800  0.950
  51    0.0 3.8e-05   0.998     100.82 nan            nan        nan      nan   0.231  0.0020    1.0     0.00     34476  0.950
  52    0.0 3.6e-05   0.998     100.04 nan            nan        nan      nan   0.210  0.0006    1.0     0.00     35152  0.950
  53    0.0 3.4e-05   0.999      99.82 nan            nan        nan      nan   0.204  0.0008    1.0     0.00     35828  0.950
  54    0.0 3.2e-05   1.000      99.64 nan            nan        nan      nan   0.188  0.0004    1.0     0.00     36504  0.950
  55    0.0 3.1e-05   0.998      99.27 nan            nan        nan      nan   0.185  0.0013    1.0     0.00     37180  0.950
  56    0.0 2.9e-05   0.999      99.00 nan            nan        nan      nan   0.183  0.0010    1.0     0.00     37856  0.950
  57    0.0 2.8e-05   0.997      98.54 nan            nan        nan      nan   0.249  0.0015    1.0     0.00     38532  0.950
  58    0.0 2.6e-05   0.994      97.78 nan            nan        nan      nan   0.204  0.0011    1.0     0.00     39208  0.950
  59    0.0 2.5e-05   0.998      97.51 nan            nan        nan      nan   0.170  0.0008    1.0     0.00     39884  0.950
  60    0.0 2.4e-05   0.998      97.19 nan            nan        nan      nan   0.198  0.0013    1.0     0.00     40560  0.950
  61    0.0 2.3e-05   0.999      96.99 nan            nan        nan      nan   0.151  0.0007    1.0     0.00     41236  0.950
  62    0.0 2.1e-05   0.998      96.68 nan            nan        nan      nan   0.146  0.0014    1.0     0.00     41912  0.950
  63    0.0 1.7e-05   0.998      96.31 nan            nan        nan      nan   0.157  0.0012    1.0     0.00     42588  0.800
  64    0.0 1.6e-05   0.999      96.09 nan            nan        nan      nan   0.149  0.0004    1.0     0.00     43264  0.950
  65    0.0 1.3e-05   0.999      95.92 nan            nan        nan      nan   0.176  0.0011    1.0     0.00     43940  0.800
  66    0.0 1.2e-05   0.999      95.63 nan            nan        nan      nan   0.157  0.0010    1.0     0.00     44616  0.950
  67    0.0 1.2e-05   0.998      95.28 nan            nan        nan      nan   0.148  0.0010    1.0     0.00     45292  0.950
  68    0.0 9.4e-06   0.999      95.06 nan            nan        nan      nan   0.151  0.0007    1.0     0.00     45968  0.800
  69    0.0 8.9e-06   1.000      94.95 nan            nan        nan      nan   0.146  0.0001    1.0     0.00     46644  0.950
  70    0.0 7.2e-06   1.000      94.95 nan            nan        nan      nan   0.151  0.0000    1.0     0.00     47320  0.800
  71    0.0 6.8e-06   1.000      94.91 nan            nan        nan      nan   0.107  0.0003    1.0     0.00     47996  0.950
  72    0.0 5.4e-06   1.000      94.85 nan            nan        nan      nan   0.148  0.0007    1.0     0.00     48672  0.800
  73    0.0 0.0e+00   1.000      94.72 nan            nan        nan      nan   0.146  0.0000    1.0     0.00     49348  0.800
## Placement Quench took 0.00 seconds (max_rss 79.6 MiB)

BB estimate of min-dist (placement) wire length: 9472

Completed placement consistency check successfully.

Swaps called: 49571

Aborted Move Reasons:
  No moves aborted
Placement cost: 0.999683, bb_cost: 94.7213, td_cost: nan, 

Placement resource usage:
  io  implemented as io : 74
  clb implemented as clb: 149

Placement number of temperatures: 73
Placement total # of swap attempts: 49571
	Swaps accepted: 15939 (32.2 %)
	Swaps rejected: 30220 (61.0 %)
	Swaps aborted:  3412 ( 6.9 %)


Placement perturbation distribution by block and move type: 
------------------ ----------------- ---------------- ---------------- --------------- ------------ 
    Block Type         Move Type       (%) of Total      Accepted(%)     Rejected(%)    Aborted(%)
------------------ ----------------- ---------------- ---------------- --------------- ------------ 
io                 Uniform                27.63            35.34           64.66          0.00         
                   Median                 29.84            32.71           53.44          13.84        
                   Centroid               29.84            37.64           54.41          7.95         

clb                Uniform                0.71             13.35           86.65          0.00         
                   Median                 9.29             10.88           85.03          4.08         
                   Centroid               2.69             10.79           89.21          0.00         


Placement Quench timing analysis took 0 seconds (0 STA, 0 slack) (0 full updates: 0 setup, 0 hold, 0 combined).
Placement Total  timing analysis took 0 seconds (0 STA, 0 slack) (0 full updates: 0 setup, 0 hold, 0 combined).
update_td_costs: connections 0 nets 0 sum_nets 0 total 0
# Placement took 0.08 seconds (max_rss 79.6 MiB, delta_rss +0.0 MiB)

# Routing
Initializing minimum channel width search based on maximum CLB pins

Attempting to route at 62 channels (binary search bounds: [-1, -1])
## Build routing resource graph
SOURCE->OPIN and IPIN->SINK edge count:13013
OPIN->CHANX/CHANY edge count before creating direct connections: 27608
OPIN->CHANX/CHANY edge count after creating direct connections: 27608
CHAN->CHAN type edge count:130448
## Build routing resource graph took 0.10 seconds (max_rss 79.6 MiB, delta_rss +0.0 MiB)
  RR Graph Nodes: 28519
  RR Graph Edges: 171069
## Computing router lookahead map
### Computing wire lookahead
### Computing wire lookahead took 0.27 seconds (max_rss 79.6 MiB, delta_rss +0.0 MiB)
### Computing src/opin lookahead
Warning 6: Found no sample locations for EMPTY
Warning 7: Found no more sample locations for SOURCE in io
Warning 8: Found no more sample locations for OPIN in io
Warning 9: Found no more sample locations for SOURCE in clb
Warning 10: Found no more sample locations for OPIN in clb
Warning 11: Found no more sample locations for SOURCE in mult_36
Warning 12: Found no more sample locations for OPIN in mult_36
Warning 13: Found no more sample locations for SOURCE in memory
Warning 14: Found no more sample locations for OPIN in memory
### Computing src/opin lookahead took 0.00 seconds (max_rss 79.6 MiB, delta_rss +0.0 MiB)
## Computing router lookahead map took 0.28 seconds (max_rss 79.6 MiB, delta_rss +0.0 MiB)
## Initializing router criticalities
Initial Net Connection Criticality Histogram:
[        0:      0.1)  963 ( 31.3%) |*******************************************
[      0.1:      0.2) 1034 ( 33.6%) |**********************************************
[      0.2:      0.3)  178 (  5.8%) |********
[      0.3:      0.4)  103 (  3.3%) |*****
[      0.4:      0.5)   89 (  2.9%) |****
[      0.5:      0.6)  134 (  4.4%) |******
[      0.6:      0.7)  118 (  3.8%) |*****
[      0.7:      0.8)   61 (  2.0%) |***
[      0.8:      0.9)  122 (  4.0%) |*****
[      0.9:        1)  277 (  9.0%) |************
## Initializing router criticalities took 0.04 seconds (max_rss 79.6 MiB, delta_rss +0.0 MiB)
---- ------ ------- ---- ------- ------- ------- ----------------- --------------- -------- ---------- ---------- ---------- ---------- --------
Iter   Time    pres  BBs    Heap  Re-Rtd  Re-Rtd Overused RR Nodes      Wirelength      CPD       sTNS       sWNS       hTNS       hWNS Est Succ
      (sec)     fac Updt    push    Nets   Conns                                       (ns)       (ns)       (ns)       (ns)       (ns)     Iter
---- ------ ------- ---- ------- ------- ------- ----------------- --------------- -------- ---------- ---------- ---------- ---------- --------
   1    0.0     0.0    0   79205    1073    2932    1329 ( 4.660%)   12501 (42.0%)   14.669     -2743.    -14.669      0.000      0.000      N/A
   2    0.0     0.5    3   72972     757    2502     521 ( 1.827%)   12575 (42.3%)   14.669     -2712.    -14.669      0.000      0.000      N/A
   3    0.0     0.6    2   46773     519    1514     438 ( 1.536%)   12633 (42.4%)   14.669     -2737.    -14.669      0.000      0.000      N/A
   4    0.0     0.8    3   42752     439    1319     370 ( 1.297%)   12793 (43.0%)   14.671     -2791.    -14.671      0.000      0.000      N/A
   5    0.0     1.1    1   40904     381    1263     248 ( 0.870%)   12842 (43.2%)   14.696     -2775.    -14.696      0.000      0.000      N/A
   6    0.0     1.4    2   34053     286     972     192 ( 0.673%)   12988 (43.6%)   14.696     -2778.    -14.696      0.000      0.000      N/A
   7    0.0     1.9    0   25084     219     699     128 ( 0.449%)   13097 (44.0%)   14.696     -2782.    -14.696      0.000      0.000      N/A
   8    0.0     2.4    1   16440     160     434      72 ( 0.252%)   13206 (44.4%)   14.696     -2782.    -14.696      0.000      0.000      N/A
   9    0.0     3.1    1   11723     115     323      49 ( 0.172%)   13306 (44.7%)   14.696     -2783.    -14.696      0.000      0.000      N/A
  10    0.0     4.1    0    7076      78     203      25 ( 0.088%)   13386 (45.0%)   14.696     -2783.    -14.696      0.000      0.000       18
  11    0.0     5.3    2    4920      59     144      17 ( 0.060%)   13423 (45.1%)   14.696     -2784.    -14.696      0.000      0.000       17
  12    0.0     6.9    0    5145      49     122       8 ( 0.028%)   13490 (45.3%)   14.696     -2788.    -14.696      0.000      0.000       17
  13    0.0     9.0    3    3365      39     102       5 ( 0.018%)   13494 (45.3%)   14.696     -2788.    -14.696      0.000      0.000       16
  14    0.0    11.6    0    2898      35      92       3 ( 0.011%)   13510 (45.4%)   14.696     -2788.    -14.696      0.000      0.000       16
  15    0.0    15.1    1    2542      32      84       1 ( 0.004%)   13532 (45.5%)   14.696     -2788.    -14.696      0.000      0.000       16
  16    0.0    19.7    0    2880      30      81       0 ( 0.000%)   13546 (45.5%)   14.696     -2788.    -14.696      0.000      0.000       16
Restoring best routing
Critical path: 14.6958 ns
Successfully routed after 16 routing iterations.
Final Net Connection Criticality Histogram:
[        0:      0.1)  817 ( 26.5%) |***********************************
[      0.1:      0.2) 1078 ( 35.0%) |**********************************************
[      0.2:      0.3)  266 (  8.6%) |***********
[      0.3:      0.4)  104 (  3.4%) |****
[      0.4:      0.5)   93 (  3.0%) |****
[      0.5:      0.6)  122 (  4.0%) |*****
[      0.6:      0.7)  129 (  4.2%) |******
[      0.7:      0.8)   66 (  2.1%) |***
[      0.8:      0.9)  106 (  3.4%) |*****
[      0.9:        1)  298 (  9.7%) |*************
Router Stats: total_nets_routed: 4271 total_connections_routed: 12786 total_heap_pushes: 398732 total_heap_pops: 72293 

Attempting to route at 32 channels (binary search bounds: [-1, 62])
## Build routing resource graph
SOURCE->OPIN and IPIN->SINK edge count:13013
OPIN->CHANX/CHANY edge count before creating direct connections: 14684
OPIN->CHANX/CHANY edge count after creating direct connections: 14684
CHAN->CHAN type edge count:67948
## Build routing resource graph took 0.05 seconds (max_rss 79.6 MiB, delta_rss +0.0 MiB)
  RR Graph Nodes: 24199
  RR Graph Edges: 95645
## Computing router lookahead map
### Computing wire lookahead
### Computing wire lookahead took 0.17 seconds (max_rss 79.6 MiB, delta_rss +0.0 MiB)
### Computing src/opin lookahead
Warning 15: Found no sample locations for EMPTY
Warning 16: Found no more sample locations for SOURCE in io
Warning 17: Found no more sample locations for OPIN in io
Warning 18: Found no more sample locations for SOURCE in clb
Warning 19: Found no more sample locations for OPIN in clb
Warning 20: Found no more sample locations for SOURCE in mult_36
Warning 21: Found no more sample locations for OPIN in mult_36
Warning 22: Found no more sample locations for SOURCE in memory
Warning 23: Found no more sample locations for OPIN in memory
### Computing src/opin lookahead took 0.00 seconds (max_rss 79.6 MiB, delta_rss +0.0 MiB)
## Computing router lookahead map took 0.18 seconds (max_rss 79.6 MiB, delta_rss +0.0 MiB)
## Initializing router criticalities
Initial Net Connection Criticality Histogram:
[        0:      0.1)  962 ( 31.2%) |*******************************************
[      0.1:      0.2) 1035 ( 33.6%) |**********************************************
[      0.2:      0.3)  177 (  5.7%) |********
[      0.3:      0.4)  104 (  3.4%) |*****
[      0.4:      0.5)   88 (  2.9%) |****
[      0.5:      0.6)  134 (  4.4%) |******
[      0.6:      0.7)  119 (  3.9%) |*****
[      0.7:      0.8)   61 (  2.0%) |***
[      0.8:      0.9)  120 (  3.9%) |*****
[      0.9:        1)  279 (  9.1%) |************
## Initializing router criticalities took 0.00 seconds (max_rss 79.6 MiB, delta_rss +0.0 MiB)
---- ------ ------- ---- ------- ------- ------- ----------------- --------------- -------- ---------- ---------- ---------- ---------- --------
Iter   Time    pres  BBs    Heap  Re-Rtd  Re-Rtd Overused RR Nodes      Wirelength      CPD       sTNS       sWNS       hTNS       hWNS Est Succ
      (sec)     fac Updt    push    Nets   Conns                                       (ns)       (ns)       (ns)       (ns)       (ns)     Iter
---- ------ ------- ---- ------- ------- ------- ----------------- --------------- -------- ---------- ---------- ---------- ---------- --------
   1    0.0     0.0    0   83279    1073    2932    1667 ( 6.889%)   12945 (84.3%)   14.985     -2756.    -14.985      0.000      0.000      N/A
   2    0.0     0.5    8   85732     945    2740    1134 ( 4.686%)   13027 (84.8%)   14.915     -2815.    -14.915      0.000      0.000      N/A
   3    0.0     0.6    6   94669     855    2502    1135 ( 4.690%)   13779 (89.7%)   14.911     -2960.    -14.911      0.000      0.000      N/A
   4    0.0     0.8    8  122180     793    2533    1117 ( 4.616%)   14103 (91.8%)   14.922     -2976.    -14.922      0.000      0.000      N/A
   5    0.0     1.1   15  169028     765    2417     996 ( 4.116%)   14626 (95.2%)   14.923     -3052.    -14.923      0.000      0.000      N/A
   6    0.0     1.4   13  217524     735    2355     945 ( 3.905%)   14797 (96.3%)   14.919     -3255.    -14.919      0.000      0.000      N/A
   7    0.0     1.9   11  288074     705    2214     878 ( 3.628%)   15084 (98.2%)   14.964     -3119.    -14.964      0.000      0.000      N/A
   8    0.0     2.4   18  343410     701    2218     879 ( 3.632%)   15466 (100.7%)   14.949     -3151.    -14.949      0.000      0.000      N/A
   9    0.1     3.1   26  418126     679    2187     849 ( 3.508%)   15756 (102.6%)   14.974     -3541.    -14.974      0.000      0.000      N/A
  10    0.1     4.1   13  620761     696    2281     848 ( 3.504%)   15963 (103.9%)   14.950     -3320.    -14.950      0.000      0.000      181
Routing aborted, the predicted iteration for a successful route (180.9) is too high.
Routing failed.

Failed routing attempt
Total number of overused nodes: 848
Total number of overused nodes is larger than the logging limit (20).
Displaying the first 20 entries.
Routing Failure Diagnostics: Printing Overused Nodes Information
------ ------- ---------- --------- -------- ------------ ------- ------- ------- ------- ------- ------- -------
   No.  NodeId  Occupancy  Capacity  RR Node    Direction    Side     PTC   Block    Xlow    Ylow   Xhigh   Yhigh
                                        type                          NUM    Name                                 
------ ------- ---------- --------- -------- ------------ ------- ------- ------- ------- ------- ------- -------
     0     886          2         1     IPIN          N/A   RIGHT      13     clb       1       2       1       2
     1     964          2         1     IPIN          N/A     TOP       8     clb       1       3       1       3
     2    1214          2         1     IPIN          N/A   RIGHT       9     clb       1       6       1       6
     3    1382          2         1     IPIN          N/A    LEFT      11     clb       1       8       1       8
     4    1385          2         1     IPIN          N/A  BOTTOM      14     clb       1       8       1       8
     5    1459          2         1     IPIN          N/A   RIGHT       5     clb       1       9       1       9
     6    1479          2         1     IPIN          N/A   RIGHT      25     clb       1       9       1       9
     7    1627          2         1     IPIN          N/A    LEFT       7     clb       1      11       1      11
     8    1632          2         1     IPIN          N/A     TOP      12     clb       1      11       1      11
     9    1633          2         1     IPIN          N/A   RIGHT      13     clb       1      11       1      11
    10    1713          2         1     IPIN          N/A  BOTTOM      10     clb       1      12       1      12
    11    1718          2         1     IPIN          N/A    LEFT      15     clb       1      12       1      12
    12    2874          2         1     IPIN          N/A    LEFT       3     clb       3       1       3       1
    13    2883          2         1     IPIN          N/A     TOP      12     clb       3       1       3       1
    14    2910          2         1     IPIN          N/A    LEFT      39     clb       3       1       3       1
    15    2961          2         1     IPIN          N/A    LEFT       7     clb       3       2       3       2
    16    3039          2         1     IPIN          N/A  BOTTOM       2     clb       3       3       3       3
    17    3044          2         1     IPIN          N/A    LEFT       7     clb       3       3       3       3
    18    3071          2         1     IPIN          N/A  BOTTOM      34     clb       3       3       3       3
    19    3134          2         1     IPIN          N/A  BOTTOM      14     clb       3       4       3       4

Final Net Connection Criticality Histogram:
[        0:      0.1) 675 ( 21.9%) |*************************************
[      0.1:      0.2) 853 ( 27.7%) |***********************************************
[      0.2:      0.3) 596 ( 19.4%) |*********************************
[      0.3:      0.4) 133 (  4.3%) |*******
[      0.4:      0.5)  85 (  2.8%) |*****
[      0.5:      0.6) 119 (  3.9%) |*******
[      0.6:      0.7) 135 (  4.4%) |*******
[      0.7:      0.8)  76 (  2.5%) |****
[      0.8:      0.9)  91 (  3.0%) |*****
[      0.9:        1) 316 ( 10.3%) |*****************
Router Stats: total_nets_routed: 7947 total_connections_routed: 24379 total_heap_pushes: 2442783 total_heap_pops: 545512 

Attempting to route at 48 channels (binary search bounds: [32, 62])
## Build routing resource graph
SOURCE->OPIN and IPIN->SINK edge count:13013
OPIN->CHANX/CHANY edge count before creating direct connections: 22028
OPIN->CHANX/CHANY edge count after creating direct connections: 22028
CHAN->CHAN type edge count:101212
## Build routing resource graph took 0.07 seconds (max_rss 79.6 MiB, delta_rss +0.0 MiB)
  RR Graph Nodes: 26503
  RR Graph Edges: 136253
## Computing router lookahead map
### Computing wire lookahead
### Computing wire lookahead took 0.22 seconds (max_rss 79.6 MiB, delta_rss +0.0 MiB)
### Computing src/opin lookahead
Warning 24: Found no sample locations for EMPTY
Warning 25: Found no more sample locations for SOURCE in io
Warning 26: Found no more sample locations for OPIN in io
Warning 27: Found no more sample locations for SOURCE in clb
Warning 28: Found no more sample locations for OPIN in clb
Warning 29: Found no more sample locations for SOURCE in mult_36
Warning 30: Found no more sample locations for OPIN in mult_36
Warning 31: Found no more sample locations for SOURCE in memory
Warning 32: Found no more sample locations for OPIN in memory
### Computing src/opin lookahead took 0.00 seconds (max_rss 79.6 MiB, delta_rss +0.0 MiB)
## Computing router lookahead map took 0.22 seconds (max_rss 79.6 MiB, delta_rss +0.0 MiB)
## Initializing router criticalities
Initial Net Connection Criticality Histogram:
[        0:      0.1)  963 ( 31.3%) |*******************************************
[      0.1:      0.2) 1034 ( 33.6%) |**********************************************
[      0.2:      0.3)  178 (  5.8%) |********
[      0.3:      0.4)  103 (  3.3%) |*****
[      0.4:      0.5)   89 (  2.9%) |****
[      0.5:      0.6)  133 (  4.3%) |******
[      0.6:      0.7)  119 (  3.9%) |*****
[      0.7:      0.8)   61 (  2.0%) |***
[      0.8:      0.9)  120 (  3.9%) |*****
[      0.9:        1)  279 (  9.1%) |************
## Initializing router criticalities took 0.00 seconds (max_rss 79.6 MiB, delta_rss +0.0 MiB)
---- ------ ------- ---- ------- ------- ------- ----------------- --------------- -------- ---------- ---------- ---------- ---------- --------
Iter   Time    pres  BBs    Heap  Re-Rtd  Re-Rtd Overused RR Nodes      Wirelength      CPD       sTNS       sWNS       hTNS       hWNS Est Succ
      (sec)     fac Updt    push    Nets   Conns                                       (ns)       (ns)       (ns)       (ns)       (ns)     Iter
---- ------ ------- ---- ------- ------- ------- ----------------- --------------- -------- ---------- ---------- ---------- ---------- --------
   1    0.0     0.0    0   78782    1073    2932    1427 ( 5.384%)   12509 (54.3%)   14.846     -2721.    -14.846      0.000      0.000      N/A
   2    0.0     0.5    7   77050     850    2623     776 ( 2.928%)   12708 (55.2%)   14.720     -2770.    -14.720      0.000      0.000      N/A
   3    0.0     0.6    6   63817     656    2009     692 ( 2.611%)   12816 (55.6%)   14.715     -2785.    -14.715      0.000      0.000      N/A
   4    0.0     0.8    2   65600     601    1936     632 ( 2.385%)   13088 (56.8%)   14.716     -2813.    -14.716      0.000      0.000      N/A
   5    0.0     1.1    4   63539     523    1689     463 ( 1.747%)   13316 (57.8%)   14.726     -2894.    -14.726      0.000      0.000      N/A
   6    0.0     1.4    4   53716     409    1299     334 ( 1.260%)   13620 (59.1%)   14.720     -2927.    -14.720      0.000      0.000      N/A
   7    0.0     1.9    9   47200     337    1088     253 ( 0.955%)   13775 (59.8%)   14.721     -2903.    -14.721      0.000      0.000      N/A
   8    0.0     2.4    4   42038     256     879     180 ( 0.679%)   14048 (61.0%)   14.721     -2960.    -14.721      0.000      0.000      N/A
   9    0.0     3.1    5   36625     207     639     143 ( 0.540%)   14428 (62.6%)   14.727     -3004.    -14.727      0.000      0.000      N/A
  10    0.0     4.1    4   39675     167     622      90 ( 0.340%)   14679 (63.7%)   14.727     -3080.    -14.727      0.000      0.000       26
  11    0.0     5.3    1   29414     102     296      55 ( 0.208%)   14941 (64.8%)   14.727     -3117.    -14.727      0.000      0.000       24
  12    0.0     6.9    1   13897      66     177      37 ( 0.140%)   14981 (65.0%)   14.727     -3152.    -14.727      0.000      0.000       23
  13    0.0     9.0    3   10280      54     128      24 ( 0.091%)   15074 (65.4%)   14.727     -3110.    -14.727      0.000      0.000       21
  14    0.0    11.6    2   13763      32      91      17 ( 0.064%)   15301 (66.4%)   14.727     -3116.    -14.727      0.000      0.000       21
  15    0.0    15.1    0    7820      24      51       9 ( 0.034%)   15373 (66.7%)   14.727     -3116.    -14.727      0.000      0.000       21
  16    0.0    19.7    1    5606      15      31       6 ( 0.023%)   15413 (66.9%)   14.727     -3120.    -14.727      0.000      0.000       20
  17    0.0    25.6    1    5917       9      21       4 ( 0.015%)   15448 (67.0%)   14.727     -3117.    -14.727      0.000      0.000       20
  18    0.0    33.3    0    1864       7      20       3 ( 0.011%)   15480 (67.2%)   14.727     -3117.    -14.727      0.000      0.000       20
  19    0.0    43.3    1     956       5      13       2 ( 0.008%)   15500 (67.3%)   14.727     -3131.    -14.727      0.000      0.000       20
  20    0.0    56.2    0     857       4       7       0 ( 0.000%)   15528 (67.4%)   14.727     -3131.    -14.727      0.000      0.000       20
Restoring best routing
Critical path: 14.727 ns
Successfully routed after 20 routing iterations.
Final Net Connection Criticality Histogram:
[        0:      0.1) 723 ( 23.5%) |************************************
[      0.1:      0.2) 935 ( 30.4%) |***********************************************
[      0.2:      0.3) 474 ( 15.4%) |************************
[      0.3:      0.4) 124 (  4.0%) |******
[      0.4:      0.5)  94 (  3.1%) |*****
[      0.5:      0.6) 115 (  3.7%) |******
[      0.6:      0.7) 139 (  4.5%) |*******
[      0.7:      0.8)  70 (  2.3%) |****
[      0.8:      0.9) 103 (  3.3%) |*****
[      0.9:        1) 302 (  9.8%) |***************
Router Stats: total_nets_routed: 5397 total_connections_routed: 16551 total_heap_pushes: 658416 total_heap_pops: 119341 

Attempting to route at 40 channels (binary search bounds: [32, 48])
## Build routing resource graph
SOURCE->OPIN and IPIN->SINK edge count:13013
OPIN->CHANX/CHANY edge count before creating direct connections: 17872
OPIN->CHANX/CHANY edge count after creating direct connections: 17872
CHAN->CHAN type edge count:84076
## Build routing resource graph took 0.06 seconds (max_rss 79.6 MiB, delta_rss +0.0 MiB)
  RR Graph Nodes: 25351
  RR Graph Edges: 114961
## Computing router lookahead map
### Computing wire lookahead
### Computing wire lookahead took 0.20 seconds (max_rss 79.6 MiB, delta_rss +0.0 MiB)
### Computing src/opin lookahead
Warning 33: Found no sample locations for EMPTY
Warning 34: Found no more sample locations for SOURCE in io
Warning 35: Found no more sample locations for OPIN in io
Warning 36: Found no more sample locations for SOURCE in clb
Warning 37: Found no more sample locations for OPIN in clb
Warning 38: Found no more sample locations for SOURCE in mult_36
Warning 39: Found no more sample locations for OPIN in mult_36
Warning 40: Found no more sample locations for SOURCE in memory
Warning 41: Found no more sample locations for OPIN in memory
### Computing src/opin lookahead took 0.00 seconds (max_rss 79.6 MiB, delta_rss +0.0 MiB)
## Computing router lookahead map took 0.20 seconds (max_rss 79.6 MiB, delta_rss +0.0 MiB)
## Initializing router criticalities
Initial Net Connection Criticality Histogram:
[        0:      0.1)  963 ( 31.3%) |*******************************************
[      0.1:      0.2) 1034 ( 33.6%) |**********************************************
[      0.2:      0.3)  178 (  5.8%) |********
[      0.3:      0.4)  103 (  3.3%) |*****
[      0.4:      0.5)   89 (  2.9%) |****
[      0.5:      0.6)  134 (  4.4%) |******
[      0.6:      0.7)  118 (  3.8%) |*****
[      0.7:      0.8)   61 (  2.0%) |***
[      0.8:      0.9)  122 (  4.0%) |*****
[      0.9:        1)  277 (  9.0%) |************
## Initializing router criticalities took 0.00 seconds (max_rss 79.6 MiB, delta_rss +0.0 MiB)
---- ------ ------- ---- ------- ------- ------- ----------------- --------------- -------- ---------- ---------- ---------- ---------- --------
Iter   Time    pres  BBs    Heap  Re-Rtd  Re-Rtd Overused RR Nodes      Wirelength      CPD       sTNS       sWNS       hTNS       hWNS Est Succ
      (sec)     fac Updt    push    Nets   Conns                                       (ns)       (ns)       (ns)       (ns)       (ns)     Iter
---- ------ ------- ---- ------- ------- ------- ----------------- --------------- -------- ---------- ---------- ---------- ---------- --------
   1    0.0     0.0    0   76709    1073    2932    1468 ( 5.791%)   12581 (65.5%)   14.893     -2716.    -14.893      0.000      0.000      N/A
   2    0.0     0.5    7   76864     886    2632     873 ( 3.444%)   12654 (65.9%)   14.887     -2785.    -14.887      0.000      0.000      N/A
   3    0.0     0.6    9   71877     729    2169     874 ( 3.448%)   13026 (67.8%)   14.887     -2808.    -14.887      0.000      0.000      N/A
   4    0.0     0.8    8   78517     670    2101     760 ( 2.998%)   13277 (69.2%)   14.873     -2837.    -14.873      0.000      0.000      N/A
   5    0.0     1.1    6   86454     610    2068     690 ( 2.722%)   13718 (71.4%)   14.873     -2877.    -14.873      0.000      0.000      N/A
   6    0.0     1.4   12   95978     554    1920     551 ( 2.173%)   14040 (73.1%)   14.898     -2912.    -14.898      0.000      0.000      N/A
   7    0.0     1.9    9  100921     458    1645     434 ( 1.712%)   14266 (74.3%)   14.898     -2964.    -14.898      0.000      0.000      N/A
   8    0.0     2.4   13  116196     398    1485     376 ( 1.483%)   14715 (76.6%)   14.904     -3016.    -14.904      0.000      0.000      N/A
   9    0.0     3.1    8  135039     388    1396     308 ( 1.215%)   14979 (78.0%)   14.875     -3099.    -14.875      0.000      0.000      N/A
  10    0.0     4.1    9  128883     304    1042     270 ( 1.065%)   15351 (80.0%)   14.904     -3184.    -14.904      0.000      0.000       38
  11    0.0     5.3    2  139978     290     930     221 ( 0.872%)   15720 (81.9%)   14.909     -3207.    -14.909      0.000      0.000       42
  12    0.0     6.9    3  188709     272     856     203 ( 0.801%)   15904 (82.8%)   14.876     -3466.    -14.876      0.000      0.000       42
  13    0.0     9.0    8  189889     237     880     203 ( 0.801%)   16304 (84.9%)   14.909     -3484.    -14.909      0.000      0.000       45
  14    0.0    11.6    8  249731     253     881     193 ( 0.761%)   16425 (85.5%)   14.905     -3508.    -14.905      0.000      0.000       51
  15    0.0    15.1    6  208355     256     771     194 ( 0.765%)   16597 (86.4%)   14.879     -3514.    -14.879      0.000      0.000       60
  16    0.0    19.7    6  253008     224     709     160 ( 0.631%)   16559 (86.2%)   14.950     -3527.    -14.950      0.000      0.000       70
  17    0.0    25.6    4  316655     224     793     160 ( 0.631%)   16811 (87.6%)   14.885     -3664.    -14.885      0.000      0.000       80
  18    0.0    33.3    4  327067     210     690     167 ( 0.659%)   16838 (87.7%)   14.885     -3702.    -14.885      0.000      0.000       84
  19    0.0    43.3    4  214766     183     612     134 ( 0.529%)   16706 (87.0%)   14.885     -3662.    -14.885      0.000      0.000      107
  20    0.0    56.2    3  237674     167     585     127 ( 0.501%)   16798 (87.5%)   15.057     -3740.    -15.057      0.000      0.000       99
  21    0.0    73.1    2  216039     187     597     120 ( 0.473%)   16907 (88.1%)   15.057     -3830.    -15.057      0.000      0.000      104
  22    0.0    95.0    4  232904     193     652     118 ( 0.465%)   16784 (87.4%)   15.057     -3849.    -15.057      0.000      0.000      101
  23    0.0   123.5    3  203495     178     549     103 ( 0.406%)   16754 (87.3%)   15.057     -3803.    -15.057      0.000      0.000       99
  24    0.0   160.6    2  221300     170     627     103 ( 0.406%)   16803 (87.5%)   15.057     -4102.    -15.057      0.000      0.000       96
  25    0.0   208.8    1  235467     179     542     108 ( 0.426%)   16791 (87.5%)   15.401     -4108.    -15.401      0.000      0.000       94
  26    0.0   271.4    0  242759     180     659     116 ( 0.458%)   16855 (87.8%)   15.198     -4112.    -15.198      0.000      0.000       99
  27    0.0   352.8    0  305731     195     818     120 ( 0.473%)   16867 (87.8%)   15.538     -4068.    -15.538      0.000      0.000      110
  28    0.0   458.7    1  249594     187     588     108 ( 0.426%)   16879 (87.9%)   15.343     -4068.    -15.343      0.000      0.000      125
  29    0.0   596.3    2  277647     182     568     128 ( 0.505%)   16932 (88.2%)   15.198     -4079.    -15.198      0.000      0.000      140
  30    0.0   775.1    1  259632     179     634     106 ( 0.418%)   16942 (88.2%)   15.531     -4003.    -15.531      0.000      0.000      167
Routing aborted, the predicted iteration for a successful route (166.9) is too high.
Routing failed.

Failed routing attempt
Total number of overused nodes: 106
Total number of overused nodes is larger than the logging limit (20).
Displaying the first 20 entries.
Routing Failure Diagnostics: Printing Overused Nodes Information
------ ------- ---------- --------- -------- ------------ ------- ------- ------- ------- ------- ------- -------
   No.  NodeId  Occupancy  Capacity  RR Node    Direction    Side     PTC   Block    Xlow    Ylow   Xhigh   Yhigh
                                        type                          NUM    Name                                 
------ ------- ---------- --------- -------- ------------ ------- ------- ------- ------- ------- ------- -------
     0    1472          2         1     IPIN          N/A  BOTTOM      18     clb       1       9       1       9
     1    1642          2         1     IPIN          N/A  BOTTOM      22     clb       1      11       1      11
     2    2897          2         1     IPIN          N/A  BOTTOM      26     clb       3       1       3       1
     3    3053          2         1     IPIN          N/A     TOP      16     clb       3       3       3       3
     4    3123          2         1     IPIN          N/A    LEFT       3     clb       3       4       3       4
     5    3298          2         1     IPIN          N/A     TOP      12     clb       3       6       3       6
     6    3383          2         1     IPIN          N/A  BOTTOM      14     clb       3       7       3       7
     7    3455          2         1     IPIN          N/A    LEFT       3     clb       3       8       3       8
     8    3570          2         1     IPIN          N/A    LEFT      35     clb       3       9       3       9
     9    3880          2         1     IPIN          N/A   RIGHT      13     clb       3      13       3      13
    10    4400          2         1     IPIN          N/A  BOTTOM      22     clb       4       3       4       3
    11    4558          2         1     IPIN          N/A  BOTTOM      14     clb       4       5       4       5
    12    4639          2         1     IPIN          N/A     TOP      12     clb       4       6       4       6
    13    4649          2         1     IPIN          N/A  BOTTOM      22     clb       4       6       4       6
    14    4910          2         1     IPIN          N/A  BOTTOM      34     clb       4       9       4       9
    15    4979          2         1     IPIN          N/A     TOP      20     clb       4      10       4      10
    16    5061          2         1     IPIN          N/A    LEFT      19     clb       4      11       4      11
    17    5820          2         1     IPIN          N/A  BOTTOM      18     clb       5       4       5       4
    18    5903          2         1     IPIN          N/A  BOTTOM      18     clb       5       5       5       5
    19    6064          2         1     IPIN          N/A   RIGHT      13     clb       5       7       5       7

Final Net Connection Criticality Histogram:
[        0:      0.1) 702 ( 22.8%) |*********************************************
[      0.1:      0.2) 734 ( 23.8%) |***********************************************
[      0.2:      0.3) 575 ( 18.7%) |*************************************
[      0.3:      0.4) 243 (  7.9%) |****************
[      0.4:      0.5) 104 (  3.4%) |*******
[      0.5:      0.6) 116 (  3.8%) |*******
[      0.6:      0.7) 122 (  4.0%) |********
[      0.7:      0.8)  77 (  2.5%) |*****
[      0.8:      0.9) 136 (  4.4%) |*********
[      0.9:        1) 270 (  8.8%) |*****************
Router Stats: total_nets_routed: 10216 total_connections_routed: 33331 total_heap_pushes: 5737838 total_heap_pops: 1378541 

Attempting to route at 44 channels (binary search bounds: [40, 48])
## Build routing resource graph
SOURCE->OPIN and IPIN->SINK edge count:13013
OPIN->CHANX/CHANY edge count before creating direct connections: 19476
OPIN->CHANX/CHANY edge count after creating direct connections: 19476
CHAN->CHAN type edge count:92925
## Build routing resource graph took 0.07 seconds (max_rss 79.6 MiB, delta_rss +0.0 MiB)
  RR Graph Nodes: 25927
  RR Graph Edges: 125414
## Computing router lookahead map
### Computing wire lookahead
### Computing wire lookahead took 0.21 seconds (max_rss 79.6 MiB, delta_rss +0.0 MiB)
### Computing src/opin lookahead
Warning 42: Found no sample locations for EMPTY
Warning 43: Found no more sample locations for SOURCE in io
Warning 44: Found no more sample locations for OPIN in io
Warning 45: Found no more sample locations for SOURCE in clb
Warning 46: Found no more sample locations for OPIN in clb
Warning 47: Found no more sample locations for SOURCE in mult_36
Warning 48: Found no more sample locations for OPIN in mult_36
Warning 49: Found no more sample locations for SOURCE in memory
Warning 50: Found no more sample locations for OPIN in memory
### Computing src/opin lookahead took 0.00 seconds (max_rss 79.6 MiB, delta_rss +0.0 MiB)
## Computing router lookahead map took 0.22 seconds (max_rss 79.6 MiB, delta_rss +0.0 MiB)
## Initializing router criticalities
Initial Net Connection Criticality Histogram:
[        0:      0.1)  962 ( 31.2%) |*******************************************
[      0.1:      0.2) 1035 ( 33.6%) |**********************************************
[      0.2:      0.3)  177 (  5.7%) |********
[      0.3:      0.4)  104 (  3.4%) |*****
[      0.4:      0.5)   88 (  2.9%) |****
[      0.5:      0.6)  134 (  4.4%) |******
[      0.6:      0.7)  119 (  3.9%) |*****
[      0.7:      0.8)   61 (  2.0%) |***
[      0.8:      0.9)  120 (  3.9%) |*****
[      0.9:        1)  279 (  9.1%) |************
## Initializing router criticalities took 0.00 seconds (max_rss 79.6 MiB, delta_rss +0.0 MiB)
---- ------ ------- ---- ------- ------- ------- ----------------- --------------- -------- ---------- ---------- ---------- ---------- --------
Iter   Time    pres  BBs    Heap  Re-Rtd  Re-Rtd Overused RR Nodes      Wirelength      CPD       sTNS       sWNS       hTNS       hWNS Est Succ
      (sec)     fac Updt    push    Nets   Conns                                       (ns)       (ns)       (ns)       (ns)       (ns)     Iter
---- ------ ------- ---- ------- ------- ------- ----------------- --------------- -------- ---------- ---------- ---------- ---------- --------
   1    0.0     0.0    0   83360    1073    2932    1514 ( 5.839%)   12888 (61.0%)   14.729     -2739.    -14.729      0.000      0.000      N/A
   2    0.0     0.5    6   81688     874    2632     832 ( 3.209%)   12843 (60.8%)   14.743     -2750.    -14.743      0.000      0.000      N/A
   3    0.0     0.6    5   76557     712    2184     799 ( 3.082%)   13382 (63.4%)   14.744     -2870.    -14.744      0.000      0.000      N/A
   4    0.0     0.8   13   85361     645    2131     686 ( 2.646%)   13697 (64.9%)   14.719     -2895.    -14.719      0.000      0.000      N/A
   5    0.0     1.1   12   82825     559    1868     525 ( 2.025%)   14013 (66.3%)   14.713     -2887.    -14.713      0.000      0.000      N/A
   6    0.0     1.4    8   79706     464    1506     418 ( 1.612%)   14398 (68.2%)   14.722     -2925.    -14.722      0.000      0.000      N/A
   7    0.0     1.9   10   97151     420    1574     359 ( 1.385%)   14667 (69.4%)   14.722     -3041.    -14.722      0.000      0.000      N/A
   8    0.0     2.4    7   96025     321    1227     272 ( 1.049%)   15092 (71.5%)   14.739     -3074.    -14.739      0.000      0.000      N/A
   9    0.0     3.1    5   96207     311    1107     219 ( 0.845%)   15465 (73.2%)   14.759     -3112.    -14.759      0.000      0.000      N/A
  10    0.0     4.1    7   98771     250     965     191 ( 0.737%)   15742 (74.5%)   14.753     -3160.    -14.753      0.000      0.000       34
  11    0.0     5.3    8  114584     233     813     166 ( 0.640%)   16160 (76.5%)   14.753     -3208.    -14.753      0.000      0.000       35
  12    0.0     6.9    6  154468     216     792     143 ( 0.552%)   16415 (77.7%)   14.753     -3200.    -14.753      0.000      0.000       37
  13    0.0     9.0    6  152872     170     593     102 ( 0.393%)   16558 (78.4%)   14.747     -3392.    -14.747      0.000      0.000       40
  14    0.0    11.6    3  115054     150     471      93 ( 0.359%)   16749 (79.3%)   14.747     -3411.    -14.747      0.000      0.000       38
  15    0.0    15.1    3  156951     164     503      93 ( 0.359%)   17096 (80.9%)   14.747     -3505.    -14.747      0.000      0.000       39
  16    0.0    19.7    2  184470     158     542      98 ( 0.378%)   17367 (82.2%)   14.747     -3561.    -14.747      0.000      0.000       42
  17    0.0    25.6    3  179690     153     502      91 ( 0.351%)   17297 (81.9%)   14.747     -3483.    -14.747      0.000      0.000       49
  18    0.0    33.3    1  165046     151     499      91 ( 0.351%)   17424 (82.5%)   14.747     -3514.    -14.747      0.000      0.000       54
  19    0.0    43.3    1  302759     164     653      88 ( 0.339%)   17467 (82.7%)   14.747     -3739.    -14.747      0.000      0.000       65
  20    0.0    56.2    5  268007     147     586      88 ( 0.339%)   17540 (83.0%)   14.747     -3814.    -14.747      0.000      0.000       72
  21    0.0    73.1    3  227378     146     532      74 ( 0.285%)   17636 (83.5%)   14.747     -3813.    -14.747      0.000      0.000       94
  22    0.0    95.0    4  217648     131     465      74 ( 0.285%)   17710 (83.9%)   15.001     -3738.    -15.001      0.000      0.000       94
  23    0.0   123.5    3  170513     109     352      50 ( 0.193%)   17589 (83.3%)   15.001     -3806.    -15.001      0.000      0.000      118
  24    0.0   160.6    0  202786     115     342      46 ( 0.177%)   17703 (83.8%)   15.001     -3836.    -15.001      0.000      0.000       94
  25    0.0   208.8    1  216524     113     384      54 ( 0.208%)   17633 (83.5%)   15.001     -3783.    -15.001      0.000      0.000       90
  26    0.0   271.4    0  179905     105     281      47 ( 0.181%)   17552 (83.1%)   15.001     -3782.    -15.001      0.000      0.000       90
  27    0.0   352.8    3  180886      97     359      38 ( 0.147%)   17615 (83.4%)   15.001     -3817.    -15.001      0.000      0.000       84
  28    0.0   458.7    1  174640     105     304      42 ( 0.162%)   17560 (83.1%)   15.001     -3814.    -15.001      0.000      0.000       79
  29    0.0   596.3    2  151195      93     275      35 ( 0.135%)   17694 (83.8%)   15.001     -3823.    -15.001      0.000      0.000       76
  30    0.0   775.1    1  143769      83     315      29 ( 0.112%)   17724 (83.9%)   15.001     -3868.    -15.001      0.000      0.000       75
  31    0.0  1007.7    0  146694      90     305      42 ( 0.162%)   17682 (83.7%)   15.001     -3919.    -15.001      0.000      0.000       70
  32    0.0  1310.0    2  153609      98     268      43 ( 0.166%)   17760 (84.1%)   15.001     -3917.    -15.001      0.000      0.000       75
  33    0.0  1703.0    0  147814      99     291      47 ( 0.181%)   17739 (84.0%)   15.001     -3933.    -15.001      0.000      0.000       80
  34    0.0  2213.9    0  159681      90     272      39 ( 0.150%)   17752 (84.1%)   15.001     -3947.    -15.001      0.000      0.000       88
  35    0.0  2878.1    0  142768      89     350      38 ( 0.147%)   17840 (84.5%)   14.984     -4009.    -14.984      0.000      0.000       94
  36    0.0  3741.5    1  146241      95     335      37 ( 0.143%)   17864 (84.6%)   15.001     -3980.    -15.001      0.000      0.000       99
  37    0.0  4863.9    0  162657      90     359      35 ( 0.135%)   17851 (84.5%)   15.001     -4000.    -15.001      0.000      0.000      108
  38    0.0  6323.1    0   72644      87     235      31 ( 0.120%)   17795 (84.3%)   15.001     -3981.    -15.001      0.000      0.000      112
  39    0.0  8220.0    0   99668      80     235      35 ( 0.135%)   17766 (84.1%)   15.001     -3937.    -15.001      0.000      0.000      120
  40    0.0 10686.0    0  148362      96     298      42 ( 0.162%)   17817 (84.4%)   15.520     -4000.    -15.520      0.000      0.000      126
  41    0.0 13891.9    0  134821      92     278      36 ( 0.139%)   17871 (84.6%)   15.520     -4015.    -15.520      0.000      0.000      160
  42    0.0 18059.4    0  133303      83     259      31 ( 0.120%)   17833 (84.4%)   15.520     -4046.    -15.520      0.000      0.000      169
  43    0.0 23477.2    1  144083      87     252      36 ( 0.139%)   17764 (84.1%)   15.001     -4050.    -15.001      0.000      0.000      191
  44    0.0 30520.4    2  141494      95     319      37 ( 0.143%)   17792 (84.2%)   15.001     -4093.    -15.001      0.000      0.000      204
  45    0.0 39676.5    1   76522      83     225      31 ( 0.120%)   17748 (84.0%)   15.031     -4070.    -15.031      0.000      0.000      282
  46    0.0 51579.5    1  111380      90     262      39 ( 0.150%)   17815 (84.4%)   15.001     -4079.    -15.001      0.000      0.000      271
  47    0.0 67053.3    0  167638      92     373      36 ( 0.139%)   17885 (84.7%)   15.001     -4102.    -15.001      0.000      0.000      332
  48    0.0 87169.3    0  134473      90     366      34 ( 0.131%)   17862 (84.6%)   17.202     -3916.    -17.202      0.000      0.000      355
  49    0.0 1.1e+05    0  150315      95     437      37 ( 0.143%)   17849 (84.5%)   15.031     -4203.    -15.031      0.000      0.000      381
  50    0.0 1.5e+05    1  165179      89     452      37 ( 0.143%)   17749 (84.0%)   15.031     -4141.    -15.031      0.000      0.000      420
Routing failed.

Failed routing attempt
Total number of overused nodes: 37
Total number of overused nodes is larger than the logging limit (20).
Displaying the first 20 entries.
Routing Failure Diagnostics: Printing Overused Nodes Information
------ ------- ---------- --------- -------- ------------ ------- ------- ------- ------- ------- ------- -------
   No.  NodeId  Occupancy  Capacity  RR Node    Direction    Side     PTC   Block    Xlow    Ylow   Xhigh   Yhigh
                                        type                          NUM    Name                                 
------ ------- ---------- --------- -------- ------------ ------- ------- ------- ------- ------- ------- -------
     0    3068          2         1     IPIN          N/A    LEFT      31     clb       3       3       3       3
     1    3642          2         1     IPIN          N/A     TOP      24     clb       3      10       3      10
     2    3703          2         1     IPIN          N/A  BOTTOM       2     clb       3      11       3      11
     3    4546          2         1     IPIN          N/A  BOTTOM       2     clb       4       5       4       5
     4    4552          2         1     IPIN          N/A     TOP       8     clb       4       5       4       5
     5    5924          2         1     IPIN          N/A    LEFT      39     clb       5       5       5       5
     6    8607          2         1     IPIN          N/A  BOTTOM       6     clb       7      10       7      10
     7    9470          2         1     IPIN          N/A  BOTTOM      26     clb       8       4       8       4
     8    9882          2         1     IPIN          N/A    LEFT      23     clb       8       9       8       9
     9   11203          2         1     IPIN          N/A    LEFT       3     clb       9       9       9       9
    10   11462          2         1     IPIN          N/A   RIGHT      13     clb       9      12       9      12
    11   15641          2         1     IPIN          N/A  BOTTOM      10     clb      13       5      13       5
    12   15724          2         1     IPIN          N/A  BOTTOM      10     clb      13       6      13       6
    13   18021          2         1     IPIN          N/A  BOTTOM       6     clb      15       6      15       6
    14   19699          2         1    CHANX      INC_DIR     N/A      36      io       7       0      10       0
    15   19894          2         1    CHANX      DEC_DIR     N/A      31     clb       7       1      10       1
    16   21143          2         1    CHANX      INC_DIR     N/A      14     clb      13       7      15       7
    17   21311          2         1    CHANX      INC_DIR     N/A      18  memory      10       8      13       8
    18   21324          2         1    CHANX      DEC_DIR     N/A      21     clb      11       8      14       8
    19   21658          2         1    CHANX      DEC_DIR     N/A       7 mult_36       6      10       9      10

Final Net Connection Criticality Histogram:
[        0:      0.1) 657 ( 21.3%) |*********************************************
[      0.1:      0.2) 693 ( 22.5%) |***********************************************
[      0.2:      0.3) 586 ( 19.0%) |****************************************
[      0.3:      0.4) 200 (  6.5%) |**************
[      0.4:      0.5) 146 (  4.7%) |**********
[      0.5:      0.6) 157 (  5.1%) |***********
[      0.6:      0.7) 149 (  4.8%) |**********
[      0.7:      0.8)  86 (  2.8%) |******
[      0.8:      0.9)  99 (  3.2%) |*******
[      0.9:        1) 306 (  9.9%) |*********************
Router Stats: total_nets_routed: 10242 total_connections_routed: 33860 total_heap_pushes: 7276142 total_heap_pops: 1826632 

Attempting to route at 46 channels (binary search bounds: [44, 48])
## Build routing resource graph
SOURCE->OPIN and IPIN->SINK edge count:13013
OPIN->CHANX/CHANY edge count before creating direct connections: 21228
OPIN->CHANX/CHANY edge count after creating direct connections: 21228
CHAN->CHAN type edge count:97160
## Build routing resource graph took 0.07 seconds (max_rss 79.6 MiB, delta_rss +0.0 MiB)
  RR Graph Nodes: 26215
  RR Graph Edges: 131401
## Computing router lookahead map
### Computing wire lookahead
### Computing wire lookahead took 0.22 seconds (max_rss 79.6 MiB, delta_rss +0.0 MiB)
### Computing src/opin lookahead
Warning 51: Found no sample locations for EMPTY
Warning 52: Found no more sample locations for SOURCE in io
Warning 53: Found no more sample locations for OPIN in io
Warning 54: Found no more sample locations for SOURCE in clb
Warning 55: Found no more sample locations for OPIN in clb
Warning 56: Found no more sample locations for SOURCE in mult_36
Warning 57: Found no more sample locations for OPIN in mult_36
Warning 58: Found no more sample locations for SOURCE in memory
Warning 59: Found no more sample locations for OPIN in memory
### Computing src/opin lookahead took 0.00 seconds (max_rss 79.6 MiB, delta_rss +0.0 MiB)
## Computing router lookahead map took 0.22 seconds (max_rss 79.6 MiB, delta_rss +0.0 MiB)
## Initializing router criticalities
Initial Net Connection Criticality Histogram:
[        0:      0.1)  963 ( 31.3%) |*******************************************
[      0.1:      0.2) 1034 ( 33.6%) |**********************************************
[      0.2:      0.3)  178 (  5.8%) |********
[      0.3:      0.4)  103 (  3.3%) |*****
[      0.4:      0.5)   89 (  2.9%) |****
[      0.5:      0.6)  133 (  4.3%) |******
[      0.6:      0.7)  119 (  3.9%) |*****
[      0.7:      0.8)   61 (  2.0%) |***
[      0.8:      0.9)  120 (  3.9%) |*****
[      0.9:        1)  279 (  9.1%) |************
## Initializing router criticalities took 0.00 seconds (max_rss 79.6 MiB, delta_rss +0.0 MiB)
---- ------ ------- ---- ------- ------- ------- ----------------- --------------- -------- ---------- ---------- ---------- ---------- --------
Iter   Time    pres  BBs    Heap  Re-Rtd  Re-Rtd Overused RR Nodes      Wirelength      CPD       sTNS       sWNS       hTNS       hWNS Est Succ
      (sec)     fac Updt    push    Nets   Conns                                       (ns)       (ns)       (ns)       (ns)       (ns)     Iter
---- ------ ------- ---- ------- ------- ------- ----------------- --------------- -------- ---------- ---------- ---------- ---------- --------
   1    0.0     0.0    0   80780    1073    2932    1509 ( 5.756%)   12637 (57.2%)   14.718     -2715.    -14.718      0.000      0.000      N/A
   2    0.0     0.5    7   79116     861    2659     774 ( 2.953%)   12720 (57.6%)   14.718     -2755.    -14.718      0.000      0.000      N/A
   3    0.0     0.6    3   67433     682    2058     747 ( 2.850%)   12981 (58.8%)   14.719     -2774.    -14.719      0.000      0.000      N/A
   4    0.0     0.8    5   73589     628    2032     638 ( 2.434%)   13239 (60.0%)   14.710     -2847.    -14.710      0.000      0.000      N/A
   5    0.0     1.1    9   72064     540    1803     471 ( 1.797%)   13544 (61.3%)   14.704     -2915.    -14.704      0.000      0.000      N/A
   6    0.0     1.4    7   63486     409    1430     346 ( 1.320%)   13820 (62.6%)   14.704     -2981.    -14.704      0.000      0.000      N/A
   7    0.0     1.9    3   54082     344    1133     250 ( 0.954%)   14121 (64.0%)   14.704     -3166.    -14.704      0.000      0.000      N/A
   8    0.0     2.4   10   41754     256     857     166 ( 0.633%)   14358 (65.0%)   14.704     -3190.    -14.704      0.000      0.000      N/A
   9    0.0     3.1    5   46738     214     758     157 ( 0.599%)   14640 (66.3%)   14.704     -3195.    -14.704      0.000      0.000      N/A
  10    0.0     4.1    3   49569     174     645     117 ( 0.446%)   14949 (67.7%)   14.704     -3237.    -14.704      0.000      0.000       26
  11    0.0     5.3    3   38031     141     431      89 ( 0.340%)   15117 (68.5%)   14.708     -3272.    -14.708      0.000      0.000       28
  12    0.0     6.9    4   58815     117     379      68 ( 0.259%)   15450 (70.0%)   14.708     -3255.    -14.708      0.000      0.000       28
  13    0.0     9.0    4   49594      87     254      57 ( 0.217%)   15653 (70.9%)   14.708     -3262.    -14.708      0.000      0.000       29
  14    0.0    11.6    2   60657      74     307      43 ( 0.164%)   15856 (71.8%)   14.708     -3258.    -14.708      0.000      0.000       30
  15    0.0    15.1    2   31612      68     189      37 ( 0.141%)   16034 (72.6%)   14.708     -3259.    -14.708      0.000      0.000       30
  16    0.0    19.7    2   68556      51     143      28 ( 0.107%)   16225 (73.5%)   14.717     -3308.    -14.717      0.000      0.000       30
  17    0.0    25.6    0   52318      43     108      23 ( 0.088%)   16261 (73.6%)   14.717     -3309.    -14.717      0.000      0.000       30
  18    0.0    33.3    1   36181      37      88      16 ( 0.061%)   16291 (73.8%)   14.726     -3313.    -14.726      0.000      0.000       30
  19    0.0    43.3    2   24222      23      82      15 ( 0.057%)   16313 (73.9%)   14.726     -3322.    -14.726      0.000      0.000       30
  20    0.0    56.2    0   20109      26      69      14 ( 0.053%)   16371 (74.1%)   14.726     -3337.    -14.726      0.000      0.000       30
  21    0.0    73.1    0   21849      26      63      13 ( 0.050%)   16432 (74.4%)   14.726     -3340.    -14.726      0.000      0.000       32
  22    0.0    95.0    1   30058      20      99      11 ( 0.042%)   16467 (74.6%)   14.785     -3435.    -14.785      0.000      0.000       33
  23    0.0   123.5    0   20987      44     121       9 ( 0.034%)   16421 (74.4%)   14.785     -3435.    -14.785      0.000      0.000       34
  24    0.0   160.6    0   26184      46     120       8 ( 0.031%)   16425 (74.4%)   14.785     -3435.    -14.785      0.000      0.000       34
  25    0.0   208.8    0   46489      44     145      10 ( 0.038%)   16492 (74.7%)   14.785     -3437.    -14.785      0.000      0.000       35
  26    0.0   271.4    0   30220      42     110       8 ( 0.031%)   16494 (74.7%)   14.785     -3437.    -14.785      0.000      0.000       37
  27    0.0   352.8    0   21600      44     116       7 ( 0.027%)   16527 (74.9%)   14.881     -3439.    -14.881      0.000      0.000       40
  28    0.0   458.7    0   20199      38     100       5 ( 0.019%)   16468 (74.6%)   14.881     -3438.    -14.881      0.000      0.000       40
  29    0.0   596.3    0   12556      35      93       2 ( 0.008%)   16521 (74.8%)   14.881     -3438.    -14.881      0.000      0.000       41
  30    0.0   775.1    1   18537      34      85       3 ( 0.011%)   16533 (74.9%)   14.881     -3438.    -14.881      0.000      0.000       38
  31    0.0  1007.7    0   25056      34      89       3 ( 0.011%)   16546 (74.9%)   14.881     -3439.    -14.881      0.000      0.000       38
  32    0.0  1310.0    0   13374      35      91       3 ( 0.011%)   16532 (74.9%)   14.881     -3439.    -14.881      0.000      0.000       38
  33    0.0  1703.0    0   13038      35      95       2 ( 0.008%)   16524 (74.8%)   14.881     -3439.    -14.881      0.000      0.000       39
  34    0.0  2213.9    0    9074      33      86       3 ( 0.011%)   16532 (74.9%)   14.881     -3439.    -14.881      0.000      0.000       38
  35    0.0  2878.1    0   10016      34      87       3 ( 0.011%)   16550 (75.0%)   14.881     -3439.    -14.881      0.000      0.000       40
  36    0.0  3741.5    0   27901      34      92       3 ( 0.011%)   16539 (74.9%)   14.881     -3439.    -14.881      0.000      0.000       41
  37    0.0  4863.9    0   17878      36      98       3 ( 0.011%)   16539 (74.9%)   14.881     -3439.    -14.881      0.000      0.000       42
  38    0.0  6323.1    0   14015      34      95       3 ( 0.011%)   16539 (74.9%)   14.881     -3439.    -14.881      0.000      0.000       43
  39    0.0  8220.0    0   15257      36      95       3 ( 0.011%)   16555 (75.0%)   14.881     -3439.    -14.881      0.000      0.000       45
  40    0.0 10686.0    0   13556      35      96       3 ( 0.011%)   16557 (75.0%)   14.881     -3439.    -14.881      0.000      0.000       46
  41    0.0 13891.9    0   26753      34      88       3 ( 0.011%)   16539 (74.9%)   14.881     -3440.    -14.881      0.000      0.000       48
  42    0.0 18059.4    0   21779      36      99       4 ( 0.015%)   16549 (75.0%)   14.881     -3440.    -14.881      0.000      0.000       50
  43    0.0 23477.2    0   12257      33      87       1 ( 0.004%)   16562 (75.0%)   14.881     -3439.    -14.881      0.000      0.000       55
  44    0.0 30520.4    0    2324      30      82       1 ( 0.004%)   16562 (75.0%)   14.785     -3438.    -14.785      0.000      0.000       52
  45    0.0 39676.5    0    7540      28      79       1 ( 0.004%)   16569 (75.0%)   14.785     -3438.    -14.785      0.000      0.000       50
  46    0.0 51579.5    0    2428      29      79       0 ( 0.000%)   16560 (75.0%)   14.785     -3438.    -14.785      0.000      0.000       49
Restoring best routing
Critical path: 14.7851 ns
Successfully routed after 46 routing iterations.
Final Net Connection Criticality Histogram:
[        0:      0.1) 715 ( 23.2%) |*******************************************
[      0.1:      0.2) 774 ( 25.1%) |***********************************************
[      0.2:      0.3) 567 ( 18.4%) |**********************************
[      0.3:      0.4) 172 (  5.6%) |**********
[      0.4:      0.5) 108 (  3.5%) |*******
[      0.5:      0.6) 134 (  4.4%) |********
[      0.6:      0.7) 126 (  4.1%) |********
[      0.7:      0.8)  70 (  2.3%) |****
[      0.8:      0.9) 114 (  3.7%) |*******
[      0.9:        1) 299 (  9.7%) |******************
Router Stats: total_nets_routed: 6757 total_connections_routed: 20847 total_heap_pushes: 1549631 total_heap_pops: 354642 
## Build routing resource graph
SOURCE->OPIN and IPIN->SINK edge count:13013
OPIN->CHANX/CHANY edge count before creating direct connections: 21228
OPIN->CHANX/CHANY edge count after creating direct connections: 21228
CHAN->CHAN type edge count:97160
## Build routing resource graph took 0.07 seconds (max_rss 79.6 MiB, delta_rss +0.0 MiB)
  RR Graph Nodes: 26215
  RR Graph Edges: 131401
Best routing used a channel width factor of 46.
# Routing took 4.93 seconds (max_rss 79.6 MiB, delta_rss +0.0 MiB)

Checking to ensure routing is legal...
# Checking to ensure non-configurable edges are legal
# Checking to ensure non-configurable edges are legal took 0.00 seconds (max_rss 79.6 MiB, delta_rss +0.0 MiB)
Completed routing consistency check successfully.

Serial number (magic cookie) for the routing is: -1915929262
Circuit successfully routed with a channel width factor of 46.
# Synchronize the packed netlist to routing optimization
## Annotating rr_node with routed nets
## Annotating rr_node with routed nets took 0.00 seconds (max_rss 79.6 MiB, delta_rss +0.0 MiB)
Found 3965 mismatches between routing and packing results.
Fixed 2796 routing traces due to mismatch between routing and packing results.
# Synchronize the packed netlist to routing optimization took 0.03 seconds (max_rss 79.6 MiB, delta_rss +0.0 MiB)
Final Clustering Statistics: 
----------   --------   ------------------------------------   --------------------------
Block Type   # Blocks   Avg. # of input clocks and pins used   Avg. # of output pins used
----------   --------   ------------------------------------   --------------------------
     EMPTY          0                                      0                            0   
        io         74                               0.486486                     0.513514   
       clb        149                                20.4228                      6.95302   
   mult_36          0                                      0                            0   
    memory          0                                      0                            0   
Absorbed logical nets 1496 out of 2570 nets, 1074 nets not absorbed.


Average number of bends per net: 2.00839  Maximum # of bends: 51

Number of global nets: 1
Number of routed nets (nonglobal): 1073
Wire length results (in units of 1 clb segments)...
	Total wirelength: 16560, average net length: 15.4334
	Maximum net length: 319

Wire length results in terms of physical segments...
	Total wiring segments used: 4545, average wire segments per net: 4.23579
	Maximum segments used by a net: 90
	Total local nets with reserved CLB opins: 0
Total number of nets absorbed: 0

Routing channel utilization histogram:
[        1:      inf)   0 (  0.0%) |
[      0.9:        1) 116 ( 22.7%) |**************************************
[      0.8:      0.9) 142 ( 27.7%) |***********************************************
[      0.7:      0.8) 122 ( 23.8%) |****************************************
[      0.5:      0.6)  38 (  7.4%) |*************
[      0.4:      0.5)  30 (  5.9%) |**********
[      0.3:      0.4)  18 (  3.5%) |******
[      0.2:      0.3)   4 (  0.8%) |*
[      0.1:      0.2)  10 (  2.0%) |***
[        0:      0.1)  32 (  6.2%) |***********
Maximum routing channel utilization:         1 at (5,5)

X - Directed channels:   j max occ ave occ capacity
                      ---- ------- ------- --------
                         0      40  29.235       46
                         1      42  29.059       46
                         2      44  32.529       46
                         3      42  31.824       46
                         4      42  33.118       46
                         5      46  33.941       46
                         6      44  33.118       46
                         7      45  31.765       46
                         8      44  33.706       46
                         9      45  32.294       46
                        10      45  31.824       46
                        11      42  28.118       46
                        12      43  27.353       46
                        13      41  27.471       46
                        14      40  27.235       46
                        15      40  23.529       46
Y - Directed channels:   i max occ ave occ capacity
                      ---- ------- ------- --------
                         0      44  33.353       46
                         1      44  30.706       46
                         2      44  32.412       46
                         3      45  34.353       46
                         4      45  36.000       46
                         5      44  32.647       46
                         6      44  31.941       46
                         7      45  34.706       46
                         8      45  32.353       46
                         9      43  31.000       46
                        10      42  28.235       46
                        11      45  31.706       46
                        12      44  28.824       46
                        13      44  26.412       46
                        14      35  21.118       46
                        15      40  22.235       46

Total tracks in x-direction: 736, in y-direction: 736

Logic area (in minimum width transistor areas, excludes I/Os and empty grid tiles)...
	Total logic block area (Warning, need to add pitch of routing to blocks with height > 3): 1.34605e+07
	Total used logic block area: 8.03021e+06

Routing area (in minimum width transistor areas)...
	Total routing area: 830882., per logic tile: 2875.03

Total Number of Wiring Segments by Direction: direction length number
                                              --------- ------ -------
                                                      X      4   3312
                                                      Y      4   3312

X - Directed Wiring Segment usage by length: length utilization
                                             ------ -----------
                                             4       0.686

Y - Directed Wiring Segment usage by length: length utilization
                                             ------ -----------
                                             4       0.687

Segment occupancy by length: Length utilization
                             ------ -----------
                             L4           0.686

Segment occupancy by type:              name type utilization
                           ----------------- ---- -----------
                           unnamed_segment_0    0       0.686

Final hold Worst Negative Slack (hWNS): 0 ns
Final hold Total Negative Slack (hTNS): 0 ns

Final hold slack histogram:
[  2.7e-10:  5.7e-10) 889 ( 96.5%) |***********************************************
[  5.7e-10:  8.6e-10)  19 (  2.1%) |*
[  8.6e-10:  1.2e-09)   4 (  0.4%) |
[  1.2e-09:  1.5e-09)   2 (  0.2%) |
[  1.5e-09:  1.8e-09)   2 (  0.2%) |
[  1.8e-09:    2e-09)   0 (  0.0%) |
[    2e-09:  2.3e-09)   1 (  0.1%) |
[  2.3e-09:  2.6e-09)   2 (  0.2%) |
[  2.6e-09:  2.9e-09)   1 (  0.1%) |
[  2.9e-09:  3.2e-09)   1 (  0.1%) |

Final critical path delay (least slack): 14.7851 ns, Fmax: 67.6356 MHz
Final setup Worst Negative Slack (sWNS): -14.7851 ns
Final setup Total Negative Slack (sTNS): -3437.63 ns

Final setup slack histogram:
[ -1.5e-08: -1.3e-08)   7 (  0.8%) |*
[ -1.3e-08: -1.2e-08)   4 (  0.4%) |
[ -1.2e-08:   -1e-08)   5 (  0.5%) |*
[   -1e-08:   -9e-09)  31 (  3.4%) |***
[   -9e-09: -7.6e-09)  31 (  3.4%) |***
[ -7.6e-09: -6.1e-09)  20 (  2.2%) |**
[ -6.1e-09: -4.7e-09)  48 (  5.2%) |*****
[ -4.7e-09: -3.3e-09) 256 ( 27.8%) |***************************
[ -3.3e-09: -1.8e-09) 443 ( 48.1%) |***********************************************
[ -1.8e-09: -3.7e-10)  76 (  8.3%) |********

Final geomean non-virtual intra-domain period: 14.7851 ns (67.6356 MHz)
Final fanout-weighted geomean non-virtual intra-domain period: 14.7851 ns (67.6356 MHz)

Incr Slack updates 1 in 0.000104556 sec
Full Max Req/Worst Slack updates 1 in 1.5509e-05 sec
Incr Max Req/Worst Slack updates 0 in 0 sec
Incr Criticality updates 0 in 0 sec
Full Criticality updates 1 in 0.000207319 sec
Flow timing analysis took 0.666784 seconds (0.565817 STA, 0.100966 slack) (180 full updates: 1 setup, 0 hold, 179 combined).
VPR succeeded
The entire flow of VPR took 6.50 seconds (max_rss 79.6 MiB)
Incr Slack updates 178 in 0.0188531 sec
Full Max Req/Worst Slack updates 38 in 0.000573421 sec
Incr Max Req/Worst Slack updates 140 in 0.00282382 sec
Incr Criticality updates 100 in 0.0163141 sec
Full Criticality updates 78 in 0.0158045 sec
	Command being timed: "/packages/apps/vtr/8.0.0-git/vpr/vpr k6_frac_N10_mem32K_40nm.xml sha --circuit_file sha.pre-vpr.blif --place_algorithm bounding_box"
	User time (seconds): 6.36
	System time (seconds): 0.05
	Percent of CPU this job got: 98%
	Elapsed (wall clock) time (h:mm:ss or m:ss): 0:06.52
	Average shared text size (kbytes): 0
	Average unshared data size (kbytes): 0
	Average stack size (kbytes): 0
	Average total size (kbytes): 0
	Maximum resident set size (kbytes): 81496
	Average resident set size (kbytes): 0
	Major (requiring I/O) page faults: 0
	Minor (reclaiming a frame) page faults: 42749
	Voluntary context switches: 365
	Involuntary context switches: 207
	Swaps: 0
	File system inputs: 6624
	File system outputs: 20048
	Socket messages sent: 0
	Socket messages received: 0
	Signals delivered: 0
	Page size (bytes): 4096
	Exit status: 0
