/usr/bin/env time -v /packages/apps/vtr/8.0.0-git/vpr/vpr k6_frac_N10_mem32K_40nm.xml alu4 --circuit_file alu4.pre-vpr.blif --route_chan_width 40 --max_criticality 0.5 --seed 1
VPR FPGA Placement and Routing.
Version: 8.1.0-dev+109c5adcc
Revision: v8.0.0-9695-g109c5adcc
Compiled: 2024-02-23T09:38:13
Compiler: GNU 11.2.0 on Linux-4.18.0-348.el8.0.2.x86_64 x86_64
Build Info: release IPO VTR_ASSERT_LEVEL=2

University of Toronto
verilogtorouting.org
vtr-users@googlegroups.com
This is free open source code under MIT license.

VPR was run with the following command-line:
/packages/apps/vtr/8.0.0-git/vpr/vpr k6_frac_N10_mem32K_40nm.xml alu4 --circuit_file alu4.pre-vpr.blif --route_chan_width 40 --max_criticality 0.5 --seed 1


Architecture file: k6_frac_N10_mem32K_40nm.xml
Circuit name: alu4

# Loading Architecture Description
# Loading Architecture Description took 0.01 seconds (max_rss 15.4 MiB, delta_rss +2.7 MiB)

Timing analysis: ON
Circuit netlist file: alu4.net
Circuit placement file: alu4.place
Circuit routing file: alu4.route
Circuit SDC file: alu4.sdc
Vpr floorplanning constraints file: not specified

Packer: ENABLED
Placer: ENABLED
Router: ENABLED
Analysis: ENABLED

VPR was run with the following options:

NetlistOpts.abosrb_buffer_luts            : true
NetlistOpts.sweep_dangling_primary_ios    : true
NetlistOpts.sweep_dangling_nets           : true
NetlistOpts.sweep_dangling_blocks         : true
NetlistOpts.sweep_constant_primary_outputs: false
NetlistOpts.netlist_verbosity             : 1
NetlistOpts.const_gen_inference           : COMB_SEQ

PackerOpts.allow_unrelated_clustering: auto
PackerOpts.alpha_clustering: 0.750000
PackerOpts.beta_clustering: 0.900000
PackerOpts.cluster_seed_type: BLEND2
PackerOpts.connection_driven: true
PackerOpts.global_clocks: true
PackerOpts.hill_climbing_flag: false
PackerOpts.inter_cluster_net_delay: 1.000000
PackerOpts.timing_driven: true
PackerOpts.target_external_pin_util: auto

PlacerOpts.place_freq: PLACE_ONCE
PlacerOpts.place_algorithm: CRITICALITY_TIMING_PLACE
PlacerOpts.pad_loc_type: FREE
PlacerOpts.constraints_file: No constraints file given
PlacerOpts.place_cost_exp: 1.000000
PlacerOpts.place_chan_width: 40
PlacerOpts.inner_loop_recompute_divider: 0
PlacerOpts.recompute_crit_iter: 1
PlacerOpts.timing_tradeoff: 0.500000
PlacerOpts.td_place_exp_first: 1.000000
PlacerOpts.td_place_exp_last: 8.000000
PlacerOpts.delay_offset: 0.000000
PlacerOpts.delay_ramp_delta_threshold: -1
PlacerOpts.delay_ramp_slope: 0.000000
PlacerOpts.tsu_rel_margin: 1.000000
PlacerOpts.tsu_abs_margin: 0.000000
PlacerOpts.post_place_timing_report_file: 
PlacerOpts.allowed_tiles_for_delay_model: 
PlacerOpts.delay_model_reducer: MIN
PlacerOpts.delay_model_type: DELTA
PlacerOpts.rlim_escape_fraction: 0.000000
PlacerOpts.move_stats_file: 
PlacerOpts.placement_saves_per_temperature: 0
PlacerOpts.effort_scaling: CIRCUIT
PlacerOpts.place_delta_delay_matrix_calculation_method: ASTAR_ROUTE
PlaceOpts.seed: 1
AnnealSched.type: AUTO_SCHED
AnnealSched.inner_num: 0.500000

RouterOpts.route_type: DETAILED
RouterOpts.flat_routing: false
RouterOpts.has_choking_spot: false
RouterOpts.router_algorithm: TIMING_DRIVEN
RouterOpts.base_cost_type: DELAY_NORMALIZED_LENGTH
RouterOpts.fixed_channel_width: 40
RouterOpts.check_route: FULL
RouterOpts.acc_fac: 1.000000
RouterOpts.bb_factor: 3
RouterOpts.bend_cost: 0.000000
RouterOpts.first_iter_pres_fac: 0.000000
RouterOpts.initial_pres_fac: 0.500000
RouterOpts.pres_fac_mult: 1.300000
RouterOpts.max_router_iterations: 50
RouterOpts.min_incremental_reroute_fanout: 16
RouterOpts.do_check_rr_graph: true
RouterOpts.verify_binary_search: false
RouterOpts.min_channel_width_hint: 0
RouterOpts.read_rr_edge_metadata: false
RouterOpts.exit_after_first_routing_iteration: false
RouterOpts.astar_fac: 1.200000
RouterOpts.router_profiler_astar_fac: 1.200000
RouterOpts.criticality_exp: 1.000000
RouterOpts.max_criticality: 0.500000
RouterOpts.init_wirelength_abort_threshold: 0.850000
RouterOpts.save_routing_per_iteration: false
RouterOpts.congested_routing_iteration_threshold_frac: 1.000000
RouterOpts.high_fanout_threshold: 64
RouterOpts.router_debug_net: -2
RouterOpts.router_debug_sink_rr: -2
RouterOpts.router_debug_iteration: -2
RouterOpts.max_convergence_count: 1
RouterOpts.reconvergence_cpd_threshold: 0.990000
RouterOpts.update_lower_bound_delays: true
RouterOpts.first_iteration_timing_report_file: 
RouterOpts.incr_reroute_delay_ripup: AUTO
RouterOpts.route_bb_update: DYNAMIC
RouterOpts.lookahead_type: MAP
RouterOpts.initial_timing: LOOKAHEAD
RouterOpts.router_heap: BINARY_HEAP
RouterOpts.routing_failure_predictor = SAFE
RouterOpts.routing_budgets_algorithm = DISABLE

AnalysisOpts.gen_post_synthesis_netlist: false
AnalysisOpts.timing_report_npaths: 100
AnalysisOpts.timing_report_skew: false
AnalysisOpts.echo_dot_timing_graph_node: -1
AnalysisOpts.timing_report_detail: NETLIST
AnalysisOpts.post_synth_netlist_unconn_input_handling: UNCONNECTED
AnalysisOpts.post_synth_netlist_unconn_output_handling: UNCONNECTED

# Building complex block graph
Warning 1: io[0].clock[0] unconnected pin in architecture.
# Building complex block graph took 0.02 seconds (max_rss 22.2 MiB, delta_rss +6.7 MiB)
Circuit file: alu4.pre-vpr.blif
# Load circuit
# Load circuit took 0.01 seconds (max_rss 24.5 MiB, delta_rss +2.3 MiB)
# Clean circuit
Absorbed 0 LUT buffers
Inferred    0 additional primitive pins as constant generators since they have no combinationally connected inputs
Inferred    0 additional primitive pins as constant generators due to constant inputs
Swept input(s)      : 0
Swept output(s)     : 0 (0 dangling, 0 constant)
Swept net(s)        : 0
Swept block(s)      : 0
Constant Pins Marked: 0
# Clean circuit took 0.00 seconds (max_rss 24.5 MiB, delta_rss +0.0 MiB)
# Compress circuit
# Compress circuit took 0.00 seconds (max_rss 24.5 MiB, delta_rss +0.0 MiB)
# Verify circuit
# Verify circuit took 0.00 seconds (max_rss 24.5 MiB, delta_rss +0.0 MiB)
Circuit Statistics:
  Blocks: 1195
    .input :      14
    .output:       8
    6-LUT  :    1173
  Nets  : 1187
    Avg Fanout:     4.9
    Max Fanout:   358.0
    Min Fanout:     1.0
  Netlist Clocks: 0
# Build Timing Graph
  Timing Graph Nodes: 7016
  Timing Graph Edges: 11650
  Timing Graph Levels: 14
# Build Timing Graph took 0.01 seconds (max_rss 25.9 MiB, delta_rss +1.5 MiB)
Netlist contains 0 clocks
# Load Timing Constraints

SDC file 'alu4.sdc' not found
Setting default timing constraints:
   * constrain all primay inputs and primary outputs on a virtual external clock 'virtual_io_clock'
   * optimize virtual clock to run as fast as possible
Timing constraints created 1 clocks
  Constrained Clock 'virtual_io_clock' (Virtual Clock)

# Load Timing Constraints took 0.00 seconds (max_rss 25.9 MiB, delta_rss +0.0 MiB)
# Packing
Begin packing 'alu4.pre-vpr.blif'.

After removing unused inputs...
	total blocks: 1195, total nets: 1187, total inputs: 14, total outputs: 8
Begin prepacking.
0 attraction groups were created during prepacking.
Finish prepacking.
Using inter-cluster delay: 1.33777e-09
Packing with pin utilization targets: io:1,1 clb:0.8,1 mult_36:1,1 memory:1,1
Packing with high fanout thresholds: io:128 clb:32 mult_36:128 memory:128
Starting Clustering - Clustering Progress: 
-------------------   --------------------------   ---------
Molecules processed   Number of clusters created   FPGA size
-------------------   --------------------------   ---------
    47/1195      3%                            4     5 x 5     
    94/1195      7%                            8     6 x 6     
   141/1195     11%                           12     7 x 7     
   188/1195     15%                           16     7 x 7     
   235/1195     19%                           20     7 x 7     
   282/1195     23%                           24     8 x 8     
   329/1195     27%                           28     9 x 9     
   376/1195     31%                           32     9 x 9     
   423/1195     35%                           36    10 x 10    
   470/1195     39%                           40    10 x 10    
   517/1195     43%                           44    10 x 10    
   564/1195     47%                           48    10 x 10    
   611/1195     51%                           52    11 x 11    
   658/1195     55%                           56    11 x 11    
   705/1195     58%                           60    11 x 11    
   752/1195     62%                           65    12 x 12    
   799/1195     66%                           68    12 x 12    
   846/1195     70%                           73    13 x 13    
   893/1195     74%                           77    13 x 13    
   940/1195     78%                           81    13 x 13    
   987/1195     82%                           85    13 x 13    
  1034/1195     86%                           90    14 x 14    
  1081/1195     90%                           95    14 x 14    
  1128/1195     94%                           99    14 x 14    
  1175/1195     98%                          108    14 x 14    

Logic Element (fle) detailed count:
  Total number of Logic Elements used : 1030
  LEs used for logic and registers    : 0
  LEs used for logic only             : 1030
  LEs used for registers only         : 0

Incr Slack updates 1 in 8.8156e-05 sec
Full Max Req/Worst Slack updates 1 in 1.393e-06 sec
Incr Max Req/Worst Slack updates 0 in 0 sec
Incr Criticality updates 0 in 0 sec
Full Criticality updates 1 in 0.000135755 sec
FPGA sized to 14 x 14 (auto)
Device Utilization: 0.56 (target 1.00)
	Block Utilization: 0.06 Type: io
	Block Utilization: 0.99 Type: clb

Start the iterative improvement process
the iterative improvement process is done
Final Clustering Statistics: 
----------   --------   ------------------------------------   --------------------------
Block Type   # Blocks   Avg. # of input clocks and pins used   Avg. # of output pins used
----------   --------   ------------------------------------   --------------------------
     EMPTY          0                                      0                            0   
        io         22                               0.363636                     0.636364   
       clb        107                                18.1028                      5.03738   
   mult_36          0                                      0                            0   
    memory          0                                      0                            0   
Absorbed logical nets 634 out of 1187 nets, 553 nets not absorbed.

Netlist conversion complete.

# Packing took 0.56 seconds (max_rss 34.6 MiB, delta_rss +8.7 MiB)
# Load packing
Begin loading packed FPGA netlist file.
Netlist generated from file 'alu4.net'.
Detected 0 constant generators (to see names run with higher pack verbosity)
Finished loading packed FPGA netlist file (took 0.106127 seconds).
Warning 2: Treated 0 constant nets as global which will not be routed (to see net names increase packer verbosity).
# Load packing took 0.11 seconds (max_rss 72.2 MiB, delta_rss +37.6 MiB)
Warning 3: Netlist contains 0 global net to non-global architecture pin connections
Cluster level netlist and block usage statistics
Netlist num_nets: 553
Netlist num_blocks: 129
Netlist EMPTY blocks: 0.
Netlist io blocks: 22.
Netlist clb blocks: 107.
Netlist mult_36 blocks: 0.
Netlist memory blocks: 0.
Netlist inputs pins: 14
Netlist output pins: 8

Pb types usage...
  io             : 22
   inpad         : 14
   outpad        : 8
  clb            : 107
   fle           : 1030
    lut5inter    : 539
     ble5        : 682
      lut5       : 682
       lut       : 682
    ble6         : 491
     lut6        : 491
      lut        : 491

# Create Device
## Build Device Grid
FPGA sized to 14 x 14: 196 grid tiles (auto)

Resource usage...
	Netlist
		22	blocks of type: io
	Architecture
		384	blocks of type: io
	Netlist
		107	blocks of type: clb
	Architecture
		108	blocks of type: clb
	Netlist
		0	blocks of type: mult_36
	Architecture
		3	blocks of type: mult_36
	Netlist
		0	blocks of type: memory
	Architecture
		4	blocks of type: memory

Device Utilization: 0.56 (target 1.00)
	Physical Tile io:
	Block Utilization: 0.06 Logical Block: io
	Physical Tile clb:
	Block Utilization: 0.99 Logical Block: clb
	Physical Tile mult_36:
	Block Utilization: 0.00 Logical Block: mult_36
	Physical Tile memory:
	Block Utilization: 0.00 Logical Block: memory

FPGA size limited by block type(s): clb

## Build Device Grid took 0.00 seconds (max_rss 72.2 MiB, delta_rss +0.0 MiB)
## Build routing resource graph
SOURCE->OPIN and IPIN->SINK edge count:8816
OPIN->CHANX/CHANY edge count before creating direct connections: 12064
OPIN->CHANX/CHANY edge count after creating direct connections: 12064
CHAN->CHAN type edge count:55348
## Build routing resource graph took 0.05 seconds (max_rss 72.2 MiB, delta_rss +0.0 MiB)
  RR Graph Nodes: 17320
  RR Graph Edges: 76228
# Create Device took 0.05 seconds (max_rss 72.2 MiB, delta_rss +0.0 MiB)

# Computing router lookahead map
## Computing wire lookahead
## Computing wire lookahead took 0.14 seconds (max_rss 72.2 MiB, delta_rss +0.0 MiB)
## Computing src/opin lookahead
Warning 4: Found no sample locations for EMPTY
Warning 5: Found no more sample locations for SOURCE in io
Warning 6: Found no more sample locations for OPIN in io
Warning 7: Found no more sample locations for SOURCE in clb
Warning 8: Found no more sample locations for OPIN in clb
Warning 9: Found no more sample locations for SOURCE in mult_36
Warning 10: Found no more sample locations for OPIN in mult_36
Warning 11: Found no more sample locations for SOURCE in memory
Warning 12: Found no more sample locations for OPIN in memory
## Computing src/opin lookahead took 0.00 seconds (max_rss 72.2 MiB, delta_rss +0.0 MiB)
# Computing router lookahead map took 0.14 seconds (max_rss 72.2 MiB, delta_rss +0.0 MiB)
# Computing placement delta delay look-up
RR graph channel widths unchanged, skipping RR graph rebuild
## Computing delta delays
## Computing delta delays took 0.02 seconds (max_rss 72.2 MiB, delta_rss +0.0 MiB)
# Computing placement delta delay look-up took 0.02 seconds (max_rss 72.2 MiB, delta_rss +0.0 MiB)

Bounding box mode is Cube

Using simple RL 'Softmax agent' for choosing move and block types
# Placement
## Initial Placement
Initial placement iteration 0 has finished successfully
## Initial Placement took 0.00 seconds (max_rss 72.2 MiB, delta_rss +0.0 MiB)

There are 1945 point to point connections in this circuit.


BB estimate of min-dist (placement) wire length: 6675

Completed placement consistency check successfully.
Initial placement cost: 1 bb_cost: 166.887 td_cost: 6.21088e-07
Initial placement estimated Critical Path Delay (CPD): 5.46593 ns
Initial placement estimated setup Total Negative Slack (sTNS): -32.7301 ns
Initial placement estimated setup Worst Negative Slack (sWNS): -5.46593 ns

Initial placement estimated setup slack histogram:
[ -5.5e-09: -5.2e-09) 1 ( 12.5%) |*************************
[ -5.2e-09: -4.8e-09) 2 ( 25.0%) |*************************************************
[ -4.8e-09: -4.5e-09) 0 (  0.0%) |
[ -4.5e-09: -4.2e-09) 0 (  0.0%) |
[ -4.2e-09: -3.9e-09) 2 ( 25.0%) |*************************************************
[ -3.9e-09: -3.6e-09) 1 ( 12.5%) |*************************
[ -3.6e-09: -3.3e-09) 0 (  0.0%) |
[ -3.3e-09:   -3e-09) 0 (  0.0%) |
[   -3e-09: -2.6e-09) 1 ( 12.5%) |*************************
[ -2.6e-09: -2.3e-09) 1 ( 12.5%) |*************************
Placement contains 0 placement macros involving 0 blocks (average macro size -nan)

Moves per temperature: 325
Warning 13: Starting t: 43 of 129 configurations accepted.

---- ------ ------- ------- ---------- ---------- ------- ---------- -------- ------- ------- ------ -------- --------- ------
Tnum   Time       T Av Cost Av BB Cost Av TD Cost     CPD       sTNS     sWNS Ac Rate Std Dev  R lim Crit Exp Tot Moves  Alpha
      (sec)                                          (ns)       (ns)     (ns)                                                 
---- ------ ------- ------- ---------- ---------- ------- ---------- -------- ------- ------- ------ -------- --------- ------
   1    0.0 4.3e-04   0.969     140.97 5.6192e-07   5.466      -31.1   -5.466   0.222  0.0180   13.0     1.00       325  0.200
   2    0.0 4.1e-04   0.978     134.60 4.0662e-07   4.571      -29.4   -4.571   0.212  0.0148   10.2     2.66       650  0.950
   3    0.0 3.9e-04   0.981     130.26 2.5403e-07   4.609      -29.5   -4.609   0.163  0.0091    7.8     4.01       975  0.950
   4    0.0 3.7e-04   0.982     129.77 1.9215e-07   4.534      -28.3   -4.534   0.178  0.0083    5.7     5.27      1300  0.950
   5    0.0 3.5e-04   0.973     127.40 1.8638e-07   4.384      -28.4   -4.384   0.178  0.0140    4.2     6.14      1625  0.950
   6    0.0 3.3e-04   0.971     124.79 1.1076e-07   4.613      -28.1   -4.613   0.191  0.0137    3.1     6.78      1950  0.950
   7    0.0 3.2e-04   0.965     123.70 8.6944e-08   4.679      -28.2   -4.679   0.191  0.0157    2.3     7.23      2275  0.950
   8    0.0 3.0e-04   0.974     122.49 9.5561e-08   4.604        -28   -4.604   0.372  0.0102    1.7     7.57      2600  0.950
   9    0.0 2.9e-04   0.987     122.43 1.5289e-07   4.412      -27.8   -4.412   0.363  0.0068    1.6     7.63      2925  0.950
  10    0.0 2.7e-04   0.984     120.87 1.5203e-07   4.361      -27.5   -4.361   0.329  0.0067    1.5     7.71      3250  0.950
  11    0.0 2.6e-04   0.987     119.43 1.6438e-07   4.283      -27.5   -4.283   0.289  0.0058    1.3     7.80      3575  0.950
  12    0.0 2.5e-04   0.991     119.40 1.5143e-07   4.283      -27.2   -4.283   0.292  0.0058    1.1     7.92      3900  0.950
  13    0.0 2.3e-04   0.994     118.22 1.3959e-07   4.347      -26.5   -4.347   0.246  0.0038    1.0     8.00      4225  0.950
  14    0.0 2.2e-04   0.995     117.67 1.5392e-07   4.350      -27.4   -4.350   0.255  0.0037    1.0     8.00      4550  0.950
  15    0.0 2.1e-04   0.997     117.74 1.3762e-07   4.418      -26.7   -4.418   0.252  0.0010    1.0     8.00      4875  0.950
  16    0.0 2.0e-04   0.990     117.42 1.585e-07    4.335      -25.9   -4.335   0.222  0.0047    1.0     8.00      5200  0.950
  17    0.0 1.9e-04   0.994     116.91 1.6097e-07   4.263      -26.3   -4.263   0.231  0.0036    1.0     8.00      5525  0.950
  18    0.0 1.8e-04   0.995     116.46 1.3782e-07   4.271      -26.1   -4.271   0.209  0.0045    1.0     8.00      5850  0.950
  19    0.0 1.7e-04   0.997     116.02 1.4186e-07   4.216      -26.5   -4.216   0.200  0.0005    1.0     8.00      6175  0.950
  20    0.0 1.6e-04   0.995     116.80 1.6736e-07   4.132      -26.1   -4.132   0.175  0.0033    1.0     8.00      6500  0.950
  21    0.0 1.6e-04   0.993     115.86 1.6644e-07   4.135      -26.2   -4.135   0.163  0.0032    1.0     8.00      6825  0.950
  22    0.0 1.5e-04   0.997     115.65 1.8335e-07   4.081        -26   -4.081   0.154  0.0020    1.0     8.00      7150  0.950
  23    0.0 1.4e-04   0.994     115.53 1.3974e-07   4.277      -26.2   -4.277   0.185  0.0023    1.0     8.00      7475  0.950
  24    0.0 1.3e-04   0.994     115.18 1.5794e-07   4.143      -26.1   -4.143   0.142  0.0034    1.0     8.00      7800  0.950
  25    0.0 1.1e-04   0.996     114.50 1.5408e-07   4.163      -25.9   -4.163   0.132  0.0020    1.0     8.00      8125  0.800
Agent's 2nd state: 
Checkpoint saved: bb_costs=114.413, TD costs=1.7046e-07, CPD=  4.085 (ns) 
  26    0.0 8.5e-05   0.996     114.40 1.6919e-07   4.085      -26.1   -4.085   0.095  0.0020    1.0     8.00      8450  0.800
  27    0.0 6.8e-05   0.993     114.59 1.196e-07    4.263      -26.1   -4.263   0.135  0.0033    1.0     8.00      8775  0.800
  28    0.0 5.4e-05   0.991     115.76 1.726e-07    4.096      -26.2   -4.096   0.138  0.0040    1.0     8.00      9100  0.800
  29    0.0 4.4e-05   0.997     115.18 1.6611e-07   4.099      -26.2   -4.099   0.068  0.0013    1.0     8.00      9425  0.800
  30    0.0 3.5e-05   0.997     114.87 1.6594e-07   4.099      -25.9   -4.099   0.077  0.0014    1.0     8.00      9750  0.800
  31    0.0 2.8e-05   0.996     114.70 1.6451e-07   4.103      -25.7   -4.103   0.074  0.0023    1.0     8.00     10075  0.800
  32    0.0 2.2e-05   0.996     114.57 1.5989e-07   4.085      -25.7   -4.085   0.071  0.0024    1.0     8.00     10400  0.800
  33    0.0 1.8e-05   0.997     114.36 1.6149e-07   4.085      -25.9   -4.085   0.040  0.0015    1.0     8.00     10725  0.800
Checkpoint saved: bb_costs=114.23, TD costs=2.0002e-07, CPD=  3.978 (ns) 
  34    0.0 1.4e-05   0.997     114.18 1.9904e-07   3.978      -25.6   -3.978   0.068  0.0016    1.0     8.00     11050  0.800
  35    0.0 1.1e-05   0.997     113.82 1.6736e-07   4.066      -25.8   -4.066   0.058  0.0014    1.0     8.00     11375  0.800
  36    0.0 9.1e-06   0.997     113.91 1.3506e-07   4.183        -26   -4.183   0.046  0.0011    1.0     8.00     11700  0.800
  37    0.0 0.0e+00   0.997     114.15 1.6325e-07   4.083      -25.8   -4.083   0.043  0.0014    1.0     8.00     12025  0.800
## Placement Quench took 0.00 seconds (max_rss 72.2 MiB)
post-quench CPD = 4.06426 (ns) 

Checkpoint restored

BB estimate of min-dist (placement) wire length: 4569

Completed placement consistency check successfully.

Swaps called: 12154

Aborted Move Reasons:
  No moves aborted

Placement estimated critical path delay (least slack): 3.97753 ns, Fmax: 251.412 MHz
Placement estimated setup Worst Negative Slack (sWNS): -3.97753 ns
Placement estimated setup Total Negative Slack (sTNS): -25.5845 ns

Placement estimated setup slack histogram:
[   -4e-09: -3.8e-09) 2 ( 25.0%) |*********************************
[ -3.8e-09: -3.6e-09) 1 ( 12.5%) |****************
[ -3.6e-09: -3.3e-09) 0 (  0.0%) |
[ -3.3e-09: -3.1e-09) 3 ( 37.5%) |*************************************************
[ -3.1e-09: -2.9e-09) 0 (  0.0%) |
[ -2.9e-09: -2.7e-09) 0 (  0.0%) |
[ -2.7e-09: -2.5e-09) 1 ( 12.5%) |****************
[ -2.5e-09: -2.3e-09) 0 (  0.0%) |
[ -2.3e-09: -2.1e-09) 0 (  0.0%) |
[ -2.1e-09: -1.8e-09) 1 ( 12.5%) |****************

Placement estimated geomean non-virtual intra-domain period: nan ns (nan MHz)
Placement estimated fanout-weighted geomean non-virtual intra-domain period: nan ns (nan MHz)

Placement cost: 1, bb_cost: 114.23, td_cost: 2.0002e-07, 

Placement resource usage:
  io  implemented as io : 22
  clb implemented as clb: 107

Placement number of temperatures: 37
Placement total # of swap attempts: 12154
	Swaps accepted:  2143 (17.6 %)
	Swaps rejected:  9216 (75.8 %)
	Swaps aborted:   795 ( 6.5 %)


Placement perturbation distribution by block and move type: 
------------------ ----------------- ---------------- ---------------- --------------- ------------ 
    Block Type         Move Type       (%) of Total      Accepted(%)     Rejected(%)    Aborted(%)
------------------ ----------------- ---------------- ---------------- --------------- ------------ 
io                 Uniform                4.09             41.85           58.15          0.00         
                   Median                 3.32             14.14           11.91          73.95        
                   Centroid               3.73             32.45           32.67          34.88        
                   W. Centroid            3.94             37.58           30.69          31.73        
                   W. Median              0.73             1.12            28.09          70.79        
                   Crit. Uniform          2.58             16.88           83.12          0.00         
                   Feasible Region        2.39             14.48           63.79          21.72        

clb                Uniform                18.99            15.21           84.79          0.00         
                   Median                 17.32            19.81           77.91          2.28         
                   Centroid               17.26            14.92           85.08          0.00         
                   W. Centroid            17.42            15.16           84.84          0.00         
                   W. Median              3.74             7.47            89.67          2.86         
                   Crit. Uniform          2.35             4.20            95.80          0.00         
                   Feasible Region        2.14             2.69            97.31          0.00         


Placement Quench timing analysis took 0.00110123 seconds (0.000880856 STA, 0.000220375 slack) (1 full updates: 1 setup, 0 hold, 0 combined).
Placement Total  timing analysis took 0.057001 seconds (0.0486232 STA, 0.00837786 slack) (40 full updates: 40 setup, 0 hold, 0 combined).
update_td_costs: connections 0 nets 0 sum_nets 0 total 0
# Placement took 0.13 seconds (max_rss 72.2 MiB, delta_rss +0.0 MiB)

# Routing
RR graph channel widths unchanged, skipping RR graph rebuild
## Initializing router criticalities
Initial Net Connection Criticality Histogram:
[        0:      0.1)   0 (  0.0%) |
[      0.1:      0.2)   0 (  0.0%) |
[      0.2:      0.3)   0 (  0.0%) |
[      0.3:      0.4)   7 (  0.4%) |
[      0.4:      0.5)  58 (  3.0%) |****
[      0.5:      0.6) 106 (  5.4%) |*******
[      0.6:      0.7) 442 ( 22.7%) |*****************************
[      0.7:      0.8) 716 ( 36.8%) |***********************************************
[      0.8:      0.9) 478 ( 24.6%) |*******************************
[      0.9:        1) 138 (  7.1%) |*********
## Initializing router criticalities took 0.02 seconds (max_rss 72.2 MiB, delta_rss +0.0 MiB)
---- ------ ------- ---- ------- ------- ------- ----------------- --------------- -------- ---------- ---------- ---------- ---------- --------
Iter   Time    pres  BBs    Heap  Re-Rtd  Re-Rtd Overused RR Nodes      Wirelength      CPD       sTNS       sWNS       hTNS       hWNS Est Succ
      (sec)     fac Updt    push    Nets   Conns                                       (ns)       (ns)       (ns)       (ns)       (ns)     Iter
---- ------ ------- ---- ------- ------- ------- ----------------- --------------- -------- ---------- ---------- ---------- ---------- --------
   1    0.0     0.0    0   43806     553    1945     850 ( 4.908%)    5837 (46.8%)    5.283     -32.43     -5.283      0.000      0.000      N/A
Incr Slack updates 40 in 0.00301623 sec
Full Max Req/Worst Slack updates 23 in 2.0851e-05 sec
Incr Max Req/Worst Slack updates 17 in 1.613e-05 sec
Incr Criticality updates 4 in 0.00048368 sec
Full Criticality updates 36 in 0.00441909 sec
   2    0.0     0.5    2   41211     419    1714     345 ( 1.992%)    5851 (46.9%)    5.404     -32.50     -5.404      0.000      0.000      N/A
   3    0.0     0.6    2   32266     256    1296     275 ( 1.588%)    5866 (47.0%)    5.424     -32.66     -5.424      0.000      0.000      N/A
   4    0.0     0.8    1   32811     230    1261     241 ( 1.391%)    5856 (46.9%)    5.422     -33.12     -5.422      0.000      0.000      N/A
   5    0.0     1.1    3   32584     188    1197     150 ( 0.866%)    6057 (48.5%)    5.397     -32.97     -5.397      0.000      0.000      N/A
   6    0.0     1.4    2   31152     162    1122     116 ( 0.670%)    6120 (49.0%)    5.397     -33.19     -5.397      0.000      0.000      N/A
   7    0.0     1.9    1   28126     132     995      55 ( 0.318%)    6199 (49.7%)    5.397     -33.37     -5.397      0.000      0.000      N/A
   8    0.0     2.4    2   27643     127     974      38 ( 0.219%)    6212 (49.8%)    5.475     -33.54     -5.475      0.000      0.000      N/A
   9    0.0     3.1    0   27087     119     947      16 ( 0.092%)    6271 (50.2%)    5.475     -33.46     -5.475      0.000      0.000      N/A
  10    0.0     4.1    1   26337     112     932       5 ( 0.029%)    6271 (50.2%)    5.475     -33.86     -5.475      0.000      0.000       14
  11    0.0     5.3    1   26477     112     928       3 ( 0.017%)    6287 (50.4%)    5.475     -33.20     -5.475      0.000      0.000       12
  12    0.0     6.9    0   26851     111     927       3 ( 0.017%)    6329 (50.7%)    5.475     -33.44     -5.475      0.000      0.000       12
  13    0.0     9.0    0   26466     109     925       1 ( 0.006%)    6314 (50.6%)    5.475     -33.25     -5.475      0.000      0.000       13
  14    0.0    11.6    0   26946     109     922       0 ( 0.000%)    6323 (50.7%)    5.475     -33.38     -5.475      0.000      0.000       13
Restoring best routing
Critical path: 5.47525 ns
Successfully routed after 14 routing iterations.
Final Net Connection Criticality Histogram:
[        0:      0.1)   0 (  0.0%) |
[      0.1:      0.2)   0 (  0.0%) |
[      0.2:      0.3)   0 (  0.0%) |
[      0.3:      0.4)   8 (  0.4%) |*
[      0.4:      0.5)  38 (  2.0%) |***
[      0.5:      0.6) 186 (  9.6%) |**************
[      0.6:      0.7) 470 ( 24.2%) |**********************************
[      0.7:      0.8) 647 ( 33.3%) |***********************************************
[      0.8:      0.9) 467 ( 24.0%) |**********************************
[      0.9:        1) 129 (  6.6%) |*********
Router Stats: total_nets_routed: 2739 total_connections_routed: 16085 total_heap_pushes: 429763 total_heap_pops: 80546 
# Routing took 0.14 seconds (max_rss 72.2 MiB, delta_rss +0.0 MiB)

Checking to ensure routing is legal...
# Checking to ensure non-configurable edges are legal
# Checking to ensure non-configurable edges are legal took 0.00 seconds (max_rss 72.2 MiB, delta_rss +0.0 MiB)
Completed routing consistency check successfully.

Serial number (magic cookie) for the routing is: -349550761
Circuit successfully routed with a channel width factor of 40.
# Synchronize the packed netlist to routing optimization
## Annotating rr_node with routed nets
## Annotating rr_node with routed nets took 0.00 seconds (max_rss 72.2 MiB, delta_rss +0.0 MiB)
Found 2694 mismatches between routing and packing results.
Fixed 1889 routing traces due to mismatch between routing and packing results.
# Synchronize the packed netlist to routing optimization took 0.02 seconds (max_rss 72.2 MiB, delta_rss +0.0 MiB)
Final Clustering Statistics: 
----------   --------   ------------------------------------   --------------------------
Block Type   # Blocks   Avg. # of input clocks and pins used   Avg. # of output pins used
----------   --------   ------------------------------------   --------------------------
     EMPTY          0                                      0                            0   
        io         22                               0.363636                     0.636364   
       clb        107                                18.1028                      5.03738   
   mult_36          0                                      0                            0   
    memory          0                                      0                            0   
Absorbed logical nets 634 out of 1187 nets, 553 nets not absorbed.


Average number of bends per net: 1.13382  Maximum # of bends: 20

Number of global nets: 0
Number of routed nets (nonglobal): 553
Wire length results (in units of 1 clb segments)...
	Total wirelength: 6323, average net length: 11.4340
	Maximum net length: 172

Wire length results in terms of physical segments...
	Total wiring segments used: 1752, average wire segments per net: 3.16817
	Maximum segments used by a net: 51
	Total local nets with reserved CLB opins: 0
Total number of nets absorbed: 0

Routing channel utilization histogram:
[        1:      inf)  0 (  0.0%) |
[      0.9:        1)  0 (  0.0%) |
[      0.8:      0.9) 18 (  5.3%) |***********
[      0.7:      0.8) 80 ( 23.7%) |************************************************
[      0.5:      0.6) 58 ( 17.2%) |***********************************
[      0.4:      0.5) 50 ( 14.8%) |******************************
[      0.3:      0.4) 44 ( 13.0%) |**************************
[      0.2:      0.3) 32 (  9.5%) |*******************
[      0.1:      0.2) 24 (  7.1%) |**************
[        0:      0.1) 32 (  9.5%) |*******************
Maximum routing channel utilization:       0.9 at (5,7)

X - Directed channels:   j max occ ave occ capacity
                      ---- ------- ------- --------
                         0      24  13.571       40
                         1      26  15.214       40
                         2      29  18.929       40
                         3      32  20.357       40
                         4      34  20.786       40
                         5      33  20.929       40
                         6      34  20.857       40
                         7      36  22.000       40
                         8      33  20.643       40
                         9      27  19.000       40
                        10      22  13.500       40
                        11      19  13.000       40
                        12       8   4.500       40
Y - Directed channels:   i max occ ave occ capacity
                      ---- ------- ------- --------
                         0      26  13.429       40
                         1      27  16.286       40
                         2      24  13.857       40
                         3      38  23.000       40
                         4      37  21.000       40
                         5      29  17.357       40
                         6      32  17.857       40
                         7      36  22.000       40
                         8      31  20.643       40
                         9      27  17.071       40
                        10      29  17.643       40
                        11      27  17.143       40
                        12      21  11.071       40

Total tracks in x-direction: 520, in y-direction: 520

Logic area (in minimum width transistor areas, excludes I/Os and empty grid tiles)...
	Total logic block area (Warning, need to add pitch of routing to blocks with height > 3): 9.20055e+06
	Total used logic block area: 5.76666e+06

Routing area (in minimum width transistor areas)...
	Total routing area: 488146., per logic tile: 2490.54

Total Number of Wiring Segments by Direction: direction length number
                                              --------- ------ -------
                                                      X      4   1950
                                                      Y      4   1950

X - Directed Wiring Segment usage by length: length utilization
                                             ------ -----------
                                             4       0.447

Y - Directed Wiring Segment usage by length: length utilization
                                             ------ -----------
                                             4       0.451

Segment occupancy by length: Length utilization
                             ------ -----------
                             L4           0.449

Segment occupancy by type:              name type utilization
                           ----------------- ---- -----------
                           unnamed_segment_0    0       0.449

Final hold Worst Negative Slack (hWNS): 0 ns
Final hold Total Negative Slack (hTNS): 0 ns

Final hold slack histogram:
[  1.3e-09:  1.3e-09) 1 ( 12.5%) |*************************
[  1.3e-09:  1.4e-09) 1 ( 12.5%) |*************************
[  1.4e-09:  1.5e-09) 0 (  0.0%) |
[  1.5e-09:  1.6e-09) 1 ( 12.5%) |*************************
[  1.6e-09:  1.6e-09) 0 (  0.0%) |
[  1.6e-09:  1.7e-09) 0 (  0.0%) |
[  1.7e-09:  1.8e-09) 0 (  0.0%) |
[  1.8e-09:  1.9e-09) 1 ( 12.5%) |*************************
[  1.9e-09:  1.9e-09) 2 ( 25.0%) |*************************************************
[  1.9e-09:    2e-09) 2 ( 25.0%) |*************************************************

Final critical path delay (least slack): 5.47525 ns, Fmax: 182.64 MHz
Final setup Worst Negative Slack (sWNS): -5.47525 ns
Final setup Total Negative Slack (sTNS): -33.3833 ns

Final setup slack histogram:
[ -5.5e-09: -5.2e-09) 1 ( 12.5%) |*************************
[ -5.2e-09: -4.9e-09) 0 (  0.0%) |
[ -4.9e-09: -4.7e-09) 1 ( 12.5%) |*************************
[ -4.7e-09: -4.4e-09) 2 ( 25.0%) |*************************************************
[ -4.4e-09: -4.1e-09) 0 (  0.0%) |
[ -4.1e-09: -3.8e-09) 2 ( 25.0%) |*************************************************
[ -3.8e-09: -3.6e-09) 0 (  0.0%) |
[ -3.6e-09: -3.3e-09) 1 ( 12.5%) |*************************
[ -3.3e-09:   -3e-09) 0 (  0.0%) |
[   -3e-09: -2.8e-09) 1 ( 12.5%) |*************************

Final geomean non-virtual intra-domain period: nan ns (nan MHz)
Final fanout-weighted geomean non-virtual intra-domain period: nan ns (nan MHz)

Incr Slack updates 1 in 7.2276e-05 sec
Full Max Req/Worst Slack updates 1 in 1.463e-06 sec
Incr Max Req/Worst Slack updates 0 in 0 sec
Incr Criticality updates 0 in 0 sec
Full Criticality updates 1 in 0.000122911 sec
Flow timing analysis took 0.136799 seconds (0.122385 STA, 0.0144144 slack) (57 full updates: 41 setup, 0 hold, 16 combined).
VPR succeeded
The entire flow of VPR took 1.36 seconds (max_rss 72.2 MiB)
Incr Slack updates 15 in 0.00122499 sec
Full Max Req/Worst Slack updates 3 in 4.118e-06 sec
Incr Max Req/Worst Slack updates 12 in 1.3084e-05 sec
Incr Criticality updates 8 in 0.000927226 sec
Full Criticality updates 7 in 0.000926602 sec
	Command being timed: "/packages/apps/vtr/8.0.0-git/vpr/vpr k6_frac_N10_mem32K_40nm.xml alu4 --circuit_file alu4.pre-vpr.blif --route_chan_width 40 --max_criticality 0.5 --seed 1"
	User time (seconds): 1.28
	System time (seconds): 0.05
	Percent of CPU this job got: 95%
	Elapsed (wall clock) time (h:mm:ss or m:ss): 0:01.39
	Average shared text size (kbytes): 0
	Average unshared data size (kbytes): 0
	Average stack size (kbytes): 0
	Average total size (kbytes): 0
	Maximum resident set size (kbytes): 73928
	Average resident set size (kbytes): 0
	Major (requiring I/O) page faults: 0
	Minor (reclaiming a frame) page faults: 38352
	Voluntary context switches: 237
	Involuntary context switches: 20
	Swaps: 0
	File system inputs: 4304
	File system outputs: 9784
	Socket messages sent: 0
	Socket messages received: 0
	Signals delivered: 0
	Page size (bytes): 4096
	Exit status: 0
