/usr/bin/env time -v /packages/apps/vtr/8.0.0-git/vpr/vpr k6_frac_N10_mem32K_40nm.xml sha --circuit_file sha.pre-vpr.blif --route_chan_width 60 --max_criticality 0.5 --astar_fac 0 --seed 20
VPR FPGA Placement and Routing.
Version: 8.1.0-dev+109c5adcc
Revision: v8.0.0-9695-g109c5adcc
Compiled: 2024-02-23T09:38:13
Compiler: GNU 11.2.0 on Linux-4.18.0-348.el8.0.2.x86_64 x86_64
Build Info: release IPO VTR_ASSERT_LEVEL=2

University of Toronto
verilogtorouting.org
vtr-users@googlegroups.com
This is free open source code under MIT license.

VPR was run with the following command-line:
/packages/apps/vtr/8.0.0-git/vpr/vpr k6_frac_N10_mem32K_40nm.xml sha --circuit_file sha.pre-vpr.blif --route_chan_width 60 --max_criticality 0.5 --astar_fac 0 --seed 20


Architecture file: k6_frac_N10_mem32K_40nm.xml
Circuit name: sha

# Loading Architecture Description
# Loading Architecture Description took 0.01 seconds (max_rss 15.4 MiB, delta_rss +2.7 MiB)

Timing analysis: ON
Circuit netlist file: sha.net
Circuit placement file: sha.place
Circuit routing file: sha.route
Circuit SDC file: sha.sdc
Vpr floorplanning constraints file: not specified

Packer: ENABLED
Placer: ENABLED
Router: ENABLED
Analysis: ENABLED

VPR was run with the following options:

NetlistOpts.abosrb_buffer_luts            : true
NetlistOpts.sweep_dangling_primary_ios    : true
NetlistOpts.sweep_dangling_nets           : true
NetlistOpts.sweep_dangling_blocks         : true
NetlistOpts.sweep_constant_primary_outputs: false
NetlistOpts.netlist_verbosity             : 1
NetlistOpts.const_gen_inference           : COMB_SEQ

PackerOpts.allow_unrelated_clustering: auto
PackerOpts.alpha_clustering: 0.750000
PackerOpts.beta_clustering: 0.900000
PackerOpts.cluster_seed_type: BLEND2
PackerOpts.connection_driven: true
PackerOpts.global_clocks: true
PackerOpts.hill_climbing_flag: false
PackerOpts.inter_cluster_net_delay: 1.000000
PackerOpts.timing_driven: true
PackerOpts.target_external_pin_util: auto

PlacerOpts.place_freq: PLACE_ONCE
PlacerOpts.place_algorithm: CRITICALITY_TIMING_PLACE
PlacerOpts.pad_loc_type: FREE
PlacerOpts.constraints_file: No constraints file given
PlacerOpts.place_cost_exp: 1.000000
PlacerOpts.place_chan_width: 60
PlacerOpts.inner_loop_recompute_divider: 0
PlacerOpts.recompute_crit_iter: 1
PlacerOpts.timing_tradeoff: 0.500000
PlacerOpts.td_place_exp_first: 1.000000
PlacerOpts.td_place_exp_last: 8.000000
PlacerOpts.delay_offset: 0.000000
PlacerOpts.delay_ramp_delta_threshold: -1
PlacerOpts.delay_ramp_slope: 0.000000
PlacerOpts.tsu_rel_margin: 1.000000
PlacerOpts.tsu_abs_margin: 0.000000
PlacerOpts.post_place_timing_report_file: 
PlacerOpts.allowed_tiles_for_delay_model: 
PlacerOpts.delay_model_reducer: MIN
PlacerOpts.delay_model_type: DELTA
PlacerOpts.rlim_escape_fraction: 0.000000
PlacerOpts.move_stats_file: 
PlacerOpts.placement_saves_per_temperature: 0
PlacerOpts.effort_scaling: CIRCUIT
PlacerOpts.place_delta_delay_matrix_calculation_method: ASTAR_ROUTE
PlaceOpts.seed: 20
AnnealSched.type: AUTO_SCHED
AnnealSched.inner_num: 0.500000

RouterOpts.route_type: DETAILED
RouterOpts.flat_routing: false
RouterOpts.has_choking_spot: false
RouterOpts.router_algorithm: TIMING_DRIVEN
RouterOpts.base_cost_type: DELAY_NORMALIZED_LENGTH
RouterOpts.fixed_channel_width: 60
RouterOpts.check_route: FULL
RouterOpts.acc_fac: 1.000000
RouterOpts.bb_factor: 3
RouterOpts.bend_cost: 0.000000
RouterOpts.first_iter_pres_fac: 0.000000
RouterOpts.initial_pres_fac: 0.500000
RouterOpts.pres_fac_mult: 1.300000
RouterOpts.max_router_iterations: 50
RouterOpts.min_incremental_reroute_fanout: 16
RouterOpts.do_check_rr_graph: true
RouterOpts.verify_binary_search: false
RouterOpts.min_channel_width_hint: 0
RouterOpts.read_rr_edge_metadata: false
RouterOpts.exit_after_first_routing_iteration: false
RouterOpts.astar_fac: 0.000000
RouterOpts.router_profiler_astar_fac: 1.200000
RouterOpts.criticality_exp: 1.000000
RouterOpts.max_criticality: 0.500000
RouterOpts.init_wirelength_abort_threshold: 0.850000
RouterOpts.save_routing_per_iteration: false
RouterOpts.congested_routing_iteration_threshold_frac: 1.000000
RouterOpts.high_fanout_threshold: 64
RouterOpts.router_debug_net: -2
RouterOpts.router_debug_sink_rr: -2
RouterOpts.router_debug_iteration: -2
RouterOpts.max_convergence_count: 1
RouterOpts.reconvergence_cpd_threshold: 0.990000
RouterOpts.update_lower_bound_delays: true
RouterOpts.first_iteration_timing_report_file: 
RouterOpts.incr_reroute_delay_ripup: AUTO
RouterOpts.route_bb_update: DYNAMIC
RouterOpts.lookahead_type: MAP
RouterOpts.initial_timing: LOOKAHEAD
RouterOpts.router_heap: BINARY_HEAP
RouterOpts.routing_failure_predictor = SAFE
RouterOpts.routing_budgets_algorithm = DISABLE

AnalysisOpts.gen_post_synthesis_netlist: false
AnalysisOpts.timing_report_npaths: 100
AnalysisOpts.timing_report_skew: false
AnalysisOpts.echo_dot_timing_graph_node: -1
AnalysisOpts.timing_report_detail: NETLIST
AnalysisOpts.post_synth_netlist_unconn_input_handling: UNCONNECTED
AnalysisOpts.post_synth_netlist_unconn_output_handling: UNCONNECTED

# Building complex block graph
Warning 1: io[0].clock[0] unconnected pin in architecture.
# Building complex block graph took 0.02 seconds (max_rss 22.2 MiB, delta_rss +6.7 MiB)
Circuit file: sha.pre-vpr.blif
# Load circuit
# Load circuit took 0.03 seconds (max_rss 27.3 MiB, delta_rss +5.1 MiB)
# Clean circuit
Absorbed 36 LUT buffers
Inferred    0 additional primitive pins as constant generators since they have no combinationally connected inputs
Inferred    0 additional primitive pins as constant generators due to constant inputs
Swept input(s)      : 0
Swept output(s)     : 0 (0 dangling, 0 constant)
Swept net(s)        : 0
Swept block(s)      : 0
Constant Pins Marked: 0
# Clean circuit took 0.00 seconds (max_rss 27.3 MiB, delta_rss +0.0 MiB)
# Compress circuit
# Compress circuit took 0.01 seconds (max_rss 27.6 MiB, delta_rss +0.3 MiB)
# Verify circuit
# Verify circuit took 0.00 seconds (max_rss 27.6 MiB, delta_rss +0.0 MiB)
Circuit Statistics:
  Blocks: 2606
    .input :      38
    .latch :     885
    .output:      36
    6-LUT  :    1647
  Nets  : 2570
    Avg Fanout:     3.9
    Max Fanout:   885.0
    Min Fanout:     1.0
  Netlist Clocks: 1
# Build Timing Graph
  Timing Graph Nodes: 12697
  Timing Graph Edges: 20218
  Timing Graph Levels: 46
# Build Timing Graph took 0.01 seconds (max_rss 29.6 MiB, delta_rss +1.9 MiB)
Netlist contains 1 clocks
  Netlist Clock 'clk_i' Fanout: 885 pins (7.0%), 885 blocks (34.0%)
# Load Timing Constraints

SDC file 'sha.sdc' not found
Setting default timing constraints:
   * constrain all primay inputs and primary outputs on netlist clock 'clk_i'
   * optimize netlist clock to run as fast as possible
Timing constraints created 1 clocks
  Constrained Clock 'clk_i' Source: 'clk_i.inpad[0]'

# Load Timing Constraints took 0.00 seconds (max_rss 29.6 MiB, delta_rss +0.0 MiB)
# Packing
Begin packing 'sha.pre-vpr.blif'.

After removing unused inputs...
	total blocks: 2606, total nets: 2570, total inputs: 38, total outputs: 36
Begin prepacking.
0 attraction groups were created during prepacking.
Finish prepacking.
Using inter-cluster delay: 1.33777e-09
Packing with pin utilization targets: io:1,1 clb:0.8,1 mult_36:1,1 memory:1,1
Packing with high fanout thresholds: io:128 clb:32 mult_36:128 memory:128
Starting Clustering - Clustering Progress: 
-------------------   --------------------------   ---------
Molecules processed   Number of clusters created   FPGA size
-------------------   --------------------------   ---------
    68/1724      3%                            6     5 x 5     
   136/1724      7%                           10     6 x 6     
   204/1724     11%                           15     7 x 7     
   272/1724     15%                           20     7 x 7     
   340/1724     19%                           25     9 x 9     
   408/1724     23%                           30     9 x 9     
   476/1724     27%                           36    10 x 10    
   544/1724     31%                           41    10 x 10    
   612/1724     35%                           47    10 x 10    
   680/1724     39%                           53    11 x 11    
   748/1724     43%                           60    11 x 11    
   816/1724     47%                           66    12 x 12    
   884/1724     51%                           73    13 x 13    
   952/1724     55%                           79    13 x 13    
  1020/1724     59%                           85    13 x 13    
  1088/1724     63%                           92    14 x 14    
  1156/1724     67%                           99    14 x 14    
  1224/1724     70%                          106    14 x 14    
  1292/1724     74%                          112    15 x 15    
  1360/1724     78%                          118    15 x 15    
  1428/1724     82%                          125    15 x 15    
  1496/1724     86%                          131    16 x 16    
  1564/1724     90%                          138    16 x 16    
  1632/1724     94%                          144    17 x 17    
  1700/1724     98%                          198    17 x 17    

Logic Element (fle) detailed count:
  Total number of Logic Elements used : 1458
  LEs used for logic and registers    : 879
  LEs used for logic only             : 579
  LEs used for registers only         : 0

Incr Slack updates 1 in 0.000146616 sec
Full Max Req/Worst Slack updates 1 in 1.8825e-05 sec
Incr Max Req/Worst Slack updates 0 in 0 sec
Incr Criticality updates 0 in 0 sec
Full Criticality updates 1 in 0.000234401 sec
FPGA sized to 17 x 17 (auto)
Device Utilization: 0.55 (target 1.00)
	Block Utilization: 0.15 Type: io
	Block Utilization: 0.90 Type: clb

Start the iterative improvement process
the iterative improvement process is done
Final Clustering Statistics: 
----------   --------   ------------------------------------   --------------------------
Block Type   # Blocks   Avg. # of input clocks and pins used   Avg. # of output pins used
----------   --------   ------------------------------------   --------------------------
     EMPTY          0                                      0                            0   
        io         74                               0.486486                     0.513514   
       clb        149                                20.4228                      6.95302   
   mult_36          0                                      0                            0   
    memory          0                                      0                            0   
Absorbed logical nets 1496 out of 2570 nets, 1074 nets not absorbed.

Netlist conversion complete.

# Packing took 0.92 seconds (max_rss 42.1 MiB, delta_rss +12.5 MiB)
# Load packing
Begin loading packed FPGA netlist file.
Netlist generated from file 'sha.net'.
Detected 0 constant generators (to see names run with higher pack verbosity)
Finished loading packed FPGA netlist file (took 0.15999 seconds).
Warning 2: Treated 0 constant nets as global which will not be routed (to see net names increase packer verbosity).
# Load packing took 0.17 seconds (max_rss 79.5 MiB, delta_rss +37.4 MiB)
Warning 3: Netlist contains 0 global net to non-global architecture pin connections
Cluster level netlist and block usage statistics
Netlist num_nets: 1074
Netlist num_blocks: 223
Netlist EMPTY blocks: 0.
Netlist io blocks: 74.
Netlist clb blocks: 149.
Netlist mult_36 blocks: 0.
Netlist memory blocks: 0.
Netlist inputs pins: 38
Netlist output pins: 36

Pb types usage...
  io             : 74
   inpad         : 38
   outpad        : 36
  clb            : 149
   fle           : 1458
    lut5inter    : 533
     ble5        : 725
      lut5       : 722
       lut       : 722
      ff         : 176
    ble6         : 925
     lut6        : 925
      lut        : 925
     ff          : 709

# Create Device
## Build Device Grid
FPGA sized to 17 x 17: 289 grid tiles (auto)

Resource usage...
	Netlist
		74	blocks of type: io
	Architecture
		480	blocks of type: io
	Netlist
		149	blocks of type: clb
	Architecture
		165	blocks of type: clb
	Netlist
		0	blocks of type: mult_36
	Architecture
		6	blocks of type: mult_36
	Netlist
		0	blocks of type: memory
	Architecture
		4	blocks of type: memory

Device Utilization: 0.55 (target 1.00)
	Physical Tile io:
	Block Utilization: 0.15 Logical Block: io
	Physical Tile clb:
	Block Utilization: 0.90 Logical Block: clb
	Physical Tile mult_36:
	Block Utilization: 0.00 Logical Block: mult_36
	Physical Tile memory:
	Block Utilization: 0.00 Logical Block: memory

FPGA size limited by block type(s): clb

## Build Device Grid took 0.00 seconds (max_rss 79.5 MiB, delta_rss +0.0 MiB)
## Build routing resource graph
SOURCE->OPIN and IPIN->SINK edge count:13013
OPIN->CHANX/CHANY edge count before creating direct connections: 26808
OPIN->CHANX/CHANY edge count after creating direct connections: 26808
CHAN->CHAN type edge count:126189
## Build routing resource graph took 0.10 seconds (max_rss 79.5 MiB, delta_rss +0.0 MiB)
  RR Graph Nodes: 28231
  RR Graph Edges: 166010
# Create Device took 0.11 seconds (max_rss 79.5 MiB, delta_rss +0.0 MiB)

# Computing router lookahead map
## Computing wire lookahead
## Computing wire lookahead took 0.28 seconds (max_rss 79.5 MiB, delta_rss +0.0 MiB)
## Computing src/opin lookahead
Warning 4: Found no sample locations for EMPTY
Warning 5: Found no more sample locations for SOURCE in io
Warning 6: Found no more sample locations for OPIN in io
Warning 7: Found no more sample locations for SOURCE in clb
Warning 8: Found no more sample locations for OPIN in clb
Warning 9: Found no more sample locations for SOURCE in mult_36
Warning 10: Found no more sample locations for OPIN in mult_36
Warning 11: Found no more sample locations for SOURCE in memory
Warning 12: Found no more sample locations for OPIN in memory
## Computing src/opin lookahead took 0.00 seconds (max_rss 79.5 MiB, delta_rss +0.0 MiB)
# Computing router lookahead map took 0.28 seconds (max_rss 79.5 MiB, delta_rss +0.0 MiB)
# Computing placement delta delay look-up
RR graph channel widths unchanged, skipping RR graph rebuild
## Computing delta delays
## Computing delta delays took 0.02 seconds (max_rss 79.5 MiB, delta_rss +0.0 MiB)
# Computing placement delta delay look-up took 0.02 seconds (max_rss 79.5 MiB, delta_rss +0.0 MiB)

Bounding box mode is Cube

Using simple RL 'Softmax agent' for choosing move and block types
# Placement
## Initial Placement
Initial placement iteration 0 has finished successfully
## Initial Placement took 0.00 seconds (max_rss 79.5 MiB, delta_rss +0.0 MiB)

There are 2932 point to point connections in this circuit.


BB estimate of min-dist (placement) wire length: 18177

Completed placement consistency check successfully.
Initial placement cost: 1 bb_cost: 302.957 td_cost: 3.94097e-07
Initial placement estimated Critical Path Delay (CPD): 18.9411 ns
Initial placement estimated setup Total Negative Slack (sTNS): -2664.66 ns
Initial placement estimated setup Worst Negative Slack (sWNS): -18.9411 ns

Initial placement estimated setup slack histogram:
[ -1.9e-08: -1.7e-08)   6 (  0.7%) |
[ -1.7e-08: -1.5e-08)   2 (  0.2%) |
[ -1.5e-08: -1.3e-08)   4 (  0.4%) |
[ -1.3e-08: -1.2e-08)   5 (  0.5%) |
[ -1.2e-08: -9.8e-09)  23 (  2.5%) |**
[ -9.8e-09: -7.9e-09)  38 (  4.1%) |***
[ -7.9e-09: -6.1e-09)  23 (  2.5%) |**
[ -6.1e-09: -4.3e-09)  22 (  2.4%) |**
[ -4.3e-09: -2.4e-09) 114 ( 12.4%) |********
[ -2.4e-09: -5.8e-10) 684 ( 74.3%) |***********************************************
Placement contains 0 placement macros involving 0 blocks (average macro size -nan)

Moves per temperature: 676
Warning 13: Starting t: 104 of 223 configurations accepted.

---- ------ ------- ------- ---------- ---------- ------- ---------- -------- ------- ------- ------ -------- --------- ------
Tnum   Time       T Av Cost Av BB Cost Av TD Cost     CPD       sTNS     sWNS Ac Rate Std Dev  R lim Crit Exp Tot Moves  Alpha
      (sec)                                          (ns)       (ns)     (ns)                                                 
---- ------ ------- ------- ---------- ---------- ------- ---------- -------- ------- ------- ------ -------- --------- ------
   1    0.0 7.2e-04   0.924     241.34 3.3158e-07  16.996  -2.74e+03  -16.996   0.500  0.0348   16.0     1.00       676  0.200
   2    0.0 6.8e-04   0.954     218.12 3.1401e-07  14.675  -2.69e+03  -14.675   0.417  0.0203   16.0     1.00      1352  0.950
   3    0.0 6.5e-04   0.990     213.32 2.6172e-07  14.457  -2.76e+03  -14.457   0.365  0.0066   15.6     1.17      2028  0.950
   4    0.0 6.2e-04   0.984     207.30 1.8265e-07  14.401  -2.77e+03  -14.401   0.373  0.0090   14.5     1.71      2704  0.950
   5    0.0 5.8e-04   0.984     201.91 1.5574e-07  13.608  -2.65e+03  -13.608   0.392  0.0065   13.5     2.17      3380  0.950
   6    0.0 5.6e-04   0.992     199.49 1.3966e-07  13.492  -2.57e+03  -13.492   0.367  0.0039   12.8     2.47      4056  0.950
   7    0.0 5.3e-04   0.992     197.26 1.2281e-07  13.517  -2.58e+03  -13.517   0.357  0.0035   11.9     2.91      4732  0.950
   8    0.0 5.0e-04   0.991     195.01 1.0535e-07  13.758  -2.54e+03  -13.758   0.337  0.0052   10.9     3.37      5408  0.950
   9    0.0 4.8e-04   0.996     191.11 9.7389e-08  13.477  -2.58e+03  -13.477   0.331  0.0052    9.8     3.90      6084  0.950
  10    0.0 4.5e-04   0.994     186.69 9.0938e-08  13.437  -2.61e+03  -13.437   0.320  0.0053    8.7     4.39      6760  0.950
  11    0.0 4.3e-04   0.998     185.87 8.7204e-08  13.016  -2.58e+03  -13.016   0.359  0.0020    7.7     4.88      7436  0.950
  12    0.0 4.1e-04   1.000     187.18 8.3363e-08  13.052  -2.68e+03  -13.052   0.340  0.0008    7.1     5.17      8112  0.950
  13    0.0 3.9e-04   0.996     187.33 8.0677e-08  12.824  -2.59e+03  -12.824   0.333  0.0012    6.4     5.50      8788  0.950
  14    0.0 3.7e-04   0.998     186.74 7.6889e-08  12.885  -2.66e+03  -12.885   0.340  0.0020    5.7     5.82      9464  0.950
  15    0.0 3.5e-04   0.996     184.62 7.6693e-08  12.742  -2.66e+03  -12.742   0.277  0.0026    5.1     6.08     10140  0.950
  16    0.0 3.3e-04   0.993     182.29 7.3961e-08  12.793  -2.69e+03  -12.793   0.309  0.0025    4.3     6.47     10816  0.950
  17    0.0 3.2e-04   0.998     181.83 7.0003e-08  12.902  -2.68e+03  -12.902   0.331  0.0010    3.7     6.73     11492  0.950
  18    0.0 3.0e-04   0.992     179.92 6.9259e-08  12.852   -2.7e+03  -12.852   0.311  0.0039    3.3     6.92     12168  0.950
  19    0.0 2.9e-04   0.996     178.75 6.7778e-08  12.815  -2.71e+03  -12.815   0.327  0.0030    2.9     7.12     12844  0.950
  20    0.0 2.7e-04   0.997     177.00 6.8084e-08  12.618   -2.7e+03  -12.618   0.291  0.0039    2.6     7.27     13520  0.950
  21    0.0 2.6e-04   1.000     176.22 6.3143e-08  12.777  -2.71e+03  -12.777   0.386  0.0007    2.2     7.45     14196  0.950
  22    0.0 2.4e-04   0.997     175.38 6.3764e-08  12.626   -2.7e+03  -12.626   0.419  0.0024    2.1     7.51     14872  0.950
  23    0.0 2.3e-04   0.999     173.82 6.1828e-08  12.750  -2.71e+03  -12.750   0.365  0.0018    2.0     7.53     15548  0.950
  24    0.0 2.2e-04   0.998     173.25 6.1992e-08  12.819  -2.71e+03  -12.819   0.325  0.0014    1.9     7.60     16224  0.950
  25    0.0 2.1e-04   0.999     172.64 6.0192e-08  12.755   -2.7e+03  -12.755   0.322  0.0007    1.7     7.70     16900  0.950
  26    0.0 2.0e-04   1.000     172.22 6.0001e-08  12.755   -2.7e+03  -12.755   0.321  0.0007    1.5     7.79     17576  0.950
  27    0.0 1.9e-04   0.998     172.33 6.2156e-08  12.519  -2.66e+03  -12.519   0.315  0.0009    1.3     7.87     18252  0.950
  28    0.0 1.8e-04   0.998     172.51 6.0962e-08  12.689  -2.66e+03  -12.689   0.315  0.0010    1.1     7.94     18928  0.950
  29    0.0 1.7e-04   0.997     172.79 6.2459e-08  12.508  -2.66e+03  -12.508   0.302  0.0019    1.0     8.00     19604  0.950
  30    0.0 1.6e-04   1.000     172.24 6.4898e-08  12.422  -2.66e+03  -12.422   0.314  0.0007    1.0     8.00     20280  0.950
  31    0.0 1.5e-04   0.999     172.43 6.3386e-08  12.424  -2.66e+03  -12.424   0.287  0.0010    1.0     8.00     20956  0.950
  32    0.0 1.5e-04   1.000     172.28 6.1416e-08  12.414  -2.67e+03  -12.414   0.260  0.0003    1.0     8.00     21632  0.950
  33    0.0 1.4e-04   1.000     172.26 6.1432e-08  12.458  -2.69e+03  -12.458   0.266  0.0004    1.0     8.00     22308  0.950
  34    0.0 1.3e-04   1.000     172.45 6.1567e-08  12.414  -2.69e+03  -12.414   0.278  0.0003    1.0     8.00     22984  0.950
  35    0.0 1.3e-04   0.997     171.73 6.3953e-08  12.346  -2.71e+03  -12.346   0.293  0.0016    1.0     8.00     23660  0.950
  36    0.0 1.2e-04   1.000     170.56 6.4814e-08  12.282  -2.71e+03  -12.282   0.277  0.0010    1.0     8.00     24336  0.950
  37    0.0 1.1e-04   0.998     169.79 6.3966e-08  12.362  -2.69e+03  -12.362   0.296  0.0009    1.0     8.00     25012  0.950
  38    0.0 1.1e-04   0.999     169.25 6.5112e-08  12.285   -2.7e+03  -12.285   0.272  0.0010    1.0     8.00     25688  0.950
  39    0.0 1.0e-04   1.000     169.21 6.3192e-08  12.359   -2.7e+03  -12.359   0.286  0.0006    1.0     8.00     26364  0.950
  40    0.0 9.7e-05   1.000     169.05 6.331e-08   12.359  -2.72e+03  -12.359   0.262  0.0005    1.0     8.00     27040  0.950
  41    0.0 9.2e-05   1.000     168.97 6.5078e-08  12.282  -2.69e+03  -12.282   0.222  0.0010    1.0     8.00     27716  0.950
  42    0.0 8.8e-05   1.000     168.58 6.4231e-08  12.282  -2.69e+03  -12.282   0.229  0.0002    1.0     8.00     28392  0.950
  43    0.0 8.3e-05   1.000     168.56 6.4162e-08  12.285  -2.69e+03  -12.285   0.246  0.0002    1.0     8.00     29068  0.950
  44    0.0 7.9e-05   0.999     168.19 6.4261e-08  12.285  -2.71e+03  -12.285   0.204  0.0002    1.0     8.00     29744  0.950
  45    0.0 7.5e-05   1.000     168.11 6.4312e-08  12.282  -2.68e+03  -12.282   0.222  0.0003    1.0     8.00     30420  0.950
  46    0.0 7.1e-05   0.999     168.03 6.449e-08   12.282  -2.69e+03  -12.282   0.234  0.0004    1.0     8.00     31096  0.950
  47    0.0 6.8e-05   1.000     167.92 6.4357e-08  12.285  -2.67e+03  -12.285   0.210  0.0002    1.0     8.00     31772  0.950
  48    0.0 6.4e-05   1.000     167.93 6.4254e-08  12.285  -2.69e+03  -12.285   0.192  0.0002    1.0     8.00     32448  0.950
  49    0.0 6.1e-05   1.000     167.69 6.4296e-08  12.282  -2.69e+03  -12.282   0.216  0.0002    1.0     8.00     33124  0.950
  50    0.0 5.8e-05   0.999     167.65 6.4235e-08  12.282  -2.68e+03  -12.282   0.201  0.0002    1.0     8.00     33800  0.950
  51    0.0 5.5e-05   1.000     167.52 6.4254e-08  12.285  -2.71e+03  -12.285   0.161  0.0001    1.0     8.00     34476  0.950
  52    0.0 5.2e-05   1.000     167.45 6.4233e-08  12.285  -2.71e+03  -12.285   0.191  0.0003    1.0     8.00     35152  0.950
  53    0.0 5.0e-05   1.000     167.46 6.4243e-08  12.282  -2.71e+03  -12.282   0.192  0.0001    1.0     8.00     35828  0.950
  54    0.0 4.7e-05   0.999     167.30 6.4226e-08  12.282  -2.71e+03  -12.282   0.188  0.0004    1.0     8.00     36504  0.950
  55    0.0 4.5e-05   1.000     167.12 6.4197e-08  12.285  -2.71e+03  -12.285   0.167  0.0001    1.0     8.00     37180  0.950
  56    0.0 4.3e-05   1.000     167.05 6.4232e-08  12.282  -2.71e+03  -12.282   0.167  0.0002    1.0     8.00     37856  0.950
  57    0.0 4.1e-05   1.000     166.96 6.4233e-08  12.282  -2.71e+03  -12.282   0.146  0.0001    1.0     8.00     38532  0.950
  58    0.0 3.2e-05   1.000     166.80 6.4207e-08  12.285  -2.68e+03  -12.285   0.133  0.0002    1.0     8.00     39208  0.800
Agent's 2nd state: 
Checkpoint saved: bb_costs=166.791, TD costs=6.42182e-08, CPD= 12.282 (ns) 
  59    0.0 2.6e-05   1.000     166.78 6.4218e-08  12.282  -2.71e+03  -12.282   0.098  0.0001    1.0     8.00     39884  0.800
  60    0.0 2.1e-05   1.000     166.70 6.4217e-08  12.282  -2.71e+03  -12.282   0.061  0.0001    1.0     8.00     40560  0.800
  61    0.0 1.7e-05   1.000     166.66 6.4197e-08  12.285  -2.68e+03  -12.285   0.086  0.0001    1.0     8.00     41236  0.800
  62    0.0 1.3e-05   1.000     166.57 6.4216e-08  12.282  -2.68e+03  -12.282   0.052  0.0001    1.0     8.00     41912  0.800
  63    0.0 1.1e-05   1.000     166.51 6.4216e-08  12.282  -2.68e+03  -12.282   0.049  0.0000    1.0     8.00     42588  0.800
  64    0.0 8.5e-06   1.000     166.51 6.4218e-08  12.282  -2.71e+03  -12.282   0.055  0.0000    1.0     8.00     43264  0.800
  65    0.0 6.8e-06   1.000     166.51 6.4212e-08  12.282  -2.71e+03  -12.282   0.047  0.0000    1.0     8.00     43940  0.800
  66    0.0 5.4e-06   1.000     166.49 6.4215e-08  12.282  -2.71e+03  -12.282   0.052  0.0000    1.0     8.00     44616  0.800
  67    0.0 0.0e+00   1.000     166.47 6.419e-08   12.282  -2.71e+03  -12.282   0.031  0.0004    1.0     8.00     45292  0.800
## Placement Quench took 0.01 seconds (max_rss 79.5 MiB)
post-quench CPD = 12.2823 (ns) 

BB estimate of min-dist (placement) wire length: 9984

Completed placement consistency check successfully.

Swaps called: 45515

Aborted Move Reasons:
  No moves aborted

Placement estimated critical path delay (least slack): 12.2823 ns, Fmax: 81.4183 MHz
Placement estimated setup Worst Negative Slack (sWNS): -12.2823 ns
Placement estimated setup Total Negative Slack (sTNS): -2684.76 ns

Placement estimated setup slack histogram:
[ -1.2e-08: -1.1e-08)   7 (  0.8%) |*
[ -1.1e-08: -9.9e-09)   4 (  0.4%) |
[ -9.9e-09: -8.7e-09)  33 (  3.6%) |****
[ -8.7e-09: -7.5e-09)  27 (  2.9%) |***
[ -7.5e-09: -6.3e-09)  15 (  1.6%) |**
[ -6.3e-09: -5.1e-09)  16 (  1.7%) |**
[ -5.1e-09: -3.9e-09)  15 (  1.6%) |**
[ -3.9e-09: -2.8e-09) 196 ( 21.3%) |************************
[ -2.8e-09: -1.6e-09) 379 ( 41.2%) |***********************************************
[ -1.6e-09: -3.7e-10) 229 ( 24.9%) |****************************

Placement estimated geomean non-virtual intra-domain period: 12.2823 ns (81.4183 MHz)
Placement estimated fanout-weighted geomean non-virtual intra-domain period: 12.2823 ns (81.4183 MHz)

Placement cost: 0.99901, bb_cost: 166.393, td_cost: 6.42357e-08, 

Placement resource usage:
  io  implemented as io : 74
  clb implemented as clb: 149

Placement number of temperatures: 67
Placement total # of swap attempts: 45515
	Swaps accepted: 11725 (25.8 %)
	Swaps rejected: 30351 (66.7 %)
	Swaps aborted:  3439 ( 7.6 %)


Placement perturbation distribution by block and move type: 
------------------ ----------------- ---------------- ---------------- --------------- ------------ 
    Block Type         Move Type       (%) of Total      Accepted(%)     Rejected(%)    Aborted(%)
------------------ ----------------- ---------------- ---------------- --------------- ------------ 
io                 Uniform                7.97             71.87           28.13          0.00         
                   Median                 7.98             51.87           14.90          33.23        
                   Centroid               7.86             56.33           15.99          27.68        
                   W. Centroid            7.79             55.43           17.01          27.56        
                   W. Median              0.64             17.24           35.52          47.24        

clb                Uniform                16.07            9.54            90.46          0.00         
                   Median                 15.32            14.17           84.18          1.65         
                   Centroid               15.45            10.37           89.63          0.00         
                   W. Centroid            15.86            10.72           89.28          0.00         
                   W. Median              1.27             2.08            95.67          2.25         
                   Crit. Uniform          1.94             0.00            100.00         0.00         
                   Feasible Region        1.86             0.24            99.76          0.00         


Placement Quench timing analysis took 0.00226728 seconds (0.00182223 STA, 0.000445057 slack) (1 full updates: 1 setup, 0 hold, 0 combined).
Placement Total  timing analysis took 0.158051 seconds (0.130496 STA, 0.0275549 slack) (69 full updates: 69 setup, 0 hold, 0 combined).
update_td_costs: connections 0 nets 0 sum_nets 0 total 0
# Placement took 0.46 seconds (max_rss 79.5 MiB, delta_rss +0.0 MiB)

# Routing
RR graph channel widths unchanged, skipping RR graph rebuild
## Initializing router criticalities
Initial Net Connection Criticality Histogram:
[        0:      0.1) 936 ( 30.4%) |***********************************************
[      0.1:      0.2) 714 ( 23.2%) |************************************
[      0.2:      0.3) 496 ( 16.1%) |*************************
[      0.3:      0.4) 112 (  3.6%) |******
[      0.4:      0.5)  80 (  2.6%) |****
[      0.5:      0.6) 115 (  3.7%) |******
[      0.6:      0.7) 137 (  4.4%) |*******
[      0.7:      0.8)  80 (  2.6%) |****
[      0.8:      0.9)  89 (  2.9%) |****
[      0.9:        1) 320 ( 10.4%) |****************
## Initializing router criticalities took 0.04 seconds (max_rss 79.5 MiB, delta_rss +0.0 MiB)
---- ------ ------- ---- ------- ------- ------- ----------------- --------------- -------- ---------- ---------- ---------- ---------- --------
Iter   Time    pres  BBs    Heap  Re-Rtd  Re-Rtd Overused RR Nodes      Wirelength      CPD       sTNS       sWNS       hTNS       hWNS Est Succ
      (sec)     fac Updt    push    Nets   Conns                                       (ns)       (ns)       (ns)       (ns)       (ns)     Iter
---- ------ ------- ---- ------- ------- ------- ----------------- --------------- -------- ---------- ---------- ---------- ---------- --------
   1    0.3     0.0    0 2377654    1073    2932    1390 ( 4.924%)   13448 (46.7%)   14.921     -3263.    -14.921      0.000      0.000      N/A
Incr Slack updates 69 in 0.00928707 sec
Full Max Req/Worst Slack updates 34 in 0.000598016 sec
Incr Max Req/Worst Slack updates 35 in 0.000805435 sec
Incr Criticality updates 16 in 0.00318112 sec
Full Criticality updates 53 in 0.0115365 sec
   2    0.1     0.5   11 1176105     744    2466     448 ( 1.587%)   13325 (46.3%)   15.005     -3187.    -15.005      0.000      0.000      N/A
   3    0.1     0.6    4  767408     509    1540     413 ( 1.463%)   13583 (47.2%)   15.199     -3195.    -15.199      0.000      0.000      N/A
   4    0.1     0.8    3  712519     434    1401     311 ( 1.102%)   13835 (48.0%)   15.340     -3188.    -15.340      0.000      0.000      N/A
   5    0.1     1.1    5  581414     335    1106     197 ( 0.698%)   14134 (49.1%)   15.331     -3244.    -15.331      0.000      0.000      N/A
   6    0.1     1.4    7  393064     288     906     157 ( 0.556%)   14313 (49.7%)   15.327     -3394.    -15.327      0.000      0.000      N/A
   7    0.0     1.9    4  307423     217     745      90 ( 0.319%)   14452 (50.2%)   15.584     -3303.    -15.584      0.000      0.000      N/A
   8    0.0     2.4    5  256305     179     591      51 ( 0.181%)   14665 (50.9%)   15.734     -3349.    -15.734      0.000      0.000      N/A
   9    0.0     3.1    2  151132     148     453      19 ( 0.067%)   14748 (51.2%)   15.728     -3348.    -15.728      0.000      0.000      N/A
  10    0.0     4.1    2  136168     128     386      14 ( 0.050%)   14802 (51.4%)   15.728     -3348.    -15.728      0.000      0.000       14
  11    0.0     5.3    0  122458     122     397       0 ( 0.000%)   14816 (51.4%)   15.728     -3357.    -15.728      0.000      0.000       14
Restoring best routing
Critical path: 15.7277 ns
Successfully routed after 11 routing iterations.
Final Net Connection Criticality Histogram:
[        0:      0.1) 837 ( 27.2%) |***********************************************
[      0.1:      0.2) 797 ( 25.9%) |*********************************************
[      0.2:      0.3) 513 ( 16.7%) |*****************************
[      0.3:      0.4) 119 (  3.9%) |*******
[      0.4:      0.5) 106 (  3.4%) |******
[      0.5:      0.6) 127 (  4.1%) |*******
[      0.6:      0.7) 122 (  4.0%) |*******
[      0.7:      0.8)  68 (  2.2%) |****
[      0.8:      0.9) 117 (  3.8%) |*******
[      0.9:        1) 273 (  8.9%) |***************
Router Stats: total_nets_routed: 4177 total_connections_routed: 12923 total_heap_pushes: 6981650 total_heap_pops: 1622826 
# Routing took 0.90 seconds (max_rss 79.5 MiB, delta_rss +0.0 MiB)

Checking to ensure routing is legal...
# Checking to ensure non-configurable edges are legal
# Checking to ensure non-configurable edges are legal took 0.00 seconds (max_rss 79.5 MiB, delta_rss +0.0 MiB)
Completed routing consistency check successfully.

Serial number (magic cookie) for the routing is: -1838079149
Circuit successfully routed with a channel width factor of 60.
# Synchronize the packed netlist to routing optimization
## Annotating rr_node with routed nets
## Annotating rr_node with routed nets took 0.00 seconds (max_rss 79.5 MiB, delta_rss +0.0 MiB)
Found 4007 mismatches between routing and packing results.
Fixed 2818 routing traces due to mismatch between routing and packing results.
# Synchronize the packed netlist to routing optimization took 0.03 seconds (max_rss 79.5 MiB, delta_rss +0.0 MiB)
Final Clustering Statistics: 
----------   --------   ------------------------------------   --------------------------
Block Type   # Blocks   Avg. # of input clocks and pins used   Avg. # of output pins used
----------   --------   ------------------------------------   --------------------------
     EMPTY          0                                      0                            0   
        io         74                               0.486486                     0.513514   
       clb        149                                20.4228                      6.95302   
   mult_36          0                                      0                            0   
    memory          0                                      0                            0   
Absorbed logical nets 1496 out of 2570 nets, 1074 nets not absorbed.


Average number of bends per net: 1.46692  Maximum # of bends: 15

Number of global nets: 1
Number of routed nets (nonglobal): 1073
Wire length results (in units of 1 clb segments)...
	Total wirelength: 14816, average net length: 13.8080
	Maximum net length: 239

Wire length results in terms of physical segments...
	Total wiring segments used: 3897, average wire segments per net: 3.63187
	Maximum segments used by a net: 64
	Total local nets with reserved CLB opins: 0
Total number of nets absorbed: 0

Routing channel utilization histogram:
[        1:      inf)   0 (  0.0%) |
[      0.9:        1)   4 (  0.8%) |*
[      0.8:      0.9)  56 ( 10.9%) |******************
[      0.7:      0.8) 148 ( 28.9%) |***********************************************
[      0.5:      0.6)  54 ( 10.5%) |*****************
[      0.4:      0.5)  48 (  9.4%) |***************
[      0.3:      0.4)  64 ( 12.5%) |********************
[      0.2:      0.3)  50 (  9.8%) |****************
[      0.1:      0.2)  38 (  7.4%) |************
[        0:      0.1)  50 (  9.8%) |****************
Maximum routing channel utilization:      0.93 at (9,7)

X - Directed channels:   j max occ ave occ capacity
                      ---- ------- ------- --------
                         0      43  24.647       60
                         1      39  22.706       60
                         2      45  27.000       60
                         3      49  29.529       60
                         4      51  32.588       60
                         5      49  31.529       60
                         6      51  33.059       60
                         7      56  32.882       60
                         8      51  32.882       60
                         9      51  30.647       60
                        10      52  33.059       60
                        11      46  27.235       60
                        12      51  28.941       60
                        13      43  25.294       60
                        14      39  17.118       60
                        15      29  11.765       60
Y - Directed channels:   i max occ ave occ capacity
                      ---- ------- ------- --------
                         0      19   8.176       60
                         1      22  12.294       60
                         2      23  15.529       60
                         3      42  25.824       60
                         4      46  30.706       60
                         5      48  32.471       60
                         6      46  32.059       60
                         7      54  38.882       60
                         8      57  38.353       60
                         9      51  32.059       60
                        10      50  33.882       60
                        11      55  36.941       60
                        12      50  33.471       60
                        13      43  24.529       60
                        14      38  21.412       60
                        15      24  14.059       60

Total tracks in x-direction: 960, in y-direction: 960

Logic area (in minimum width transistor areas, excludes I/Os and empty grid tiles)...
	Total logic block area (Warning, need to add pitch of routing to blocks with height > 3): 1.34605e+07
	Total used logic block area: 8.03021e+06

Routing area (in minimum width transistor areas)...
	Total routing area: 1.06831e+06, per logic tile: 3696.59

Total Number of Wiring Segments by Direction: direction length number
                                              --------- ------ -------
                                                      X      4   4320
                                                      Y      4   4320

X - Directed Wiring Segment usage by length: length utilization
                                             ------ -----------
                                             4       0.453

Y - Directed Wiring Segment usage by length: length utilization
                                             ------ -----------
                                             4       0.449

Segment occupancy by length: Length utilization
                             ------ -----------
                             L4           0.451

Segment occupancy by type:              name type utilization
                           ----------------- ---- -----------
                           unnamed_segment_0    0       0.451

Final hold Worst Negative Slack (hWNS): 0 ns
Final hold Total Negative Slack (hTNS): 0 ns

Final hold slack histogram:
[  2.9e-10:  4.8e-10) 878 ( 95.3%) |***********************************************
[  4.8e-10:  6.6e-10)  14 (  1.5%) |*
[  6.6e-10:  8.5e-10)  13 (  1.4%) |*
[  8.5e-10:    1e-09)   6 (  0.7%) |
[    1e-09:  1.2e-09)   2 (  0.2%) |
[  1.2e-09:  1.4e-09)   3 (  0.3%) |
[  1.4e-09:  1.6e-09)   1 (  0.1%) |
[  1.6e-09:  1.8e-09)   2 (  0.2%) |
[  1.8e-09:    2e-09)   0 (  0.0%) |
[    2e-09:  2.1e-09)   2 (  0.2%) |

Final critical path delay (least slack): 15.7277 ns, Fmax: 63.5821 MHz
Final setup Worst Negative Slack (sWNS): -15.7277 ns
Final setup Total Negative Slack (sTNS): -3356.59 ns

Final setup slack histogram:
[ -1.6e-08: -1.4e-08)   7 (  0.8%) |*
[ -1.4e-08: -1.3e-08)   4 (  0.4%) |
[ -1.3e-08: -1.1e-08)   4 (  0.4%) |
[ -1.1e-08: -9.6e-09)  28 (  3.0%) |***
[ -9.6e-09: -8.1e-09)  30 (  3.3%) |***
[ -8.1e-09: -6.6e-09)  22 (  2.4%) |**
[ -6.6e-09:   -5e-09)  24 (  2.6%) |**
[   -5e-09: -3.5e-09) 179 ( 19.4%) |******************
[ -3.5e-09:   -2e-09) 465 ( 50.5%) |***********************************************
[   -2e-09: -4.4e-10) 158 ( 17.2%) |****************

Final geomean non-virtual intra-domain period: 15.7277 ns (63.5821 MHz)
Final fanout-weighted geomean non-virtual intra-domain period: 15.7277 ns (63.5821 MHz)

Incr Slack updates 1 in 0.000123452 sec
Full Max Req/Worst Slack updates 1 in 1.9637e-05 sec
Incr Max Req/Worst Slack updates 0 in 0 sec
Incr Criticality updates 0 in 0 sec
Full Criticality updates 1 in 0.000227178 sec
Flow timing analysis took 0.276577 seconds (0.24065 STA, 0.0359268 slack) (83 full updates: 70 setup, 0 hold, 13 combined).
VPR succeeded
The entire flow of VPR took 3.17 seconds (max_rss 79.5 MiB)
Incr Slack updates 12 in 0.00139968 sec
Full Max Req/Worst Slack updates 4 in 6.9671e-05 sec
Incr Max Req/Worst Slack updates 8 in 0.000187992 sec
Incr Criticality updates 2 in 0.000312348 sec
Full Criticality updates 10 in 0.00209144 sec
	Command being timed: "/packages/apps/vtr/8.0.0-git/vpr/vpr k6_frac_N10_mem32K_40nm.xml sha --circuit_file sha.pre-vpr.blif --route_chan_width 60 --max_criticality 0.5 --astar_fac 0 --seed 20"
	User time (seconds): 3.07
	System time (seconds): 0.05
	Percent of CPU this job got: 97%
	Elapsed (wall clock) time (h:mm:ss or m:ss): 0:03.20
	Average shared text size (kbytes): 0
	Average unshared data size (kbytes): 0
	Average stack size (kbytes): 0
	Average total size (kbytes): 0
	Maximum resident set size (kbytes): 81444
	Average resident set size (kbytes): 0
	Major (requiring I/O) page faults: 0
	Minor (reclaiming a frame) page faults: 41966
	Voluntary context switches: 379
	Involuntary context switches: 22
	Swaps: 0
	File system inputs: 0
	File system outputs: 18160
	Socket messages sent: 0
	Socket messages received: 0
	Signals delivered: 0
	Page size (bytes): 4096
	Exit status: 0
