/usr/bin/env time -v /packages/apps/vtr/8.0.0-git/vpr/vpr k6_frac_N10_mem32K_40nm.xml ex4p --circuit_file ex4p.pre-vpr.blif --reorder_rr_graph_nodes_algorithm random_shuffle
VPR FPGA Placement and Routing.
Version: 8.1.0-dev+109c5adcc
Revision: v8.0.0-9695-g109c5adcc
Compiled: 2024-02-23T09:38:13
Compiler: GNU 11.2.0 on Linux-4.18.0-348.el8.0.2.x86_64 x86_64
Build Info: release IPO VTR_ASSERT_LEVEL=2

University of Toronto
verilogtorouting.org
vtr-users@googlegroups.com
This is free open source code under MIT license.

VPR was run with the following command-line:
/packages/apps/vtr/8.0.0-git/vpr/vpr k6_frac_N10_mem32K_40nm.xml ex4p --circuit_file ex4p.pre-vpr.blif --reorder_rr_graph_nodes_algorithm random_shuffle


Architecture file: k6_frac_N10_mem32K_40nm.xml
Circuit name: ex4p

# Loading Architecture Description
# Loading Architecture Description took 0.01 seconds (max_rss 15.5 MiB, delta_rss +2.7 MiB)

Timing analysis: ON
Circuit netlist file: ex4p.net
Circuit placement file: ex4p.place
Circuit routing file: ex4p.route
Circuit SDC file: ex4p.sdc
Vpr floorplanning constraints file: not specified

Packer: ENABLED
Placer: ENABLED
Router: ENABLED
Analysis: ENABLED

VPR was run with the following options:

NetlistOpts.abosrb_buffer_luts            : true
NetlistOpts.sweep_dangling_primary_ios    : true
NetlistOpts.sweep_dangling_nets           : true
NetlistOpts.sweep_dangling_blocks         : true
NetlistOpts.sweep_constant_primary_outputs: false
NetlistOpts.netlist_verbosity             : 1
NetlistOpts.const_gen_inference           : COMB_SEQ

PackerOpts.allow_unrelated_clustering: auto
PackerOpts.alpha_clustering: 0.750000
PackerOpts.beta_clustering: 0.900000
PackerOpts.cluster_seed_type: BLEND2
PackerOpts.connection_driven: true
PackerOpts.global_clocks: true
PackerOpts.hill_climbing_flag: false
PackerOpts.inter_cluster_net_delay: 1.000000
PackerOpts.timing_driven: true
PackerOpts.target_external_pin_util: auto

PlacerOpts.place_freq: PLACE_ONCE
PlacerOpts.place_algorithm: CRITICALITY_TIMING_PLACE
PlacerOpts.pad_loc_type: FREE
PlacerOpts.constraints_file: No constraints file given
PlacerOpts.place_cost_exp: 1.000000
PlacerOpts.place_chan_width: 100
PlacerOpts.inner_loop_recompute_divider: 0
PlacerOpts.recompute_crit_iter: 1
PlacerOpts.timing_tradeoff: 0.500000
PlacerOpts.td_place_exp_first: 1.000000
PlacerOpts.td_place_exp_last: 8.000000
PlacerOpts.delay_offset: 0.000000
PlacerOpts.delay_ramp_delta_threshold: -1
PlacerOpts.delay_ramp_slope: 0.000000
PlacerOpts.tsu_rel_margin: 1.000000
PlacerOpts.tsu_abs_margin: 0.000000
PlacerOpts.post_place_timing_report_file: 
PlacerOpts.allowed_tiles_for_delay_model: 
PlacerOpts.delay_model_reducer: MIN
PlacerOpts.delay_model_type: DELTA
PlacerOpts.rlim_escape_fraction: 0.000000
PlacerOpts.move_stats_file: 
PlacerOpts.placement_saves_per_temperature: 0
PlacerOpts.effort_scaling: CIRCUIT
PlacerOpts.place_delta_delay_matrix_calculation_method: ASTAR_ROUTE
PlaceOpts.seed: 1
AnnealSched.type: AUTO_SCHED
AnnealSched.inner_num: 0.500000

RouterOpts.route_type: DETAILED
RouterOpts.flat_routing: false
RouterOpts.has_choking_spot: false
RouterOpts.router_algorithm: TIMING_DRIVEN
RouterOpts.base_cost_type: DELAY_NORMALIZED_LENGTH
RouterOpts.fixed_channel_width: NO_FIXED_CHANNEL_WIDTH
RouterOpts.check_route: FULL
RouterOpts.acc_fac: 1.000000
RouterOpts.bb_factor: 3
RouterOpts.bend_cost: 0.000000
RouterOpts.first_iter_pres_fac: 0.000000
RouterOpts.initial_pres_fac: 0.500000
RouterOpts.pres_fac_mult: 1.300000
RouterOpts.max_router_iterations: 50
RouterOpts.min_incremental_reroute_fanout: 16
RouterOpts.do_check_rr_graph: true
RouterOpts.verify_binary_search: false
RouterOpts.min_channel_width_hint: 0
RouterOpts.read_rr_edge_metadata: false
RouterOpts.exit_after_first_routing_iteration: false
RouterOpts.astar_fac: 1.200000
RouterOpts.router_profiler_astar_fac: 1.200000
RouterOpts.criticality_exp: 1.000000
RouterOpts.max_criticality: 0.990000
RouterOpts.init_wirelength_abort_threshold: 0.850000
RouterOpts.save_routing_per_iteration: false
RouterOpts.congested_routing_iteration_threshold_frac: 1.000000
RouterOpts.high_fanout_threshold: 64
RouterOpts.router_debug_net: -2
RouterOpts.router_debug_sink_rr: -2
RouterOpts.router_debug_iteration: -2
RouterOpts.max_convergence_count: 1
RouterOpts.reconvergence_cpd_threshold: 0.990000
RouterOpts.update_lower_bound_delays: true
RouterOpts.first_iteration_timing_report_file: 
RouterOpts.incr_reroute_delay_ripup: AUTO
RouterOpts.route_bb_update: DYNAMIC
RouterOpts.lookahead_type: MAP
RouterOpts.initial_timing: LOOKAHEAD
RouterOpts.router_heap: BINARY_HEAP
RouterOpts.routing_failure_predictor = SAFE
RouterOpts.routing_budgets_algorithm = DISABLE

AnalysisOpts.gen_post_synthesis_netlist: false
AnalysisOpts.timing_report_npaths: 100
AnalysisOpts.timing_report_skew: false
AnalysisOpts.echo_dot_timing_graph_node: -1
AnalysisOpts.timing_report_detail: NETLIST
AnalysisOpts.post_synth_netlist_unconn_input_handling: UNCONNECTED
AnalysisOpts.post_synth_netlist_unconn_output_handling: UNCONNECTED

# Building complex block graph
Warning 1: io[0].clock[0] unconnected pin in architecture.
# Building complex block graph took 0.01 seconds (max_rss 22.2 MiB, delta_rss +6.7 MiB)
Circuit file: ex4p.pre-vpr.blif
# Load circuit
Found constant-zero generator 'no_27_'
# Load circuit took 0.00 seconds (max_rss 23.0 MiB, delta_rss +0.8 MiB)
# Clean circuit
Absorbed 14 LUT buffers
Inferred    0 additional primitive pins as constant generators since they have no combinationally connected inputs
Inferred    0 additional primitive pins as constant generators due to constant inputs
Inferred    0 additional primitive pins as constant generators since they have no combinationally connected inputs
Inferred    0 additional primitive pins as constant generators due to constant inputs
Inferred    0 additional primitive pins as constant generators since they have no combinationally connected inputs
Inferred    0 additional primitive pins as constant generators due to constant inputs
Swept input(s)      : 44
Swept output(s)     : 0 (0 dangling, 0 constant)
Swept net(s)        : 44
Swept block(s)      : 0
Constant Pins Marked: 0
# Clean circuit took 0.00 seconds (max_rss 23.0 MiB, delta_rss +0.0 MiB)
# Compress circuit
# Compress circuit took 0.00 seconds (max_rss 23.0 MiB, delta_rss +0.0 MiB)
# Verify circuit
# Verify circuit took 0.00 seconds (max_rss 23.0 MiB, delta_rss +0.0 MiB)
Circuit Statistics:
  Blocks: 385
    .input :      84
    .output:      28
    0-LUT  :       1
    6-LUT  :     272
  Nets  : 357
    Avg Fanout:     3.7
    Max Fanout:    41.0
    Min Fanout:     1.0
  Netlist Clocks: 0
# Build Timing Graph
  Timing Graph Nodes: 1669
  Timing Graph Edges: 2596
  Timing Graph Levels: 10
# Build Timing Graph took 0.00 seconds (max_rss 23.0 MiB, delta_rss +0.0 MiB)
Netlist contains 0 clocks
# Load Timing Constraints

SDC file 'ex4p.sdc' not found
Setting default timing constraints:
   * constrain all primay inputs and primary outputs on a virtual external clock 'virtual_io_clock'
   * optimize virtual clock to run as fast as possible
Timing constraints created 1 clocks
  Constrained Clock 'virtual_io_clock' (Virtual Clock)

# Load Timing Constraints took 0.00 seconds (max_rss 23.0 MiB, delta_rss +0.0 MiB)
# Packing
Begin packing 'ex4p.pre-vpr.blif'.

After removing unused inputs...
	total blocks: 385, total nets: 357, total inputs: 84, total outputs: 28
Begin prepacking.
0 attraction groups were created during prepacking.
Finish prepacking.
Using inter-cluster delay: 1.33777e-09
Packing with pin utilization targets: io:1,1 clb:0.8,1 mult_36:1,1 memory:1,1
Packing with high fanout thresholds: io:128 clb:32 mult_36:128 memory:128
Starting Clustering - Clustering Progress: 
-------------------   --------------------------   ---------
Molecules processed   Number of clusters created   FPGA size
-------------------   --------------------------   ---------
    15/385       3%                            1     4 x 4     
    30/385       7%                            3     5 x 5     
    45/385      11%                            4     5 x 5     
    60/385      15%                            5     5 x 5     
    75/385      19%                            6     5 x 5     
    90/385      23%                            7     6 x 6     
   105/385      27%                            8     6 x 6     
   120/385      31%                            9     6 x 6     
   135/385      35%                           11     6 x 6     
   150/385      38%                           12     6 x 6     
   165/385      42%                           13     7 x 7     
   180/385      46%                           14     7 x 7     
   195/385      50%                           16     7 x 7     
   210/385      54%                           17     7 x 7     
   225/385      58%                           19     7 x 7     
   240/385      62%                           20     7 x 7     
   255/385      66%                           22     8 x 8     
   270/385      70%                           23     8 x 8     
   285/385      74%                           35     8 x 8     
   300/385      77%                           50     8 x 8     
   315/385      81%                           65     8 x 8     
   330/385      85%                           80     8 x 8     
   345/385      89%                           95     8 x 8     
   360/385      93%                          110     8 x 8     
   375/385      97%                          125     8 x 8     

Logic Element (fle) detailed count:
  Total number of Logic Elements used : 210
  LEs used for logic and registers    : 0
  LEs used for logic only             : 210
  LEs used for registers only         : 0

Incr Slack updates 1 in 2.0228e-05 sec
Full Max Req/Worst Slack updates 1 in 1.874e-06 sec
Incr Max Req/Worst Slack updates 0 in 0 sec
Incr Criticality updates 0 in 0 sec
Full Criticality updates 1 in 2.7081e-05 sec
FPGA sized to 8 x 8 (auto)
Device Utilization: 0.59 (target 1.00)
	Block Utilization: 0.58 Type: io
	Block Utilization: 1.00 Type: clb

Start the iterative improvement process
the iterative improvement process is done
Final Clustering Statistics: 
----------   --------   ------------------------------------   --------------------------
Block Type   # Blocks   Avg. # of input clocks and pins used   Avg. # of output pins used
----------   --------   ------------------------------------   --------------------------
     EMPTY          0                                      0                            0   
        io        112                                   0.25                         0.75   
       clb         24                                15.4583                      4.16667   
   mult_36          0                                      0                            0   
    memory          0                                      0                            0   
Absorbed logical nets 173 out of 357 nets, 184 nets not absorbed.

Netlist conversion complete.

# Packing took 0.14 seconds (max_rss 25.7 MiB, delta_rss +2.7 MiB)
# Load packing
Begin loading packed FPGA netlist file.
Netlist generated from file 'ex4p.net'.
Detected 1 constant generators (to see names run with higher pack verbosity)
Finished loading packed FPGA netlist file (took 0.037444 seconds).
Warning 2: Treated 1 constant nets as global which will not be routed (to see net names increase packer verbosity).
# Load packing took 0.04 seconds (max_rss 63.9 MiB, delta_rss +38.2 MiB)
Warning 3: Netlist contains 1 global net to non-global architecture pin connections
Warning 4: Logic block #23 (no_27_) has only 1 output pin 'no_27_.O[10]'. It may be a constant generator.
Cluster level netlist and block usage statistics
Netlist num_nets: 184
Netlist num_blocks: 136
Netlist EMPTY blocks: 0.
Netlist io blocks: 112.
Netlist clb blocks: 24.
Netlist mult_36 blocks: 0.
Netlist memory blocks: 0.
Netlist inputs pins: 84
Netlist output pins: 28

Pb types usage...
  io             : 112
   inpad         : 84
   outpad        : 28
  clb            : 24
   fle           : 210
    lut5inter    : 136
     ble5        : 199
      lut5       : 199
       lut       : 199
    ble6         : 74
     lut6        : 74
      lut        : 74

# Create Device
## Build Device Grid
FPGA sized to 8 x 8: 64 grid tiles (auto)

Resource usage...
	Netlist
		112	blocks of type: io
	Architecture
		192	blocks of type: io
	Netlist
		24	blocks of type: clb
	Architecture
		24	blocks of type: clb
	Netlist
		0	blocks of type: mult_36
	Architecture
		1	blocks of type: mult_36
	Netlist
		0	blocks of type: memory
	Architecture
		1	blocks of type: memory

Device Utilization: 0.59 (target 1.00)
	Physical Tile io:
	Block Utilization: 0.58 Logical Block: io
	Physical Tile clb:
	Block Utilization: 1.00 Logical Block: clb
	Physical Tile mult_36:
	Block Utilization: 0.00 Logical Block: mult_36
	Physical Tile memory:
	Block Utilization: 0.00 Logical Block: memory

FPGA size limited by block type(s): clb

## Build Device Grid took 0.00 seconds (max_rss 63.9 MiB, delta_rss +0.0 MiB)
## Build routing resource graph
SOURCE->OPIN and IPIN->SINK edge count:2345
OPIN->CHANX/CHANY edge count before creating direct connections: 8080
OPIN->CHANX/CHANY edge count after creating direct connections: 8080
CHAN->CHAN type edge count:34673
## Build routing resource graph took 0.04 seconds (max_rss 63.9 MiB, delta_rss +0.0 MiB)
  RR Graph Nodes: 6902
  RR Graph Edges: 45098
# Create Device took 0.04 seconds (max_rss 63.9 MiB, delta_rss +0.0 MiB)

# Computing router lookahead map
## Computing wire lookahead
## Computing wire lookahead took 0.06 seconds (max_rss 63.9 MiB, delta_rss +0.0 MiB)
## Computing src/opin lookahead
Warning 5: Found no sample locations for EMPTY
Warning 6: Found no more sample locations for SOURCE in io
Warning 7: Found no more sample locations for OPIN in io
Warning 8: Found no more sample locations for SOURCE in clb
Warning 9: Found no more sample locations for OPIN in clb
Warning 10: Found no more sample locations for SOURCE in mult_36
Warning 11: Found no more sample locations for OPIN in mult_36
Warning 12: Found no more sample locations for SOURCE in memory
Warning 13: Found no more sample locations for OPIN in memory
## Computing src/opin lookahead took 0.00 seconds (max_rss 63.9 MiB, delta_rss +0.0 MiB)
# Computing router lookahead map took 0.06 seconds (max_rss 63.9 MiB, delta_rss +0.0 MiB)
# Computing placement delta delay look-up
## Build routing resource graph
SOURCE->OPIN and IPIN->SINK edge count:2345
OPIN->CHANX/CHANY edge count before creating direct connections: 7834
OPIN->CHANX/CHANY edge count after creating direct connections: 7834
CHAN->CHAN type edge count:33054
## Build routing resource graph took 0.03 seconds (max_rss 63.9 MiB, delta_rss +0.0 MiB)
  RR Graph Nodes: 6778
  RR Graph Edges: 43233
## Computing router lookahead map
### Computing wire lookahead
### Computing wire lookahead took 0.06 seconds (max_rss 63.9 MiB, delta_rss +0.0 MiB)
### Computing src/opin lookahead
Warning 14: Found no sample locations for EMPTY
Warning 15: Found no more sample locations for SOURCE in io
Warning 16: Found no more sample locations for OPIN in io
Warning 17: Found no more sample locations for SOURCE in clb
Warning 18: Found no more sample locations for OPIN in clb
Warning 19: Found no more sample locations for SOURCE in mult_36
Warning 20: Found no more sample locations for OPIN in mult_36
Warning 21: Found no more sample locations for SOURCE in memory
Warning 22: Found no more sample locations for OPIN in memory
### Computing src/opin lookahead took 0.00 seconds (max_rss 63.9 MiB, delta_rss +0.0 MiB)
## Computing router lookahead map took 0.06 seconds (max_rss 63.9 MiB, delta_rss +0.0 MiB)
## Computing delta delays
## Computing delta delays took 0.00 seconds (max_rss 63.9 MiB, delta_rss +0.0 MiB)
# Computing placement delta delay look-up took 0.09 seconds (max_rss 63.9 MiB, delta_rss +0.0 MiB)

Bounding box mode is Cube

Using simple RL 'Softmax agent' for choosing move and block types
# Placement
## Initial Placement
Initial placement iteration 0 has finished successfully
## Initial Placement took 0.00 seconds (max_rss 63.9 MiB, delta_rss +0.0 MiB)

There are 385 point to point connections in this circuit.


BB estimate of min-dist (placement) wire length: 1330

Completed placement consistency check successfully.
Initial placement cost: 1 bb_cost: 13.8581 td_cost: 8.2863e-08
Initial placement estimated Critical Path Delay (CPD): 2.87896 ns
Initial placement estimated setup Total Negative Slack (sTNS): -28.2866 ns
Initial placement estimated setup Worst Negative Slack (sWNS): -2.87896 ns

Initial placement estimated setup slack histogram:
[ -2.9e-09: -2.7e-09) 1 (  7.1%) |****************
[ -2.7e-09: -2.6e-09) 2 ( 14.3%) |*********************************
[ -2.6e-09: -2.4e-09) 1 (  7.1%) |****************
[ -2.4e-09: -2.3e-09) 1 (  7.1%) |****************
[ -2.3e-09: -2.1e-09) 1 (  7.1%) |****************
[ -2.1e-09: -1.9e-09) 0 (  0.0%) |
[ -1.9e-09: -1.8e-09) 3 ( 21.4%) |*************************************************
[ -1.8e-09: -1.6e-09) 2 ( 14.3%) |*********************************
[ -1.6e-09: -1.5e-09) 1 (  7.1%) |****************
[ -1.5e-09: -1.3e-09) 2 ( 14.3%) |*********************************
Placement contains 0 placement macros involving 0 blocks (average macro size -nan)

Moves per temperature: 349
Warning 23: Starting t: 55 of 136 configurations accepted.

---- ------ ------- ------- ---------- ---------- ------- ---------- -------- ------- ------- ------ -------- --------- ------
Tnum   Time       T Av Cost Av BB Cost Av TD Cost     CPD       sTNS     sWNS Ac Rate Std Dev  R lim Crit Exp Tot Moves  Alpha
      (sec)                                          (ns)       (ns)     (ns)                                                 
---- ------ ------- ------- ---------- ---------- ------- ---------- -------- ------- ------- ------ -------- --------- ------
   1    0.0 4.6e-04   0.932      11.28 7.2423e-08   2.797      -26.8   -2.797   0.338  0.0475    7.0     1.00       349  0.200
   2    0.0 4.4e-04   0.964       9.85 5.4633e-08   2.598      -24.7   -2.598   0.269  0.0265    6.3     1.83       698  0.950
   3    0.0 4.2e-04   0.982       9.18 3.9938e-08   2.577      -23.7   -2.577   0.226  0.0114    5.2     3.08      1047  0.950
   4    0.0 4.0e-04   0.985       8.94 3.7152e-08   2.434      -23.5   -2.434   0.195  0.0069    4.1     4.38      1396  0.950
   5    0.0 3.8e-04   0.986       8.75 2.7356e-08   2.494      -23.5   -2.494   0.181  0.0088    3.1     5.56      1745  0.950
   6    0.0 3.6e-04   0.998       8.71 2.5994e-08   2.452      -23.6   -2.452   0.264  0.0030    2.3     6.49      2094  0.950
   7    0.0 3.4e-04   0.991       8.67 2.3132e-08   2.452      -23.2   -2.452   0.244  0.0048    1.9     6.96      2443  0.950
   8    0.0 3.2e-04   0.992       8.69 1.8459e-08   2.495      -23.1   -2.495   0.249  0.0033    1.5     7.40      2792  0.950
   9    0.0 3.1e-04   0.995       8.64 1.7444e-08   2.504      -22.8   -2.504   0.229  0.0036    1.2     7.73      3141  0.950
  10    0.0 2.9e-04   0.996       8.61 2.427e-08    2.376      -22.9   -2.376   0.255  0.0026    1.0     8.00      3490  0.950
  11    0.0 2.8e-04   0.997       8.62 2.5277e-08   2.352      -22.7   -2.352   0.203  0.0014    1.0     8.00      3839  0.950
  12    0.0 2.6e-04   0.994       8.57 2.4867e-08   2.352        -23   -2.352   0.229  0.0024    1.0     8.00      4188  0.950
  13    0.0 2.5e-04   0.994       8.51 2.0211e-08   2.428      -22.9   -2.428   0.198  0.0041    1.0     8.00      4537  0.950
  14    0.0 2.4e-04   0.996       8.54 2.499e-08    2.352      -22.7   -2.352   0.201  0.0014    1.0     8.00      4886  0.950
  15    0.0 2.3e-04   0.999       8.54 2.5036e-08   2.352      -22.6   -2.352   0.140  0.0008    1.0     8.00      5235  0.950
  16    0.0 1.8e-04   0.996       8.51 2.5818e-08   2.352        -23   -2.352   0.140  0.0022    1.0     8.00      5584  0.800
Agent's 2nd state: 
Checkpoint saved: bb_costs=8.48473, TD costs=2.53682e-08, CPD=  2.352 (ns) 
  17    0.0 1.5e-04   0.999       8.48 2.5325e-08   2.352      -22.8   -2.352   0.100  0.0006    1.0     8.00      5933  0.800
  18    0.0 1.2e-04   0.998       8.48 2.5328e-08   2.352      -22.9   -2.352   0.115  0.0009    1.0     8.00      6282  0.800
  19    0.0 9.3e-05   0.998       8.47 2.4646e-08   2.352      -22.8   -2.352   0.117  0.0011    1.0     8.00      6631  0.800
  20    0.0 7.4e-05   0.999       8.46 2.3843e-08   2.378      -22.8   -2.378   0.060  0.0009    1.0     8.00      6980  0.800
  21    0.0 5.9e-05   0.998       8.43 2.3787e-08   2.378      -22.8   -2.378   0.077  0.0012    1.0     8.00      7329  0.800
  22    0.0 4.8e-05   0.997       8.41 2.3917e-08   2.378      -22.8   -2.378   0.086  0.0014    1.0     8.00      7678  0.800
  23    0.0 3.8e-05   0.999       8.41 2.4277e-08   2.352      -22.6   -2.352   0.063  0.0009    1.0     8.00      8027  0.800
  24    0.0 3.0e-05   0.998       8.41 2.4573e-08   2.352      -22.7   -2.352   0.052  0.0001    1.0     8.00      8376  0.800
  25    0.0 0.0e+00   0.997       8.42 2.4458e-08   2.352      -22.7   -2.352   0.057  0.0012    1.0     8.00      8725  0.800
## Placement Quench took 0.00 seconds (max_rss 63.9 MiB)
post-quench CPD = 2.35213 (ns) 

BB estimate of min-dist (placement) wire length: 808

Completed placement consistency check successfully.

Swaps called: 8861

Aborted Move Reasons:
  No moves aborted

Placement estimated critical path delay (least slack): 2.35213 ns, Fmax: 425.146 MHz
Placement estimated setup Worst Negative Slack (sWNS): -2.35213 ns
Placement estimated setup Total Negative Slack (sTNS): -22.6928 ns

Placement estimated setup slack histogram:
[ -2.4e-09: -2.2e-09) 4 ( 28.6%) |***************************************
[ -2.2e-09: -2.1e-09) 1 (  7.1%) |**********
[ -2.1e-09:   -2e-09) 0 (  0.0%) |
[   -2e-09: -1.9e-09) 0 (  0.0%) |
[ -1.9e-09: -1.7e-09) 0 (  0.0%) |
[ -1.7e-09: -1.6e-09) 1 (  7.1%) |**********
[ -1.6e-09: -1.5e-09) 0 (  0.0%) |
[ -1.5e-09: -1.4e-09) 1 (  7.1%) |**********
[ -1.4e-09: -1.2e-09) 2 ( 14.3%) |********************
[ -1.2e-09: -1.1e-09) 5 ( 35.7%) |*************************************************

Placement estimated geomean non-virtual intra-domain period: nan ns (nan MHz)
Placement estimated fanout-weighted geomean non-virtual intra-domain period: nan ns (nan MHz)

Placement cost: 0.996365, bb_cost: 8.42136, td_cost: 2.4164e-08, 

Placement resource usage:
  io  implemented as io : 112
  clb implemented as clb: 24

Placement number of temperatures: 25
Placement total # of swap attempts: 8861
	Swaps accepted: 1552 (17.5 %)
	Swaps rejected: 6505 (73.4 %)
	Swaps aborted:  804 ( 9.1 %)


Placement perturbation distribution by block and move type: 
------------------ ----------------- ---------------- ---------------- --------------- ------------ 
    Block Type         Move Type       (%) of Total      Accepted(%)     Rejected(%)    Aborted(%)
------------------ ----------------- ---------------- ---------------- --------------- ------------ 
io                 Uniform                18.43            26.03           73.97          0.00         
                   Median                 16.69            19.88           58.35          21.77        
                   Centroid               17.04            23.38           66.95          9.67         
                   W. Centroid            16.96            25.42           65.27          9.31         
                   W. Median              4.40             7.95            68.21          23.85        
                   Crit. Uniform          3.23             3.50            96.50          0.00         
                   Feasible Region        2.69             6.30            76.05          17.65        

clb                Uniform                4.47             2.27            97.73          0.00         
                   Median                 3.78             2.99            88.06          8.96         
                   Centroid               3.72             4.24            92.73          3.03         
                   W. Centroid            3.22             3.16            93.68          3.16         
                   W. Median              0.93             0.00            86.59          13.41        
                   Crit. Uniform          2.22             0.00            100.00         0.00         
                   Feasible Region        2.22             0.00            99.49          0.51         


Placement Quench timing analysis took 0.000263525 seconds (0.000219803 STA, 4.3722e-05 slack) (1 full updates: 1 setup, 0 hold, 0 combined).
Placement Total  timing analysis took 0.0105437 seconds (0.00928323 STA, 0.00126048 slack) (27 full updates: 27 setup, 0 hold, 0 combined).
update_td_costs: connections 0 nets 0 sum_nets 0 total 0
# Placement took 0.03 seconds (max_rss 63.9 MiB, delta_rss +0.0 MiB)

# Routing
Initializing minimum channel width search based on maximum CLB pins

Attempting to route at 62 channels (binary search bounds: [-1, -1])
## Build routing resource graph
SOURCE->OPIN and IPIN->SINK edge count:2345
OPIN->CHANX/CHANY edge count before creating direct connections: 4972
OPIN->CHANX/CHANY edge count after creating direct connections: 4972
CHAN->CHAN type edge count:21558
## Build routing resource graph took 0.02 seconds (max_rss 63.9 MiB, delta_rss +0.0 MiB)
  RR Graph Nodes: 5706
  RR Graph Edges: 28875
## Computing router lookahead map
### Computing wire lookahead
### Computing wire lookahead took 0.04 seconds (max_rss 63.9 MiB, delta_rss +0.0 MiB)
### Computing src/opin lookahead
Warning 24: Found no sample locations for EMPTY
Warning 25: Found no more sample locations for SOURCE in io
Warning 26: Found no more sample locations for OPIN in io
Warning 27: Found no more sample locations for SOURCE in clb
Warning 28: Found no more sample locations for OPIN in clb
Warning 29: Found no more sample locations for SOURCE in mult_36
Warning 30: Found no more sample locations for OPIN in mult_36
Warning 31: Found no more sample locations for SOURCE in memory
Warning 32: Found no more sample locations for OPIN in memory
### Computing src/opin lookahead took 0.00 seconds (max_rss 63.9 MiB, delta_rss +0.0 MiB)
## Computing router lookahead map took 0.04 seconds (max_rss 63.9 MiB, delta_rss +0.0 MiB)
## Initializing router criticalities
Initial Net Connection Criticality Histogram:
[        0:      0.1)  14 (  3.5%) |****
[      0.1:      0.2)   0 (  0.0%) |
[      0.2:      0.3)   0 (  0.0%) |
[      0.3:      0.4)   0 (  0.0%) |
[      0.4:      0.5)  33 (  8.3%) |**********
[      0.5:      0.6)  22 (  5.5%) |*******
[      0.6:      0.7)  37 (  9.3%) |***********
[      0.7:      0.8) 112 ( 28.1%) |***********************************
[      0.8:      0.9) 152 ( 38.1%) |***********************************************
[      0.9:        1)  29 (  7.3%) |*********
## Initializing router criticalities took 0.01 seconds (max_rss 63.9 MiB, delta_rss +0.0 MiB)
---- ------ ------- ---- ------- ------- ------- ----------------- --------------- -------- ---------- ---------- ---------- ---------- --------
Iter   Time    pres  BBs    Heap  Re-Rtd  Re-Rtd Overused RR Nodes      Wirelength      CPD       sTNS       sWNS       hTNS       hWNS Est Succ
      (sec)     fac Updt    push    Nets   Conns                                       (ns)       (ns)       (ns)       (ns)       (ns)     Iter
---- ------ ------- ---- ------- ------- ------- ----------------- --------------- -------- ---------- ---------- ---------- ---------- --------
   1    0.0     0.0    0    8342     183     385     172 ( 3.014%)    1247 (23.9%)    2.858     -28.48     -2.858      0.000      0.000      N/A
Incr Slack updates 27 in 0.000484099 sec
Full Max Req/Worst Slack updates 10 in 1.1692e-05 sec
Incr Max Req/Worst Slack updates 17 in 1.7132e-05 sec
Incr Criticality updates 12 in 0.000319941 sec
Full Criticality updates 15 in 0.000353916 sec
   2    0.0     0.5    1    6359     123     320     111 ( 1.945%)    1260 (24.2%)    2.858     -28.39     -2.858      0.000      0.000      N/A
   3    0.0     0.6    0    5894      91     281     108 ( 1.893%)    1266 (24.3%)    2.858     -28.30     -2.858      0.000      0.000      N/A
   4    0.0     0.8    0    5819      74     263      95 ( 1.665%)    1272 (24.4%)    2.858     -28.41     -2.858      0.000      0.000      N/A
   5    0.0     1.1    1    5341      73     263      77 ( 1.349%)    1277 (24.5%)    2.858     -28.42     -2.858      0.000      0.000      N/A
   6    0.0     1.4    0    5090      62     254      59 ( 1.034%)    1262 (24.2%)    2.858     -28.55     -2.858      0.000      0.000      N/A
   7    0.0     1.9    0    5692      53     223      43 ( 0.754%)    1275 (24.5%)    2.858     -28.46     -2.858      0.000      0.000      N/A
   8    0.0     2.4    0    4264      49     203      45 ( 0.789%)    1269 (24.4%)    2.858     -28.53     -2.858      0.000      0.000      N/A
   9    0.0     3.1    0    3843      43     182      21 ( 0.368%)    1273 (24.4%)    2.858     -28.66     -2.858      0.000      0.000      N/A
  10    0.0     4.1    0    2622      28     120      19 ( 0.333%)    1285 (24.7%)    2.858     -28.56     -2.858      0.000      0.000       20
  11    0.0     5.3    0    2351      25     108      13 ( 0.228%)    1274 (24.5%)    2.858     -28.56     -2.858      0.000      0.000       20
  12    0.0     6.9    0    1471      15      65       6 ( 0.105%)    1299 (24.9%)    2.858     -28.64     -2.858      0.000      0.000       19
  13    0.0     9.0    0    1338      11      59       2 ( 0.035%)    1314 (25.2%)    2.858     -28.66     -2.858      0.000      0.000       17
  14    0.0    11.6    0     581       7      23       2 ( 0.035%)    1310 (25.2%)    2.858     -28.66     -2.858      0.000      0.000       15
  15    0.0    15.1    0     320       2      11       0 ( 0.000%)    1312 (25.2%)    2.858     -28.66     -2.858      0.000      0.000       15
Restoring best routing
Critical path: 2.85772 ns
Successfully routed after 15 routing iterations.
Final Net Connection Criticality Histogram:
[        0:      0.1)  14 (  3.5%) |*****
[      0.1:      0.2)   0 (  0.0%) |
[      0.2:      0.3)   0 (  0.0%) |
[      0.3:      0.4)   0 (  0.0%) |
[      0.4:      0.5)   1 (  0.3%) |
[      0.5:      0.6)  46 ( 11.5%) |*****************
[      0.6:      0.7)  23 (  5.8%) |********
[      0.7:      0.8)  62 ( 15.5%) |**********************
[      0.8:      0.9) 130 ( 32.6%) |***********************************************
[      0.9:        1) 123 ( 30.8%) |********************************************
Router Stats: total_nets_routed: 839 total_connections_routed: 2760 total_heap_pushes: 59327 total_heap_pops: 16418 

Attempting to route at 32 channels (binary search bounds: [-1, 62])
## Build routing resource graph
SOURCE->OPIN and IPIN->SINK edge count:2345
OPIN->CHANX/CHANY edge count before creating direct connections: 2740
OPIN->CHANX/CHANY edge count after creating direct connections: 2740
CHAN->CHAN type edge count:11320
## Build routing resource graph took 0.01 seconds (max_rss 63.9 MiB, delta_rss +0.0 MiB)
  RR Graph Nodes: 4762
  RR Graph Edges: 16405
## Computing router lookahead map
### Computing wire lookahead
### Computing wire lookahead took 0.03 seconds (max_rss 63.9 MiB, delta_rss +0.0 MiB)
### Computing src/opin lookahead
Warning 33: Found no sample locations for EMPTY
Warning 34: Found no more sample locations for SOURCE in io
Warning 35: Found no more sample locations for OPIN in io
Warning 36: Found no more sample locations for SOURCE in clb
Warning 37: Found no more sample locations for OPIN in clb
Warning 38: Found no more sample locations for SOURCE in mult_36
Warning 39: Found no more sample locations for OPIN in mult_36
Warning 40: Found no more sample locations for SOURCE in memory
Warning 41: Found no more sample locations for OPIN in memory
### Computing src/opin lookahead took 0.00 seconds (max_rss 63.9 MiB, delta_rss +0.0 MiB)
## Computing router lookahead map took 0.03 seconds (max_rss 63.9 MiB, delta_rss +0.0 MiB)
## Initializing router criticalities
Initial Net Connection Criticality Histogram:
[        0:      0.1)  14 (  3.5%) |*****
[      0.1:      0.2)   0 (  0.0%) |
[      0.2:      0.3)   0 (  0.0%) |
[      0.3:      0.4)   0 (  0.0%) |
[      0.4:      0.5)  33 (  8.3%) |***********
[      0.5:      0.6)  22 (  5.5%) |*******
[      0.6:      0.7)  37 (  9.3%) |************
[      0.7:      0.8) 112 ( 28.1%) |*************************************
[      0.8:      0.9) 141 ( 35.3%) |***********************************************
[      0.9:        1)  40 ( 10.0%) |*************
## Initializing router criticalities took 0.00 seconds (max_rss 63.9 MiB, delta_rss +0.0 MiB)
---- ------ ------- ---- ------- ------- ------- ----------------- --------------- -------- ---------- ---------- ---------- ---------- --------
Iter   Time    pres  BBs    Heap  Re-Rtd  Re-Rtd Overused RR Nodes      Wirelength      CPD       sTNS       sWNS       hTNS       hWNS Est Succ
      (sec)     fac Updt    push    Nets   Conns                                       (ns)       (ns)       (ns)       (ns)       (ns)     Iter
---- ------ ------- ---- ------- ------- ------- ----------------- --------------- -------- ---------- ---------- ---------- ---------- --------
   1    0.0     0.0    0    8303     183     385     181 ( 3.801%)    1267 (47.1%)    3.132     -28.84     -3.132      0.000      0.000      N/A
   2    0.0     0.5    1    6856     127     323     149 ( 3.129%)    1266 (47.1%)    3.132     -28.83     -3.132      0.000      0.000      N/A
   3    0.0     0.6    0    5894      97     295     126 ( 2.646%)    1283 (47.7%)    3.157     -29.51     -3.157      0.000      0.000      N/A
   4    0.0     0.8    0    6120     101     285     116 ( 2.436%)    1307 (48.6%)    3.157     -29.70     -3.157      0.000      0.000      N/A
   5    0.0     1.1    0    6080      86     269      83 ( 1.743%)    1296 (48.2%)    3.157     -29.74     -3.157      0.000      0.000      N/A
   6    0.0     1.4    0    5989      82     256      80 ( 1.680%)    1304 (48.5%)    3.157     -29.85     -3.157      0.000      0.000      N/A
   7    0.0     1.9    0    6346      79     253      66 ( 1.386%)    1321 (49.1%)    3.157     -29.87     -3.157      0.000      0.000      N/A
   8    0.0     2.4    0    6734      71     238      57 ( 1.197%)    1357 (50.5%)    3.202     -30.74     -3.202      0.000      0.000      N/A
   9    0.0     3.1    0    6705      74     244      49 ( 1.029%)    1333 (49.6%)    3.157     -30.12     -3.157      0.000      0.000      N/A
  10    0.0     4.1    1    6051      59     209      32 ( 0.672%)    1358 (50.5%)    3.184     -31.02     -3.184      0.000      0.000       37
  11    0.0     5.3    1    6220      58     218      32 ( 0.672%)    1400 (52.1%)    3.342     -31.31     -3.342      0.000      0.000       27
  12    0.0     6.9    1    6171      51     201      21 ( 0.441%)    1421 (52.9%)    3.511     -32.41     -3.511      0.000      0.000       28
  13    0.0     9.0    3    4015      37     143      19 ( 0.399%)    1471 (54.7%)    3.251     -32.21     -3.251      0.000      0.000       26
  14    0.0    11.6    1    5856      52     187      18 ( 0.378%)    1461 (54.4%)    3.466     -32.11     -3.466      0.000      0.000       26
  15    0.0    15.1    1    4957      38     144      10 ( 0.210%)    1478 (55.0%)    3.365     -32.24     -3.365      0.000      0.000       27
  16    0.0    19.7    1    4501      38     145       6 ( 0.126%)    1486 (55.3%)    3.500     -32.70     -3.500      0.000      0.000       26
  17    0.0    25.6    1    5790      35     153       6 ( 0.126%)    1497 (55.7%)    3.901     -33.52     -3.901      0.000      0.000       24
  18    0.0    33.3    1    3802      25     106       7 ( 0.147%)    1469 (54.7%)    3.448     -32.67     -3.448      0.000      0.000       24
  19    0.0    43.3    0    3223      29     101       4 ( 0.084%)    1456 (54.2%)    3.627     -32.59     -3.627      0.000      0.000       25
  20    0.0    56.2    0    3337      25     103       5 ( 0.105%)    1489 (55.4%)    3.626     -32.83     -3.626      0.000      0.000       25
  21    0.0    73.1    0    3040      24     102       4 ( 0.084%)    1470 (54.7%)    3.627     -32.61     -3.627      0.000      0.000       26
  22    0.0    95.0    0    2906      24     100       4 ( 0.084%)    1498 (55.7%)    3.626     -33.54     -3.626      0.000      0.000       27
  23    0.0   123.5    1    2905      24     107       3 ( 0.063%)    1476 (54.9%)    3.555     -32.67     -3.555      0.000      0.000       28
  24    0.0   160.6    0    3194      26     114       3 ( 0.063%)    1490 (55.4%)    3.626     -32.93     -3.626      0.000      0.000       29
  25    0.0   208.8    0    2893      22     102       3 ( 0.063%)    1489 (55.4%)    3.983     -32.97     -3.983      0.000      0.000       30
  26    0.0   271.4    0    1241      10      32       3 ( 0.063%)    1484 (55.2%)    3.712     -32.73     -3.712      0.000      0.000       31
  27    0.0   352.8    1    2458      17      80       3 ( 0.063%)    1500 (55.8%)    4.286     -33.60     -4.286      0.000      0.000       33
  28    0.0   458.7    1    1623      11      43       3 ( 0.063%)    1492 (55.5%)    3.718     -33.16     -3.718      0.000      0.000       34
  29    0.0   596.3    0    2372      17      76       3 ( 0.063%)    1491 (55.5%)    3.939     -33.23     -3.939      0.000      0.000       39
  30    0.0   775.1    1    1592      10      36       3 ( 0.063%)    1511 (56.2%)    3.977     -33.30     -3.977      0.000      0.000       40
  31    0.0  1007.7    0    1301       8      27       3 ( 0.063%)    1501 (55.8%)    3.957     -33.31     -3.957      0.000      0.000       45
  32    0.0  1310.0    0    1733      11      43       3 ( 0.063%)    1505 (56.0%)    3.977     -33.06     -3.977      0.000      0.000       48
  33    0.0  1703.0    0    1211       7      21       3 ( 0.063%)    1515 (56.4%)    3.957     -33.55     -3.957      0.000      0.000       51
  34    0.0  2213.9    0    1445      10      35       3 ( 0.063%)    1496 (55.7%)    3.977     -33.32     -3.977      0.000      0.000       54
  35    0.0  2878.1    0    1209       7      22       3 ( 0.063%)    1508 (56.1%)    3.957     -33.55     -3.957      0.000      0.000       61
  36    0.0  3741.5    0    1691      11      43       3 ( 0.063%)    1495 (55.6%)    3.977     -33.26     -3.977      0.000      0.000       65
  37    0.0  4863.9    0    1264       8      22       3 ( 0.063%)    1512 (56.2%)    3.957     -33.61     -3.957      0.000      0.000       86
  38    0.0  6323.1    0    1412       9      33       3 ( 0.063%)    1505 (56.0%)    3.977     -33.52     -3.977      0.000      0.000       92
  39    0.0  8220.0    0    1443      10      30       3 ( 0.063%)    1503 (55.9%)    3.957     -33.25     -3.957      0.000      0.000      103
  40    0.0 10686.0    0    1580      10      38       3 ( 0.063%)    1499 (55.8%)    3.977     -32.96     -3.977      0.000      0.000      111
  41    0.0 13891.9    0    1211       7      22       3 ( 0.063%)    1508 (56.1%)    3.957     -33.25     -3.957      0.000      0.000      175
  42    0.0 18059.4    0    1486      10      36       3 ( 0.063%)    1498 (55.7%)    3.977     -33.00     -3.977      0.000      0.000      190
  43    0.0 23477.2    0    1528       9      32       3 ( 0.063%)    1515 (56.4%)    3.957     -34.00     -3.957      0.000      0.000      330
  44    0.0 30520.4    0    1524      11      38       3 ( 0.063%)    1495 (55.6%)    3.977     -32.98     -3.977      0.000      0.000      358
  45    0.0 39676.5    0    1259       8      22       3 ( 0.063%)    1512 (56.2%)    3.957     -33.61     -3.957      0.000      0.000      inf
  46    0.0 51579.5    0    1412       9      33       3 ( 0.063%)    1505 (56.0%)    3.977     -33.52     -3.977      0.000      0.000      inf
  47    0.0 67053.3    0    1443      10      30       3 ( 0.063%)    1503 (55.9%)    3.957     -33.25     -3.957      0.000      0.000      inf
  48    0.0 87169.3    0    1584      10      38       3 ( 0.063%)    1499 (55.8%)    3.977     -32.96     -3.977      0.000      0.000      inf
  49    0.0 1.1e+05    0    1211       7      22       3 ( 0.063%)    1508 (56.1%)    3.957     -33.25     -3.957      0.000      0.000      inf
  50    0.0 1.5e+05    0    1486      10      36       3 ( 0.063%)    1498 (55.7%)    3.977     -33.00     -3.977      0.000      0.000      inf
Routing failed.

Failed routing attempt
Total number of overused nodes: 3
Routing Failure Diagnostics: Printing Overused Nodes Information
------ ------- ---------- --------- -------- ------------ ------- ------- ------- ------- ------- ------- -------
   No.  NodeId  Occupancy  Capacity  RR Node    Direction    Side     PTC   Block    Xlow    Ylow   Xhigh   Yhigh
                                        type                          NUM    Name                                 
------ ------- ---------- --------- -------- ------------ ------- ------- ------- ------- ------- ------- -------
     0    3771          2         1    CHANX      DEC_DIR     N/A      17      io       1       0       4       0
     1    3779          2         1    CHANX      DEC_DIR     N/A      25      io       1       0       4       0
     2    4240          2         1    CHANX      INC_DIR     N/A      26     clb       4       6       6       6

Final Net Connection Criticality Histogram:
[        0:      0.1)  14 (  3.5%) |*****
[      0.1:      0.2)   0 (  0.0%) |
[      0.2:      0.3)   0 (  0.0%) |
[      0.3:      0.4)   9 (  2.3%) |***
[      0.4:      0.5)  43 ( 10.8%) |****************
[      0.5:      0.6)  56 ( 14.0%) |********************
[      0.6:      0.7)  89 ( 22.3%) |********************************
[      0.7:      0.8) 129 ( 32.3%) |***********************************************
[      0.8:      0.9)  52 ( 13.0%) |*******************
[      0.9:        1)   7 (  1.8%) |***
Router Stats: total_nets_routed: 1714 total_connections_routed: 5673 total_heap_pushes: 165607 total_heap_pops: 46338 

Attempting to route at 48 channels (binary search bounds: [32, 62])
## Build routing resource graph
SOURCE->OPIN and IPIN->SINK edge count:2345
OPIN->CHANX/CHANY edge count before creating direct connections: 4110
OPIN->CHANX/CHANY edge count after creating direct connections: 4110
CHAN->CHAN type edge count:16754
## Build routing resource graph took 0.02 seconds (max_rss 63.9 MiB, delta_rss +0.0 MiB)
  RR Graph Nodes: 5266
  RR Graph Edges: 23209
## Computing router lookahead map
### Computing wire lookahead
### Computing wire lookahead took 0.03 seconds (max_rss 63.9 MiB, delta_rss +0.0 MiB)
### Computing src/opin lookahead
Warning 42: Found no sample locations for EMPTY
Warning 43: Found no more sample locations for SOURCE in io
Warning 44: Found no more sample locations for OPIN in io
Warning 45: Found no more sample locations for SOURCE in clb
Warning 46: Found no more sample locations for OPIN in clb
Warning 47: Found no more sample locations for SOURCE in mult_36
Warning 48: Found no more sample locations for OPIN in mult_36
Warning 49: Found no more sample locations for SOURCE in memory
Warning 50: Found no more sample locations for OPIN in memory
### Computing src/opin lookahead took 0.00 seconds (max_rss 63.9 MiB, delta_rss +0.0 MiB)
## Computing router lookahead map took 0.03 seconds (max_rss 63.9 MiB, delta_rss +0.0 MiB)
## Initializing router criticalities
Initial Net Connection Criticality Histogram:
[        0:      0.1)  14 (  3.5%) |****
[      0.1:      0.2)   0 (  0.0%) |
[      0.2:      0.3)   0 (  0.0%) |
[      0.3:      0.4)   0 (  0.0%) |
[      0.4:      0.5)  33 (  8.3%) |**********
[      0.5:      0.6)  22 (  5.5%) |*******
[      0.6:      0.7)  37 (  9.3%) |***********
[      0.7:      0.8) 112 ( 28.1%) |***********************************
[      0.8:      0.9) 152 ( 38.1%) |***********************************************
[      0.9:        1)  29 (  7.3%) |*********
## Initializing router criticalities took 0.00 seconds (max_rss 63.9 MiB, delta_rss +0.0 MiB)
---- ------ ------- ---- ------- ------- ------- ----------------- --------------- -------- ---------- ---------- ---------- ---------- --------
Iter   Time    pres  BBs    Heap  Re-Rtd  Re-Rtd Overused RR Nodes      Wirelength      CPD       sTNS       sWNS       hTNS       hWNS Est Succ
      (sec)     fac Updt    push    Nets   Conns                                       (ns)       (ns)       (ns)       (ns)       (ns)     Iter
---- ------ ------- ---- ------- ------- ------- ----------------- --------------- -------- ---------- ---------- ---------- ---------- --------
   1    0.0     0.0    0    7585     183     385     167 ( 3.171%)    1197 (29.7%)    2.830     -27.95     -2.830      0.000      0.000      N/A
   2    0.0     0.5    2    6779     139     341     149 ( 2.829%)    1251 (31.0%)    2.830     -27.86     -2.830      0.000      0.000      N/A
   3    0.0     0.6    0    5810     106     301     127 ( 2.412%)    1221 (30.3%)    2.835     -27.88     -2.835      0.000      0.000      N/A
   4    0.0     0.8    0    6354      99     295     108 ( 2.051%)    1284 (31.8%)    2.835     -27.93     -2.835      0.000      0.000      N/A
   5    0.0     1.1    0    6536      84     281      88 ( 1.671%)    1275 (31.6%)    2.835     -28.01     -2.835      0.000      0.000      N/A
   6    0.0     1.4    0    6316      74     260      78 ( 1.481%)    1270 (31.5%)    2.834     -28.37     -2.834      0.000      0.000      N/A
   7    0.0     1.9    0    5466      66     258      56 ( 1.063%)    1269 (31.5%)    2.834     -28.36     -2.834      0.000      0.000      N/A
   8    0.0     2.4    0    5181      58     238      53 ( 1.006%)    1281 (31.8%)    2.834     -28.30     -2.834      0.000      0.000      N/A
   9    0.0     3.1    0    4975      56     235      41 ( 0.779%)    1296 (32.1%)    2.834     -28.52     -2.834      0.000      0.000      N/A
  10    0.0     4.1    0    5196      56     232      26 ( 0.494%)    1306 (32.4%)    2.898     -28.50     -2.898      0.000      0.000       28
  11    0.0     5.3    0    5573      60     235      20 ( 0.380%)    1332 (33.0%)    2.859     -28.66     -2.859      0.000      0.000       23
  12    0.0     6.9    0    4881      52     219      25 ( 0.475%)    1328 (32.9%)    2.867     -28.49     -2.867      0.000      0.000       22
  13    0.0     9.0    0    4995      50     216      11 ( 0.209%)    1319 (32.7%)    2.898     -28.54     -2.898      0.000      0.000       26
  14    0.0    11.6    0    4705      42     199       5 ( 0.095%)    1350 (33.5%)    2.903     -28.67     -2.903      0.000      0.000       23
  15    0.0    15.1    0    4605      40     196       6 ( 0.114%)    1354 (33.6%)    2.892     -28.68     -2.892      0.000      0.000       20
  16    0.0    19.7    0    4926      43     203       5 ( 0.095%)    1369 (34.0%)    3.062     -29.06     -3.062      0.000      0.000       20
  17    0.0    25.6    1    2634      21     107       2 ( 0.038%)    1365 (33.9%)    2.908     -28.72     -2.908      0.000      0.000       20
  18    0.0    33.3    0    4602      42     201       1 ( 0.019%)    1360 (33.7%)    2.889     -28.68     -2.889      0.000      0.000       20
  19    0.0    43.3    0    4820      44     210       0 ( 0.000%)    1360 (33.7%)    2.908     -28.69     -2.908      0.000      0.000       19
Restoring best routing
Critical path: 2.90822 ns
Successfully routed after 19 routing iterations.
Final Net Connection Criticality Histogram:
[        0:      0.1)  14 (  3.5%) |*****
[      0.1:      0.2)   0 (  0.0%) |
[      0.2:      0.3)   0 (  0.0%) |
[      0.3:      0.4)   0 (  0.0%) |
[      0.4:      0.5)  15 (  3.8%) |*****
[      0.5:      0.6)  24 (  6.0%) |*********
[      0.6:      0.7)  24 (  6.0%) |*********
[      0.7:      0.8)  71 ( 17.8%) |**************************
[      0.8:      0.9) 130 ( 32.6%) |***********************************************
[      0.9:        1) 121 ( 30.3%) |********************************************
Router Stats: total_nets_routed: 1315 total_connections_routed: 4612 total_heap_pushes: 101939 total_heap_pops: 27079 

Attempting to route at 40 channels (binary search bounds: [32, 48])
## Build routing resource graph
SOURCE->OPIN and IPIN->SINK edge count:2345
OPIN->CHANX/CHANY edge count before creating direct connections: 3232
OPIN->CHANX/CHANY edge count after creating direct connections: 3232
CHAN->CHAN type edge count:13840
## Build routing resource graph took 0.01 seconds (max_rss 63.9 MiB, delta_rss +0.0 MiB)
  RR Graph Nodes: 5014
  RR Graph Edges: 19417
## Computing router lookahead map
### Computing wire lookahead
### Computing wire lookahead took 0.03 seconds (max_rss 63.9 MiB, delta_rss +0.0 MiB)
### Computing src/opin lookahead
Warning 51: Found no sample locations for EMPTY
Warning 52: Found no more sample locations for SOURCE in io
Warning 53: Found no more sample locations for OPIN in io
Warning 54: Found no more sample locations for SOURCE in clb
Warning 55: Found no more sample locations for OPIN in clb
Warning 56: Found no more sample locations for SOURCE in mult_36
Warning 57: Found no more sample locations for OPIN in mult_36
Warning 58: Found no more sample locations for SOURCE in memory
Warning 59: Found no more sample locations for OPIN in memory
### Computing src/opin lookahead took 0.00 seconds (max_rss 63.9 MiB, delta_rss +0.0 MiB)
## Computing router lookahead map took 0.03 seconds (max_rss 63.9 MiB, delta_rss +0.0 MiB)
## Initializing router criticalities
Initial Net Connection Criticality Histogram:
[        0:      0.1)  14 (  3.5%) |****
[      0.1:      0.2)   0 (  0.0%) |
[      0.2:      0.3)   0 (  0.0%) |
[      0.3:      0.4)   0 (  0.0%) |
[      0.4:      0.5)  33 (  8.3%) |**********
[      0.5:      0.6)  22 (  5.5%) |*******
[      0.6:      0.7)  37 (  9.3%) |***********
[      0.7:      0.8) 112 ( 28.1%) |***********************************
[      0.8:      0.9) 152 ( 38.1%) |***********************************************
[      0.9:        1)  29 (  7.3%) |*********
## Initializing router criticalities took 0.00 seconds (max_rss 63.9 MiB, delta_rss +0.0 MiB)
---- ------ ------- ---- ------- ------- ------- ----------------- --------------- -------- ---------- ---------- ---------- ---------- --------
Iter   Time    pres  BBs    Heap  Re-Rtd  Re-Rtd Overused RR Nodes      Wirelength      CPD       sTNS       sWNS       hTNS       hWNS Est Succ
      (sec)     fac Updt    push    Nets   Conns                                       (ns)       (ns)       (ns)       (ns)       (ns)     Iter
---- ------ ------- ---- ------- ------- ------- ----------------- --------------- -------- ---------- ---------- ---------- ---------- --------
   1    0.0     0.0    0    7123     183     385     196 ( 3.909%)    1215 (36.2%)    2.912     -27.74     -2.912      0.000      0.000      N/A
   2    0.0     0.5    1    6061     130     329     131 ( 2.613%)    1218 (36.2%)    2.912     -27.81     -2.912      0.000      0.000      N/A
   3    0.0     0.6    0    5246     100     295     119 ( 2.373%)    1251 (37.2%)    2.912     -27.99     -2.912      0.000      0.000      N/A
   4    0.0     0.8    0    5160      85     278      97 ( 1.935%)    1259 (37.5%)    2.912     -28.25     -2.912      0.000      0.000      N/A
   5    0.0     1.1    0    5500      83     268      92 ( 1.835%)    1250 (37.2%)    2.912     -28.23     -2.912      0.000      0.000      N/A
   6    0.0     1.4    1    5200      77     269      75 ( 1.496%)    1258 (37.4%)    2.912     -28.46     -2.912      0.000      0.000      N/A
   7    0.0     1.9    0    5421      75     270      66 ( 1.316%)    1266 (37.7%)    2.912     -28.44     -2.912      0.000      0.000      N/A
   8    0.0     2.4    0    4940      63     234      48 ( 0.957%)    1264 (37.6%)    2.912     -28.21     -2.912      0.000      0.000      N/A
   9    0.0     3.1    0    4742      53     199      37 ( 0.738%)    1276 (38.0%)    2.912     -28.94     -2.912      0.000      0.000      N/A
  10    0.0     4.1    1    3671      44     175      23 ( 0.459%)    1282 (38.2%)    2.912     -28.67     -2.912      0.000      0.000       25
  11    0.0     5.3    0    2274      25     103      13 ( 0.259%)    1297 (38.6%)    2.931     -28.85     -2.931      0.000      0.000       21
  12    0.0     6.9    0    2803      31     132      10 ( 0.199%)    1291 (38.4%)    2.934     -28.51     -2.934      0.000      0.000       19
  13    0.0     9.0    0    2078      22      98       4 ( 0.080%)    1277 (38.0%)    2.912     -28.48     -2.912      0.000      0.000       18
  14    0.0    11.6    0     343       5      18       5 ( 0.100%)    1276 (38.0%)    2.939     -28.51     -2.939      0.000      0.000       17
  15    0.0    15.1    0    2325      23     105       5 ( 0.100%)    1306 (38.9%)    3.097     -28.82     -3.097      0.000      0.000       17
  16    0.0    19.7    1    1821      17      78       3 ( 0.060%)    1320 (39.3%)    3.082     -28.91     -3.082      0.000      0.000       18
  17    0.0    25.6    0    2124      19      82       2 ( 0.040%)    1337 (39.8%)    3.228     -29.13     -3.228      0.000      0.000       19
  18    0.0    33.3    0     918       9      34       1 ( 0.020%)    1352 (40.2%)    3.131     -28.94     -3.131      0.000      0.000       19
  19    0.0    43.3    0    1583      14      62       0 ( 0.000%)    1340 (39.9%)    3.131     -28.94     -3.131      0.000      0.000       19
Restoring best routing
Critical path: 3.1313 ns
Successfully routed after 19 routing iterations.
Final Net Connection Criticality Histogram:
[        0:      0.1)  14 (  3.5%) |*****
[      0.1:      0.2)   0 (  0.0%) |
[      0.2:      0.3)   0 (  0.0%) |
[      0.3:      0.4)   0 (  0.0%) |
[      0.4:      0.5)  29 (  7.3%) |***********
[      0.5:      0.6)  22 (  5.5%) |********
[      0.6:      0.7)  57 ( 14.3%) |*********************
[      0.7:      0.8) 126 ( 31.6%) |***********************************************
[      0.8:      0.9) 115 ( 28.8%) |*******************************************
[      0.9:        1)  36 (  9.0%) |*************
Router Stats: total_nets_routed: 1058 total_connections_routed: 3414 total_heap_pushes: 69333 total_heap_pops: 19829 

Attempting to route at 36 channels (binary search bounds: [32, 40])
## Build routing resource graph
SOURCE->OPIN and IPIN->SINK edge count:2345
OPIN->CHANX/CHANY edge count before creating direct connections: 2986
OPIN->CHANX/CHANY edge count after creating direct connections: 2986
CHAN->CHAN type edge count:12547
## Build routing resource graph took 0.01 seconds (max_rss 63.9 MiB, delta_rss +0.0 MiB)
  RR Graph Nodes: 4886
  RR Graph Edges: 17878
## Computing router lookahead map
### Computing wire lookahead
### Computing wire lookahead took 0.03 seconds (max_rss 63.9 MiB, delta_rss +0.0 MiB)
### Computing src/opin lookahead
Warning 60: Found no sample locations for EMPTY
Warning 61: Found no more sample locations for SOURCE in io
Warning 62: Found no more sample locations for OPIN in io
Warning 63: Found no more sample locations for SOURCE in clb
Warning 64: Found no more sample locations for OPIN in clb
Warning 65: Found no more sample locations for SOURCE in mult_36
Warning 66: Found no more sample locations for OPIN in mult_36
Warning 67: Found no more sample locations for SOURCE in memory
Warning 68: Found no more sample locations for OPIN in memory
### Computing src/opin lookahead took 0.00 seconds (max_rss 63.9 MiB, delta_rss +0.0 MiB)
## Computing router lookahead map took 0.03 seconds (max_rss 63.9 MiB, delta_rss +0.0 MiB)
## Initializing router criticalities
Initial Net Connection Criticality Histogram:
[        0:      0.1)  14 (  3.5%) |*****
[      0.1:      0.2)   0 (  0.0%) |
[      0.2:      0.3)   0 (  0.0%) |
[      0.3:      0.4)   0 (  0.0%) |
[      0.4:      0.5)  33 (  8.3%) |***********
[      0.5:      0.6)  22 (  5.5%) |*******
[      0.6:      0.7)  37 (  9.3%) |************
[      0.7:      0.8) 112 ( 28.1%) |*************************************
[      0.8:      0.9) 143 ( 35.8%) |***********************************************
[      0.9:        1)  38 (  9.5%) |************
## Initializing router criticalities took 0.00 seconds (max_rss 63.9 MiB, delta_rss +0.0 MiB)
---- ------ ------- ---- ------- ------- ------- ----------------- --------------- -------- ---------- ---------- ---------- ---------- --------
Iter   Time    pres  BBs    Heap  Re-Rtd  Re-Rtd Overused RR Nodes      Wirelength      CPD       sTNS       sWNS       hTNS       hWNS Est Succ
      (sec)     fac Updt    push    Nets   Conns                                       (ns)       (ns)       (ns)       (ns)       (ns)     Iter
---- ------ ------- ---- ------- ------- ------- ----------------- --------------- -------- ---------- ---------- ---------- ---------- --------
   1    0.0     0.0    0    7504     183     385     172 ( 3.520%)    1237 (40.9%)    2.913     -28.78     -2.913      0.000      0.000      N/A
   2    0.0     0.5    0    6201     137     335     153 ( 3.131%)    1261 (41.7%)    2.910     -28.81     -2.910      0.000      0.000      N/A
   3    0.0     0.6    0    6002     114     314     129 ( 2.640%)    1273 (42.1%)    2.910     -28.97     -2.910      0.000      0.000      N/A
   4    0.0     0.8    1    6451     106     294     117 ( 2.395%)    1259 (41.6%)    2.912     -29.16     -2.912      0.000      0.000      N/A
   5    0.0     1.1    0    6266      92     283     123 ( 2.517%)    1290 (42.7%)    2.910     -29.11     -2.910      0.000      0.000      N/A
   6    0.0     1.4    0    6606      88     271      88 ( 1.801%)    1313 (43.4%)    2.917     -29.59     -2.917      0.000      0.000      N/A
   7    0.0     1.9    0    5758      76     256      82 ( 1.678%)    1301 (43.0%)    2.918     -29.73     -2.918      0.000      0.000      N/A
   8    0.0     2.4    1    6072      79     268      67 ( 1.371%)    1287 (42.6%)    2.922     -29.54     -2.922      0.000      0.000      N/A
   9    0.0     3.1    1    5694      72     254      49 ( 1.003%)    1320 (43.7%)    2.934     -29.92     -2.934      0.000      0.000      N/A
  10    0.0     4.1    0    5521      62     238      41 ( 0.839%)    1326 (43.8%)    2.922     -29.77     -2.922      0.000      0.000       28
  11    0.0     5.3    0    6226      59     228      29 ( 0.594%)    1394 (46.1%)    3.073     -30.39     -3.073      0.000      0.000       28
  12    0.0     6.9    0    5615      53     201      19 ( 0.389%)    1420 (47.0%)    3.010     -30.59     -3.010      0.000      0.000       26
  13    0.0     9.0    1    4841      48     198      18 ( 0.368%)    1396 (46.2%)    3.058     -30.57     -3.058      0.000      0.000       23
  14    0.0    11.6    0    4021      40     165       6 ( 0.123%)    1400 (46.3%)    3.113     -30.66     -3.113      0.000      0.000       23
  15    0.0    15.1    1    3004      28     119       4 ( 0.082%)    1409 (46.6%)    3.029     -30.71     -3.029      0.000      0.000       20
  16    0.0    19.7    0    5512      45     186       5 ( 0.102%)    1438 (47.6%)    3.066     -31.17     -3.066      0.000      0.000       19
  17    0.0    25.6    0    4550      43     187       6 ( 0.123%)    1398 (46.2%)    3.029     -30.89     -3.029      0.000      0.000       19
  18    0.0    33.3    0    4392      40     178       3 ( 0.061%)    1422 (47.0%)    3.029     -31.02     -3.029      0.000      0.000       21
  19    0.0    43.3    1    4572      43     179       3 ( 0.061%)    1421 (47.0%)    3.078     -31.19     -3.078      0.000      0.000       21
  20    0.0    56.2    0    4640      40     187       3 ( 0.061%)    1430 (47.3%)    3.040     -30.95     -3.040      0.000      0.000       22
  21    0.0    73.1    1    4838      43     198       3 ( 0.061%)    1426 (47.2%)    3.029     -30.93     -3.029      0.000      0.000       23
  22    0.0    95.0    0    4724      44     199       2 ( 0.041%)    1403 (46.4%)    3.029     -30.79     -3.029      0.000      0.000       24
  23    0.0   123.5    0    5207      44     199       1 ( 0.020%)    1436 (47.5%)    3.594     -31.59     -3.594      0.000      0.000       25
  24    0.0   160.6    1    1059       6      32       1 ( 0.020%)    1425 (47.1%)    3.378     -31.37     -3.378      0.000      0.000       24
  25    0.0   208.8    0    2471      18      89       1 ( 0.020%)    1442 (47.7%)    3.641     -31.97     -3.641      0.000      0.000       25
  26    0.0   271.4    0     836       5      22       1 ( 0.020%)    1441 (47.7%)    3.390     -31.38     -3.390      0.000      0.000       25
  27    0.0   352.8    0    2252      18      89       1 ( 0.020%)    1429 (47.3%)    3.390     -31.30     -3.390      0.000      0.000       25
  28    0.0   458.7    0    2224      18      89       1 ( 0.020%)    1423 (47.1%)    3.390     -31.22     -3.390      0.000      0.000       26
  29    0.0   596.3    0    2366      17      88       1 ( 0.020%)    1441 (47.7%)    3.775     -32.05     -3.775      0.000      0.000       26
  30    0.0   775.1    1     666       4      14       1 ( 0.020%)    1449 (47.9%)    3.337     -31.47     -3.337      0.000      0.000       27
  31    0.0  1007.7    0    2526      19      96       1 ( 0.020%)    1450 (47.9%)    3.525     -31.64     -3.525      0.000      0.000       27
  32    0.0  1310.0    0    1305      10      42       1 ( 0.020%)    1457 (48.2%)    3.625     -31.74     -3.625      0.000      0.000       28
  33    0.0  1703.0    0    1045       5      26       1 ( 0.020%)    1430 (47.3%)    3.378     -31.50     -3.378      0.000      0.000       28
  34    0.0  2213.9    0    2369      18      89       1 ( 0.020%)    1428 (47.2%)    3.378     -31.37     -3.378      0.000      0.000       29
  35    0.0  2878.1    0    2256      17      88       1 ( 0.020%)    1431 (47.3%)    3.378     -31.37     -3.378      0.000      0.000       30
  36    0.0  3741.5    0    2258      17      88       1 ( 0.020%)    1432 (47.4%)    3.378     -31.37     -3.378      0.000      0.000       31
  37    0.0  4863.9    0    2383      17      88       1 ( 0.020%)    1437 (47.5%)    3.641     -31.83     -3.641      0.000      0.000       31
  38    0.0  6323.1    0    1101       7      29       1 ( 0.020%)    1464 (48.4%)    3.395     -31.39     -3.395      0.000      0.000       32
  39    0.0  8220.0    0    2565      19      91       1 ( 0.020%)    1487 (49.2%)    3.432     -31.82     -3.432      0.000      0.000       33
  40    0.0 10686.0    0    1860      14      72       2 ( 0.041%)    1471 (48.6%)    3.530     -31.84     -3.530      0.000      0.000       33
  41    0.0 13891.9    0    1206       9      38       1 ( 0.020%)    1462 (48.3%)    3.448     -31.74     -3.448      0.000      0.000       39
  42    0.0 18059.4    0    1825      15      73       1 ( 0.020%)    1458 (48.2%)    3.269     -31.56     -3.269      0.000      0.000       39
  43    0.0 23477.2    0    3333      28     125       2 ( 0.041%)    1480 (48.9%)    3.441     -31.83     -3.441      0.000      0.000       69
  44    0.0 30520.4    0    1770      14      72       1 ( 0.020%)    1463 (48.4%)    3.390     -31.68     -3.390      0.000      0.000       16
  45    0.0 39676.5    0    2152      18      84       1 ( 0.020%)    1459 (48.2%)    3.390     -31.68     -3.390      0.000      0.000       28
  46    0.0 51579.5    0    2320      17      83       1 ( 0.020%)    1467 (48.5%)    3.881     -32.65     -3.881      0.000      0.000       28
  47    0.0 67053.3    1     724       5      17       1 ( 0.020%)    1460 (48.3%)    3.516     -31.99     -3.516      0.000      0.000       28
  48    0.0 87169.3    0    1576      11      49       1 ( 0.020%)    1480 (48.9%)    3.548     -31.86     -3.548      0.000      0.000       28
  49    0.0 1.1e+05    0    1121       9      38       1 ( 0.020%)    1456 (48.1%)    3.390     -31.68     -3.390      0.000      0.000       27
  50    0.0 1.5e+05    0    2159      18      84       1 ( 0.020%)    1449 (47.9%)    3.390     -31.68     -3.390      0.000      0.000       25
Routing failed.

Failed routing attempt
Total number of overused nodes: 1
Routing Failure Diagnostics: Printing Overused Nodes Information
------ ------- ---------- --------- -------- ------------ ------- ------- ------- ------- ------- ------- -------
   No.  NodeId  Occupancy  Capacity  RR Node    Direction    Side     PTC   Block    Xlow    Ylow   Xhigh   Yhigh
                                        type                          NUM    Name                                 
------ ------- ---------- --------- -------- ------------ ------- ------- ------- ------- ------- ------- -------
     0    3812          2         1    CHANX      INC_DIR     N/A      22      io       4       0       6       0

Final Net Connection Criticality Histogram:
[        0:      0.1)  14 (  3.5%) |*****
[      0.1:      0.2)   0 (  0.0%) |
[      0.2:      0.3)   0 (  0.0%) |
[      0.3:      0.4)   0 (  0.0%) |
[      0.4:      0.5)  13 (  3.3%) |*****
[      0.5:      0.6)  32 (  8.0%) |************
[      0.6:      0.7)  80 ( 20.1%) |*****************************
[      0.7:      0.8)  94 ( 23.6%) |***********************************
[      0.8:      0.9) 128 ( 32.1%) |***********************************************
[      0.9:        1)  38 (  9.5%) |**************
Router Stats: total_nets_routed: 1952 total_connections_routed: 7117 total_heap_pushes: 173945 total_heap_pops: 47963 

Attempting to route at 38 channels (binary search bounds: [36, 40])
## Build routing resource graph
SOURCE->OPIN and IPIN->SINK edge count:2345
OPIN->CHANX/CHANY edge count before creating direct connections: 3110
OPIN->CHANX/CHANY edge count after creating direct connections: 3110
CHAN->CHAN type edge count:13227
## Build routing resource graph took 0.01 seconds (max_rss 63.9 MiB, delta_rss +0.0 MiB)
  RR Graph Nodes: 4950
  RR Graph Edges: 18682
## Computing router lookahead map
### Computing wire lookahead
### Computing wire lookahead took 0.03 seconds (max_rss 63.9 MiB, delta_rss +0.0 MiB)
### Computing src/opin lookahead
Warning 69: Found no sample locations for EMPTY
Warning 70: Found no more sample locations for SOURCE in io
Warning 71: Found no more sample locations for OPIN in io
Warning 72: Found no more sample locations for SOURCE in clb
Warning 73: Found no more sample locations for OPIN in clb
Warning 74: Found no more sample locations for SOURCE in mult_36
Warning 75: Found no more sample locations for OPIN in mult_36
Warning 76: Found no more sample locations for SOURCE in memory
Warning 77: Found no more sample locations for OPIN in memory
### Computing src/opin lookahead took 0.00 seconds (max_rss 63.9 MiB, delta_rss +0.0 MiB)
## Computing router lookahead map took 0.03 seconds (max_rss 63.9 MiB, delta_rss +0.0 MiB)
## Initializing router criticalities
Initial Net Connection Criticality Histogram:
[        0:      0.1)  14 (  3.5%) |****
[      0.1:      0.2)   0 (  0.0%) |
[      0.2:      0.3)   0 (  0.0%) |
[      0.3:      0.4)   0 (  0.0%) |
[      0.4:      0.5)  33 (  8.3%) |**********
[      0.5:      0.6)  22 (  5.5%) |*******
[      0.6:      0.7)  37 (  9.3%) |***********
[      0.7:      0.8) 112 ( 28.1%) |***********************************
[      0.8:      0.9) 152 ( 38.1%) |***********************************************
[      0.9:        1)  29 (  7.3%) |*********
## Initializing router criticalities took 0.00 seconds (max_rss 63.9 MiB, delta_rss +0.0 MiB)
---- ------ ------- ---- ------- ------- ------- ----------------- --------------- -------- ---------- ---------- ---------- ---------- --------
Iter   Time    pres  BBs    Heap  Re-Rtd  Re-Rtd Overused RR Nodes      Wirelength      CPD       sTNS       sWNS       hTNS       hWNS Est Succ
      (sec)     fac Updt    push    Nets   Conns                                       (ns)       (ns)       (ns)       (ns)       (ns)     Iter
---- ------ ------- ---- ------- ------- ------- ----------------- --------------- -------- ---------- ---------- ---------- ---------- --------
   1    0.0     0.0    0    6826     183     385     173 ( 3.495%)    1168 (36.6%)    2.888     -27.32     -2.888      0.000      0.000      N/A
   2    0.0     0.5    0    5764     123     322     131 ( 2.646%)    1197 (37.5%)    2.889     -27.39     -2.889      0.000      0.000      N/A
   3    0.0     0.6    0    5559     104     300     114 ( 2.303%)    1217 (38.1%)    2.889     -27.52     -2.889      0.000      0.000      N/A
   4    0.0     0.8    0    5781      94     287     104 ( 2.101%)    1224 (38.3%)    2.889     -27.50     -2.889      0.000      0.000      N/A
   5    0.0     1.1    0    6217      90     285     106 ( 2.141%)    1223 (38.3%)    2.889     -27.49     -2.889      0.000      0.000      N/A
   6    0.0     1.4    0    6082      80     255      84 ( 1.697%)    1226 (38.4%)    2.889     -27.94     -2.889      0.000      0.000      N/A
   7    0.0     1.9    0    5907      71     244      73 ( 1.475%)    1235 (38.7%)    2.889     -27.70     -2.889      0.000      0.000      N/A
   8    0.0     2.4    0    5809      61     220      50 ( 1.010%)    1269 (39.8%)    2.889     -28.04     -2.889      0.000      0.000      N/A
   9    0.0     3.1    0    3887      49     176      44 ( 0.889%)    1273 (39.9%)    2.889     -28.27     -2.889      0.000      0.000      N/A
  10    0.0     4.1    0    3818      46     167      35 ( 0.707%)    1297 (40.6%)    2.889     -28.56     -2.889      0.000      0.000       26
  11    0.0     5.3    0    3848      37     160      19 ( 0.384%)    1322 (41.4%)    2.900     -28.62     -2.900      0.000      0.000       26
  12    0.0     6.9    0    4556      47     213      22 ( 0.444%)    1352 (42.4%)    3.010     -28.87     -3.010      0.000      0.000       22
  13    0.0     9.0    0    4038      38     172       7 ( 0.141%)    1348 (42.2%)    3.058     -29.04     -3.058      0.000      0.000       23
  14    0.0    11.6    0    3755      35     155      10 ( 0.202%)    1362 (42.7%)    3.030     -28.89     -3.030      0.000      0.000       20
  15    0.0    15.1    0    3370      31     142       6 ( 0.121%)    1362 (42.7%)    3.004     -28.78     -3.004      0.000      0.000       21
  16    0.0    19.7    0    3438      30     152       3 ( 0.061%)    1364 (42.7%)    3.082     -29.00     -3.082      0.000      0.000       21
  17    0.0    25.6    0    2826      25     121       3 ( 0.061%)    1372 (43.0%)    3.004     -28.95     -3.004      0.000      0.000       20
  18    0.0    33.3    0    3260      30     137       2 ( 0.040%)    1357 (42.5%)    3.018     -29.05     -3.018      0.000      0.000       20
  19    0.0    43.3    0    4509      32     157       2 ( 0.040%)    1386 (43.4%)    3.265     -29.38     -3.265      0.000      0.000       20
  20    0.0    56.2    1    2872      21     102       1 ( 0.020%)    1386 (43.4%)    3.189     -29.39     -3.189      0.000      0.000       20
  21    0.0    73.1    0    3760      31     153       1 ( 0.020%)    1374 (43.0%)    3.189     -29.39     -3.189      0.000      0.000       20
  22    0.0    95.0    0    3930      32     159       1 ( 0.020%)    1393 (43.6%)    3.189     -29.44     -3.189      0.000      0.000       21
  23    0.0   123.5    0    3694      30     154       1 ( 0.020%)    1383 (43.3%)    3.189     -29.48     -3.189      0.000      0.000       21
  24    0.0   160.6    0    3629      29     147       1 ( 0.020%)    1377 (43.1%)    3.262     -29.51     -3.262      0.000      0.000       21
  25    0.0   208.8    0    2616      20     104       1 ( 0.020%)    1376 (43.1%)    3.189     -29.54     -3.189      0.000      0.000       22
  26    0.0   271.4    0    3571      30     148       1 ( 0.020%)    1388 (43.5%)    3.189     -29.48     -3.189      0.000      0.000       23
  27    0.0   352.8    0    3537      30     148       1 ( 0.020%)    1386 (43.4%)    3.189     -29.39     -3.189      0.000      0.000       23
  28    0.0   458.7    0    3488      31     149       1 ( 0.020%)    1378 (43.2%)    3.277     -29.47     -3.277      0.000      0.000       24
  29    0.0   596.3    0    2368      17      92       2 ( 0.040%)    1394 (43.7%)    3.189     -29.48     -3.189      0.000      0.000       25
  30    0.0   775.1    1    3443      30     148       1 ( 0.020%)    1378 (43.2%)    3.128     -29.32     -3.128      0.000      0.000       27
  31    0.0  1007.7    0    4101      33     169       1 ( 0.020%)    1374 (43.0%)    3.272     -29.47     -3.272      0.000      0.000       28
  32    0.0  1310.0    0    2246      17      88       1 ( 0.020%)    1366 (42.8%)    3.233     -29.58     -3.233      0.000      0.000       28
  33    0.0  1703.0    0    2734      24     116       2 ( 0.040%)    1368 (42.9%)    3.277     -29.61     -3.277      0.000      0.000       30
  34    0.0  2213.9    0    2491      18      94       1 ( 0.020%)    1389 (43.5%)    3.439     -29.77     -3.439      0.000      0.000       35
  35    0.0  2878.1    0     899       5      27       4 ( 0.081%)    1391 (43.6%)    3.597     -30.09     -3.597      0.000      0.000       45
  36    0.0  3741.5    0     617       4      20       1 ( 0.020%)    1368 (42.9%)    3.152     -29.35     -3.152      0.000      0.000       10
  37    0.0  4863.9    0    3883      33     165       1 ( 0.020%)    1370 (42.9%)    3.146     -29.36     -3.146      0.000      0.000       18
  38    0.0  6323.1    0    3937      32     164       1 ( 0.020%)    1374 (43.0%)    3.233     -29.58     -3.233      0.000      0.000       14
  39    0.0  8220.0    0    2712      24     116       1 ( 0.020%)    1369 (42.9%)    3.148     -29.34     -3.148      0.000      0.000       22
  40    0.0 10686.0    0    4029      32     164       1 ( 0.020%)    1373 (43.0%)    3.439     -29.72     -3.439      0.000      0.000       20
  41    0.0 13891.9    0     740       5      27       1 ( 0.020%)    1363 (42.7%)    3.148     -29.34     -3.148      0.000      0.000       17
  42    0.0 18059.4    0    3958      33     165       1 ( 0.020%)    1379 (43.2%)    3.152     -29.29     -3.152      0.000      0.000       13
  43    0.0 23477.2    0    3943      33     165       2 ( 0.040%)    1390 (43.5%)    3.222     -29.36     -3.222      0.000      0.000      inf
  44    0.0 30520.4    0    3000      26     127       1 ( 0.020%)    1386 (43.4%)    3.222     -29.36     -3.222      0.000      0.000       16
  45    0.0 39676.5    0    3105      27     128       1 ( 0.020%)    1391 (43.6%)    3.179     -29.42     -3.179      0.000      0.000        7
  46    0.0 51579.5    0    3750      31     154       1 ( 0.020%)    1386 (43.4%)    3.385     -29.84     -3.385      0.000      0.000      inf
  47    0.0 67053.3    0    1358       7      34       1 ( 0.020%)    1396 (43.7%)    3.321     -29.56     -3.321      0.000      0.000      inf
  48    0.0 87169.3    0    2007      16      75       1 ( 0.020%)    1376 (43.1%)    3.152     -29.39     -3.152      0.000      0.000      131
  49    0.0 1.1e+05    0    3908      32     159       1 ( 0.020%)    1386 (43.4%)    3.279     -29.52     -3.279      0.000      0.000       68
  50    0.0 1.5e+05    0    2108      18      84       1 ( 0.020%)    1385 (43.4%)    3.231     -29.47     -3.231      0.000      0.000       63
Routing failed.

Failed routing attempt
Total number of overused nodes: 1
Routing Failure Diagnostics: Printing Overused Nodes Information
------ ------- ---------- --------- -------- ------------ ------- ------- ------- ------- ------- ------- -------
   No.  NodeId  Occupancy  Capacity  RR Node    Direction    Side     PTC   Block    Xlow    Ylow   Xhigh   Yhigh
                                        type                          NUM    Name                                 
------ ------- ---------- --------- -------- ------------ ------- ------- ------- ------- ------- ------- -------
     0    3816          2         1    CHANX      INC_DIR     N/A      22      io       4       0       6       0

Final Net Connection Criticality Histogram:
[        0:      0.1)  14 (  3.5%) |******
[      0.1:      0.2)   0 (  0.0%) |
[      0.2:      0.3)   0 (  0.0%) |
[      0.3:      0.4)   0 (  0.0%) |
[      0.4:      0.5)  43 ( 10.8%) |*****************
[      0.5:      0.6)  17 (  4.3%) |*******
[      0.6:      0.7)  45 ( 11.3%) |******************
[      0.7:      0.8)  93 ( 23.3%) |*************************************
[      0.8:      0.9) 119 ( 29.8%) |***********************************************
[      0.9:        1)  68 ( 17.0%) |***************************
Router Stats: total_nets_routed: 1957 total_connections_routed: 7795 total_heap_pushes: 181684 total_heap_pops: 49846 
## Build routing resource graph
SOURCE->OPIN and IPIN->SINK edge count:2345
OPIN->CHANX/CHANY edge count before creating direct connections: 3232
OPIN->CHANX/CHANY edge count after creating direct connections: 3232
CHAN->CHAN type edge count:13840
## Build routing resource graph took 0.01 seconds (max_rss 63.9 MiB, delta_rss +0.0 MiB)
  RR Graph Nodes: 5014
  RR Graph Edges: 19417
Best routing used a channel width factor of 40.
# Routing took 0.56 seconds (max_rss 63.9 MiB, delta_rss +0.0 MiB)

Checking to ensure routing is legal...
# Checking to ensure non-configurable edges are legal
# Checking to ensure non-configurable edges are legal took 0.00 seconds (max_rss 63.9 MiB, delta_rss +0.0 MiB)
Completed routing consistency check successfully.

Serial number (magic cookie) for the routing is: -45936417
Circuit successfully routed with a channel width factor of 40.
# Synchronize the packed netlist to routing optimization
## Annotating rr_node with routed nets
## Annotating rr_node with routed nets took 0.00 seconds (max_rss 63.9 MiB, delta_rss +0.0 MiB)
Found 536 mismatches between routing and packing results.
Fixed 358 routing traces due to mismatch between routing and packing results.
# Synchronize the packed netlist to routing optimization took 0.00 seconds (max_rss 63.9 MiB, delta_rss +0.0 MiB)
Final Clustering Statistics: 
----------   --------   ------------------------------------   --------------------------
Block Type   # Blocks   Avg. # of input clocks and pins used   Avg. # of output pins used
----------   --------   ------------------------------------   --------------------------
     EMPTY          0                                      0                            0   
        io        112                                   0.25                         0.75   
       clb         24                                15.4583                      4.16667   
   mult_36          0                                      0                            0   
    memory          0                                      0                            0   
Absorbed logical nets 173 out of 357 nets, 184 nets not absorbed.


Average number of bends per net: 0.808743  Maximum # of bends: 4

Number of global nets: 1
Number of routed nets (nonglobal): 183
Wire length results (in units of 1 clb segments)...
	Total wirelength: 1340, average net length: 7.32240
	Maximum net length: 32

Wire length results in terms of physical segments...
	Total wiring segments used: 445, average wire segments per net: 2.43169
	Maximum segments used by a net: 10
	Total local nets with reserved CLB opins: 0
Total number of nets absorbed: 0

Routing channel utilization histogram:
[        1:      inf)  0 (  0.0%) |
[      0.9:        1)  0 (  0.0%) |
[      0.8:      0.9)  0 (  0.0%) |
[      0.7:      0.8)  0 (  0.0%) |
[      0.5:      0.6) 22 ( 22.4%) |*****************************************
[      0.4:      0.5) 26 ( 26.5%) |************************************************
[      0.3:      0.4) 20 ( 20.4%) |*************************************
[      0.2:      0.3) 14 ( 14.3%) |**************************
[      0.1:      0.2)  2 (  2.0%) |****
[        0:      0.1) 14 ( 14.3%) |**************************
Maximum routing channel utilization:      0.57 at (3,4)

X - Directed channels:   j max occ ave occ capacity
                      ---- ------- ------- --------
                         0      22  14.625       40
                         1      21  11.750       40
                         2      21  11.875       40
                         3      19  11.375       40
                         4      23  12.500       40
                         5      22  11.625       40
                         6      23  14.875       40
Y - Directed channels:   i max occ ave occ capacity
                      ---- ------- ------- --------
                         0      29  18.750       40
                         1      14   7.875       40
                         2      20  12.500       40
                         3      19  12.250       40
                         4      20  12.875       40
                         5      14   9.500       40
                         6       9   5.125       40

Total tracks in x-direction: 280, in y-direction: 280

Logic area (in minimum width transistor areas, excludes I/Os and empty grid tiles)...
	Total logic block area (Warning, need to add pitch of routing to blocks with height > 3): 2.23746e+06
	Total used logic block area: 1.29346e+06

Routing area (in minimum width transistor areas)...
	Total routing area: 131460., per logic tile: 2054.06

Total Number of Wiring Segments by Direction: direction length number
                                              --------- ------ -------
                                                      X      4    630
                                                      Y      4    630

X - Directed Wiring Segment usage by length: length utilization
                                             ------ -----------
                                             4       0.352

Y - Directed Wiring Segment usage by length: length utilization
                                             ------ -----------
                                             4       0.354

Segment occupancy by length: Length utilization
                             ------ -----------
                             L4           0.353

Segment occupancy by type:              name type utilization
                           ----------------- ---- -----------
                           unnamed_segment_0    0       0.353

Final hold Worst Negative Slack (hWNS): 0 ns
Final hold Total Negative Slack (hTNS): 0 ns

Final hold slack histogram:
[  8.8e-10:  9.5e-10) 1 (  7.1%) |****************
[  9.5e-10:    1e-09) 2 ( 14.3%) |*********************************
[    1e-09:  1.1e-09) 1 (  7.1%) |****************
[  1.1e-09:  1.2e-09) 2 ( 14.3%) |*********************************
[  1.2e-09:  1.2e-09) 2 ( 14.3%) |*********************************
[  1.2e-09:  1.3e-09) 3 ( 21.4%) |*************************************************
[  1.3e-09:  1.4e-09) 0 (  0.0%) |
[  1.4e-09:  1.4e-09) 0 (  0.0%) |
[  1.4e-09:  1.5e-09) 2 ( 14.3%) |*********************************
[  1.5e-09:  1.6e-09) 1 (  7.1%) |****************

Final critical path delay (least slack): 3.1313 ns, Fmax: 319.357 MHz
Final setup Worst Negative Slack (sWNS): -3.1313 ns
Final setup Total Negative Slack (sTNS): -28.935 ns

Final setup slack histogram:
[ -3.1e-09: -2.9e-09) 1 (  7.1%) |****************
[ -2.9e-09: -2.8e-09) 2 ( 14.3%) |*********************************
[ -2.8e-09: -2.6e-09) 1 (  7.1%) |****************
[ -2.6e-09: -2.4e-09) 1 (  7.1%) |****************
[ -2.4e-09: -2.2e-09) 1 (  7.1%) |****************
[ -2.2e-09:   -2e-09) 1 (  7.1%) |****************
[   -2e-09: -1.8e-09) 0 (  0.0%) |
[ -1.8e-09: -1.7e-09) 1 (  7.1%) |****************
[ -1.7e-09: -1.5e-09) 3 ( 21.4%) |*************************************************
[ -1.5e-09: -1.3e-09) 3 ( 21.4%) |*************************************************

Final geomean non-virtual intra-domain period: nan ns (nan MHz)
Final fanout-weighted geomean non-virtual intra-domain period: nan ns (nan MHz)

Incr Slack updates 1 in 1.575e-05 sec
Full Max Req/Worst Slack updates 1 in 1.613e-06 sec
Incr Max Req/Worst Slack updates 0 in 0 sec
Incr Criticality updates 0 in 0 sec
Full Criticality updates 1 in 2.5067e-05 sec
Flow timing analysis took 0.127598 seconds (0.110838 STA, 0.0167599 slack) (238 full updates: 28 setup, 0 hold, 210 combined).
VPR succeeded
The entire flow of VPR took 1.06 seconds (max_rss 63.9 MiB)
Incr Slack updates 209 in 0.00346289 sec
Full Max Req/Worst Slack updates 75 in 8.7434e-05 sec
Incr Max Req/Worst Slack updates 134 in 0.000143638 sec
Incr Criticality updates 59 in 0.00157169 sec
Full Criticality updates 150 in 0.00352902 sec
	Command being timed: "/packages/apps/vtr/8.0.0-git/vpr/vpr k6_frac_N10_mem32K_40nm.xml ex4p --circuit_file ex4p.pre-vpr.blif --reorder_rr_graph_nodes_algorithm random_shuffle"
	User time (seconds): 0.99
	System time (seconds): 0.04
	Percent of CPU this job got: 94%
	Elapsed (wall clock) time (h:mm:ss or m:ss): 0:01.08
	Average shared text size (kbytes): 0
	Average unshared data size (kbytes): 0
	Average stack size (kbytes): 0
	Average total size (kbytes): 0
	Maximum resident set size (kbytes): 65440
	Average resident set size (kbytes): 0
	Major (requiring I/O) page faults: 0
	Minor (reclaiming a frame) page faults: 33975
	Voluntary context switches: 121
	Involuntary context switches: 8
	Swaps: 0
	File system inputs: 0
	File system outputs: 2960
	Socket messages sent: 0
	Socket messages received: 0
	Signals delivered: 0
	Page size (bytes): 4096
	Exit status: 0
