/usr/bin/env time -v /packages/apps/vtr/8.0.0-git/vpr/vpr k6_frac_N10_mem32K_40nm.xml diffeq1 --circuit_file diffeq1.pre-vpr.blif --route_chan_width 60 --max_criticality 0.5 --astar_fac 0 --seed 15
VPR FPGA Placement and Routing.
Version: 8.1.0-dev+109c5adcc
Revision: v8.0.0-9695-g109c5adcc
Compiled: 2024-02-23T09:38:13
Compiler: GNU 11.2.0 on Linux-4.18.0-348.el8.0.2.x86_64 x86_64
Build Info: release IPO VTR_ASSERT_LEVEL=2

University of Toronto
verilogtorouting.org
vtr-users@googlegroups.com
This is free open source code under MIT license.

VPR was run with the following command-line:
/packages/apps/vtr/8.0.0-git/vpr/vpr k6_frac_N10_mem32K_40nm.xml diffeq1 --circuit_file diffeq1.pre-vpr.blif --route_chan_width 60 --max_criticality 0.5 --astar_fac 0 --seed 15


Architecture file: k6_frac_N10_mem32K_40nm.xml
Circuit name: diffeq1

# Loading Architecture Description
# Loading Architecture Description took 0.01 seconds (max_rss 15.4 MiB, delta_rss +2.7 MiB)

Timing analysis: ON
Circuit netlist file: diffeq1.net
Circuit placement file: diffeq1.place
Circuit routing file: diffeq1.route
Circuit SDC file: diffeq1.sdc
Vpr floorplanning constraints file: not specified

Packer: ENABLED
Placer: ENABLED
Router: ENABLED
Analysis: ENABLED

VPR was run with the following options:

NetlistOpts.abosrb_buffer_luts            : true
NetlistOpts.sweep_dangling_primary_ios    : true
NetlistOpts.sweep_dangling_nets           : true
NetlistOpts.sweep_dangling_blocks         : true
NetlistOpts.sweep_constant_primary_outputs: false
NetlistOpts.netlist_verbosity             : 1
NetlistOpts.const_gen_inference           : COMB_SEQ

PackerOpts.allow_unrelated_clustering: auto
PackerOpts.alpha_clustering: 0.750000
PackerOpts.beta_clustering: 0.900000
PackerOpts.cluster_seed_type: BLEND2
PackerOpts.connection_driven: true
PackerOpts.global_clocks: true
PackerOpts.hill_climbing_flag: false
PackerOpts.inter_cluster_net_delay: 1.000000
PackerOpts.timing_driven: true
PackerOpts.target_external_pin_util: auto

PlacerOpts.place_freq: PLACE_ONCE
PlacerOpts.place_algorithm: CRITICALITY_TIMING_PLACE
PlacerOpts.pad_loc_type: FREE
PlacerOpts.constraints_file: No constraints file given
PlacerOpts.place_cost_exp: 1.000000
PlacerOpts.place_chan_width: 60
PlacerOpts.inner_loop_recompute_divider: 0
PlacerOpts.recompute_crit_iter: 1
PlacerOpts.timing_tradeoff: 0.500000
PlacerOpts.td_place_exp_first: 1.000000
PlacerOpts.td_place_exp_last: 8.000000
PlacerOpts.delay_offset: 0.000000
PlacerOpts.delay_ramp_delta_threshold: -1
PlacerOpts.delay_ramp_slope: 0.000000
PlacerOpts.tsu_rel_margin: 1.000000
PlacerOpts.tsu_abs_margin: 0.000000
PlacerOpts.post_place_timing_report_file: 
PlacerOpts.allowed_tiles_for_delay_model: 
PlacerOpts.delay_model_reducer: MIN
PlacerOpts.delay_model_type: DELTA
PlacerOpts.rlim_escape_fraction: 0.000000
PlacerOpts.move_stats_file: 
PlacerOpts.placement_saves_per_temperature: 0
PlacerOpts.effort_scaling: CIRCUIT
PlacerOpts.place_delta_delay_matrix_calculation_method: ASTAR_ROUTE
PlaceOpts.seed: 15
AnnealSched.type: AUTO_SCHED
AnnealSched.inner_num: 0.500000

RouterOpts.route_type: DETAILED
RouterOpts.flat_routing: false
RouterOpts.has_choking_spot: false
RouterOpts.router_algorithm: TIMING_DRIVEN
RouterOpts.base_cost_type: DELAY_NORMALIZED_LENGTH
RouterOpts.fixed_channel_width: 60
RouterOpts.check_route: FULL
RouterOpts.acc_fac: 1.000000
RouterOpts.bb_factor: 3
RouterOpts.bend_cost: 0.000000
RouterOpts.first_iter_pres_fac: 0.000000
RouterOpts.initial_pres_fac: 0.500000
RouterOpts.pres_fac_mult: 1.300000
RouterOpts.max_router_iterations: 50
RouterOpts.min_incremental_reroute_fanout: 16
RouterOpts.do_check_rr_graph: true
RouterOpts.verify_binary_search: false
RouterOpts.min_channel_width_hint: 0
RouterOpts.read_rr_edge_metadata: false
RouterOpts.exit_after_first_routing_iteration: false
RouterOpts.astar_fac: 0.000000
RouterOpts.router_profiler_astar_fac: 1.200000
RouterOpts.criticality_exp: 1.000000
RouterOpts.max_criticality: 0.500000
RouterOpts.init_wirelength_abort_threshold: 0.850000
RouterOpts.save_routing_per_iteration: false
RouterOpts.congested_routing_iteration_threshold_frac: 1.000000
RouterOpts.high_fanout_threshold: 64
RouterOpts.router_debug_net: -2
RouterOpts.router_debug_sink_rr: -2
RouterOpts.router_debug_iteration: -2
RouterOpts.max_convergence_count: 1
RouterOpts.reconvergence_cpd_threshold: 0.990000
RouterOpts.update_lower_bound_delays: true
RouterOpts.first_iteration_timing_report_file: 
RouterOpts.incr_reroute_delay_ripup: AUTO
RouterOpts.route_bb_update: DYNAMIC
RouterOpts.lookahead_type: MAP
RouterOpts.initial_timing: LOOKAHEAD
RouterOpts.router_heap: BINARY_HEAP
RouterOpts.routing_failure_predictor = SAFE
RouterOpts.routing_budgets_algorithm = DISABLE

AnalysisOpts.gen_post_synthesis_netlist: false
AnalysisOpts.timing_report_npaths: 100
AnalysisOpts.timing_report_skew: false
AnalysisOpts.echo_dot_timing_graph_node: -1
AnalysisOpts.timing_report_detail: NETLIST
AnalysisOpts.post_synth_netlist_unconn_input_handling: UNCONNECTED
AnalysisOpts.post_synth_netlist_unconn_output_handling: UNCONNECTED

# Building complex block graph
Warning 1: io[0].clock[0] unconnected pin in architecture.
# Building complex block graph took 0.02 seconds (max_rss 22.2 MiB, delta_rss +6.7 MiB)
Circuit file: diffeq1.pre-vpr.blif
# Load circuit
Found constant-zero generator 'unconn'
Found constant-one generator 'vcc'
# Load circuit took 0.01 seconds (max_rss 24.0 MiB, delta_rss +1.8 MiB)
# Clean circuit
Absorbed 0 LUT buffers
Inferred    0 additional primitive pins as constant generators since they have no combinationally connected inputs
Inferred    0 additional primitive pins as constant generators due to constant inputs
Inferred    0 additional primitive pins as constant generators since they have no combinationally connected inputs
Inferred    0 additional primitive pins as constant generators due to constant inputs
Swept input(s)      : 0
Swept output(s)     : 0 (0 dangling, 0 constant)
Swept net(s)        : 200
Swept block(s)      : 0
Constant Pins Marked: 0
# Clean circuit took 0.00 seconds (max_rss 24.0 MiB, delta_rss +0.0 MiB)
# Compress circuit
# Compress circuit took 0.00 seconds (max_rss 24.0 MiB, delta_rss +0.0 MiB)
# Verify circuit
# Verify circuit took 0.00 seconds (max_rss 24.0 MiB, delta_rss +0.0 MiB)
Circuit Statistics:
  Blocks: 935
    .input  :     162
    .latch  :     193
    .output :      96
    0-LUT   :       1
    6-LUT   :     478
    multiply:       5
  Nets  : 994
    Avg Fanout:     2.8
    Max Fanout:   193.0
    Min Fanout:     1.0
  Netlist Clocks: 1
# Build Timing Graph
  Timing Graph Nodes: 3778
  Timing Graph Edges: 13532
  Timing Graph Levels: 40
# Build Timing Graph took 0.01 seconds (max_rss 25.4 MiB, delta_rss +1.5 MiB)
Netlist contains 1 clocks
  Netlist Clock 'clk' Fanout: 193 pins (5.1%), 193 blocks (20.6%)
# Load Timing Constraints

SDC file 'diffeq1.sdc' not found
Setting default timing constraints:
   * constrain all primay inputs and primary outputs on netlist clock 'clk'
   * optimize netlist clock to run as fast as possible
Timing constraints created 1 clocks
  Constrained Clock 'clk' Source: 'clk.inpad[0]'

# Load Timing Constraints took 0.00 seconds (max_rss 25.4 MiB, delta_rss +0.0 MiB)
# Packing
Begin packing 'diffeq1.pre-vpr.blif'.

After removing unused inputs...
	total blocks: 935, total nets: 994, total inputs: 162, total outputs: 96
Begin prepacking.
0 attraction groups were created during prepacking.
Finish prepacking.
Using inter-cluster delay: 1.33777e-09
Packing with pin utilization targets: io:1,1 clb:0.8,1 mult_36:1,1 memory:1,1
Packing with high fanout thresholds: io:128 clb:32 mult_36:128 memory:128
Starting Clustering - Clustering Progress: 
-------------------   --------------------------   ---------
Molecules processed   Number of clusters created   FPGA size
-------------------   --------------------------   ---------
    29/743       3%                            7    16 x 16    
    58/743       7%                            9    16 x 16    
    87/743      11%                           11    16 x 16    
   116/743      15%                           14    16 x 16    
   145/743      19%                           16    16 x 16    
   174/743      23%                           18    16 x 16    
   203/743      27%                           20    16 x 16    
   232/743      31%                           22    16 x 16    
   261/743      35%                           24    16 x 16    
   290/743      39%                           26    16 x 16    
   319/743      42%                           28    16 x 16    
   348/743      46%                           30    16 x 16    
   377/743      50%                           32    16 x 16    
   406/743      54%                           34    16 x 16    
   435/743      58%                           36    16 x 16    
   464/743      62%                           38    16 x 16    
   493/743      66%                           48    16 x 16    
   522/743      70%                           77    16 x 16    
   551/743      74%                          106    16 x 16    
   580/743      78%                          135    16 x 16    
   609/743      81%                          164    16 x 16    
   638/743      85%                          193    16 x 16    
   667/743      89%                          222    16 x 16    
   696/743      93%                          251    16 x 16    
   725/743      97%                          280    16 x 16    

Logic Element (fle) detailed count:
  Total number of Logic Elements used : 337
  LEs used for logic and registers    : 138
  LEs used for logic only             : 199
  LEs used for registers only         : 0

Incr Slack updates 1 in 3.6679e-05 sec
Full Max Req/Worst Slack updates 1 in 7.114e-06 sec
Incr Max Req/Worst Slack updates 0 in 0 sec
Incr Criticality updates 0 in 0 sec
Full Criticality updates 1 in 6.0874e-05 sec
FPGA sized to 16 x 16 (auto)
Device Utilization: 0.34 (target 1.00)
	Block Utilization: 0.58 Type: io
	Block Utilization: 0.26 Type: clb
	Block Utilization: 0.83 Type: mult_36

Start the iterative improvement process
the iterative improvement process is done
Final Clustering Statistics: 
----------   --------   ------------------------------------   --------------------------
Block Type   # Blocks   Avg. # of input clocks and pins used   Avg. # of output pins used
----------   --------   ------------------------------------   --------------------------
     EMPTY          0                                      0                            0   
        io        258                               0.372093                     0.627907   
       clb         36                                22.7222                      10.3333   
   mult_36          5                                     52                           32   
    memory          0                                      0                            0   
Absorbed logical nets 300 out of 994 nets, 694 nets not absorbed.

Netlist conversion complete.

# Packing took 0.19 seconds (max_rss 29.0 MiB, delta_rss +3.5 MiB)
# Load packing
Begin loading packed FPGA netlist file.
Netlist generated from file 'diffeq1.net'.
Detected 1 constant generators (to see names run with higher pack verbosity)
Finished loading packed FPGA netlist file (took 0.057744 seconds).
Warning 2: Treated 1 constant nets as global which will not be routed (to see net names increase packer verbosity).
# Load packing took 0.06 seconds (max_rss 67.1 MiB, delta_rss +38.1 MiB)
Warning 3: Netlist contains 5 global net to non-global architecture pin connections
Warning 4: Logic block #40 (vcc) has only 1 output pin 'vcc.O[0]'. It may be a constant generator.
Cluster level netlist and block usage statistics
Netlist num_nets: 694
Netlist num_blocks: 299
Netlist EMPTY blocks: 0.
Netlist io blocks: 258.
Netlist clb blocks: 36.
Netlist mult_36 blocks: 5.
Netlist memory blocks: 0.
Netlist inputs pins: 162
Netlist output pins: 96

Pb types usage...
  io                    : 258
   inpad                : 162
   outpad               : 96
  clb                   : 36
   fle                  : 337
    lut5inter           : 168
     ble5               : 311
      lut5              : 310
       lut              : 310
      ff                : 136
    ble6                : 169
     lut6               : 169
      lut               : 169
     ff                 : 57
  mult_36               : 5
   mult_36x36_slice     : 5
    mult_36x36          : 5

# Create Device
## Build Device Grid
FPGA sized to 16 x 16: 256 grid tiles (auto)

Resource usage...
	Netlist
		258	blocks of type: io
	Architecture
		448	blocks of type: io
	Netlist
		36	blocks of type: clb
	Architecture
		140	blocks of type: clb
	Netlist
		5	blocks of type: mult_36
	Architecture
		6	blocks of type: mult_36
	Netlist
		0	blocks of type: memory
	Architecture
		4	blocks of type: memory

Device Utilization: 0.34 (target 1.00)
	Physical Tile io:
	Block Utilization: 0.58 Logical Block: io
	Physical Tile clb:
	Block Utilization: 0.26 Logical Block: clb
	Physical Tile mult_36:
	Block Utilization: 0.83 Logical Block: mult_36
	Physical Tile memory:
	Block Utilization: 0.00 Logical Block: memory

FPGA size limited by block type(s): mult_36

## Build Device Grid took 0.00 seconds (max_rss 67.2 MiB, delta_rss +0.0 MiB)
## Build routing resource graph
SOURCE->OPIN and IPIN->SINK edge count:11392
OPIN->CHANX/CHANY edge count before creating direct connections: 23616
OPIN->CHANX/CHANY edge count after creating direct connections: 23616
CHAN->CHAN type edge count:109849
## Build routing resource graph took 0.09 seconds (max_rss 67.2 MiB, delta_rss +0.0 MiB)
  RR Graph Nodes: 24972
  RR Graph Edges: 144857
# Create Device took 0.09 seconds (max_rss 67.2 MiB, delta_rss +0.0 MiB)

# Computing router lookahead map
## Computing wire lookahead
## Computing wire lookahead took 0.23 seconds (max_rss 67.2 MiB, delta_rss +0.0 MiB)
## Computing src/opin lookahead
Warning 5: Found no sample locations for EMPTY
Warning 6: Found no more sample locations for SOURCE in io
Warning 7: Found no more sample locations for OPIN in io
Warning 8: Found no more sample locations for SOURCE in clb
Warning 9: Found no more sample locations for OPIN in clb
Warning 10: Found no more sample locations for SOURCE in mult_36
Warning 11: Found no more sample locations for OPIN in mult_36
Warning 12: Found no more sample locations for SOURCE in memory
Warning 13: Found no more sample locations for OPIN in memory
## Computing src/opin lookahead took 0.00 seconds (max_rss 67.2 MiB, delta_rss +0.0 MiB)
# Computing router lookahead map took 0.23 seconds (max_rss 67.2 MiB, delta_rss +0.0 MiB)
# Computing placement delta delay look-up
RR graph channel widths unchanged, skipping RR graph rebuild
## Computing delta delays
## Computing delta delays took 0.02 seconds (max_rss 67.2 MiB, delta_rss +0.0 MiB)
# Computing placement delta delay look-up took 0.02 seconds (max_rss 67.2 MiB, delta_rss +0.0 MiB)

Bounding box mode is Cube

Using simple RL 'Softmax agent' for choosing move and block types
# Placement
## Initial Placement
Initial placement iteration 0 has finished successfully
## Initial Placement took 0.00 seconds (max_rss 67.2 MiB, delta_rss +0.0 MiB)

There are 1136 point to point connections in this circuit.


BB estimate of min-dist (placement) wire length: 9196

Completed placement consistency check successfully.
Initial placement cost: 1 bb_cost: 153.271 td_cost: 2.23339e-07
Initial placement estimated Critical Path Delay (CPD): 23.8056 ns
Initial placement estimated setup Total Negative Slack (sTNS): -1748.99 ns
Initial placement estimated setup Worst Negative Slack (sWNS): -23.8056 ns

Initial placement estimated setup slack histogram:
[ -2.4e-08: -2.1e-08)   9 (  3.1%) |***
[ -2.1e-08: -1.9e-08)   5 (  1.7%) |**
[ -1.9e-08: -1.7e-08)  10 (  3.5%) |****
[ -1.7e-08: -1.4e-08)   6 (  2.1%) |**
[ -1.4e-08: -1.2e-08)   2 (  0.7%) |*
[ -1.2e-08: -9.8e-09)  17 (  5.9%) |******
[ -9.8e-09: -7.4e-09)  12 (  4.2%) |*****
[ -7.4e-09: -5.1e-09) 123 ( 42.6%) |***********************************************
[ -5.1e-09: -2.7e-09)   9 (  3.1%) |***
[ -2.7e-09: -3.9e-10)  96 ( 33.2%) |*************************************
Placement contains 0 placement macros involving 0 blocks (average macro size -nan)

Moves per temperature: 999
Warning 14: Starting t: 142 of 299 configurations accepted.

---- ------ ------- ------- ---------- ---------- ------- ---------- -------- ------- ------- ------ -------- --------- ------
Tnum   Time       T Av Cost Av BB Cost Av TD Cost     CPD       sTNS     sWNS Ac Rate Std Dev  R lim Crit Exp Tot Moves  Alpha
      (sec)                                          (ns)       (ns)     (ns)                                                 
---- ------ ------- ------- ---------- ---------- ------- ---------- -------- ------- ------- ------ -------- --------- ------
   1    0.0 6.5e-04   0.942     122.89 1.8584e-07  22.026  -1.68e+03  -22.026   0.652  0.0236   15.0     1.00       999  0.200
   2    0.0 6.2e-04   0.950     115.26 1.6966e-07  21.653  -1.66e+03  -21.653   0.627  0.0206   15.0     1.00      1998  0.950
   3    0.0 5.9e-04   0.981     111.49 1.5995e-07  21.241  -1.61e+03  -21.241   0.589  0.0095   15.0     1.00      2997  0.950
   4    0.0 5.6e-04   0.981     108.00 1.5509e-07  20.899  -1.57e+03  -20.899   0.609  0.0086   15.0     1.00      3996  0.950
   5    0.0 5.3e-04   0.990     106.39 1.5272e-07  20.883  -1.58e+03  -20.883   0.541  0.0082   15.0     1.00      4995  0.950
   6    0.0 5.1e-04   1.001     103.01 1.4971e-07  20.883  -1.56e+03  -20.883   0.494  0.0020   15.0     1.00      5994  0.950
   7    0.0 4.8e-04   0.996     102.37 1.4927e-07  20.915  -1.57e+03  -20.915   0.501  0.0021   15.0     1.00      6993  0.950
   8    0.0 4.6e-04   0.995     102.24 1.4737e-07  20.889  -1.57e+03  -20.889   0.528  0.0031   15.0     1.00      7992  0.950
   9    0.0 4.3e-04   0.993     101.35 1.4646e-07  20.921  -1.57e+03  -20.921   0.511  0.0068   15.0     1.00      8991  0.950
  10    0.0 4.1e-04   0.997     100.10 1.4576e-07  20.921   -1.6e+03  -20.921   0.476  0.0027   15.0     1.00      9990  0.950
  11    0.0 3.9e-04   0.996      99.41 1.4473e-07  20.921  -1.58e+03  -20.921   0.469  0.0031   15.0     1.00     10989  0.950
  12    0.0 3.7e-04   0.998      99.06 1.4427e-07  20.900  -1.61e+03  -20.900   0.438  0.0033   15.0     1.00     11988  0.950
  13    0.0 3.5e-04   0.997      98.26 1.4239e-07  20.864  -1.59e+03  -20.864   0.489  0.0020   15.0     1.01     12987  0.950
  14    0.0 3.4e-04   0.999      98.28 1.4142e-07  20.958  -1.56e+03  -20.958   0.459  0.0029   15.0     1.00     13986  0.950
  15    0.0 3.2e-04   0.999      96.93 1.4173e-07  20.958  -1.56e+03  -20.958   0.425  0.0010   15.0     1.00     14985  0.950
  16    0.0 3.0e-04   1.002      97.33 1.3555e-07  20.677  -1.56e+03  -20.677   0.450  0.0024   14.8     1.11     15984  0.950
  17    0.0 2.9e-04   0.997      97.25 1.4026e-07  20.677  -1.58e+03  -20.677   0.429  0.0025   14.9     1.03     16983  0.950
  18    0.0 2.7e-04   0.995      96.58 1.3482e-07  20.677  -1.56e+03  -20.677   0.431  0.0028   14.8     1.11     17982  0.950
  19    0.0 2.6e-04   0.998      95.64 1.313e-07   20.677  -1.56e+03  -20.677   0.402  0.0014   14.7     1.17     18981  0.950
  20    0.0 2.5e-04   1.000      95.41 1.2026e-07  20.597  -1.57e+03  -20.597   0.366  0.0014   14.1     1.45     19980  0.950
  21    0.0 2.3e-04   0.994      94.75 1.0519e-07  20.597  -1.59e+03  -20.597   0.382  0.0040   13.1     1.97     20979  0.950
  22    0.0 2.2e-04   0.996      93.56 9.7617e-08  20.460  -1.58e+03  -20.460   0.378  0.0023   12.3     2.35     21978  0.950
  23    0.0 2.1e-04   1.000      93.33 9.139e-08   20.460  -1.57e+03  -20.460   0.340  0.0008   11.6     2.72     22977  0.950
  24    0.0 2.0e-04   0.996      93.07 8.4746e-08  20.460  -1.57e+03  -20.460   0.357  0.0022   10.4     3.30     23976  0.950
  25    0.0 1.9e-04   1.001      92.99 8.0723e-08  20.460  -1.55e+03  -20.460   0.354  0.0012    9.5     3.73     24975  0.950
  26    0.0 1.8e-04   0.995      91.94 7.7239e-08  20.460  -1.55e+03  -20.460   0.350  0.0021    8.7     4.14     25974  0.950
  27    0.0 1.7e-04   1.001      91.70 7.4553e-08  20.326  -1.54e+03  -20.326   0.324  0.0016    7.9     4.53     26973  0.950
  28    0.0 1.6e-04   0.996      90.68 7.1904e-08  20.326  -1.55e+03  -20.326   0.319  0.0019    7.0     4.99     27972  0.950
  29    0.0 1.6e-04   0.998      90.22 6.9865e-08  20.326  -1.54e+03  -20.326   0.290  0.0013    6.2     5.41     28971  0.950
  30    0.0 1.5e-04   1.001      90.41 6.7883e-08  20.326  -1.55e+03  -20.326   0.321  0.0009    5.3     5.87     29970  0.950
  31    0.0 1.4e-04   1.000      90.30 6.6686e-08  20.326  -1.55e+03  -20.326   0.303  0.0007    4.6     6.19     30969  0.950
  32    0.0 1.3e-04   0.996      89.77 6.5424e-08  20.326  -1.55e+03  -20.326   0.309  0.0016    4.0     6.50     31968  0.950
  33    0.0 1.3e-04   0.998      89.27 6.4493e-08  20.326  -1.55e+03  -20.326   0.357  0.0015    3.5     6.76     32967  0.950
  34    0.0 1.2e-04   0.998      88.61 6.4073e-08  20.326  -1.55e+03  -20.326   0.300  0.0009    3.2     6.91     33966  0.950
  35    0.0 1.1e-04   0.999      88.36 6.3409e-08  20.326  -1.53e+03  -20.326   0.282  0.0003    2.7     7.13     34965  0.950
  36    0.0 1.1e-04   0.998      88.10 6.2805e-08  20.326  -1.53e+03  -20.326   0.283  0.0012    2.3     7.35     35964  0.950
  37    0.0 1.0e-04   0.997      87.58 6.2565e-08  20.226  -1.53e+03  -20.226   0.372  0.0016    1.9     7.53     36963  0.950
  38    0.0 9.8e-05   0.998      86.94 6.1981e-08  20.326  -1.53e+03  -20.326   0.333  0.0006    1.8     7.59     37962  0.950
  39    0.0 9.3e-05   0.999      86.76 6.2094e-08  20.226  -1.53e+03  -20.226   0.334  0.0007    1.6     7.69     38961  0.950
  40    0.0 8.8e-05   1.000      86.75 6.1707e-08  20.226  -1.53e+03  -20.226   0.339  0.0007    1.5     7.77     39960  0.950
  41    0.0 8.4e-05   0.999      86.72 6.1107e-08  20.326  -1.53e+03  -20.326   0.349  0.0004    1.3     7.85     40959  0.950
  42    0.0 8.0e-05   0.999      86.56 6.1222e-08  20.226  -1.53e+03  -20.226   0.331  0.0004    1.2     7.91     41958  0.950
  43    0.0 7.6e-05   1.000      86.49 6.0682e-08  20.326  -1.53e+03  -20.326   0.347  0.0003    1.1     7.97     42957  0.950
  44    0.0 7.2e-05   1.000      86.33 6.0987e-08  20.226  -1.53e+03  -20.226   0.307  0.0003    1.0     8.00     43956  0.950
  45    0.0 6.8e-05   0.999      86.30 6.0573e-08  20.326  -1.53e+03  -20.326   0.342  0.0003    1.0     8.00     44955  0.950
  46    0.0 6.5e-05   0.999      86.07 6.0992e-08  20.226  -1.53e+03  -20.226   0.324  0.0004    1.0     8.00     45954  0.950
  47    0.0 6.2e-05   0.997      85.56 6.0533e-08  20.326  -1.53e+03  -20.326   0.327  0.0013    1.0     8.00     46953  0.950
  48    0.0 5.9e-05   1.000      85.57 6.0781e-08  20.197  -1.53e+03  -20.197   0.322  0.0001    1.0     8.00     47952  0.950
  49    0.0 5.6e-05   1.000      85.51 6.0793e-08  20.197  -1.53e+03  -20.197   0.277  0.0003    1.0     8.00     48951  0.950
  50    0.0 5.3e-05   1.000      85.49 6.0804e-08  20.197  -1.53e+03  -20.197   0.300  0.0002    1.0     8.00     49950  0.950
  51    0.0 5.0e-05   1.000      85.40 6.0848e-08  20.197  -1.53e+03  -20.197   0.267  0.0002    1.0     8.00     50949  0.950
  52    0.0 4.8e-05   0.999      85.28 6.0868e-08  20.197  -1.53e+03  -20.197   0.277  0.0003    1.0     8.00     51948  0.950
  53    0.0 4.5e-05   1.000      85.17 6.0861e-08  20.197  -1.55e+03  -20.197   0.265  0.0002    1.0     8.00     52947  0.950
  54    0.0 4.3e-05   1.000      85.20 6.0871e-08  20.197  -1.53e+03  -20.197   0.284  0.0003    1.0     8.00     53946  0.950
  55    0.0 4.1e-05   1.000      85.30 6.0846e-08  20.197  -1.53e+03  -20.197   0.276  0.0002    1.0     8.00     54945  0.950
  56    0.0 3.9e-05   1.000      85.29 6.085e-08   20.197  -1.53e+03  -20.197   0.283  0.0001    1.0     8.00     55944  0.950
  57    0.0 3.7e-05   1.000      85.32 6.0842e-08  20.197  -1.53e+03  -20.197   0.310  0.0002    1.0     8.00     56943  0.950
  58    0.0 3.5e-05   0.999      85.19 6.0855e-08  20.197  -1.54e+03  -20.197   0.291  0.0002    1.0     8.00     57942  0.950
  59    0.0 3.3e-05   1.000      85.15 6.085e-08   20.197  -1.53e+03  -20.197   0.265  0.0001    1.0     8.00     58941  0.950
  60    0.0 3.2e-05   1.000      85.18 6.0843e-08  20.197  -1.53e+03  -20.197   0.295  0.0001    1.0     8.00     59940  0.950
  61    0.0 3.0e-05   1.000      85.13 6.0872e-08  20.197  -1.53e+03  -20.197   0.254  0.0002    1.0     8.00     60939  0.950
  62    0.0 2.9e-05   1.000      85.09 6.0851e-08  20.197  -1.53e+03  -20.197   0.275  0.0001    1.0     8.00     61938  0.950
  63    0.0 2.7e-05   1.000      85.09 6.0846e-08  20.197  -1.53e+03  -20.197   0.297  0.0001    1.0     8.00     62937  0.950
  64    0.0 2.6e-05   1.000      85.06 6.0838e-08  20.197  -1.53e+03  -20.197   0.286  0.0001    1.0     8.00     63936  0.950
  65    0.0 2.4e-05   1.000      85.04 6.0842e-08  20.197  -1.53e+03  -20.197   0.282  0.0001    1.0     8.00     64935  0.950
  66    0.0 2.3e-05   1.000      85.04 6.0837e-08  20.197  -1.53e+03  -20.197   0.262  0.0000    1.0     8.00     65934  0.950
  67    0.0 2.2e-05   1.000      85.00 6.085e-08   20.197  -1.53e+03  -20.197   0.268  0.0001    1.0     8.00     66933  0.950
  68    0.0 2.1e-05   1.000      84.91 6.0863e-08  20.197  -1.53e+03  -20.197   0.281  0.0003    1.0     8.00     67932  0.950
  69    0.0 2.0e-05   1.000      84.81 6.0864e-08  20.197  -1.53e+03  -20.197   0.279  0.0000    1.0     8.00     68931  0.950
  70    0.0 1.9e-05   1.000      84.80 6.0876e-08  20.197  -1.53e+03  -20.197   0.267  0.0001    1.0     8.00     69930  0.950
  71    0.0 1.8e-05   1.000      84.77 6.0864e-08  20.197  -1.54e+03  -20.197   0.234  0.0001    1.0     8.00     70929  0.950
  72    0.0 1.7e-05   1.000      84.72 6.0859e-08  20.197  -1.54e+03  -20.197   0.226  0.0002    1.0     8.00     71928  0.950
  73    0.0 1.6e-05   1.000      84.66 6.0866e-08  20.197  -1.54e+03  -20.197   0.243  0.0001    1.0     8.00     72927  0.950
  74    0.0 1.5e-05   1.000      84.63 6.0861e-08  20.197  -1.54e+03  -20.197   0.281  0.0001    1.0     8.00     73926  0.950
  75    0.0 1.5e-05   1.000      84.64 6.0818e-08  20.197  -1.54e+03  -20.197   0.287  0.0000    1.0     8.00     74925  0.950
  76    0.0 1.4e-05   1.000      84.62 6.0814e-08  20.197  -1.53e+03  -20.197   0.233  0.0001    1.0     8.00     75924  0.950
  77    0.0 1.3e-05   1.000      84.59 6.0817e-08  20.197  -1.53e+03  -20.197   0.240  0.0001    1.0     8.00     76923  0.950
  78    0.0 1.3e-05   1.000      84.59 6.0814e-08  20.197  -1.53e+03  -20.197   0.231  0.0000    1.0     8.00     77922  0.950
  79    0.0 1.2e-05   1.000      84.58 6.0819e-08  20.197  -1.53e+03  -20.197   0.247  0.0000    1.0     8.00     78921  0.950
  80    0.0 1.1e-05   1.000      84.58 6.0819e-08  20.197  -1.53e+03  -20.197   0.256  0.0000    1.0     8.00     79920  0.950
  81    0.0 1.1e-05   1.000      84.58 6.082e-08   20.197  -1.53e+03  -20.197   0.271  0.0000    1.0     8.00     80919  0.950
  82    0.0 1.0e-05   1.000      84.57 6.082e-08   20.197  -1.53e+03  -20.197   0.271  0.0001    1.0     8.00     81918  0.950
  83    0.0 9.7e-06   1.000      84.56 6.0822e-08  20.197  -1.53e+03  -20.197   0.266  0.0000    1.0     8.00     82917  0.950
  84    0.0 9.2e-06   1.000      84.56 6.0831e-08  20.197  -1.53e+03  -20.197   0.231  0.0000    1.0     8.00     83916  0.950
  85    0.0 8.8e-06   1.000      84.56 6.0828e-08  20.197  -1.53e+03  -20.197   0.258  0.0001    1.0     8.00     84915  0.950
  86    0.0 8.3e-06   1.000      84.56 6.082e-08   20.197  -1.53e+03  -20.197   0.260  0.0000    1.0     8.00     85914  0.950
  87    0.0 7.9e-06   1.000      84.56 6.082e-08   20.197  -1.53e+03  -20.197   0.240  0.0000    1.0     8.00     86913  0.950
  88    0.0 7.5e-06   1.000      84.56 6.0819e-08  20.197  -1.53e+03  -20.197   0.233  0.0000    1.0     8.00     87912  0.950
  89    0.0 0.0e+00   1.000      84.56 6.0806e-08  20.197  -1.53e+03  -20.197   0.083  0.0001    1.0     8.00     88911  0.950
## Placement Quench took 0.00 seconds (max_rss 67.2 MiB)
post-quench CPD = 20.1974 (ns) 

BB estimate of min-dist (placement) wire length: 5074

Completed placement consistency check successfully.

Swaps called: 89210

Aborted Move Reasons:
  No moves aborted

Placement estimated critical path delay (least slack): 20.1974 ns, Fmax: 49.5113 MHz
Placement estimated setup Worst Negative Slack (sWNS): -20.1974 ns
Placement estimated setup Total Negative Slack (sTNS): -1532.97 ns

Placement estimated setup slack histogram:
[   -2e-08: -1.8e-08)  12 (  4.2%) |*****
[ -1.8e-08: -1.6e-08)   9 (  3.1%) |***
[ -1.6e-08: -1.4e-08)   7 (  2.4%) |***
[ -1.4e-08: -1.2e-08)   4 (  1.4%) |**
[ -1.2e-08:   -1e-08)   4 (  1.4%) |**
[   -1e-08: -8.3e-09)  13 (  4.5%) |*****
[ -8.3e-09: -6.4e-09)  16 (  5.5%) |******
[ -6.4e-09: -4.4e-09) 122 ( 42.2%) |***********************************************
[ -4.4e-09: -2.4e-09)   6 (  2.1%) |**
[ -2.4e-09: -4.4e-10)  96 ( 33.2%) |*************************************

Placement estimated geomean non-virtual intra-domain period: 20.1974 ns (49.5113 MHz)
Placement estimated fanout-weighted geomean non-virtual intra-domain period: 20.1974 ns (49.5113 MHz)

Placement cost: 0.999815, bb_cost: 84.5627, td_cost: 6.08215e-08, 

Placement resource usage:
  io      implemented as io     : 258
  clb     implemented as clb    : 36
  mult_36 implemented as mult_36: 5

Placement number of temperatures: 89
Placement total # of swap attempts: 89210
	Swaps accepted: 30028 (33.7 %)
	Swaps rejected: 52066 (58.4 %)
	Swaps aborted:  7116 ( 8.0 %)


Placement perturbation distribution by block and move type: 
------------------ ----------------- ---------------- ---------------- --------------- ------------ 
    Block Type         Move Type       (%) of Total      Accepted(%)     Rejected(%)    Aborted(%)
------------------ ----------------- ---------------- ---------------- --------------- ------------ 
io                 Uniform                21.58            41.59           58.41          0.00         
                   Median                 21.10            36.89           52.19          10.92        
                   Centroid               21.57            38.08           51.40          10.52        
                   W. Centroid            21.60            37.98           51.56          10.46        
                   W. Median              0.14             7.03            73.44          19.53        
                   Crit. Uniform          0.02             26.67           73.33          0.00         
                   Feasible Region        0.04             24.24           75.76          0.00         

clb                Uniform                2.92             3.23            96.77          0.00         
                   Median                 3.05             2.53            83.95          13.51        
                   Centroid               3.06             4.69            95.31          0.00         
                   W. Centroid            2.98             4.63            90.10          5.27         
                   W. Median              0.02             0.00            100.00         0.00         
                   Crit. Uniform          0.05             0.00            100.00         0.00         
                   Feasible Region        0.06             0.00            100.00         0.00         

mult_36            Uniform                0.43             0.52            99.48          0.00         
                   Median                 0.40             0.28            55.62          44.10        
                   Centroid               0.41             0.27            53.78          45.95        
                   W. Centroid            0.43             0.26            58.44          41.30        
                   W. Median              0.00             0.00            50.00          50.00        
                   Crit. Uniform          0.07             0.00            100.00         0.00         
                   Feasible Region        0.07             0.00            100.00         0.00         


Placement Quench timing analysis took 0.00109465 seconds (0.000982077 STA, 0.000112572 slack) (1 full updates: 1 setup, 0 hold, 0 combined).
Placement Total  timing analysis took 0.107164 seconds (0.0971806 STA, 0.00998287 slack) (91 full updates: 91 setup, 0 hold, 0 combined).
update_td_costs: connections 0 nets 0 sum_nets 0 total 0
# Placement took 0.30 seconds (max_rss 67.2 MiB, delta_rss +0.0 MiB)

# Routing
RR graph channel widths unchanged, skipping RR graph rebuild
## Initializing router criticalities
Initial Net Connection Criticality Histogram:
[        0:      0.1) 387 ( 33.0%) |***********************************************
[      0.1:      0.2)  42 (  3.6%) |*****
[      0.2:      0.3) 175 ( 14.9%) |*********************
[      0.3:      0.4)  57 (  4.9%) |*******
[      0.4:      0.5)  43 (  3.7%) |*****
[      0.5:      0.6)  24 (  2.0%) |***
[      0.6:      0.7)  97 (  8.3%) |************
[      0.7:      0.8) 102 (  8.7%) |************
[      0.8:      0.9)  48 (  4.1%) |******
[      0.9:        1) 199 ( 17.0%) |************************
## Initializing router criticalities took 0.01 seconds (max_rss 67.2 MiB, delta_rss +0.0 MiB)
---- ------ ------- ---- ------- ------- ------- ----------------- --------------- -------- ---------- ---------- ---------- ---------- --------
Iter   Time    pres  BBs    Heap  Re-Rtd  Re-Rtd Overused RR Nodes      Wirelength      CPD       sTNS       sWNS       hTNS       hWNS Est Succ
      (sec)     fac Updt    push    Nets   Conns                                       (ns)       (ns)       (ns)       (ns)       (ns)     Iter
---- ------ ------- ---- ------- ------- ------- ----------------- --------------- -------- ---------- ---------- ---------- ---------- --------
   1    0.2     0.0    0 1650678     692    1136     648 ( 2.595%)    8192 (32.5%)   22.594     -1732.    -22.594      0.000      0.000      N/A
Incr Slack updates 91 in 0.00337158 sec
Full Max Req/Worst Slack updates 19 in 0.000118453 sec
Incr Max Req/Worst Slack updates 72 in 0.000554361 sec
Incr Criticality updates 64 in 0.0036948 sec
Full Criticality updates 27 in 0.00154665 sec
   2    0.1     0.5   18 1059326     540     973     279 ( 1.117%)    8249 (32.7%)   22.669     -1717.    -22.669      0.000      0.000      N/A
   3    0.1     0.6   11  919606     365     689     239 ( 0.957%)    8510 (33.8%)   22.945     -1725.    -22.945      0.000      0.000      N/A
   4    0.1     0.8   13  925408     322     646     192 ( 0.769%)    8690 (34.5%)   22.853     -1722.    -22.853      0.000      0.000      N/A
   5    0.1     1.1   15  817071     260     554     108 ( 0.432%)    8965 (35.6%)   22.959     -1748.    -22.959      0.000      0.000      N/A
   6    0.1     1.4   17  607257     224     480      77 ( 0.308%)    9124 (36.2%)   22.832     -1744.    -22.832      0.000      0.000      N/A
   7    0.1     1.9   10  506902     183     421      53 ( 0.212%)    9244 (36.7%)   23.127     -1760.    -23.127      0.000      0.000      N/A
   8    0.1     2.4    5  407813     172     389      24 ( 0.096%)    9362 (37.2%)   23.094     -1760.    -23.094      0.000      0.000      N/A
   9    0.1     3.1    4  353316     157     348      19 ( 0.076%)    9387 (37.2%)   23.228     -1769.    -23.228      0.000      0.000      N/A
  10    0.1     4.1    3  348592     151     348      12 ( 0.048%)    9437 (37.4%)   23.466     -1785.    -23.466      0.000      0.000       15
  11    0.0     5.3    0  276093     143     332       3 ( 0.012%)    9452 (37.5%)   23.544     -1787.    -23.544      0.000      0.000       15
  12    0.0     6.9    0  249811     135     319       1 ( 0.004%)    9455 (37.5%)   23.544     -1788.    -23.544      0.000      0.000       14
  13    0.0     9.0    0  247464     134     307       1 ( 0.004%)    9479 (37.6%)   23.544     -1793.    -23.544      0.000      0.000       13
  14    0.0    11.6    1  239535     134     307       1 ( 0.004%)    9476 (37.6%)   23.544     -1788.    -23.544      0.000      0.000       13
  15    0.0    15.1    0  249087     134     307       1 ( 0.004%)    9493 (37.7%)   23.544     -1788.    -23.544      0.000      0.000       13
  16    0.0    19.7    0  248340     134     307       0 ( 0.000%)    9511 (37.7%)   23.544     -1788.    -23.544      0.000      0.000       14
Restoring best routing
Critical path: 23.544 ns
Successfully routed after 16 routing iterations.
Final Net Connection Criticality Histogram:
[        0:      0.1) 383 ( 32.6%) |***********************************************
[      0.1:      0.2)  44 (  3.7%) |*****
[      0.2:      0.3) 176 ( 15.0%) |**********************
[      0.3:      0.4)  59 (  5.0%) |*******
[      0.4:      0.5)  43 (  3.7%) |*****
[      0.5:      0.6)  81 (  6.9%) |**********
[      0.6:      0.7)  23 (  2.0%) |***
[      0.7:      0.8) 100 (  8.5%) |************
[      0.8:      0.9)  64 (  5.5%) |********
[      0.9:        1) 201 ( 17.1%) |*************************
Router Stats: total_nets_routed: 3880 total_connections_routed: 7863 total_heap_pushes: 9106299 total_heap_pops: 2681720 
# Routing took 1.24 seconds (max_rss 67.2 MiB, delta_rss +0.0 MiB)

Checking to ensure routing is legal...
# Checking to ensure non-configurable edges are legal
# Checking to ensure non-configurable edges are legal took 0.00 seconds (max_rss 67.2 MiB, delta_rss +0.0 MiB)
Completed routing consistency check successfully.

Serial number (magic cookie) for the routing is: -651781471
Circuit successfully routed with a channel width factor of 60.
# Synchronize the packed netlist to routing optimization
## Annotating rr_node with routed nets
## Annotating rr_node with routed nets took 0.00 seconds (max_rss 67.2 MiB, delta_rss +0.0 MiB)
Found 1027 mismatches between routing and packing results.
Fixed 766 routing traces due to mismatch between routing and packing results.
# Synchronize the packed netlist to routing optimization took 0.01 seconds (max_rss 67.2 MiB, delta_rss +0.0 MiB)
Final Clustering Statistics: 
----------   --------   ------------------------------------   --------------------------
Block Type   # Blocks   Avg. # of input clocks and pins used   Avg. # of output pins used
----------   --------   ------------------------------------   --------------------------
     EMPTY          0                                      0                            0   
        io        258                               0.372093                     0.627907   
       clb         36                                22.7222                      10.3333   
   mult_36          5                                     52                           32   
    memory          0                                      0                            0   
Absorbed logical nets 300 out of 994 nets, 694 nets not absorbed.


Average number of bends per net: 2.02601  Maximum # of bends: 11

Number of global nets: 2
Number of routed nets (nonglobal): 692
Wire length results (in units of 1 clb segments)...
	Total wirelength: 9511, average net length: 13.7442
	Maximum net length: 84

Wire length results in terms of physical segments...
	Total wiring segments used: 2606, average wire segments per net: 3.76590
	Maximum segments used by a net: 22
	Total local nets with reserved CLB opins: 0
Total number of nets absorbed: 0

Routing channel utilization histogram:
[        1:      inf)   0 (  0.0%) |
[      0.9:        1)   0 (  0.0%) |
[      0.8:      0.9)   4 (  0.9%) |*
[      0.7:      0.8) 104 ( 23.1%) |**********************************
[      0.5:      0.6)  62 ( 13.8%) |*********************
[      0.4:      0.5)  32 (  7.1%) |***********
[      0.3:      0.4)  32 (  7.1%) |***********
[      0.2:      0.3)  30 (  6.7%) |**********
[      0.1:      0.2)  44 (  9.8%) |***************
[        0:      0.1) 142 ( 31.6%) |***********************************************
Maximum routing channel utilization:      0.83 at (10,7)

X - Directed channels:   j max occ ave occ capacity
                      ---- ------- ------- --------
                         0      41  23.875       60
                         1      21   6.312       60
                         2      36  15.938       60
                         3      39  20.250       60
                         4      45  22.500       60
                         5      40  22.250       60
                         6      47  25.938       60
                         7      50  26.188       60
                         8      43  23.500       60
                         9      42  22.688       60
                        10      45  21.750       60
                        11      40  16.625       60
                        12      36  12.938       60
                        13      19   7.375       60
                        14      43  21.312       60
Y - Directed channels:   i max occ ave occ capacity
                      ---- ------- ------- --------
                         0       6   1.500       60
                         1       1   0.125       60
                         2       6   2.750       60
                         3       6   3.812       60
                         4       9   3.812       60
                         5      27  14.125       60
                         6      48  27.375       60
                         7      44  26.438       60
                         8      45  29.062       60
                         9      45  29.375       60
                        10      46  27.250       60
                        11      48  28.750       60
                        12      51  32.812       60
                        13      54  35.875       60
                        14      60  41.938       60

Total tracks in x-direction: 900, in y-direction: 900

Logic area (in minimum width transistor areas, excludes I/Os and empty grid tiles)...
	Total logic block area (Warning, need to add pitch of routing to blocks with height > 3): 1.21132e+07
	Total used logic block area: 3.92018e+06

Routing area (in minimum width transistor areas)...
	Total routing area: 934704., per logic tile: 3651.19

Total Number of Wiring Segments by Direction: direction length number
                                              --------- ------ -------
                                                      X      4   3824
                                                      Y      4   3824

X - Directed Wiring Segment usage by length: length utilization
                                             ------ -----------
                                             4        0.34

Y - Directed Wiring Segment usage by length: length utilization
                                             ------ -----------
                                             4       0.342

Segment occupancy by length: Length utilization
                             ------ -----------
                             L4           0.341

Segment occupancy by type:              name type utilization
                           ----------------- ---- -----------
                           unnamed_segment_0    0       0.341

Final hold Worst Negative Slack (hWNS): 0 ns
Final hold Total Negative Slack (hTNS): 0 ns

Final hold slack histogram:
[  2.9e-10:  3.9e-10) 190 ( 65.7%) |***********************************************
[  3.9e-10:    5e-10)   5 (  1.7%) |*
[    5e-10:    6e-10)  21 (  7.3%) |*****
[    6e-10:    7e-10)  25 (  8.7%) |******
[    7e-10:    8e-10)  23 (  8.0%) |******
[    8e-10:    9e-10)  15 (  5.2%) |****
[    9e-10:    1e-09)   2 (  0.7%) |
[    1e-09:  1.1e-09)   5 (  1.7%) |*
[  1.1e-09:  1.2e-09)   0 (  0.0%) |
[  1.2e-09:  1.3e-09)   3 (  1.0%) |*

Final critical path delay (least slack): 23.544 ns, Fmax: 42.4737 MHz
Final setup Worst Negative Slack (sWNS): -23.544 ns
Final setup Total Negative Slack (sTNS): -1787.87 ns

Final setup slack histogram:
[ -2.4e-08: -2.1e-08)  11 (  3.8%) |****
[ -2.1e-08: -1.9e-08)   8 (  2.8%) |***
[ -1.9e-08: -1.7e-08)   9 (  3.1%) |***
[ -1.7e-08: -1.4e-08)   4 (  1.4%) |**
[ -1.4e-08: -1.2e-08)   0 (  0.0%) |
[ -1.2e-08: -9.7e-09)  16 (  5.5%) |******
[ -9.7e-09: -7.4e-09)  16 (  5.5%) |******
[ -7.4e-09: -5.1e-09) 124 ( 42.9%) |***********************************************
[ -5.1e-09: -2.8e-09)   5 (  1.7%) |**
[ -2.8e-09: -5.1e-10)  96 ( 33.2%) |************************************

Final geomean non-virtual intra-domain period: 23.544 ns (42.4737 MHz)
Final fanout-weighted geomean non-virtual intra-domain period: 23.544 ns (42.4737 MHz)

Incr Slack updates 1 in 3.6759e-05 sec
Full Max Req/Worst Slack updates 1 in 6.061e-06 sec
Incr Max Req/Worst Slack updates 0 in 0 sec
Incr Criticality updates 0 in 0 sec
Full Criticality updates 1 in 5.7018e-05 sec
Flow timing analysis took 0.170237 seconds (0.15689 STA, 0.0133465 slack) (110 full updates: 92 setup, 0 hold, 18 combined).
VPR succeeded
The entire flow of VPR took 2.30 seconds (max_rss 67.2 MiB)
Incr Slack updates 17 in 0.000615642 sec
Full Max Req/Worst Slack updates 4 in 2.7932e-05 sec
Incr Max Req/Worst Slack updates 13 in 0.000100468 sec
Incr Criticality updates 5 in 0.000275179 sec
Full Criticality updates 12 in 0.000711765 sec
	Command being timed: "/packages/apps/vtr/8.0.0-git/vpr/vpr k6_frac_N10_mem32K_40nm.xml diffeq1 --circuit_file diffeq1.pre-vpr.blif --route_chan_width 60 --max_criticality 0.5 --astar_fac 0 --seed 15"
	User time (seconds): 2.23
	System time (seconds): 0.03
	Percent of CPU this job got: 97%
	Elapsed (wall clock) time (h:mm:ss or m:ss): 0:02.33
	Average shared text size (kbytes): 0
	Average unshared data size (kbytes): 0
	Average stack size (kbytes): 0
	Average total size (kbytes): 0
	Maximum resident set size (kbytes): 68824
	Average resident set size (kbytes): 0
	Major (requiring I/O) page faults: 0
	Minor (reclaiming a frame) page faults: 36525
	Voluntary context switches: 215
	Involuntary context switches: 16
	Swaps: 0
	File system inputs: 0
	File system outputs: 7648
	Socket messages sent: 0
	Socket messages received: 0
	Signals delivered: 0
	Page size (bytes): 4096
	Exit status: 0
