/usr/bin/env time -v /packages/apps/vtr/8.0.0-git/vpr/vpr k6_frac_N10_mem32K_40nm.xml sha --circuit_file sha.pre-vpr.blif --route_chan_width 60 --max_criticality 0.5 --seed 10
VPR FPGA Placement and Routing.
Version: 8.1.0-dev+109c5adcc
Revision: v8.0.0-9695-g109c5adcc
Compiled: 2024-02-23T09:38:13
Compiler: GNU 11.2.0 on Linux-4.18.0-348.el8.0.2.x86_64 x86_64
Build Info: release IPO VTR_ASSERT_LEVEL=2

University of Toronto
verilogtorouting.org
vtr-users@googlegroups.com
This is free open source code under MIT license.

VPR was run with the following command-line:
/packages/apps/vtr/8.0.0-git/vpr/vpr k6_frac_N10_mem32K_40nm.xml sha --circuit_file sha.pre-vpr.blif --route_chan_width 60 --max_criticality 0.5 --seed 10


Architecture file: k6_frac_N10_mem32K_40nm.xml
Circuit name: sha

# Loading Architecture Description
# Loading Architecture Description took 0.01 seconds (max_rss 15.4 MiB, delta_rss +2.7 MiB)

Timing analysis: ON
Circuit netlist file: sha.net
Circuit placement file: sha.place
Circuit routing file: sha.route
Circuit SDC file: sha.sdc
Vpr floorplanning constraints file: not specified

Packer: ENABLED
Placer: ENABLED
Router: ENABLED
Analysis: ENABLED

VPR was run with the following options:

NetlistOpts.abosrb_buffer_luts            : true
NetlistOpts.sweep_dangling_primary_ios    : true
NetlistOpts.sweep_dangling_nets           : true
NetlistOpts.sweep_dangling_blocks         : true
NetlistOpts.sweep_constant_primary_outputs: false
NetlistOpts.netlist_verbosity             : 1
NetlistOpts.const_gen_inference           : COMB_SEQ

PackerOpts.allow_unrelated_clustering: auto
PackerOpts.alpha_clustering: 0.750000
PackerOpts.beta_clustering: 0.900000
PackerOpts.cluster_seed_type: BLEND2
PackerOpts.connection_driven: true
PackerOpts.global_clocks: true
PackerOpts.hill_climbing_flag: false
PackerOpts.inter_cluster_net_delay: 1.000000
PackerOpts.timing_driven: true
PackerOpts.target_external_pin_util: auto

PlacerOpts.place_freq: PLACE_ONCE
PlacerOpts.place_algorithm: CRITICALITY_TIMING_PLACE
PlacerOpts.pad_loc_type: FREE
PlacerOpts.constraints_file: No constraints file given
PlacerOpts.place_cost_exp: 1.000000
PlacerOpts.place_chan_width: 60
PlacerOpts.inner_loop_recompute_divider: 0
PlacerOpts.recompute_crit_iter: 1
PlacerOpts.timing_tradeoff: 0.500000
PlacerOpts.td_place_exp_first: 1.000000
PlacerOpts.td_place_exp_last: 8.000000
PlacerOpts.delay_offset: 0.000000
PlacerOpts.delay_ramp_delta_threshold: -1
PlacerOpts.delay_ramp_slope: 0.000000
PlacerOpts.tsu_rel_margin: 1.000000
PlacerOpts.tsu_abs_margin: 0.000000
PlacerOpts.post_place_timing_report_file: 
PlacerOpts.allowed_tiles_for_delay_model: 
PlacerOpts.delay_model_reducer: MIN
PlacerOpts.delay_model_type: DELTA
PlacerOpts.rlim_escape_fraction: 0.000000
PlacerOpts.move_stats_file: 
PlacerOpts.placement_saves_per_temperature: 0
PlacerOpts.effort_scaling: CIRCUIT
PlacerOpts.place_delta_delay_matrix_calculation_method: ASTAR_ROUTE
PlaceOpts.seed: 10
AnnealSched.type: AUTO_SCHED
AnnealSched.inner_num: 0.500000

RouterOpts.route_type: DETAILED
RouterOpts.flat_routing: false
RouterOpts.has_choking_spot: false
RouterOpts.router_algorithm: TIMING_DRIVEN
RouterOpts.base_cost_type: DELAY_NORMALIZED_LENGTH
RouterOpts.fixed_channel_width: 60
RouterOpts.check_route: FULL
RouterOpts.acc_fac: 1.000000
RouterOpts.bb_factor: 3
RouterOpts.bend_cost: 0.000000
RouterOpts.first_iter_pres_fac: 0.000000
RouterOpts.initial_pres_fac: 0.500000
RouterOpts.pres_fac_mult: 1.300000
RouterOpts.max_router_iterations: 50
RouterOpts.min_incremental_reroute_fanout: 16
RouterOpts.do_check_rr_graph: true
RouterOpts.verify_binary_search: false
RouterOpts.min_channel_width_hint: 0
RouterOpts.read_rr_edge_metadata: false
RouterOpts.exit_after_first_routing_iteration: false
RouterOpts.astar_fac: 1.200000
RouterOpts.router_profiler_astar_fac: 1.200000
RouterOpts.criticality_exp: 1.000000
RouterOpts.max_criticality: 0.500000
RouterOpts.init_wirelength_abort_threshold: 0.850000
RouterOpts.save_routing_per_iteration: false
RouterOpts.congested_routing_iteration_threshold_frac: 1.000000
RouterOpts.high_fanout_threshold: 64
RouterOpts.router_debug_net: -2
RouterOpts.router_debug_sink_rr: -2
RouterOpts.router_debug_iteration: -2
RouterOpts.max_convergence_count: 1
RouterOpts.reconvergence_cpd_threshold: 0.990000
RouterOpts.update_lower_bound_delays: true
RouterOpts.first_iteration_timing_report_file: 
RouterOpts.incr_reroute_delay_ripup: AUTO
RouterOpts.route_bb_update: DYNAMIC
RouterOpts.lookahead_type: MAP
RouterOpts.initial_timing: LOOKAHEAD
RouterOpts.router_heap: BINARY_HEAP
RouterOpts.routing_failure_predictor = SAFE
RouterOpts.routing_budgets_algorithm = DISABLE

AnalysisOpts.gen_post_synthesis_netlist: false
AnalysisOpts.timing_report_npaths: 100
AnalysisOpts.timing_report_skew: false
AnalysisOpts.echo_dot_timing_graph_node: -1
AnalysisOpts.timing_report_detail: NETLIST
AnalysisOpts.post_synth_netlist_unconn_input_handling: UNCONNECTED
AnalysisOpts.post_synth_netlist_unconn_output_handling: UNCONNECTED

# Building complex block graph
Warning 1: io[0].clock[0] unconnected pin in architecture.
# Building complex block graph took 0.02 seconds (max_rss 22.2 MiB, delta_rss +6.7 MiB)
Circuit file: sha.pre-vpr.blif
# Load circuit
# Load circuit took 0.03 seconds (max_rss 27.3 MiB, delta_rss +5.1 MiB)
# Clean circuit
Absorbed 36 LUT buffers
Inferred    0 additional primitive pins as constant generators since they have no combinationally connected inputs
Inferred    0 additional primitive pins as constant generators due to constant inputs
Swept input(s)      : 0
Swept output(s)     : 0 (0 dangling, 0 constant)
Swept net(s)        : 0
Swept block(s)      : 0
Constant Pins Marked: 0
# Clean circuit took 0.00 seconds (max_rss 27.3 MiB, delta_rss +0.0 MiB)
# Compress circuit
# Compress circuit took 0.00 seconds (max_rss 27.6 MiB, delta_rss +0.3 MiB)
# Verify circuit
# Verify circuit took 0.00 seconds (max_rss 27.6 MiB, delta_rss +0.0 MiB)
Circuit Statistics:
  Blocks: 2606
    .input :      38
    .latch :     885
    .output:      36
    6-LUT  :    1647
  Nets  : 2570
    Avg Fanout:     3.9
    Max Fanout:   885.0
    Min Fanout:     1.0
  Netlist Clocks: 1
# Build Timing Graph
  Timing Graph Nodes: 12697
  Timing Graph Edges: 20218
  Timing Graph Levels: 46
# Build Timing Graph took 0.01 seconds (max_rss 29.6 MiB, delta_rss +1.9 MiB)
Netlist contains 1 clocks
  Netlist Clock 'clk_i' Fanout: 885 pins (7.0%), 885 blocks (34.0%)
# Load Timing Constraints

SDC file 'sha.sdc' not found
Setting default timing constraints:
   * constrain all primay inputs and primary outputs on netlist clock 'clk_i'
   * optimize netlist clock to run as fast as possible
Timing constraints created 1 clocks
  Constrained Clock 'clk_i' Source: 'clk_i.inpad[0]'

# Load Timing Constraints took 0.00 seconds (max_rss 29.6 MiB, delta_rss +0.0 MiB)
# Packing
Begin packing 'sha.pre-vpr.blif'.

After removing unused inputs...
	total blocks: 2606, total nets: 2570, total inputs: 38, total outputs: 36
Begin prepacking.
0 attraction groups were created during prepacking.
Finish prepacking.
Using inter-cluster delay: 1.33777e-09
Packing with pin utilization targets: io:1,1 clb:0.8,1 mult_36:1,1 memory:1,1
Packing with high fanout thresholds: io:128 clb:32 mult_36:128 memory:128
Starting Clustering - Clustering Progress: 
-------------------   --------------------------   ---------
Molecules processed   Number of clusters created   FPGA size
-------------------   --------------------------   ---------
    68/1724      3%                            6     5 x 5     
   136/1724      7%                           10     6 x 6     
   204/1724     11%                           15     7 x 7     
   272/1724     15%                           20     7 x 7     
   340/1724     19%                           25     9 x 9     
   408/1724     23%                           30     9 x 9     
   476/1724     27%                           36    10 x 10    
   544/1724     31%                           41    10 x 10    
   612/1724     35%                           47    10 x 10    
   680/1724     39%                           53    11 x 11    
   748/1724     43%                           60    11 x 11    
   816/1724     47%                           66    12 x 12    
   884/1724     51%                           73    13 x 13    
   952/1724     55%                           79    13 x 13    
  1020/1724     59%                           85    13 x 13    
  1088/1724     63%                           92    14 x 14    
  1156/1724     67%                           99    14 x 14    
  1224/1724     70%                          106    14 x 14    
  1292/1724     74%                          112    15 x 15    
  1360/1724     78%                          118    15 x 15    
  1428/1724     82%                          125    15 x 15    
  1496/1724     86%                          131    16 x 16    
  1564/1724     90%                          138    16 x 16    
  1632/1724     94%                          144    17 x 17    
  1700/1724     98%                          198    17 x 17    

Logic Element (fle) detailed count:
  Total number of Logic Elements used : 1458
  LEs used for logic and registers    : 879
  LEs used for logic only             : 579
  LEs used for registers only         : 0

Incr Slack updates 1 in 0.00017028 sec
Full Max Req/Worst Slack updates 1 in 2.2562e-05 sec
Incr Max Req/Worst Slack updates 0 in 0 sec
Incr Criticality updates 0 in 0 sec
Full Criticality updates 1 in 0.000260379 sec
FPGA sized to 17 x 17 (auto)
Device Utilization: 0.55 (target 1.00)
	Block Utilization: 0.15 Type: io
	Block Utilization: 0.90 Type: clb

Start the iterative improvement process
the iterative improvement process is done
Final Clustering Statistics: 
----------   --------   ------------------------------------   --------------------------
Block Type   # Blocks   Avg. # of input clocks and pins used   Avg. # of output pins used
----------   --------   ------------------------------------   --------------------------
     EMPTY          0                                      0                            0   
        io         74                               0.486486                     0.513514   
       clb        149                                20.4228                      6.95302   
   mult_36          0                                      0                            0   
    memory          0                                      0                            0   
Absorbed logical nets 1496 out of 2570 nets, 1074 nets not absorbed.

Netlist conversion complete.

# Packing took 0.90 seconds (max_rss 42.1 MiB, delta_rss +12.5 MiB)
# Load packing
Begin loading packed FPGA netlist file.
Netlist generated from file 'sha.net'.
Detected 0 constant generators (to see names run with higher pack verbosity)
Finished loading packed FPGA netlist file (took 0.160117 seconds).
Warning 2: Treated 0 constant nets as global which will not be routed (to see net names increase packer verbosity).
# Load packing took 0.17 seconds (max_rss 79.5 MiB, delta_rss +37.4 MiB)
Warning 3: Netlist contains 0 global net to non-global architecture pin connections
Cluster level netlist and block usage statistics
Netlist num_nets: 1074
Netlist num_blocks: 223
Netlist EMPTY blocks: 0.
Netlist io blocks: 74.
Netlist clb blocks: 149.
Netlist mult_36 blocks: 0.
Netlist memory blocks: 0.
Netlist inputs pins: 38
Netlist output pins: 36

Pb types usage...
  io             : 74
   inpad         : 38
   outpad        : 36
  clb            : 149
   fle           : 1458
    lut5inter    : 533
     ble5        : 725
      lut5       : 722
       lut       : 722
      ff         : 176
    ble6         : 925
     lut6        : 925
      lut        : 925
     ff          : 709

# Create Device
## Build Device Grid
FPGA sized to 17 x 17: 289 grid tiles (auto)

Resource usage...
	Netlist
		74	blocks of type: io
	Architecture
		480	blocks of type: io
	Netlist
		149	blocks of type: clb
	Architecture
		165	blocks of type: clb
	Netlist
		0	blocks of type: mult_36
	Architecture
		6	blocks of type: mult_36
	Netlist
		0	blocks of type: memory
	Architecture
		4	blocks of type: memory

Device Utilization: 0.55 (target 1.00)
	Physical Tile io:
	Block Utilization: 0.15 Logical Block: io
	Physical Tile clb:
	Block Utilization: 0.90 Logical Block: clb
	Physical Tile mult_36:
	Block Utilization: 0.00 Logical Block: mult_36
	Physical Tile memory:
	Block Utilization: 0.00 Logical Block: memory

FPGA size limited by block type(s): clb

## Build Device Grid took 0.00 seconds (max_rss 79.5 MiB, delta_rss +0.0 MiB)
## Build routing resource graph
SOURCE->OPIN and IPIN->SINK edge count:13013
OPIN->CHANX/CHANY edge count before creating direct connections: 26808
OPIN->CHANX/CHANY edge count after creating direct connections: 26808
CHAN->CHAN type edge count:126189
## Build routing resource graph took 0.10 seconds (max_rss 79.5 MiB, delta_rss +0.0 MiB)
  RR Graph Nodes: 28231
  RR Graph Edges: 166010
# Create Device took 0.10 seconds (max_rss 79.5 MiB, delta_rss +0.0 MiB)

# Computing router lookahead map
## Computing wire lookahead
## Computing wire lookahead took 0.28 seconds (max_rss 79.5 MiB, delta_rss +0.0 MiB)
## Computing src/opin lookahead
Warning 4: Found no sample locations for EMPTY
Warning 5: Found no more sample locations for SOURCE in io
Warning 6: Found no more sample locations for OPIN in io
Warning 7: Found no more sample locations for SOURCE in clb
Warning 8: Found no more sample locations for OPIN in clb
Warning 9: Found no more sample locations for SOURCE in mult_36
Warning 10: Found no more sample locations for OPIN in mult_36
Warning 11: Found no more sample locations for SOURCE in memory
Warning 12: Found no more sample locations for OPIN in memory
## Computing src/opin lookahead took 0.00 seconds (max_rss 79.5 MiB, delta_rss +0.0 MiB)
# Computing router lookahead map took 0.28 seconds (max_rss 79.5 MiB, delta_rss +0.0 MiB)
# Computing placement delta delay look-up
RR graph channel widths unchanged, skipping RR graph rebuild
## Computing delta delays
## Computing delta delays took 0.02 seconds (max_rss 79.5 MiB, delta_rss +0.0 MiB)
# Computing placement delta delay look-up took 0.02 seconds (max_rss 79.5 MiB, delta_rss +0.0 MiB)

Bounding box mode is Cube

Using simple RL 'Softmax agent' for choosing move and block types
# Placement
## Initial Placement
Initial placement iteration 0 has finished successfully
## Initial Placement took 0.00 seconds (max_rss 79.5 MiB, delta_rss +0.0 MiB)

There are 2932 point to point connections in this circuit.


BB estimate of min-dist (placement) wire length: 17720

Completed placement consistency check successfully.
Initial placement cost: 1 bb_cost: 295.335 td_cost: 3.90946e-07
Initial placement estimated Critical Path Delay (CPD): 18.3573 ns
Initial placement estimated setup Total Negative Slack (sTNS): -2747 ns
Initial placement estimated setup Worst Negative Slack (sWNS): -18.3573 ns

Initial placement estimated setup slack histogram:
[ -1.8e-08: -1.7e-08)   5 (  0.5%) |*
[ -1.7e-08: -1.5e-08)   6 (  0.7%) |*
[ -1.5e-08: -1.3e-08)   3 (  0.3%) |
[ -1.3e-08: -1.1e-08)   5 (  0.5%) |*
[ -1.1e-08: -9.4e-09)  24 (  2.6%) |**
[ -9.4e-09: -7.6e-09)  37 (  4.0%) |****
[ -7.6e-09: -5.8e-09)  21 (  2.3%) |**
[ -5.8e-09:   -4e-09)  26 (  2.8%) |***
[   -4e-09: -2.2e-09) 461 ( 50.1%) |***********************************************
[ -2.2e-09: -3.9e-10) 333 ( 36.2%) |**********************************
Placement contains 0 placement macros involving 0 blocks (average macro size -nan)

Moves per temperature: 676
Warning 13: Starting t: 102 of 223 configurations accepted.

---- ------ ------- ------- ---------- ---------- ------- ---------- -------- ------- ------- ------ -------- --------- ------
Tnum   Time       T Av Cost Av BB Cost Av TD Cost     CPD       sTNS     sWNS Ac Rate Std Dev  R lim Crit Exp Tot Moves  Alpha
      (sec)                                          (ns)       (ns)     (ns)                                                 
---- ------ ------- ------- ---------- ---------- ------- ---------- -------- ------- ------- ------ -------- --------- ------
   1    0.0 6.2e-04   0.932     240.21 3.3488e-07  16.765  -2.75e+03  -16.765   0.490  0.0440   16.0     1.00       676  0.200
   2    0.0 5.9e-04   0.951     212.06 2.8791e-07  15.843  -2.66e+03  -15.843   0.432  0.0240   16.0     1.00      1352  0.950
   3    0.0 5.6e-04   0.986     200.63 2.8433e-07  13.477  -2.54e+03  -13.477   0.411  0.0096   15.9     1.06      2028  0.950
   4    0.0 5.3e-04   0.990     195.22 2.3369e-07  13.762  -2.57e+03  -13.762   0.373  0.0057   15.4     1.27      2704  0.950
   5    0.0 5.0e-04   0.982     191.05 1.764e-07   13.322  -2.57e+03  -13.322   0.361  0.0135   14.4     1.76      3380  0.950
   6    0.0 4.8e-04   0.987     184.62 1.3775e-07  13.041  -2.54e+03  -13.041   0.321  0.0043   13.2     2.29      4056  0.950
   7    0.0 4.6e-04   0.993     181.94 1.1114e-07  13.120  -2.61e+03  -13.120   0.328  0.0042   11.7     3.02      4732  0.950
   8    0.0 4.3e-04   0.992     180.61 9.9267e-08  12.856  -2.52e+03  -12.856   0.342  0.0050   10.4     3.63      5408  0.950
   9    0.0 4.1e-04   0.995     178.00 9.0119e-08  12.888  -2.52e+03  -12.888   0.330  0.0022    9.3     4.11      6084  0.950
  10    0.0 3.9e-04   0.990     176.37 8.3799e-08  12.816  -2.49e+03  -12.816   0.351  0.0039    8.3     4.59      6760  0.950
  11    0.0 3.7e-04   0.995     176.03 8.183e-08   12.689   -2.5e+03  -12.689   0.324  0.0036    7.6     4.93      7436  0.950
  12    0.0 3.5e-04   0.997     175.43 8.0986e-08  12.663  -2.48e+03  -12.663   0.340  0.0017    6.7     5.34      8112  0.950
  13    0.0 3.3e-04   0.997     174.97 7.4383e-08  12.849  -2.51e+03  -12.849   0.299  0.0016    6.0     5.65      8788  0.950
  14    0.0 3.2e-04   0.993     175.74 7.0568e-08  12.768  -2.46e+03  -12.768   0.286  0.0036    5.2     6.05      9464  0.950
  15    0.0 3.0e-04   0.993     174.06 6.7539e-08  12.492  -2.46e+03  -12.492   0.296  0.0035    4.4     6.42     10140  0.950
  16    0.0 2.9e-04   0.991     170.70 6.8828e-08  12.287  -2.49e+03  -12.287   0.299  0.0042    3.7     6.72     10816  0.950
  17    0.0 2.7e-04   0.995     169.22 6.7161e-08  12.287  -2.57e+03  -12.287   0.321  0.0025    3.2     6.97     11492  0.950
  18    0.0 2.6e-04   0.994     167.44 6.5848e-08  12.352  -2.43e+03  -12.352   0.305  0.0023    2.8     7.14     12168  0.950
  19    0.0 2.5e-04   1.000     166.69 6.2093e-08  12.346  -2.45e+03  -12.346   0.308  0.0010    2.5     7.32     12844  0.950
  20    0.0 2.3e-04   0.998     165.73 6.1912e-08  12.342  -2.43e+03  -12.342   0.355  0.0008    2.1     7.47     13520  0.950
  21    0.0 2.2e-04   0.992     165.87 6.0237e-08  12.304  -2.45e+03  -12.304   0.370  0.0048    1.9     7.56     14196  0.950
  22    0.0 2.1e-04   0.998     164.96 6.1971e-08  12.008  -2.48e+03  -12.008   0.354  0.0015    1.8     7.62     14872  0.950
  23    0.0 2.0e-04   0.998     163.75 6.0824e-08  12.008  -2.46e+03  -12.008   0.349  0.0021    1.7     7.70     15548  0.950
  24    0.0 1.9e-04   0.998     162.60 6.1053e-08  11.982  -2.43e+03  -11.982   0.284  0.0007    1.5     7.77     16224  0.950
  25    0.0 1.8e-04   1.001     162.71 5.9182e-08  12.076  -2.43e+03  -12.076   0.262  0.0005    1.3     7.87     16900  0.950
  26    0.0 1.7e-04   0.998     162.35 5.8342e-08  12.046  -2.44e+03  -12.046   0.322  0.0013    1.0     7.98     17576  0.950
  27    0.0 1.6e-04   0.998     162.02 6.043e-08   11.982  -2.39e+03  -11.982   0.322  0.0005    1.0     8.00     18252  0.950
  28    0.0 1.6e-04   0.999     161.78 6.0057e-08  11.982  -2.41e+03  -11.982   0.286  0.0006    1.0     8.00     18928  0.950
  29    0.0 1.5e-04   1.000     161.15 6.0333e-08  11.982  -2.41e+03  -11.982   0.259  0.0004    1.0     8.00     19604  0.950
  30    0.0 1.4e-04   0.999     160.66 6.0265e-08  11.982  -2.42e+03  -11.982   0.309  0.0008    1.0     8.00     20280  0.950
  31    0.0 1.3e-04   1.000     160.66 6.0043e-08  11.982   -2.4e+03  -11.982   0.235  0.0003    1.0     8.00     20956  0.950
  32    0.0 1.3e-04   1.000     160.55 5.9868e-08  11.982  -2.41e+03  -11.982   0.278  0.0003    1.0     8.00     21632  0.950
  33    0.0 1.2e-04   0.999     160.16 6.0286e-08  11.982  -2.43e+03  -11.982   0.271  0.0006    1.0     8.00     22308  0.950
  34    0.0 1.1e-04   0.996     159.76 5.7995e-08  12.050  -2.44e+03  -12.050   0.249  0.0027    1.0     8.00     22984  0.950
  35    0.0 1.1e-04   1.000     159.62 5.6146e-08  12.130  -2.42e+03  -12.130   0.217  0.0002    1.0     8.00     23660  0.950
  36    0.0 1.0e-04   1.000     159.35 5.7671e-08  12.076  -2.42e+03  -12.076   0.197  0.0005    1.0     8.00     24336  0.950
  37    0.0 9.8e-05   0.999     159.48 5.5902e-08  12.130   -2.4e+03  -12.130   0.207  0.0004    1.0     8.00     25012  0.950
  38    0.0 9.3e-05   1.001     159.38 5.7242e-08  12.063  -2.41e+03  -12.063   0.220  0.0004    1.0     8.00     25688  0.950
  39    0.0 8.8e-05   1.000     159.36 5.6731e-08  12.134  -2.41e+03  -12.134   0.234  0.0004    1.0     8.00     26364  0.950
  40    0.0 8.4e-05   0.999     158.93 5.5349e-08  12.187   -2.4e+03  -12.187   0.235  0.0005    1.0     8.00     27040  0.950
  41    0.0 8.0e-05   0.999     159.09 5.502e-08   12.187  -2.41e+03  -12.187   0.225  0.0005    1.0     8.00     27716  0.950
  42    0.0 7.6e-05   1.000     159.21 5.7028e-08  12.076  -2.41e+03  -12.076   0.183  0.0003    1.0     8.00     28392  0.950
  43    0.0 7.2e-05   1.000     159.24 5.573e-08   12.130   -2.4e+03  -12.130   0.200  0.0002    1.0     8.00     29068  0.950
  44    0.0 6.8e-05   1.000     159.40 5.5674e-08  12.130   -2.4e+03  -12.130   0.206  0.0002    1.0     8.00     29744  0.950
  45    0.0 6.5e-05   0.999     159.04 5.7024e-08  12.063   -2.4e+03  -12.063   0.191  0.0004    1.0     8.00     30420  0.950
  46    0.0 6.2e-05   1.000     158.92 5.7146e-08  12.015   -2.4e+03  -12.015   0.154  0.0002    1.0     8.00     31096  0.950
  47    0.0 5.9e-05   1.000     158.72 5.5785e-08  12.083  -2.41e+03  -12.083   0.158  0.0001    1.0     8.00     31772  0.950
  48    0.0 5.6e-05   1.000     158.56 5.7083e-08  12.028  -2.41e+03  -12.028   0.179  0.0003    1.0     8.00     32448  0.950
  49    0.0 5.3e-05   1.000     158.49 5.5836e-08  12.083  -2.41e+03  -12.083   0.191  0.0001    1.0     8.00     33124  0.950
  50    0.0 5.0e-05   1.000     158.55 5.7256e-08  12.015  -2.41e+03  -12.015   0.164  0.0001    1.0     8.00     33800  0.950
  51    0.0 4.8e-05   1.000     158.44 5.7177e-08  12.015   -2.4e+03  -12.015   0.139  0.0002    1.0     8.00     34476  0.950
  52    0.0 3.8e-05   1.000     158.30 5.7175e-08  12.015   -2.4e+03  -12.015   0.121  0.0002    1.0     8.00     35152  0.800
Agent's 2nd state: 
Checkpoint saved: bb_costs=158.219, TD costs=5.71745e-08, CPD= 12.015 (ns) 
  53    0.0 3.1e-05   1.000     158.22 5.7179e-08  12.015   -2.4e+03  -12.015   0.075  0.0001    1.0     8.00     35828  0.800
  54    0.0 2.4e-05   1.000     158.25 5.7146e-08  12.015   -2.4e+03  -12.015   0.080  0.0001    1.0     8.00     36504  0.800
  55    0.0 2.0e-05   1.000     158.11 5.7154e-08  12.015   -2.4e+03  -12.015   0.072  0.0001    1.0     8.00     37180  0.800
  56    0.0 1.6e-05   1.000     158.05 5.5775e-08  12.083   -2.4e+03  -12.083   0.065  0.0001    1.0     8.00     37856  0.800
  57    0.0 1.3e-05   1.000     157.92 5.7181e-08  12.015   -2.4e+03  -12.015   0.058  0.0001    1.0     8.00     38532  0.800
  58    0.0 1.0e-05   1.000     157.80 5.5847e-08  12.083   -2.4e+03  -12.083   0.064  0.0000    1.0     8.00     39208  0.800
  59    0.0 8.0e-06   1.000     157.78 5.5843e-08  12.083   -2.4e+03  -12.083   0.058  0.0000    1.0     8.00     39884  0.800
  60    0.0 6.4e-06   1.000     157.82 5.5824e-08  12.083   -2.4e+03  -12.083   0.049  0.0000    1.0     8.00     40560  0.800
  61    0.0 5.1e-06   1.000     157.84 5.5805e-08  12.083   -2.4e+03  -12.083   0.041  0.0000    1.0     8.00     41236  0.800
  62    0.0 0.0e+00   1.000     157.84 5.5805e-08  12.083   -2.4e+03  -12.083   0.027  0.0000    1.0     8.00     41912  0.800
## Placement Quench took 0.01 seconds (max_rss 79.5 MiB)
post-quench CPD = 12.0827 (ns) 

Checkpoint restored

BB estimate of min-dist (placement) wire length: 9493

Completed placement consistency check successfully.

Swaps called: 42135

Aborted Move Reasons:
  No moves aborted

Placement estimated critical path delay (least slack): 12.0155 ns, Fmax: 83.226 MHz
Placement estimated setup Worst Negative Slack (sWNS): -12.0155 ns
Placement estimated setup Total Negative Slack (sTNS): -2399.72 ns

Placement estimated setup slack histogram:
[ -1.2e-08: -1.1e-08)   7 (  0.8%) |*
[ -1.1e-08: -9.7e-09)   4 (  0.4%) |
[ -9.7e-09: -8.5e-09)  31 (  3.4%) |***
[ -8.5e-09: -7.4e-09)  28 (  3.0%) |**
[ -7.4e-09: -6.2e-09)  18 (  2.0%) |**
[ -6.2e-09:   -5e-09)  13 (  1.4%) |*
[   -5e-09: -3.9e-09)  15 (  1.6%) |*
[ -3.9e-09: -2.7e-09)  33 (  3.6%) |***
[ -2.7e-09: -1.5e-09) 542 ( 58.8%) |***********************************************
[ -1.5e-09: -3.7e-10) 230 ( 25.0%) |********************

Placement estimated geomean non-virtual intra-domain period: 12.0155 ns (83.226 MHz)
Placement estimated fanout-weighted geomean non-virtual intra-domain period: 12.0155 ns (83.226 MHz)

Placement cost: 1, bb_cost: 158.219, td_cost: 5.71745e-08, 

Placement resource usage:
  io  implemented as io : 74
  clb implemented as clb: 149

Placement number of temperatures: 62
Placement total # of swap attempts: 42135
	Swaps accepted: 10262 (24.4 %)
	Swaps rejected: 29195 (69.3 %)
	Swaps aborted:  2678 ( 6.4 %)


Placement perturbation distribution by block and move type: 
------------------ ----------------- ---------------- ---------------- --------------- ------------ 
    Block Type         Move Type       (%) of Total      Accepted(%)     Rejected(%)    Aborted(%)
------------------ ----------------- ---------------- ---------------- --------------- ------------ 
io                 Uniform                7.72             66.46           33.54          0.00         
                   Median                 7.63             48.54           21.89          29.57        
                   Centroid               7.62             54.75           22.02          23.23        
                   W. Centroid            7.81             54.12           22.39          23.49        
                   W. Median              0.74             18.06           43.23          38.71        

clb                Uniform                15.64            9.72            90.28          0.00         
                   Median                 15.50            14.05           84.87          1.07         
                   Centroid               15.43            10.55           89.45          0.00         
                   W. Centroid            15.75            10.23           89.77          0.00         
                   W. Median              1.57             2.87            94.40          2.72         
                   Crit. Uniform          2.29             0.10            99.90          0.00         
                   Feasible Region        2.29             0.00            100.00         0.00         


Placement Quench timing analysis took 0.00173962 seconds (0.00146449 STA, 0.000275127 slack) (1 full updates: 1 setup, 0 hold, 0 combined).
Placement Total  timing analysis took 0.149123 seconds (0.123736 STA, 0.0253873 slack) (65 full updates: 65 setup, 0 hold, 0 combined).
update_td_costs: connections 0 nets 0 sum_nets 0 total 0
# Placement took 0.42 seconds (max_rss 79.5 MiB, delta_rss +0.0 MiB)

# Routing
RR graph channel widths unchanged, skipping RR graph rebuild
## Initializing router criticalities
Initial Net Connection Criticality Histogram:
[        0:      0.1)  941 ( 30.6%) |******************************************
[      0.1:      0.2) 1021 ( 33.2%) |**********************************************
[      0.2:      0.3)  191 (  6.2%) |*********
[      0.3:      0.4)  103 (  3.3%) |*****
[      0.4:      0.5)   92 (  3.0%) |****
[      0.5:      0.6)  123 (  4.0%) |******
[      0.6:      0.7)  138 (  4.5%) |******
[      0.7:      0.8)   66 (  2.1%) |***
[      0.8:      0.9)  107 (  3.5%) |*****
[      0.9:        1)  297 (  9.6%) |*************
## Initializing router criticalities took 0.04 seconds (max_rss 79.5 MiB, delta_rss +0.0 MiB)
---- ------ ------- ---- ------- ------- ------- ----------------- --------------- -------- ---------- ---------- ---------- ---------- --------
Iter   Time    pres  BBs    Heap  Re-Rtd  Re-Rtd Overused RR Nodes      Wirelength      CPD       sTNS       sWNS       hTNS       hWNS Est Succ
      (sec)     fac Updt    push    Nets   Conns                                       (ns)       (ns)       (ns)       (ns)       (ns)     Iter
---- ------ ------- ---- ------- ------- ------- ----------------- --------------- -------- ---------- ---------- ---------- ---------- --------
   1    0.0     0.0    0   80054    1073    2932    1409 ( 4.991%)   12619 (43.8%)   14.499     -2834.    -14.499      0.000      0.000      N/A
Incr Slack updates 65 in 0.00859356 sec
Full Max Req/Worst Slack updates 29 in 0.000530949 sec
Incr Max Req/Worst Slack updates 36 in 0.000828682 sec
Incr Criticality updates 20 in 0.00383305 sec
Full Criticality updates 45 in 0.00960078 sec
   2    0.0     0.5    8   75500     791    2489     559 ( 1.980%)   12574 (43.7%)   14.616     -2834.    -14.616      0.000      0.000      N/A
   3    0.0     0.6    3   58940     568    1739     479 ( 1.697%)   12752 (44.3%)   14.492     -2884.    -14.492      0.000      0.000      N/A
   4    0.0     0.8    2   50898     470    1436     397 ( 1.406%)   12921 (44.9%)   14.493     -2913.    -14.493      0.000      0.000      N/A
   5    0.0     1.1    4   45403     361    1177     247 ( 0.875%)   13169 (45.7%)   14.623     -2902.    -14.623      0.000      0.000      N/A
   6    0.0     1.4    3   43360     327    1098     177 ( 0.627%)   13391 (46.5%)   14.629     -2937.    -14.629      0.000      0.000      N/A
   7    0.0     1.9    2   32547     263     806      98 ( 0.347%)   13621 (47.3%)   14.643     -2918.    -14.643      0.000      0.000      N/A
   8    0.0     2.4    2   23275     199     565      52 ( 0.184%)   13807 (47.9%)   14.638     -2926.    -14.638      0.000      0.000      N/A
   9    0.0     3.1    2   23069     175     511      28 ( 0.099%)   13861 (48.1%)   14.789     -2944.    -14.789      0.000      0.000      N/A
  10    0.0     4.1    2   16578     150     413      13 ( 0.046%)   13956 (48.5%)   14.907     -2946.    -14.907      0.000      0.000       15
  11    0.0     5.3    1   14516     139     383       6 ( 0.021%)   13982 (48.5%)   14.907     -2945.    -14.907      0.000      0.000       14
  12    0.0     6.9    0   13215     130     364       1 ( 0.004%)   13991 (48.6%)   14.960     -2946.    -14.960      0.000      0.000       14
  13    0.0     9.0    0   12733     127     360       0 ( 0.000%)   13992 (48.6%)   14.960     -2946.    -14.960      0.000      0.000       13
Restoring best routing
Critical path: 14.9597 ns
Successfully routed after 13 routing iterations.
Final Net Connection Criticality Histogram:
[        0:      0.1)  796 ( 25.9%) |************************************
[      0.1:      0.2) 1011 ( 32.8%) |**********************************************
[      0.2:      0.3)  331 ( 10.8%) |***************
[      0.3:      0.4)  123 (  4.0%) |******
[      0.4:      0.5)   99 (  3.2%) |*****
[      0.5:      0.6)  125 (  4.1%) |******
[      0.6:      0.7)  129 (  4.2%) |******
[      0.7:      0.8)   70 (  2.3%) |***
[      0.8:      0.9)  116 (  3.8%) |*****
[      0.9:        1)  279 (  9.1%) |*************
Router Stats: total_nets_routed: 4773 total_connections_routed: 14273 total_heap_pushes: 490088 total_heap_pops: 89099 
# Routing took 0.17 seconds (max_rss 79.5 MiB, delta_rss +0.0 MiB)

Checking to ensure routing is legal...
# Checking to ensure non-configurable edges are legal
# Checking to ensure non-configurable edges are legal took 0.00 seconds (max_rss 79.5 MiB, delta_rss +0.0 MiB)
Completed routing consistency check successfully.

Serial number (magic cookie) for the routing is: -1710810549
Circuit successfully routed with a channel width factor of 60.
# Synchronize the packed netlist to routing optimization
## Annotating rr_node with routed nets
## Annotating rr_node with routed nets took 0.00 seconds (max_rss 79.5 MiB, delta_rss +0.0 MiB)
Found 3905 mismatches between routing and packing results.
Fixed 2804 routing traces due to mismatch between routing and packing results.
# Synchronize the packed netlist to routing optimization took 0.02 seconds (max_rss 79.5 MiB, delta_rss +0.0 MiB)
Final Clustering Statistics: 
----------   --------   ------------------------------------   --------------------------
Block Type   # Blocks   Avg. # of input clocks and pins used   Avg. # of output pins used
----------   --------   ------------------------------------   --------------------------
     EMPTY          0                                      0                            0   
        io         74                               0.486486                     0.513514   
       clb        149                                20.4228                      6.95302   
   mult_36          0                                      0                            0   
    memory          0                                      0                            0   
Absorbed logical nets 1496 out of 2570 nets, 1074 nets not absorbed.


Average number of bends per net: 1.39795  Maximum # of bends: 23

Number of global nets: 1
Number of routed nets (nonglobal): 1073
Wire length results (in units of 1 clb segments)...
	Total wirelength: 13992, average net length: 13.0401
	Maximum net length: 243

Wire length results in terms of physical segments...
	Total wiring segments used: 3707, average wire segments per net: 3.45480
	Maximum segments used by a net: 67
	Total local nets with reserved CLB opins: 0
Total number of nets absorbed: 0

Routing channel utilization histogram:
[        1:      inf)   0 (  0.0%) |
[      0.9:        1)   2 (  0.4%) |*
[      0.8:      0.9)  42 (  8.2%) |*************
[      0.7:      0.8) 154 ( 30.1%) |***********************************************
[      0.5:      0.6)  46 (  9.0%) |**************
[      0.4:      0.5)  46 (  9.0%) |**************
[      0.3:      0.4)  70 ( 13.7%) |*********************
[      0.2:      0.3)  50 (  9.8%) |***************
[      0.1:      0.2)  50 (  9.8%) |***************
[        0:      0.1)  52 ( 10.2%) |****************
Maximum routing channel utilization:      0.93 at (9,3)

X - Directed channels:   j max occ ave occ capacity
                      ---- ------- ------- --------
                         0      43  27.941       60
                         1      52  31.647       60
                         2      49  32.588       60
                         3      56  35.176       60
                         4      53  36.176       60
                         5      48  33.647       60
                         6      52  35.588       60
                         7      47  32.412       60
                         8      51  30.294       60
                         9      45  27.529       60
                        10      45  27.765       60
                        11      35  21.471       60
                        12      30  17.412       60
                        13      28  16.588       60
                        14      22  12.412       60
                        15      14   7.176       60
Y - Directed channels:   i max occ ave occ capacity
                      ---- ------- ------- --------
                         0      31  11.471       60
                         1      37  14.471       60
                         2      41  20.706       60
                         3      51  28.471       60
                         4      48  32.118       60
                         5      46  28.706       60
                         6      42  26.647       60
                         7      51  34.118       60
                         8      48  32.529       60
                         9      47  28.235       60
                        10      46  28.294       60
                        11      49  31.353       60
                        12      48  29.412       60
                        13      41  21.059       60
                        14      38  18.412       60
                        15      23  11.235       60

Total tracks in x-direction: 960, in y-direction: 960

Logic area (in minimum width transistor areas, excludes I/Os and empty grid tiles)...
	Total logic block area (Warning, need to add pitch of routing to blocks with height > 3): 1.34605e+07
	Total used logic block area: 8.03021e+06

Routing area (in minimum width transistor areas)...
	Total routing area: 1.06831e+06, per logic tile: 3696.59

Total Number of Wiring Segments by Direction: direction length number
                                              --------- ------ -------
                                                      X      4   4320
                                                      Y      4   4320

X - Directed Wiring Segment usage by length: length utilization
                                             ------ -----------
                                             4        0.44

Y - Directed Wiring Segment usage by length: length utilization
                                             ------ -----------
                                             4       0.419

Segment occupancy by length: Length utilization
                             ------ -----------
                             L4           0.429

Segment occupancy by type:              name type utilization
                           ----------------- ---- -----------
                           unnamed_segment_0    0       0.429

Final hold Worst Negative Slack (hWNS): 0 ns
Final hold Total Negative Slack (hTNS): 0 ns

Final hold slack histogram:
[  2.9e-10:  4.8e-10) 880 ( 95.5%) |***********************************************
[  4.8e-10:  6.6e-10)  20 (  2.2%) |*
[  6.6e-10:  8.4e-10)  10 (  1.1%) |*
[  8.4e-10:    1e-09)   8 (  0.9%) |
[    1e-09:  1.2e-09)   0 (  0.0%) |
[  1.2e-09:  1.4e-09)   1 (  0.1%) |
[  1.4e-09:  1.6e-09)   0 (  0.0%) |
[  1.6e-09:  1.8e-09)   0 (  0.0%) |
[  1.8e-09:  1.9e-09)   0 (  0.0%) |
[  1.9e-09:  2.1e-09)   2 (  0.2%) |

Final critical path delay (least slack): 14.9597 ns, Fmax: 66.8461 MHz
Final setup Worst Negative Slack (sWNS): -14.9597 ns
Final setup Total Negative Slack (sTNS): -2946.1 ns

Final setup slack histogram:
[ -1.5e-08: -1.4e-08)   7 (  0.8%) |*
[ -1.4e-08: -1.2e-08)   4 (  0.4%) |
[ -1.2e-08: -1.1e-08)   4 (  0.4%) |
[ -1.1e-08: -9.1e-09)  28 (  3.0%) |**
[ -9.1e-09: -7.7e-09)  34 (  3.7%) |***
[ -7.7e-09: -6.2e-09)  18 (  2.0%) |*
[ -6.2e-09: -4.8e-09)  17 (  1.8%) |*
[ -4.8e-09: -3.3e-09)  75 (  8.1%) |******
[ -3.3e-09: -1.9e-09) 609 ( 66.1%) |***********************************************
[ -1.9e-09: -4.1e-10) 125 ( 13.6%) |**********

Final geomean non-virtual intra-domain period: 14.9597 ns (66.8461 MHz)
Final fanout-weighted geomean non-virtual intra-domain period: 14.9597 ns (66.8461 MHz)

Incr Slack updates 1 in 0.000126608 sec
Full Max Req/Worst Slack updates 1 in 2.0338e-05 sec
Incr Max Req/Worst Slack updates 0 in 0 sec
Incr Criticality updates 0 in 0 sec
Full Criticality updates 1 in 0.000232306 sec
Flow timing analysis took 0.26933 seconds (0.234854 STA, 0.0344762 slack) (81 full updates: 66 setup, 0 hold, 15 combined).
VPR succeeded
The entire flow of VPR took 2.38 seconds (max_rss 79.5 MiB)
Incr Slack updates 14 in 0.00152497 sec
Full Max Req/Worst Slack updates 3 in 5.0775e-05 sec
Incr Max Req/Worst Slack updates 11 in 0.000254098 sec
Incr Criticality updates 2 in 0.000300585 sec
Full Criticality updates 12 in 0.00233631 sec
	Command being timed: "/packages/apps/vtr/8.0.0-git/vpr/vpr k6_frac_N10_mem32K_40nm.xml sha --circuit_file sha.pre-vpr.blif --route_chan_width 60 --max_criticality 0.5 --seed 10"
	User time (seconds): 2.28
	System time (seconds): 0.04
	Percent of CPU this job got: 96%
	Elapsed (wall clock) time (h:mm:ss or m:ss): 0:02.41
	Average shared text size (kbytes): 0
	Average unshared data size (kbytes): 0
	Average stack size (kbytes): 0
	Average total size (kbytes): 0
	Maximum resident set size (kbytes): 81424
	Average resident set size (kbytes): 0
	Major (requiring I/O) page faults: 0
	Minor (reclaiming a frame) page faults: 41945
	Voluntary context switches: 354
	Involuntary context switches: 19
	Swaps: 0
	File system inputs: 0
	File system outputs: 18128
	Socket messages sent: 0
	Socket messages received: 0
	Signals delivered: 0
	Page size (bytes): 4096
	Exit status: 0
