#Timing report of worst 8 path(s)
# Unit scale: 1e-09 seconds
# Output precision: 3

#Path 1
Startpoint: i_8_.inpad[0] (.input clocked by virtual_io_clock)
Endpoint  : out:o_0_.outpad[0] (.output clocked by virtual_io_clock)
Path Type : hold

Point                                                             Incr      Path
--------------------------------------------------------------------------------
clock virtual_io_clock (rise edge)                               0.000     0.000
clock source latency                                             0.000     0.000
input external delay                                             0.000     0.000
i_8_.inpad[0] (.input)                                           0.000     0.000
[6535].in[2] (.names)                                            0.472     0.472
[6535].out[0] (.names)                                           0.235     0.707
o_0_.in[5] (.names)                                              0.000     0.707
o_0_.out[0] (.names)                                             0.261     0.968
out:o_0_.outpad[0] (.output)                                     0.216     1.183
data arrival time                                                          1.183

clock virtual_io_clock (rise edge)                               0.000     0.000
clock source latency                                             0.000     0.000
clock uncertainty                                                0.000     0.000
output external delay                                            0.000     0.000
data required time                                                         0.000
--------------------------------------------------------------------------------
data required time                                                        -0.000
data arrival time                                                          1.183
--------------------------------------------------------------------------------
slack (MET)                                                                1.183


#Path 2
Startpoint: i_13_.inpad[0] (.input clocked by virtual_io_clock)
Endpoint  : out:o_7_.outpad[0] (.output clocked by virtual_io_clock)
Path Type : hold

Point                                                             Incr      Path
--------------------------------------------------------------------------------
clock virtual_io_clock (rise edge)                               0.000     0.000
clock source latency                                             0.000     0.000
input external delay                                             0.000     0.000
i_13_.inpad[0] (.input)                                          0.000     0.000
[1402].in[0] (.names)                                            0.216     0.216
[1402].out[0] (.names)                                           0.261     0.477
[6826].in[3] (.names)                                            0.000     0.477
[6826].out[0] (.names)                                           0.261     0.738
o_7_.in[1] (.names)                                              0.000     0.738
o_7_.out[0] (.names)                                             0.235     0.973
out:o_7_.outpad[0] (.output)                                     0.217     1.190
data arrival time                                                          1.190

clock virtual_io_clock (rise edge)                               0.000     0.000
clock source latency                                             0.000     0.000
clock uncertainty                                                0.000     0.000
output external delay                                            0.000     0.000
data required time                                                         0.000
--------------------------------------------------------------------------------
data required time                                                        -0.000
data arrival time                                                          1.190
--------------------------------------------------------------------------------
slack (MET)                                                                1.190


#Path 3
Startpoint: i_4_.inpad[0] (.input clocked by virtual_io_clock)
Endpoint  : out:o_1_.outpad[0] (.output clocked by virtual_io_clock)
Path Type : hold

Point                                                             Incr      Path
--------------------------------------------------------------------------------
clock virtual_io_clock (rise edge)                               0.000     0.000
clock source latency                                             0.000     0.000
input external delay                                             0.000     0.000
i_4_.inpad[0] (.input)                                           0.000     0.000
o_1_.in[0] (.names)                                              0.455     0.455
o_1_.out[0] (.names)                                             0.261     0.716
out:o_1_.outpad[0] (.output)                                     0.547     1.262
data arrival time                                                          1.262

clock virtual_io_clock (rise edge)                               0.000     0.000
clock source latency                                             0.000     0.000
clock uncertainty                                                0.000     0.000
output external delay                                            0.000     0.000
data required time                                                         0.000
--------------------------------------------------------------------------------
data required time                                                        -0.000
data arrival time                                                          1.262
--------------------------------------------------------------------------------
slack (MET)                                                                1.262


#Path 4
Startpoint: i_11_.inpad[0] (.input clocked by virtual_io_clock)
Endpoint  : out:o_3_.outpad[0] (.output clocked by virtual_io_clock)
Path Type : hold

Point                                                             Incr      Path
--------------------------------------------------------------------------------
clock virtual_io_clock (rise edge)                               0.000     0.000
clock source latency                                             0.000     0.000
input external delay                                             0.000     0.000
i_11_.inpad[0] (.input)                                          0.000     0.000
n_n910.in[0] (.names)                                            0.470     0.470
n_n910.out[0] (.names)                                           0.261     0.731
o_3_.in[0] (.names)                                              0.000     0.731
o_3_.out[0] (.names)                                             0.261     0.992
out:o_3_.outpad[0] (.output)                                     0.447     1.439
data arrival time                                                          1.439

clock virtual_io_clock (rise edge)                               0.000     0.000
clock source latency                                             0.000     0.000
clock uncertainty                                                0.000     0.000
output external delay                                            0.000     0.000
data required time                                                         0.000
--------------------------------------------------------------------------------
data required time                                                        -0.000
data arrival time                                                          1.439
--------------------------------------------------------------------------------
slack (MET)                                                                1.439


#Path 5
Startpoint: i_4_.inpad[0] (.input clocked by virtual_io_clock)
Endpoint  : out:o_6_.outpad[0] (.output clocked by virtual_io_clock)
Path Type : hold

Point                                                             Incr      Path
--------------------------------------------------------------------------------
clock virtual_io_clock (rise edge)                               0.000     0.000
clock source latency                                             0.000     0.000
input external delay                                             0.000     0.000
i_4_.inpad[0] (.input)                                           0.000     0.000
[6999].in[1] (.names)                                            0.501     0.501
[6999].out[0] (.names)                                           0.235     0.736
o_6_.in[4] (.names)                                              0.000     0.736
o_6_.out[0] (.names)                                             0.235     0.971
out:o_6_.outpad[0] (.output)                                     0.505     1.476
data arrival time                                                          1.476

clock virtual_io_clock (rise edge)                               0.000     0.000
clock source latency                                             0.000     0.000
clock uncertainty                                                0.000     0.000
output external delay                                            0.000     0.000
data required time                                                         0.000
--------------------------------------------------------------------------------
data required time                                                        -0.000
data arrival time                                                          1.476
--------------------------------------------------------------------------------
slack (MET)                                                                1.476


#Path 6
Startpoint: i_4_.inpad[0] (.input clocked by virtual_io_clock)
Endpoint  : out:o_5_.outpad[0] (.output clocked by virtual_io_clock)
Path Type : hold

Point                                                             Incr      Path
--------------------------------------------------------------------------------
clock virtual_io_clock (rise edge)                               0.000     0.000
clock source latency                                             0.000     0.000
input external delay                                             0.000     0.000
i_4_.inpad[0] (.input)                                           0.000     0.000
[1317].in[1] (.names)                                            0.350     0.350
[1317].out[0] (.names)                                           0.235     0.585
o_5_.in[0] (.names)                                              0.194     0.779
o_5_.out[0] (.names)                                             0.261     1.040
out:o_5_.outpad[0] (.output)                                     0.476     1.516
data arrival time                                                          1.516

clock virtual_io_clock (rise edge)                               0.000     0.000
clock source latency                                             0.000     0.000
clock uncertainty                                                0.000     0.000
output external delay                                            0.000     0.000
data required time                                                         0.000
--------------------------------------------------------------------------------
data required time                                                        -0.000
data arrival time                                                          1.516
--------------------------------------------------------------------------------
slack (MET)                                                                1.516


#Path 7
Startpoint: i_13_.inpad[0] (.input clocked by virtual_io_clock)
Endpoint  : out:o_4_.outpad[0] (.output clocked by virtual_io_clock)
Path Type : hold

Point                                                             Incr      Path
--------------------------------------------------------------------------------
clock virtual_io_clock (rise edge)                               0.000     0.000
clock source latency                                             0.000     0.000
input external delay                                             0.000     0.000
i_13_.inpad[0] (.input)                                          0.000     0.000
[812].in[1] (.names)                                             0.362     0.362
[812].out[0] (.names)                                            0.261     0.623
[7169].in[1] (.names)                                            0.000     0.623
[7169].out[0] (.names)                                           0.235     0.858
[7337].in[4] (.names)                                            0.000     0.858
[7337].out[0] (.names)                                           0.235     1.093
o_4_.in[3] (.names)                                              0.000     1.093
o_4_.out[0] (.names)                                             0.235     1.328
out:o_4_.outpad[0] (.output)                                     0.347     1.675
data arrival time                                                          1.675

clock virtual_io_clock (rise edge)                               0.000     0.000
clock source latency                                             0.000     0.000
clock uncertainty                                                0.000     0.000
output external delay                                            0.000     0.000
data required time                                                         0.000
--------------------------------------------------------------------------------
data required time                                                        -0.000
data arrival time                                                          1.675
--------------------------------------------------------------------------------
slack (MET)                                                                1.675


#Path 8
Startpoint: i_5_.inpad[0] (.input clocked by virtual_io_clock)
Endpoint  : out:o_2_.outpad[0] (.output clocked by virtual_io_clock)
Path Type : hold

Point                                                             Incr      Path
--------------------------------------------------------------------------------
clock virtual_io_clock (rise edge)                               0.000     0.000
clock source latency                                             0.000     0.000
input external delay                                             0.000     0.000
i_5_.inpad[0] (.input)                                           0.000     0.000
[1789].in[0] (.names)                                            0.329     0.329
[1789].out[0] (.names)                                           0.235     0.564
[6531].in[1] (.names)                                            0.217     0.781
[6531].out[0] (.names)                                           0.261     1.042
o_2_.in[1] (.names)                                              0.000     1.042
o_2_.out[0] (.names)                                             0.235     1.277
out:o_2_.outpad[0] (.output)                                     0.515     1.792
data arrival time                                                          1.792

clock virtual_io_clock (rise edge)                               0.000     0.000
clock source latency                                             0.000     0.000
clock uncertainty                                                0.000     0.000
output external delay                                            0.000     0.000
data required time                                                         0.000
--------------------------------------------------------------------------------
data required time                                                        -0.000
data arrival time                                                          1.792
--------------------------------------------------------------------------------
slack (MET)                                                                1.792


#End of timing report
