/usr/bin/env time -v /packages/apps/vtr/8.0.0-git/vpr/vpr k6_frac_N10_mem32K_40nm.xml ex4p --circuit_file ex4p.pre-vpr.blif --route_chan_width 50 --max_criticality 0.5 --seed 1
VPR FPGA Placement and Routing.
Version: 8.1.0-dev+109c5adcc
Revision: v8.0.0-9695-g109c5adcc
Compiled: 2024-02-23T09:38:13
Compiler: GNU 11.2.0 on Linux-4.18.0-348.el8.0.2.x86_64 x86_64
Build Info: release IPO VTR_ASSERT_LEVEL=2

University of Toronto
verilogtorouting.org
vtr-users@googlegroups.com
This is free open source code under MIT license.

VPR was run with the following command-line:
/packages/apps/vtr/8.0.0-git/vpr/vpr k6_frac_N10_mem32K_40nm.xml ex4p --circuit_file ex4p.pre-vpr.blif --route_chan_width 50 --max_criticality 0.5 --seed 1


Architecture file: k6_frac_N10_mem32K_40nm.xml
Circuit name: ex4p

# Loading Architecture Description
# Loading Architecture Description took 0.01 seconds (max_rss 15.4 MiB, delta_rss +2.7 MiB)

Timing analysis: ON
Circuit netlist file: ex4p.net
Circuit placement file: ex4p.place
Circuit routing file: ex4p.route
Circuit SDC file: ex4p.sdc
Vpr floorplanning constraints file: not specified

Packer: ENABLED
Placer: ENABLED
Router: ENABLED
Analysis: ENABLED

VPR was run with the following options:

NetlistOpts.abosrb_buffer_luts            : true
NetlistOpts.sweep_dangling_primary_ios    : true
NetlistOpts.sweep_dangling_nets           : true
NetlistOpts.sweep_dangling_blocks         : true
NetlistOpts.sweep_constant_primary_outputs: false
NetlistOpts.netlist_verbosity             : 1
NetlistOpts.const_gen_inference           : COMB_SEQ

PackerOpts.allow_unrelated_clustering: auto
PackerOpts.alpha_clustering: 0.750000
PackerOpts.beta_clustering: 0.900000
PackerOpts.cluster_seed_type: BLEND2
PackerOpts.connection_driven: true
PackerOpts.global_clocks: true
PackerOpts.hill_climbing_flag: false
PackerOpts.inter_cluster_net_delay: 1.000000
PackerOpts.timing_driven: true
PackerOpts.target_external_pin_util: auto

PlacerOpts.place_freq: PLACE_ONCE
PlacerOpts.place_algorithm: CRITICALITY_TIMING_PLACE
PlacerOpts.pad_loc_type: FREE
PlacerOpts.constraints_file: No constraints file given
PlacerOpts.place_cost_exp: 1.000000
PlacerOpts.place_chan_width: 50
PlacerOpts.inner_loop_recompute_divider: 0
PlacerOpts.recompute_crit_iter: 1
PlacerOpts.timing_tradeoff: 0.500000
PlacerOpts.td_place_exp_first: 1.000000
PlacerOpts.td_place_exp_last: 8.000000
PlacerOpts.delay_offset: 0.000000
PlacerOpts.delay_ramp_delta_threshold: -1
PlacerOpts.delay_ramp_slope: 0.000000
PlacerOpts.tsu_rel_margin: 1.000000
PlacerOpts.tsu_abs_margin: 0.000000
PlacerOpts.post_place_timing_report_file: 
PlacerOpts.allowed_tiles_for_delay_model: 
PlacerOpts.delay_model_reducer: MIN
PlacerOpts.delay_model_type: DELTA
PlacerOpts.rlim_escape_fraction: 0.000000
PlacerOpts.move_stats_file: 
PlacerOpts.placement_saves_per_temperature: 0
PlacerOpts.effort_scaling: CIRCUIT
PlacerOpts.place_delta_delay_matrix_calculation_method: ASTAR_ROUTE
PlaceOpts.seed: 1
AnnealSched.type: AUTO_SCHED
AnnealSched.inner_num: 0.500000

RouterOpts.route_type: DETAILED
RouterOpts.flat_routing: false
RouterOpts.has_choking_spot: false
RouterOpts.router_algorithm: TIMING_DRIVEN
RouterOpts.base_cost_type: DELAY_NORMALIZED_LENGTH
RouterOpts.fixed_channel_width: 50
RouterOpts.check_route: FULL
RouterOpts.acc_fac: 1.000000
RouterOpts.bb_factor: 3
RouterOpts.bend_cost: 0.000000
RouterOpts.first_iter_pres_fac: 0.000000
RouterOpts.initial_pres_fac: 0.500000
RouterOpts.pres_fac_mult: 1.300000
RouterOpts.max_router_iterations: 50
RouterOpts.min_incremental_reroute_fanout: 16
RouterOpts.do_check_rr_graph: true
RouterOpts.verify_binary_search: false
RouterOpts.min_channel_width_hint: 0
RouterOpts.read_rr_edge_metadata: false
RouterOpts.exit_after_first_routing_iteration: false
RouterOpts.astar_fac: 1.200000
RouterOpts.router_profiler_astar_fac: 1.200000
RouterOpts.criticality_exp: 1.000000
RouterOpts.max_criticality: 0.500000
RouterOpts.init_wirelength_abort_threshold: 0.850000
RouterOpts.save_routing_per_iteration: false
RouterOpts.congested_routing_iteration_threshold_frac: 1.000000
RouterOpts.high_fanout_threshold: 64
RouterOpts.router_debug_net: -2
RouterOpts.router_debug_sink_rr: -2
RouterOpts.router_debug_iteration: -2
RouterOpts.max_convergence_count: 1
RouterOpts.reconvergence_cpd_threshold: 0.990000
RouterOpts.update_lower_bound_delays: true
RouterOpts.first_iteration_timing_report_file: 
RouterOpts.incr_reroute_delay_ripup: AUTO
RouterOpts.route_bb_update: DYNAMIC
RouterOpts.lookahead_type: MAP
RouterOpts.initial_timing: LOOKAHEAD
RouterOpts.router_heap: BINARY_HEAP
RouterOpts.routing_failure_predictor = SAFE
RouterOpts.routing_budgets_algorithm = DISABLE

AnalysisOpts.gen_post_synthesis_netlist: false
AnalysisOpts.timing_report_npaths: 100
AnalysisOpts.timing_report_skew: false
AnalysisOpts.echo_dot_timing_graph_node: -1
AnalysisOpts.timing_report_detail: NETLIST
AnalysisOpts.post_synth_netlist_unconn_input_handling: UNCONNECTED
AnalysisOpts.post_synth_netlist_unconn_output_handling: UNCONNECTED

# Building complex block graph
Warning 1: io[0].clock[0] unconnected pin in architecture.
# Building complex block graph took 0.01 seconds (max_rss 22.2 MiB, delta_rss +6.7 MiB)
Circuit file: ex4p.pre-vpr.blif
# Load circuit
Found constant-zero generator 'no_27_'
# Load circuit took 0.00 seconds (max_rss 22.9 MiB, delta_rss +0.8 MiB)
# Clean circuit
Absorbed 14 LUT buffers
Inferred    0 additional primitive pins as constant generators since they have no combinationally connected inputs
Inferred    0 additional primitive pins as constant generators due to constant inputs
Inferred    0 additional primitive pins as constant generators since they have no combinationally connected inputs
Inferred    0 additional primitive pins as constant generators due to constant inputs
Inferred    0 additional primitive pins as constant generators since they have no combinationally connected inputs
Inferred    0 additional primitive pins as constant generators due to constant inputs
Swept input(s)      : 44
Swept output(s)     : 0 (0 dangling, 0 constant)
Swept net(s)        : 44
Swept block(s)      : 0
Constant Pins Marked: 0
# Clean circuit took 0.00 seconds (max_rss 22.9 MiB, delta_rss +0.0 MiB)
# Compress circuit
# Compress circuit took 0.00 seconds (max_rss 22.9 MiB, delta_rss +0.0 MiB)
# Verify circuit
# Verify circuit took 0.00 seconds (max_rss 22.9 MiB, delta_rss +0.0 MiB)
Circuit Statistics:
  Blocks: 385
    .input :      84
    .output:      28
    0-LUT  :       1
    6-LUT  :     272
  Nets  : 357
    Avg Fanout:     3.7
    Max Fanout:    41.0
    Min Fanout:     1.0
  Netlist Clocks: 0
# Build Timing Graph
  Timing Graph Nodes: 1669
  Timing Graph Edges: 2596
  Timing Graph Levels: 10
# Build Timing Graph took 0.00 seconds (max_rss 22.9 MiB, delta_rss +0.0 MiB)
Netlist contains 0 clocks
# Load Timing Constraints

SDC file 'ex4p.sdc' not found
Setting default timing constraints:
   * constrain all primay inputs and primary outputs on a virtual external clock 'virtual_io_clock'
   * optimize virtual clock to run as fast as possible
Timing constraints created 1 clocks
  Constrained Clock 'virtual_io_clock' (Virtual Clock)

# Load Timing Constraints took 0.00 seconds (max_rss 22.9 MiB, delta_rss +0.0 MiB)
# Packing
Begin packing 'ex4p.pre-vpr.blif'.

After removing unused inputs...
	total blocks: 385, total nets: 357, total inputs: 84, total outputs: 28
Begin prepacking.
0 attraction groups were created during prepacking.
Finish prepacking.
Using inter-cluster delay: 1.33777e-09
Packing with pin utilization targets: io:1,1 clb:0.8,1 mult_36:1,1 memory:1,1
Packing with high fanout thresholds: io:128 clb:32 mult_36:128 memory:128
Starting Clustering - Clustering Progress: 
-------------------   --------------------------   ---------
Molecules processed   Number of clusters created   FPGA size
-------------------   --------------------------   ---------
    15/385       3%                            1     4 x 4     
    30/385       7%                            3     5 x 5     
    45/385      11%                            4     5 x 5     
    60/385      15%                            5     5 x 5     
    75/385      19%                            6     5 x 5     
    90/385      23%                            7     6 x 6     
   105/385      27%                            8     6 x 6     
   120/385      31%                            9     6 x 6     
   135/385      35%                           11     6 x 6     
   150/385      38%                           12     6 x 6     
   165/385      42%                           13     7 x 7     
   180/385      46%                           14     7 x 7     
   195/385      50%                           16     7 x 7     
   210/385      54%                           17     7 x 7     
   225/385      58%                           19     7 x 7     
   240/385      62%                           20     7 x 7     
   255/385      66%                           22     8 x 8     
   270/385      70%                           23     8 x 8     
   285/385      74%                           35     8 x 8     
   300/385      77%                           50     8 x 8     
   315/385      81%                           65     8 x 8     
   330/385      85%                           80     8 x 8     
   345/385      89%                           95     8 x 8     
   360/385      93%                          110     8 x 8     
   375/385      97%                          125     8 x 8     

Logic Element (fle) detailed count:
  Total number of Logic Elements used : 210
  LEs used for logic and registers    : 0
  LEs used for logic only             : 210
  LEs used for registers only         : 0

Incr Slack updates 1 in 1.8886e-05 sec
Full Max Req/Worst Slack updates 1 in 2.224e-06 sec
Incr Max Req/Worst Slack updates 0 in 0 sec
Incr Criticality updates 0 in 0 sec
Full Criticality updates 1 in 2.685e-05 sec
FPGA sized to 8 x 8 (auto)
Device Utilization: 0.59 (target 1.00)
	Block Utilization: 0.58 Type: io
	Block Utilization: 1.00 Type: clb

Start the iterative improvement process
the iterative improvement process is done
Final Clustering Statistics: 
----------   --------   ------------------------------------   --------------------------
Block Type   # Blocks   Avg. # of input clocks and pins used   Avg. # of output pins used
----------   --------   ------------------------------------   --------------------------
     EMPTY          0                                      0                            0   
        io        112                                   0.25                         0.75   
       clb         24                                15.4583                      4.16667   
   mult_36          0                                      0                            0   
    memory          0                                      0                            0   
Absorbed logical nets 173 out of 357 nets, 184 nets not absorbed.

Netlist conversion complete.

# Packing took 0.14 seconds (max_rss 25.6 MiB, delta_rss +2.7 MiB)
# Load packing
Begin loading packed FPGA netlist file.
Netlist generated from file 'ex4p.net'.
Detected 1 constant generators (to see names run with higher pack verbosity)
Finished loading packed FPGA netlist file (took 0.034987 seconds).
Warning 2: Treated 1 constant nets as global which will not be routed (to see net names increase packer verbosity).
# Load packing took 0.04 seconds (max_rss 63.8 MiB, delta_rss +38.2 MiB)
Warning 3: Netlist contains 1 global net to non-global architecture pin connections
Warning 4: Logic block #23 (no_27_) has only 1 output pin 'no_27_.O[10]'. It may be a constant generator.
Cluster level netlist and block usage statistics
Netlist num_nets: 184
Netlist num_blocks: 136
Netlist EMPTY blocks: 0.
Netlist io blocks: 112.
Netlist clb blocks: 24.
Netlist mult_36 blocks: 0.
Netlist memory blocks: 0.
Netlist inputs pins: 84
Netlist output pins: 28

Pb types usage...
  io             : 112
   inpad         : 84
   outpad        : 28
  clb            : 24
   fle           : 210
    lut5inter    : 136
     ble5        : 199
      lut5       : 199
       lut       : 199
    ble6         : 74
     lut6        : 74
      lut        : 74

# Create Device
## Build Device Grid
FPGA sized to 8 x 8: 64 grid tiles (auto)

Resource usage...
	Netlist
		112	blocks of type: io
	Architecture
		192	blocks of type: io
	Netlist
		24	blocks of type: clb
	Architecture
		24	blocks of type: clb
	Netlist
		0	blocks of type: mult_36
	Architecture
		1	blocks of type: mult_36
	Netlist
		0	blocks of type: memory
	Architecture
		1	blocks of type: memory

Device Utilization: 0.59 (target 1.00)
	Physical Tile io:
	Block Utilization: 0.58 Logical Block: io
	Physical Tile clb:
	Block Utilization: 1.00 Logical Block: clb
	Physical Tile mult_36:
	Block Utilization: 0.00 Logical Block: mult_36
	Physical Tile memory:
	Block Utilization: 0.00 Logical Block: memory

FPGA size limited by block type(s): clb

## Build Device Grid took 0.00 seconds (max_rss 63.9 MiB, delta_rss +0.0 MiB)
## Build routing resource graph
SOURCE->OPIN and IPIN->SINK edge count:2345
OPIN->CHANX/CHANY edge count before creating direct connections: 4232
OPIN->CHANX/CHANY edge count after creating direct connections: 4232
CHAN->CHAN type edge count:17366
## Build routing resource graph took 0.02 seconds (max_rss 63.9 MiB, delta_rss +0.0 MiB)
  RR Graph Nodes: 5326
  RR Graph Edges: 23943
# Create Device took 0.02 seconds (max_rss 63.9 MiB, delta_rss +0.0 MiB)

# Computing router lookahead map
## Computing wire lookahead
## Computing wire lookahead took 0.04 seconds (max_rss 63.9 MiB, delta_rss +0.0 MiB)
## Computing src/opin lookahead
Warning 5: Found no sample locations for EMPTY
Warning 6: Found no more sample locations for SOURCE in io
Warning 7: Found no more sample locations for OPIN in io
Warning 8: Found no more sample locations for SOURCE in clb
Warning 9: Found no more sample locations for OPIN in clb
Warning 10: Found no more sample locations for SOURCE in mult_36
Warning 11: Found no more sample locations for OPIN in mult_36
Warning 12: Found no more sample locations for SOURCE in memory
Warning 13: Found no more sample locations for OPIN in memory
## Computing src/opin lookahead took 0.00 seconds (max_rss 63.9 MiB, delta_rss +0.0 MiB)
# Computing router lookahead map took 0.04 seconds (max_rss 63.9 MiB, delta_rss +0.0 MiB)
# Computing placement delta delay look-up
RR graph channel widths unchanged, skipping RR graph rebuild
## Computing delta delays
## Computing delta delays took 0.00 seconds (max_rss 63.9 MiB, delta_rss +0.0 MiB)
# Computing placement delta delay look-up took 0.00 seconds (max_rss 63.9 MiB, delta_rss +0.0 MiB)

Bounding box mode is Cube

Using simple RL 'Softmax agent' for choosing move and block types
# Placement
## Initial Placement
Initial placement iteration 0 has finished successfully
## Initial Placement took 0.00 seconds (max_rss 63.9 MiB, delta_rss +0.0 MiB)

There are 385 point to point connections in this circuit.


BB estimate of min-dist (placement) wire length: 1330

Completed placement consistency check successfully.
Initial placement cost: 1 bb_cost: 26.6075 td_cost: 8.6293e-08
Initial placement estimated Critical Path Delay (CPD): 2.92598 ns
Initial placement estimated setup Total Negative Slack (sTNS): -28.8949 ns
Initial placement estimated setup Worst Negative Slack (sWNS): -2.92598 ns

Initial placement estimated setup slack histogram:
[ -2.9e-09: -2.8e-09) 1 (  7.1%) |*************************
[ -2.8e-09: -2.6e-09) 2 ( 14.3%) |*************************************************
[ -2.6e-09: -2.5e-09) 0 (  0.0%) |
[ -2.5e-09: -2.3e-09) 2 ( 14.3%) |*************************************************
[ -2.3e-09: -2.2e-09) 1 (  7.1%) |*************************
[ -2.2e-09:   -2e-09) 1 (  7.1%) |*************************
[   -2e-09: -1.8e-09) 2 ( 14.3%) |*************************************************
[ -1.8e-09: -1.7e-09) 1 (  7.1%) |*************************
[ -1.7e-09: -1.5e-09) 2 ( 14.3%) |*************************************************
[ -1.5e-09: -1.4e-09) 2 ( 14.3%) |*************************************************
Placement contains 0 placement macros involving 0 blocks (average macro size -nan)

Moves per temperature: 349
Warning 14: Starting t: 49 of 136 configurations accepted.

---- ------ ------- ------- ---------- ---------- ------- ---------- -------- ------- ------- ------ -------- --------- ------
Tnum   Time       T Av Cost Av BB Cost Av TD Cost     CPD       sTNS     sWNS Ac Rate Std Dev  R lim Crit Exp Tot Moves  Alpha
      (sec)                                          (ns)       (ns)     (ns)                                                 
---- ------ ------- ------- ---------- ---------- ------- ---------- -------- ------- ------- ------ -------- --------- ------
   1    0.0 4.0e-04   0.945      22.22 7.395e-08    2.954        -28   -2.954   0.372  0.0333    7.0     1.00       349  0.200
   2    0.0 3.8e-04   0.955      20.11 5.5136e-08   2.954      -25.4   -2.954   0.269  0.0271    6.5     1.55       698  0.950
   3    0.0 3.6e-04   0.972      18.71 3.9007e-08   2.803      -24.9   -2.803   0.198  0.0108    5.4     2.85      1047  0.950
   4    0.0 3.5e-04   0.966      17.67 3.3258e-08   2.619      -24.3   -2.619   0.186  0.0210    4.1     4.38      1396  0.950
   5    0.0 3.3e-04   0.985      17.14 3.3879e-08   2.450      -23.4   -2.450   0.181  0.0073    3.1     5.60      1745  0.950
   6    0.0 3.1e-04   0.987      16.63 2.8076e-08   2.492      -23.6   -2.492   0.226  0.0066    2.3     6.52      2094  0.950
   7    0.0 3.0e-04   0.975      16.55 1.9949e-08   2.653      -24.3   -2.653   0.275  0.0101    1.8     7.09      2443  0.950
   8    0.0 2.8e-04   0.990      16.30 2.1769e-08   2.556      -23.5   -2.556   0.195  0.0047    1.5     7.43      2792  0.950
   9    0.0 2.7e-04   0.989      15.98 2.8798e-08   2.427      -23.3   -2.427   0.186  0.0068    1.1     7.86      3141  0.950
  10    0.0 2.5e-04   0.996      15.79 2.8154e-08   2.427      -22.8   -2.427   0.160  0.0024    1.0     8.00      3490  0.950
  11    0.0 2.4e-04   0.991      15.81 2.4276e-08   2.453      -22.9   -2.453   0.166  0.0019    1.0     8.00      3839  0.950
  12    0.0 2.3e-04   0.994      15.82 2.4685e-08   2.453      -22.9   -2.453   0.152  0.0029    1.0     8.00      4188  0.950
  13    0.0 2.2e-04   0.995      15.81 2.4144e-08   2.451      -22.8   -2.451   0.138  0.0018    1.0     8.00      4537  0.950
  14    0.0 1.7e-04   0.996      15.77 2.5751e-08   2.429      -22.7   -2.429   0.120  0.0028    1.0     8.00      4886  0.800
Agent's 2nd state: 
Checkpoint saved: bb_costs=15.7733, TD costs=2.59144e-08, CPD=  2.429 (ns) 
  15    0.0 1.4e-04   0.996      15.72 2.5763e-08   2.429      -22.6   -2.429   0.089  0.0029    1.0     8.00      5235  0.800
  16    0.0 1.1e-04   0.995      15.69 2.2433e-08   2.468      -22.7   -2.468   0.115  0.0014    1.0     8.00      5584  0.800
Checkpoint saved: bb_costs=15.6929, TD costs=2.77306e-08, CPD=  2.406 (ns) 
  17    0.0 8.9e-05   0.995      15.69 2.7443e-08   2.406      -22.5   -2.406   0.074  0.0030    1.0     8.00      5933  0.800
Checkpoint saved: bb_costs=15.6655, TD costs=2.72624e-08, CPD=  2.405 (ns) 
  18    0.0 7.1e-05   0.996      15.65 2.7062e-08   2.405      -22.5   -2.405   0.077  0.0023    1.0     8.00      6282  0.800
  19    0.0 5.7e-05   0.998      15.62 2.7384e-08   2.405      -22.5   -2.405   0.066  0.0008    1.0     8.00      6631  0.800
  20    0.0 4.6e-05   0.998      15.63 2.7386e-08   2.405      -22.5   -2.405   0.057  0.0011    1.0     8.00      6980  0.800
Checkpoint saved: bb_costs=15.6239, TD costs=2.76204e-08, CPD=  2.404 (ns) 
  21    0.0 3.6e-05   0.999      15.62 2.7572e-08   2.404      -22.6   -2.404   0.063  0.0011    1.0     8.00      7329  0.800
  22    0.0 2.9e-05   0.997      15.62 2.747e-08    2.404      -22.4   -2.404   0.066  0.0015    1.0     8.00      7678  0.800
  23    0.0 0.0e+00   0.995      15.62 2.2469e-08   2.468      -22.5   -2.468   0.066  0.0015    1.0     8.00      8027  0.800
## Placement Quench took 0.00 seconds (max_rss 63.9 MiB)
post-quench CPD = 2.40352 (ns) 

BB estimate of min-dist (placement) wire length: 780

Completed placement consistency check successfully.

Swaps called: 8163

Aborted Move Reasons:
  No moves aborted

Placement estimated critical path delay (least slack): 2.40352 ns, Fmax: 416.056 MHz
Placement estimated setup Worst Negative Slack (sWNS): -2.40352 ns
Placement estimated setup Total Negative Slack (sTNS): -22.3822 ns

Placement estimated setup slack histogram:
[ -2.4e-09: -2.3e-09) 3 ( 21.4%) |*************************
[ -2.3e-09: -2.1e-09) 2 ( 14.3%) |****************
[ -2.1e-09:   -2e-09) 0 (  0.0%) |
[   -2e-09: -1.9e-09) 0 (  0.0%) |
[ -1.9e-09: -1.7e-09) 0 (  0.0%) |
[ -1.7e-09: -1.6e-09) 0 (  0.0%) |
[ -1.6e-09: -1.5e-09) 1 (  7.1%) |********
[ -1.5e-09: -1.3e-09) 1 (  7.1%) |********
[ -1.3e-09: -1.2e-09) 1 (  7.1%) |********
[ -1.2e-09: -1.1e-09) 6 ( 42.9%) |*************************************************

Placement estimated geomean non-virtual intra-domain period: nan ns (nan MHz)
Placement estimated fanout-weighted geomean non-virtual intra-domain period: nan ns (nan MHz)

Placement cost: 0.993024, bb_cost: 15.6055, td_cost: 2.76326e-08, 

Placement resource usage:
  io  implemented as io : 112
  clb implemented as clb: 24

Placement number of temperatures: 23
Placement total # of swap attempts: 8163
	Swaps accepted: 1270 (15.6 %)
	Swaps rejected: 6162 (75.5 %)
	Swaps aborted:  731 ( 9.0 %)


Placement perturbation distribution by block and move type: 
------------------ ----------------- ---------------- ---------------- --------------- ------------ 
    Block Type         Move Type       (%) of Total      Accepted(%)     Rejected(%)    Aborted(%)
------------------ ----------------- ---------------- ---------------- --------------- ------------ 
io                 Uniform                17.90            25.05           74.95          0.00         
                   Median                 17.03            15.18           64.46          20.36        
                   Centroid               15.41            19.40           71.07          9.54         
                   W. Centroid            16.81            22.45           67.78          9.77         
                   W. Median              4.61             10.37           63.03          26.60        
                   Crit. Uniform          3.15             6.61            93.39          0.00         
                   Feasible Region        3.00             3.67            79.59          16.73        

clb                Uniform                4.74             4.91            95.09          0.00         
                   Median                 3.83             5.43            84.66          9.90         
                   Centroid               3.88             6.62            91.80          1.58         
                   W. Centroid            3.59             4.78            94.88          0.34         
                   W. Median              0.94             2.60            85.71          11.69        
                   Crit. Uniform          2.70             1.36            98.64          0.00         
                   Feasible Region        2.41             0.00            96.45          3.55         


Placement Quench timing analysis took 0.000270528 seconds (0.00022364 STA, 4.6888e-05 slack) (1 full updates: 1 setup, 0 hold, 0 combined).
Placement Total  timing analysis took 0.0101174 seconds (0.00893388 STA, 0.00118349 slack) (25 full updates: 25 setup, 0 hold, 0 combined).
update_td_costs: connections 0 nets 0 sum_nets 0 total 0
# Placement took 0.03 seconds (max_rss 63.9 MiB, delta_rss +0.0 MiB)

# Routing
RR graph channel widths unchanged, skipping RR graph rebuild
## Initializing router criticalities
Initial Net Connection Criticality Histogram:
[        0:      0.1)  14 (  3.5%) |*****
[      0.1:      0.2)   0 (  0.0%) |
[      0.2:      0.3)   0 (  0.0%) |
[      0.3:      0.4)   0 (  0.0%) |
[      0.4:      0.5)  33 (  8.3%) |***********
[      0.5:      0.6)  18 (  4.5%) |******
[      0.6:      0.7)  30 (  7.5%) |**********
[      0.7:      0.8) 113 ( 28.3%) |*************************************
[      0.8:      0.9) 142 ( 35.6%) |***********************************************
[      0.9:        1)  49 ( 12.3%) |****************
## Initializing router criticalities took 0.01 seconds (max_rss 63.9 MiB, delta_rss +0.0 MiB)
---- ------ ------- ---- ------- ------- ------- ----------------- --------------- -------- ---------- ---------- ---------- ---------- --------
Iter   Time    pres  BBs    Heap  Re-Rtd  Re-Rtd Overused RR Nodes      Wirelength      CPD       sTNS       sWNS       hTNS       hWNS Est Succ
      (sec)     fac Updt    push    Nets   Conns                                       (ns)       (ns)       (ns)       (ns)       (ns)     Iter
---- ------ ------- ---- ------- ------- ------- ----------------- --------------- -------- ---------- ---------- ---------- ---------- --------
   1    0.0     0.0    0    7996     183     385     147 ( 2.760%)    1149 (27.4%)    3.026     -27.55     -3.026      0.000      0.000      N/A
Incr Slack updates 25 in 0.00046442 sec
Full Max Req/Worst Slack updates 14 in 1.591e-05 sec
Incr Max Req/Worst Slack updates 11 in 1.1983e-05 sec
Incr Criticality updates 7 in 0.000193907 sec
Full Criticality updates 18 in 0.00042521 sec
   2    0.0     0.5    1    6392     109     305      88 ( 1.652%)    1158 (27.6%)    3.060     -27.77     -3.060      0.000      0.000      N/A
   3    0.0     0.6    0    4929      71     259      67 ( 1.258%)    1155 (27.5%)    3.049     -27.90     -3.049      0.000      0.000      N/A
   4    0.0     0.8    0    5025      62     252      44 ( 0.826%)    1165 (27.7%)    3.086     -27.97     -3.086      0.000      0.000      N/A
   5    0.0     1.1    0    5241      58     248      18 ( 0.338%)    1169 (27.8%)    3.049     -28.40     -3.049      0.000      0.000      N/A
   6    0.0     1.4    0    4950      55     247      22 ( 0.413%)    1170 (27.9%)    3.057     -28.03     -3.057      0.000      0.000      N/A
   7    0.0     1.9    0    5352      62     255      19 ( 0.357%)    1170 (27.9%)    3.132     -28.03     -3.132      0.000      0.000      N/A
   8    0.0     2.4    0    5144      56     248      12 ( 0.225%)    1192 (28.4%)    3.061     -28.00     -3.061      0.000      0.000      N/A
   9    0.0     3.1    0    4975      52     244       1 ( 0.019%)    1195 (28.5%)    3.051     -27.97     -3.051      0.000      0.000      N/A
  10    0.0     4.1    0    5031      51     243       1 ( 0.019%)    1202 (28.6%)    3.030     -28.06     -3.030      0.000      0.000       11
  11    0.0     5.3    0    5115      52     244       3 ( 0.056%)    1210 (28.8%)    3.123     -28.13     -3.123      0.000      0.000       10
  12    0.0     6.9    0    5154      51     243       0 ( 0.000%)    1207 (28.7%)    3.086     -28.11     -3.086      0.000      0.000       11
Restoring best routing
Critical path: 3.08641 ns
Successfully routed after 12 routing iterations.
Final Net Connection Criticality Histogram:
[        0:      0.1)  14 (  3.5%) |****
[      0.1:      0.2)   0 (  0.0%) |
[      0.2:      0.3)   0 (  0.0%) |
[      0.3:      0.4)   0 (  0.0%) |
[      0.4:      0.5)  36 (  9.0%) |***********
[      0.5:      0.6)  23 (  5.8%) |*******
[      0.6:      0.7)  18 (  4.5%) |*****
[      0.7:      0.8)  73 ( 18.3%) |*********************
[      0.8:      0.9) 160 ( 40.1%) |***********************************************
[      0.9:        1)  75 ( 18.8%) |**********************
Router Stats: total_nets_routed: 862 total_connections_routed: 3173 total_heap_pushes: 65304 total_heap_pops: 16849 
# Routing took 0.02 seconds (max_rss 63.9 MiB, delta_rss +0.0 MiB)

Checking to ensure routing is legal...
# Checking to ensure non-configurable edges are legal
# Checking to ensure non-configurable edges are legal took 0.00 seconds (max_rss 63.9 MiB, delta_rss +0.0 MiB)
Completed routing consistency check successfully.

Serial number (magic cookie) for the routing is: -43993970
Circuit successfully routed with a channel width factor of 50.
# Synchronize the packed netlist to routing optimization
## Annotating rr_node with routed nets
## Annotating rr_node with routed nets took 0.00 seconds (max_rss 63.9 MiB, delta_rss +0.0 MiB)
Found 551 mismatches between routing and packing results.
Fixed 365 routing traces due to mismatch between routing and packing results.
# Synchronize the packed netlist to routing optimization took 0.00 seconds (max_rss 63.9 MiB, delta_rss +0.0 MiB)
Final Clustering Statistics: 
----------   --------   ------------------------------------   --------------------------
Block Type   # Blocks   Avg. # of input clocks and pins used   Avg. # of output pins used
----------   --------   ------------------------------------   --------------------------
     EMPTY          0                                      0                            0   
        io        112                                   0.25                         0.75   
       clb         24                                15.4583                      4.16667   
   mult_36          0                                      0                            0   
    memory          0                                      0                            0   
Absorbed logical nets 173 out of 357 nets, 184 nets not absorbed.


Average number of bends per net: 0.683060  Maximum # of bends: 3

Number of global nets: 1
Number of routed nets (nonglobal): 183
Wire length results (in units of 1 clb segments)...
	Total wirelength: 1207, average net length: 6.59563
	Maximum net length: 23

Wire length results in terms of physical segments...
	Total wiring segments used: 394, average wire segments per net: 2.15301
	Maximum segments used by a net: 6
	Total local nets with reserved CLB opins: 0
Total number of nets absorbed: 0

Routing channel utilization histogram:
[        1:      inf)  0 (  0.0%) |
[      0.9:        1)  0 (  0.0%) |
[      0.8:      0.9)  0 (  0.0%) |
[      0.7:      0.8)  2 (  2.0%) |***
[      0.5:      0.6)  4 (  4.1%) |******
[      0.4:      0.5) 12 ( 12.2%) |*******************
[      0.3:      0.4) 30 ( 30.6%) |************************************************
[      0.2:      0.3) 16 ( 16.3%) |**************************
[      0.1:      0.2) 18 ( 18.4%) |*****************************
[        0:      0.1) 16 ( 16.3%) |**************************
Maximum routing channel utilization:      0.62 at (2,0)

X - Directed channels:   j max occ ave occ capacity
                      ---- ------- ------- --------
                         0      31  18.750       50
                         1      21  12.875       50
                         2      22  11.875       50
                         3      19  10.875       50
                         4      16   8.125       50
                         5      14   7.875       50
                         6      22  14.125       50
Y - Directed channels:   i max occ ave occ capacity
                      ---- ------- ------- --------
                         0      21  13.125       50
                         1      15   6.000       50
                         2      13   7.375       50
                         3      18  11.625       50
                         4      18  12.375       50
                         5      16   9.750       50
                         6       9   6.125       50

Total tracks in x-direction: 350, in y-direction: 350

Logic area (in minimum width transistor areas, excludes I/Os and empty grid tiles)...
	Total logic block area (Warning, need to add pitch of routing to blocks with height > 3): 2.23746e+06
	Total used logic block area: 1.29346e+06

Routing area (in minimum width transistor areas)...
	Total routing area: 160885., per logic tile: 2513.83

Total Number of Wiring Segments by Direction: direction length number
                                              --------- ------ -------
                                                      X      4    786
                                                      Y      4    786

X - Directed Wiring Segment usage by length: length utilization
                                             ------ -----------
                                             4       0.271

Y - Directed Wiring Segment usage by length: length utilization
                                             ------ -----------
                                             4        0.23

Segment occupancy by length: Length utilization
                             ------ -----------
                             L4           0.251

Segment occupancy by type:              name type utilization
                           ----------------- ---- -----------
                           unnamed_segment_0    0       0.251

Final hold Worst Negative Slack (hWNS): 0 ns
Final hold Total Negative Slack (hTNS): 0 ns

Final hold slack histogram:
[  8.7e-10:  9.7e-10) 1 (  7.1%) |********
[  9.7e-10:  1.1e-09) 2 ( 14.3%) |****************
[  1.1e-09:  1.2e-09) 6 ( 42.9%) |*************************************************
[  1.2e-09:  1.3e-09) 2 ( 14.3%) |****************
[  1.3e-09:  1.4e-09) 0 (  0.0%) |
[  1.4e-09:  1.5e-09) 0 (  0.0%) |
[  1.5e-09:  1.6e-09) 1 (  7.1%) |********
[  1.6e-09:  1.6e-09) 1 (  7.1%) |********
[  1.6e-09:  1.7e-09) 0 (  0.0%) |
[  1.7e-09:  1.8e-09) 1 (  7.1%) |********

Final critical path delay (least slack): 3.08641 ns, Fmax: 324.001 MHz
Final setup Worst Negative Slack (sWNS): -3.08641 ns
Final setup Total Negative Slack (sTNS): -28.1123 ns

Final setup slack histogram:
[ -3.1e-09: -2.9e-09) 2 ( 14.3%) |********************
[ -2.9e-09: -2.7e-09) 3 ( 21.4%) |*****************************
[ -2.7e-09: -2.6e-09) 0 (  0.0%) |
[ -2.6e-09: -2.4e-09) 0 (  0.0%) |
[ -2.4e-09: -2.2e-09) 0 (  0.0%) |
[ -2.2e-09:   -2e-09) 0 (  0.0%) |
[   -2e-09: -1.9e-09) 1 (  7.1%) |**********
[ -1.9e-09: -1.7e-09) 1 (  7.1%) |**********
[ -1.7e-09: -1.5e-09) 2 ( 14.3%) |********************
[ -1.5e-09: -1.3e-09) 5 ( 35.7%) |*************************************************

Final geomean non-virtual intra-domain period: nan ns (nan MHz)
Final fanout-weighted geomean non-virtual intra-domain period: nan ns (nan MHz)

Incr Slack updates 1 in 2.8724e-05 sec
Full Max Req/Worst Slack updates 1 in 2.224e-06 sec
Incr Max Req/Worst Slack updates 0 in 0 sec
Incr Criticality updates 0 in 0 sec
Full Criticality updates 1 in 4.8531e-05 sec
Flow timing analysis took 0.0304447 seconds (0.0280847 STA, 0.00235997 slack) (40 full updates: 26 setup, 0 hold, 14 combined).
VPR succeeded
The entire flow of VPR took 0.40 seconds (max_rss 63.9 MiB)
Incr Slack updates 13 in 0.000235531 sec
Full Max Req/Worst Slack updates 8 in 1.0068e-05 sec
Incr Max Req/Worst Slack updates 5 in 5.391e-06 sec
Incr Criticality updates 0 in 0 sec
Full Criticality updates 13 in 0.000312008 sec
	Command being timed: "/packages/apps/vtr/8.0.0-git/vpr/vpr k6_frac_N10_mem32K_40nm.xml ex4p --circuit_file ex4p.pre-vpr.blif --route_chan_width 50 --max_criticality 0.5 --seed 1"
	User time (seconds): 0.34
	System time (seconds): 0.03
	Percent of CPU this job got: 89%
	Elapsed (wall clock) time (h:mm:ss or m:ss): 0:00.41
	Average shared text size (kbytes): 0
	Average unshared data size (kbytes): 0
	Average stack size (kbytes): 0
	Average total size (kbytes): 0
	Maximum resident set size (kbytes): 65384
	Average resident set size (kbytes): 0
	Major (requiring I/O) page faults: 0
	Minor (reclaiming a frame) page faults: 33615
	Voluntary context switches: 115
	Involuntary context switches: 9
	Swaps: 0
	File system inputs: 0
	File system outputs: 2648
	Socket messages sent: 0
	Socket messages received: 0
	Signals delivered: 0
	Page size (bytes): 4096
	Exit status: 0
