/usr/bin/env time -v /packages/apps/vtr/8.0.0-git/vpr/vpr k6_frac_N10_mem32K_40nm.xml diffeq1 --circuit_file diffeq1.pre-vpr.blif --route_chan_width 60 --max_criticality 0.5 --astar_fac 0 --seed 10
VPR FPGA Placement and Routing.
Version: 8.1.0-dev+109c5adcc
Revision: v8.0.0-9695-g109c5adcc
Compiled: 2024-02-23T09:38:13
Compiler: GNU 11.2.0 on Linux-4.18.0-348.el8.0.2.x86_64 x86_64
Build Info: release IPO VTR_ASSERT_LEVEL=2

University of Toronto
verilogtorouting.org
vtr-users@googlegroups.com
This is free open source code under MIT license.

VPR was run with the following command-line:
/packages/apps/vtr/8.0.0-git/vpr/vpr k6_frac_N10_mem32K_40nm.xml diffeq1 --circuit_file diffeq1.pre-vpr.blif --route_chan_width 60 --max_criticality 0.5 --astar_fac 0 --seed 10


Architecture file: k6_frac_N10_mem32K_40nm.xml
Circuit name: diffeq1

# Loading Architecture Description
# Loading Architecture Description took 0.01 seconds (max_rss 15.4 MiB, delta_rss +2.7 MiB)

Timing analysis: ON
Circuit netlist file: diffeq1.net
Circuit placement file: diffeq1.place
Circuit routing file: diffeq1.route
Circuit SDC file: diffeq1.sdc
Vpr floorplanning constraints file: not specified

Packer: ENABLED
Placer: ENABLED
Router: ENABLED
Analysis: ENABLED

VPR was run with the following options:

NetlistOpts.abosrb_buffer_luts            : true
NetlistOpts.sweep_dangling_primary_ios    : true
NetlistOpts.sweep_dangling_nets           : true
NetlistOpts.sweep_dangling_blocks         : true
NetlistOpts.sweep_constant_primary_outputs: false
NetlistOpts.netlist_verbosity             : 1
NetlistOpts.const_gen_inference           : COMB_SEQ

PackerOpts.allow_unrelated_clustering: auto
PackerOpts.alpha_clustering: 0.750000
PackerOpts.beta_clustering: 0.900000
PackerOpts.cluster_seed_type: BLEND2
PackerOpts.connection_driven: true
PackerOpts.global_clocks: true
PackerOpts.hill_climbing_flag: false
PackerOpts.inter_cluster_net_delay: 1.000000
PackerOpts.timing_driven: true
PackerOpts.target_external_pin_util: auto

PlacerOpts.place_freq: PLACE_ONCE
PlacerOpts.place_algorithm: CRITICALITY_TIMING_PLACE
PlacerOpts.pad_loc_type: FREE
PlacerOpts.constraints_file: No constraints file given
PlacerOpts.place_cost_exp: 1.000000
PlacerOpts.place_chan_width: 60
PlacerOpts.inner_loop_recompute_divider: 0
PlacerOpts.recompute_crit_iter: 1
PlacerOpts.timing_tradeoff: 0.500000
PlacerOpts.td_place_exp_first: 1.000000
PlacerOpts.td_place_exp_last: 8.000000
PlacerOpts.delay_offset: 0.000000
PlacerOpts.delay_ramp_delta_threshold: -1
PlacerOpts.delay_ramp_slope: 0.000000
PlacerOpts.tsu_rel_margin: 1.000000
PlacerOpts.tsu_abs_margin: 0.000000
PlacerOpts.post_place_timing_report_file: 
PlacerOpts.allowed_tiles_for_delay_model: 
PlacerOpts.delay_model_reducer: MIN
PlacerOpts.delay_model_type: DELTA
PlacerOpts.rlim_escape_fraction: 0.000000
PlacerOpts.move_stats_file: 
PlacerOpts.placement_saves_per_temperature: 0
PlacerOpts.effort_scaling: CIRCUIT
PlacerOpts.place_delta_delay_matrix_calculation_method: ASTAR_ROUTE
PlaceOpts.seed: 10
AnnealSched.type: AUTO_SCHED
AnnealSched.inner_num: 0.500000

RouterOpts.route_type: DETAILED
RouterOpts.flat_routing: false
RouterOpts.has_choking_spot: false
RouterOpts.router_algorithm: TIMING_DRIVEN
RouterOpts.base_cost_type: DELAY_NORMALIZED_LENGTH
RouterOpts.fixed_channel_width: 60
RouterOpts.check_route: FULL
RouterOpts.acc_fac: 1.000000
RouterOpts.bb_factor: 3
RouterOpts.bend_cost: 0.000000
RouterOpts.first_iter_pres_fac: 0.000000
RouterOpts.initial_pres_fac: 0.500000
RouterOpts.pres_fac_mult: 1.300000
RouterOpts.max_router_iterations: 50
RouterOpts.min_incremental_reroute_fanout: 16
RouterOpts.do_check_rr_graph: true
RouterOpts.verify_binary_search: false
RouterOpts.min_channel_width_hint: 0
RouterOpts.read_rr_edge_metadata: false
RouterOpts.exit_after_first_routing_iteration: false
RouterOpts.astar_fac: 0.000000
RouterOpts.router_profiler_astar_fac: 1.200000
RouterOpts.criticality_exp: 1.000000
RouterOpts.max_criticality: 0.500000
RouterOpts.init_wirelength_abort_threshold: 0.850000
RouterOpts.save_routing_per_iteration: false
RouterOpts.congested_routing_iteration_threshold_frac: 1.000000
RouterOpts.high_fanout_threshold: 64
RouterOpts.router_debug_net: -2
RouterOpts.router_debug_sink_rr: -2
RouterOpts.router_debug_iteration: -2
RouterOpts.max_convergence_count: 1
RouterOpts.reconvergence_cpd_threshold: 0.990000
RouterOpts.update_lower_bound_delays: true
RouterOpts.first_iteration_timing_report_file: 
RouterOpts.incr_reroute_delay_ripup: AUTO
RouterOpts.route_bb_update: DYNAMIC
RouterOpts.lookahead_type: MAP
RouterOpts.initial_timing: LOOKAHEAD
RouterOpts.router_heap: BINARY_HEAP
RouterOpts.routing_failure_predictor = SAFE
RouterOpts.routing_budgets_algorithm = DISABLE

AnalysisOpts.gen_post_synthesis_netlist: false
AnalysisOpts.timing_report_npaths: 100
AnalysisOpts.timing_report_skew: false
AnalysisOpts.echo_dot_timing_graph_node: -1
AnalysisOpts.timing_report_detail: NETLIST
AnalysisOpts.post_synth_netlist_unconn_input_handling: UNCONNECTED
AnalysisOpts.post_synth_netlist_unconn_output_handling: UNCONNECTED

# Building complex block graph
Warning 1: io[0].clock[0] unconnected pin in architecture.
# Building complex block graph took 0.02 seconds (max_rss 22.2 MiB, delta_rss +6.7 MiB)
Circuit file: diffeq1.pre-vpr.blif
# Load circuit
Found constant-zero generator 'unconn'
Found constant-one generator 'vcc'
# Load circuit took 0.01 seconds (max_rss 24.0 MiB, delta_rss +1.8 MiB)
# Clean circuit
Absorbed 0 LUT buffers
Inferred    0 additional primitive pins as constant generators since they have no combinationally connected inputs
Inferred    0 additional primitive pins as constant generators due to constant inputs
Inferred    0 additional primitive pins as constant generators since they have no combinationally connected inputs
Inferred    0 additional primitive pins as constant generators due to constant inputs
Swept input(s)      : 0
Swept output(s)     : 0 (0 dangling, 0 constant)
Swept net(s)        : 200
Swept block(s)      : 0
Constant Pins Marked: 0
# Clean circuit took 0.00 seconds (max_rss 24.0 MiB, delta_rss +0.0 MiB)
# Compress circuit
# Compress circuit took 0.00 seconds (max_rss 24.0 MiB, delta_rss +0.0 MiB)
# Verify circuit
# Verify circuit took 0.00 seconds (max_rss 24.0 MiB, delta_rss +0.0 MiB)
Circuit Statistics:
  Blocks: 935
    .input  :     162
    .latch  :     193
    .output :      96
    0-LUT   :       1
    6-LUT   :     478
    multiply:       5
  Nets  : 994
    Avg Fanout:     2.8
    Max Fanout:   193.0
    Min Fanout:     1.0
  Netlist Clocks: 1
# Build Timing Graph
  Timing Graph Nodes: 3778
  Timing Graph Edges: 13532
  Timing Graph Levels: 40
# Build Timing Graph took 0.01 seconds (max_rss 25.4 MiB, delta_rss +1.5 MiB)
Netlist contains 1 clocks
  Netlist Clock 'clk' Fanout: 193 pins (5.1%), 193 blocks (20.6%)
# Load Timing Constraints

SDC file 'diffeq1.sdc' not found
Setting default timing constraints:
   * constrain all primay inputs and primary outputs on netlist clock 'clk'
   * optimize netlist clock to run as fast as possible
Timing constraints created 1 clocks
  Constrained Clock 'clk' Source: 'clk.inpad[0]'

# Load Timing Constraints took 0.00 seconds (max_rss 25.4 MiB, delta_rss +0.0 MiB)
# Packing
Begin packing 'diffeq1.pre-vpr.blif'.

After removing unused inputs...
	total blocks: 935, total nets: 994, total inputs: 162, total outputs: 96
Begin prepacking.
0 attraction groups were created during prepacking.
Finish prepacking.
Using inter-cluster delay: 1.33777e-09
Packing with pin utilization targets: io:1,1 clb:0.8,1 mult_36:1,1 memory:1,1
Packing with high fanout thresholds: io:128 clb:32 mult_36:128 memory:128
Starting Clustering - Clustering Progress: 
-------------------   --------------------------   ---------
Molecules processed   Number of clusters created   FPGA size
-------------------   --------------------------   ---------
    29/743       3%                            7    16 x 16    
    58/743       7%                            9    16 x 16    
    87/743      11%                           11    16 x 16    
   116/743      15%                           14    16 x 16    
   145/743      19%                           16    16 x 16    
   174/743      23%                           18    16 x 16    
   203/743      27%                           20    16 x 16    
   232/743      31%                           22    16 x 16    
   261/743      35%                           24    16 x 16    
   290/743      39%                           26    16 x 16    
   319/743      42%                           28    16 x 16    
   348/743      46%                           30    16 x 16    
   377/743      50%                           32    16 x 16    
   406/743      54%                           34    16 x 16    
   435/743      58%                           36    16 x 16    
   464/743      62%                           38    16 x 16    
   493/743      66%                           48    16 x 16    
   522/743      70%                           77    16 x 16    
   551/743      74%                          106    16 x 16    
   580/743      78%                          135    16 x 16    
   609/743      81%                          164    16 x 16    
   638/743      85%                          193    16 x 16    
   667/743      89%                          222    16 x 16    
   696/743      93%                          251    16 x 16    
   725/743      97%                          280    16 x 16    

Logic Element (fle) detailed count:
  Total number of Logic Elements used : 337
  LEs used for logic and registers    : 138
  LEs used for logic only             : 199
  LEs used for registers only         : 0

Incr Slack updates 1 in 3.6859e-05 sec
Full Max Req/Worst Slack updates 1 in 7.084e-06 sec
Incr Max Req/Worst Slack updates 0 in 0 sec
Incr Criticality updates 0 in 0 sec
Full Criticality updates 1 in 6.0924e-05 sec
FPGA sized to 16 x 16 (auto)
Device Utilization: 0.34 (target 1.00)
	Block Utilization: 0.58 Type: io
	Block Utilization: 0.26 Type: clb
	Block Utilization: 0.83 Type: mult_36

Start the iterative improvement process
the iterative improvement process is done
Final Clustering Statistics: 
----------   --------   ------------------------------------   --------------------------
Block Type   # Blocks   Avg. # of input clocks and pins used   Avg. # of output pins used
----------   --------   ------------------------------------   --------------------------
     EMPTY          0                                      0                            0   
        io        258                               0.372093                     0.627907   
       clb         36                                22.7222                      10.3333   
   mult_36          5                                     52                           32   
    memory          0                                      0                            0   
Absorbed logical nets 300 out of 994 nets, 694 nets not absorbed.

Netlist conversion complete.

# Packing took 0.19 seconds (max_rss 29.0 MiB, delta_rss +3.5 MiB)
# Load packing
Begin loading packed FPGA netlist file.
Netlist generated from file 'diffeq1.net'.
Detected 1 constant generators (to see names run with higher pack verbosity)
Finished loading packed FPGA netlist file (took 0.056914 seconds).
Warning 2: Treated 1 constant nets as global which will not be routed (to see net names increase packer verbosity).
# Load packing took 0.06 seconds (max_rss 67.1 MiB, delta_rss +38.1 MiB)
Warning 3: Netlist contains 5 global net to non-global architecture pin connections
Warning 4: Logic block #40 (vcc) has only 1 output pin 'vcc.O[0]'. It may be a constant generator.
Cluster level netlist and block usage statistics
Netlist num_nets: 694
Netlist num_blocks: 299
Netlist EMPTY blocks: 0.
Netlist io blocks: 258.
Netlist clb blocks: 36.
Netlist mult_36 blocks: 5.
Netlist memory blocks: 0.
Netlist inputs pins: 162
Netlist output pins: 96

Pb types usage...
  io                    : 258
   inpad                : 162
   outpad               : 96
  clb                   : 36
   fle                  : 337
    lut5inter           : 168
     ble5               : 311
      lut5              : 310
       lut              : 310
      ff                : 136
    ble6                : 169
     lut6               : 169
      lut               : 169
     ff                 : 57
  mult_36               : 5
   mult_36x36_slice     : 5
    mult_36x36          : 5

# Create Device
## Build Device Grid
FPGA sized to 16 x 16: 256 grid tiles (auto)

Resource usage...
	Netlist
		258	blocks of type: io
	Architecture
		448	blocks of type: io
	Netlist
		36	blocks of type: clb
	Architecture
		140	blocks of type: clb
	Netlist
		5	blocks of type: mult_36
	Architecture
		6	blocks of type: mult_36
	Netlist
		0	blocks of type: memory
	Architecture
		4	blocks of type: memory

Device Utilization: 0.34 (target 1.00)
	Physical Tile io:
	Block Utilization: 0.58 Logical Block: io
	Physical Tile clb:
	Block Utilization: 0.26 Logical Block: clb
	Physical Tile mult_36:
	Block Utilization: 0.83 Logical Block: mult_36
	Physical Tile memory:
	Block Utilization: 0.00 Logical Block: memory

FPGA size limited by block type(s): mult_36

## Build Device Grid took 0.00 seconds (max_rss 67.2 MiB, delta_rss +0.0 MiB)
## Build routing resource graph
SOURCE->OPIN and IPIN->SINK edge count:11392
OPIN->CHANX/CHANY edge count before creating direct connections: 23616
OPIN->CHANX/CHANY edge count after creating direct connections: 23616
CHAN->CHAN type edge count:109849
## Build routing resource graph took 0.09 seconds (max_rss 67.2 MiB, delta_rss +0.0 MiB)
  RR Graph Nodes: 24972
  RR Graph Edges: 144857
# Create Device took 0.09 seconds (max_rss 67.2 MiB, delta_rss +0.0 MiB)

# Computing router lookahead map
## Computing wire lookahead
## Computing wire lookahead took 0.23 seconds (max_rss 67.2 MiB, delta_rss +0.0 MiB)
## Computing src/opin lookahead
Warning 5: Found no sample locations for EMPTY
Warning 6: Found no more sample locations for SOURCE in io
Warning 7: Found no more sample locations for OPIN in io
Warning 8: Found no more sample locations for SOURCE in clb
Warning 9: Found no more sample locations for OPIN in clb
Warning 10: Found no more sample locations for SOURCE in mult_36
Warning 11: Found no more sample locations for OPIN in mult_36
Warning 12: Found no more sample locations for SOURCE in memory
Warning 13: Found no more sample locations for OPIN in memory
## Computing src/opin lookahead took 0.00 seconds (max_rss 67.2 MiB, delta_rss +0.0 MiB)
# Computing router lookahead map took 0.23 seconds (max_rss 67.2 MiB, delta_rss +0.0 MiB)
# Computing placement delta delay look-up
RR graph channel widths unchanged, skipping RR graph rebuild
## Computing delta delays
## Computing delta delays took 0.02 seconds (max_rss 67.2 MiB, delta_rss +0.0 MiB)
# Computing placement delta delay look-up took 0.02 seconds (max_rss 67.2 MiB, delta_rss +0.0 MiB)

Bounding box mode is Cube

Using simple RL 'Softmax agent' for choosing move and block types
# Placement
## Initial Placement
Initial placement iteration 0 has finished successfully
## Initial Placement took 0.00 seconds (max_rss 67.2 MiB, delta_rss +0.0 MiB)

There are 1136 point to point connections in this circuit.


BB estimate of min-dist (placement) wire length: 8272

Completed placement consistency check successfully.
Initial placement cost: 1 bb_cost: 137.871 td_cost: 1.96431e-07
Initial placement estimated Critical Path Delay (CPD): 21.0367 ns
Initial placement estimated setup Total Negative Slack (sTNS): -1649.01 ns
Initial placement estimated setup Worst Negative Slack (sWNS): -21.0367 ns

Initial placement estimated setup slack histogram:
[ -2.1e-08: -1.9e-08)  10 (  3.5%) |****
[ -1.9e-08: -1.7e-08)   9 (  3.1%) |***
[ -1.7e-08: -1.5e-08)   6 (  2.1%) |**
[ -1.5e-08: -1.3e-08)   7 (  2.4%) |***
[ -1.3e-08: -1.1e-08)   8 (  2.8%) |***
[ -1.1e-08: -8.7e-09)  11 (  3.8%) |****
[ -8.7e-09: -6.6e-09)  16 (  5.5%) |******
[ -6.6e-09: -4.5e-09) 126 ( 43.6%) |***********************************************
[ -4.5e-09: -2.5e-09)   0 (  0.0%) |
[ -2.5e-09: -3.9e-10)  96 ( 33.2%) |************************************
Placement contains 0 placement macros involving 0 blocks (average macro size -nan)

Moves per temperature: 999
Warning 14: Starting t: 124 of 299 configurations accepted.

---- ------ ------- ------- ---------- ---------- ------- ---------- -------- ------- ------- ------ -------- --------- ------
Tnum   Time       T Av Cost Av BB Cost Av TD Cost     CPD       sTNS     sWNS Ac Rate Std Dev  R lim Crit Exp Tot Moves  Alpha
      (sec)                                          (ns)       (ns)     (ns)                                                 
---- ------ ------- ------- ---------- ---------- ------- ---------- -------- ------- ------- ------ -------- --------- ------
   1    0.0 5.4e-04   0.967     112.84 1.6955e-07  20.882   -1.6e+03  -20.882   0.569  0.0169   15.0     1.00       999  0.200
   2    0.0 5.1e-04   0.981     108.60 1.6089e-07  20.980   -1.6e+03  -20.980   0.534  0.0104   15.0     1.00      1998  0.950
   3    0.0 4.9e-04   0.991     106.43 1.5597e-07  21.115  -1.61e+03  -21.115   0.531  0.0110   15.0     1.00      2997  0.950
   4    0.0 4.6e-04   0.993     102.77 1.5223e-07  20.306  -1.57e+03  -20.306   0.470  0.0026   15.0     1.00      3996  0.950
   5    0.0 4.4e-04   0.989     100.36 1.5227e-07  20.194  -1.59e+03  -20.194   0.453  0.0053   15.0     1.00      4995  0.950
   6    0.0 4.2e-04   0.996      99.48 1.5178e-07  20.194  -1.58e+03  -20.194   0.463  0.0032   15.0     1.00      5994  0.950
   7    0.0 4.0e-04   1.001      99.38 1.506e-07   20.450  -1.59e+03  -20.450   0.466  0.0024   15.0     1.00      6993  0.950
   8    0.0 3.8e-04   0.993      98.40 1.5014e-07  20.471  -1.58e+03  -20.471   0.422  0.0046   15.0     1.00      7992  0.950
   9    0.0 3.6e-04   0.999      97.11 1.4124e-07  20.471  -1.58e+03  -20.471   0.425  0.0015   14.7     1.13      8991  0.950
  10    0.0 3.4e-04   0.994      96.28 1.3501e-07  20.730  -1.59e+03  -20.730   0.404  0.0032   14.5     1.24      9990  0.950
  11    0.0 3.2e-04   0.998      96.47 1.2378e-07  20.730  -1.58e+03  -20.730   0.428  0.0027   14.0     1.50     10989  0.950
  12    0.0 3.1e-04   0.994      94.98 1.2021e-07  20.544  -1.58e+03  -20.544   0.371  0.0025   13.8     1.58     11988  0.950
  13    0.0 2.9e-04   1.001      94.96 1.07e-07    20.544  -1.58e+03  -20.544   0.408  0.0029   12.9     2.05     12987  0.950
  14    0.0 2.8e-04   1.001      94.98 1.0282e-07  20.241  -1.56e+03  -20.241   0.386  0.0012   12.5     2.26     13986  0.950
  15    0.0 2.6e-04   0.996      94.50 9.7723e-08  20.370  -1.57e+03  -20.370   0.371  0.0021   11.8     2.59     14985  0.950
  16    0.0 2.5e-04   0.999      94.31 9.2737e-08  20.191  -1.57e+03  -20.191   0.357  0.0018   11.0     3.00     15984  0.950
  17    0.0 2.4e-04   0.999      93.69 8.7331e-08  20.113  -1.56e+03  -20.113   0.341  0.0013   10.1     3.45     16983  0.950
  18    0.0 2.3e-04   0.998      93.13 8.3127e-08  20.113  -1.58e+03  -20.113   0.350  0.0017    9.1     3.95     17982  0.950
  19    0.0 2.1e-04   0.998      92.80 8.0111e-08  20.113  -1.55e+03  -20.113   0.337  0.0023    8.3     4.36     18981  0.950
  20    0.0 2.0e-04   1.003      92.72 7.7288e-08  20.161  -1.54e+03  -20.161   0.313  0.0019    7.4     4.78     19980  0.950
  21    0.0 1.9e-04   0.998      92.46 7.5185e-08  20.161  -1.56e+03  -20.161   0.320  0.0007    6.5     5.25     20979  0.950
  22    0.0 1.8e-04   1.002      92.73 7.354e-08   20.161  -1.54e+03  -20.161   0.334  0.0013    5.7     5.64     21978  0.950
  23    0.0 1.7e-04   0.998      92.50 7.2445e-08  20.130  -1.56e+03  -20.130   0.351  0.0008    5.1     5.94     22977  0.950
  24    0.0 1.7e-04   0.997      91.88 7.1393e-08  20.130  -1.54e+03  -20.130   0.326  0.0012    4.7     6.17     23976  0.950
  25    0.0 1.6e-04   0.996      91.10 7.0369e-08  20.130  -1.56e+03  -20.130   0.311  0.0017    4.1     6.44     24975  0.950
  26    0.0 1.5e-04   0.999      90.71 6.9442e-08  20.130  -1.56e+03  -20.130   0.315  0.0009    3.6     6.70     25974  0.950
  27    0.0 1.4e-04   0.999      90.06 6.8644e-08  20.130  -1.54e+03  -20.130   0.296  0.0017    3.1     6.93     26973  0.950
  28    0.0 1.3e-04   1.000      89.51 6.8036e-08  20.130  -1.54e+03  -20.130   0.315  0.0006    2.7     7.15     27972  0.950
  29    0.0 1.3e-04   1.001      89.90 6.7555e-08  20.130  -1.53e+03  -20.130   0.294  0.0005    2.4     7.32     28971  0.950
  30    0.0 1.2e-04   0.997      89.38 6.7137e-08  20.130  -1.54e+03  -20.130   0.388  0.0009    2.0     7.49     29970  0.950
  31    0.0 1.2e-04   0.996      88.23 6.7016e-08  20.130  -1.55e+03  -20.130   0.352  0.0020    1.9     7.54     30969  0.950
  32    0.0 1.1e-04   1.001      88.14 6.6708e-08  20.130  -1.55e+03  -20.130   0.362  0.0003    1.7     7.63     31968  0.950
  33    0.0 1.0e-04   0.999      87.86 6.6559e-08  20.130  -1.54e+03  -20.130   0.308  0.0010    1.6     7.70     32967  0.950
  34    0.0 9.9e-05   1.000      87.59 6.6402e-08  20.130  -1.54e+03  -20.130   0.299  0.0004    1.4     7.80     33966  0.950
  35    0.0 9.4e-05   1.000      87.61 6.6298e-08  20.130  -1.55e+03  -20.130   0.307  0.0005    1.2     7.90     34965  0.950
  36    0.0 8.9e-05   1.000      87.44 6.5965e-08  20.130  -1.56e+03  -20.130   0.298  0.0004    1.0     7.98     35964  0.950
  37    0.0 8.5e-05   0.999      87.40 6.5932e-08  20.130  -1.55e+03  -20.130   0.317  0.0003    1.0     8.00     36963  0.950
  38    0.0 8.1e-05   0.999      87.16 6.5925e-08  20.130  -1.55e+03  -20.130   0.305  0.0005    1.0     8.00     37962  0.950
  39    0.0 7.7e-05   0.999      87.04 6.5992e-08  20.130  -1.55e+03  -20.130   0.290  0.0004    1.0     8.00     38961  0.950
  40    0.0 7.3e-05   0.999      86.92 6.5883e-08  20.130  -1.55e+03  -20.130   0.267  0.0005    1.0     8.00     39960  0.950
  41    0.0 6.9e-05   1.000      86.79 6.587e-08   20.130  -1.55e+03  -20.130   0.290  0.0003    1.0     8.00     40959  0.950
  42    0.0 6.6e-05   0.999      86.63 6.5874e-08  20.130  -1.55e+03  -20.130   0.279  0.0003    1.0     8.00     41958  0.950
  43    0.0 6.2e-05   1.000      86.50 6.5876e-08  20.130  -1.54e+03  -20.130   0.251  0.0002    1.0     8.00     42957  0.950
  44    0.0 5.9e-05   1.000      86.57 6.5875e-08  20.130  -1.55e+03  -20.130   0.290  0.0003    1.0     8.00     43956  0.950
  45    0.0 5.6e-05   1.000      86.64 6.5869e-08  20.130  -1.54e+03  -20.130   0.277  0.0001    1.0     8.00     44955  0.950
  46    0.0 5.4e-05   1.000      86.58 6.5873e-08  20.130  -1.54e+03  -20.130   0.293  0.0003    1.0     8.00     45954  0.950
  47    0.0 5.1e-05   1.000      86.56 6.587e-08   20.130  -1.55e+03  -20.130   0.307  0.0001    1.0     8.00     46953  0.950
  48    0.0 4.8e-05   0.999      86.50 6.5885e-08  20.130  -1.55e+03  -20.130   0.301  0.0002    1.0     8.00     47952  0.950
  49    0.0 4.6e-05   0.999      86.46 6.5867e-08  20.130  -1.55e+03  -20.130   0.248  0.0003    1.0     8.00     48951  0.950
  50    0.0 4.4e-05   1.000      86.35 6.5853e-08  20.130  -1.55e+03  -20.130   0.252  0.0002    1.0     8.00     49950  0.950
  51    0.0 4.1e-05   1.000      86.26 6.5867e-08  20.130  -1.55e+03  -20.130   0.244  0.0001    1.0     8.00     50949  0.950
  52    0.0 3.9e-05   0.999      86.25 6.5855e-08  20.130  -1.55e+03  -20.130   0.238  0.0002    1.0     8.00     51948  0.950
  53    0.0 3.7e-05   1.000      86.21 6.5839e-08  20.130  -1.55e+03  -20.130   0.248  0.0001    1.0     8.00     52947  0.950
  54    0.0 3.6e-05   1.000      86.16 6.5812e-08  20.130  -1.55e+03  -20.130   0.266  0.0002    1.0     8.00     53946  0.950
  55    0.0 3.4e-05   1.000      86.10 6.586e-08   20.130  -1.55e+03  -20.130   0.242  0.0002    1.0     8.00     54945  0.950
  56    0.0 3.2e-05   1.000      86.04 6.586e-08   20.130  -1.55e+03  -20.130   0.211  0.0001    1.0     8.00     55944  0.950
  57    0.0 3.0e-05   1.000      86.04 6.5867e-08  20.130  -1.55e+03  -20.130   0.187  0.0001    1.0     8.00     56943  0.950
  58    0.0 2.9e-05   1.000      86.04 6.587e-08   20.130  -1.55e+03  -20.130   0.226  0.0001    1.0     8.00     57942  0.950
  59    0.0 2.7e-05   1.000      86.00 6.5863e-08  20.130  -1.54e+03  -20.130   0.223  0.0001    1.0     8.00     58941  0.950
  60    0.0 2.6e-05   1.000      85.99 6.5861e-08  20.130  -1.55e+03  -20.130   0.194  0.0001    1.0     8.00     59940  0.950
  61    0.0 2.5e-05   1.000      85.97 6.5852e-08  20.130  -1.55e+03  -20.130   0.212  0.0000    1.0     8.00     60939  0.950
  62    0.0 2.4e-05   1.000      85.93 6.5854e-08  20.130  -1.55e+03  -20.130   0.220  0.0001    1.0     8.00     61938  0.950
  63    0.0 2.2e-05   1.000      85.93 6.5852e-08  20.130  -1.55e+03  -20.130   0.232  0.0001    1.0     8.00     62937  0.950
  64    0.0 2.1e-05   1.000      85.94 6.5849e-08  20.130  -1.54e+03  -20.130   0.205  0.0000    1.0     8.00     63936  0.950
  65    0.0 2.0e-05   1.000      85.92 6.5851e-08  20.130  -1.54e+03  -20.130   0.199  0.0000    1.0     8.00     64935  0.950
  66    0.0 1.9e-05   1.000      85.91 6.5848e-08  20.130  -1.54e+03  -20.130   0.208  0.0001    1.0     8.00     65934  0.950
  67    0.0 1.8e-05   1.000      85.92 6.5846e-08  20.130  -1.55e+03  -20.130   0.208  0.0000    1.0     8.00     66933  0.950
  68    0.0 1.7e-05   1.000      85.92 6.5852e-08  20.130  -1.55e+03  -20.130   0.218  0.0000    1.0     8.00     67932  0.950
  69    0.0 1.6e-05   1.000      85.92 6.585e-08   20.130  -1.54e+03  -20.130   0.214  0.0001    1.0     8.00     68931  0.950
  70    0.0 1.6e-05   1.000      85.87 6.5845e-08  20.130  -1.55e+03  -20.130   0.181  0.0001    1.0     8.00     69930  0.950
  71    0.0 1.5e-05   1.000      85.86 6.5848e-08  20.130  -1.55e+03  -20.130   0.214  0.0000    1.0     8.00     70929  0.950
  72    0.0 1.4e-05   1.000      85.86 6.5856e-08  20.130  -1.54e+03  -20.130   0.201  0.0001    1.0     8.00     71928  0.950
  73    0.0 1.3e-05   1.000      85.85 6.5854e-08  20.130  -1.55e+03  -20.130   0.216  0.0001    1.0     8.00     72927  0.950
  74    0.0 1.3e-05   1.000      85.82 6.5847e-08  20.130  -1.55e+03  -20.130   0.197  0.0001    1.0     8.00     73926  0.950
  75    0.0 1.2e-05   1.000      85.81 6.5847e-08  20.130  -1.55e+03  -20.130   0.207  0.0000    1.0     8.00     74925  0.950
  76    0.0 1.1e-05   1.000      85.81 6.5848e-08  20.130  -1.55e+03  -20.130   0.189  0.0000    1.0     8.00     75924  0.950
  77    0.0 1.1e-05   1.000      85.81 6.5852e-08  20.130  -1.54e+03  -20.130   0.204  0.0000    1.0     8.00     76923  0.950
  78    0.0 1.0e-05   1.000      85.81 6.5852e-08  20.130  -1.55e+03  -20.130   0.197  0.0000    1.0     8.00     77922  0.950
  79    0.0 9.9e-06   1.000      85.81 6.5846e-08  20.130  -1.55e+03  -20.130   0.216  0.0000    1.0     8.00     78921  0.950
  80    0.0 9.4e-06   1.000      85.78 6.5845e-08  20.130  -1.54e+03  -20.130   0.187  0.0001    1.0     8.00     79920  0.950
  81    0.0 8.9e-06   1.000      85.77 6.585e-08   20.130  -1.55e+03  -20.130   0.185  0.0000    1.0     8.00     80919  0.950
  82    0.0 8.4e-06   1.000      85.75 6.5853e-08  20.130  -1.55e+03  -20.130   0.190  0.0001    1.0     8.00     81918  0.950
  83    0.0 8.0e-06   1.000      85.75 6.5845e-08  20.130  -1.55e+03  -20.130   0.173  0.0000    1.0     8.00     82917  0.950
  84    0.0 7.6e-06   1.000      85.75 6.5844e-08  20.130  -1.54e+03  -20.130   0.179  0.0000    1.0     8.00     83916  0.950
  85    0.0 7.2e-06   1.000      85.76 6.5845e-08  20.130  -1.55e+03  -20.130   0.192  0.0000    1.0     8.00     84915  0.950
  86    0.0 0.0e+00   1.000      85.76 6.5843e-08  20.130  -1.54e+03  -20.130   0.073  0.0001    1.0     8.00     85914  0.950
## Placement Quench took 0.00 seconds (max_rss 67.2 MiB)
post-quench CPD = 20.1301 (ns) 

BB estimate of min-dist (placement) wire length: 5145

Completed placement consistency check successfully.

Swaps called: 86213

Aborted Move Reasons:
  No moves aborted

Placement estimated critical path delay (least slack): 20.1301 ns, Fmax: 49.6769 MHz
Placement estimated setup Worst Negative Slack (sWNS): -20.1301 ns
Placement estimated setup Total Negative Slack (sTNS): -1544.2 ns

Placement estimated setup slack histogram:
[   -2e-08: -1.8e-08)  11 (  3.8%) |****
[ -1.8e-08: -1.6e-08)   8 (  2.8%) |***
[ -1.6e-08: -1.4e-08)   9 (  3.1%) |***
[ -1.4e-08: -1.2e-08)   4 (  1.4%) |*
[ -1.2e-08:   -1e-08)   6 (  2.1%) |**
[   -1e-08: -8.3e-09)  11 (  3.8%) |****
[ -8.3e-09: -6.3e-09)  12 (  4.2%) |****
[ -6.3e-09: -4.4e-09) 131 ( 45.3%) |***********************************************
[ -4.4e-09: -2.4e-09)   1 (  0.3%) |
[ -2.4e-09: -4.4e-10)  96 ( 33.2%) |**********************************

Placement estimated geomean non-virtual intra-domain period: 20.1301 ns (49.6769 MHz)
Placement estimated fanout-weighted geomean non-virtual intra-domain period: 20.1301 ns (49.6769 MHz)

Placement cost: 0.999796, bb_cost: 85.7553, td_cost: 6.58551e-08, 

Placement resource usage:
  io      implemented as io     : 258
  clb     implemented as clb    : 36
  mult_36 implemented as mult_36: 5

Placement number of temperatures: 86
Placement total # of swap attempts: 86213
	Swaps accepted: 25059 (29.1 %)
	Swaps rejected: 53590 (62.2 %)
	Swaps aborted:  7564 ( 8.8 %)


Placement perturbation distribution by block and move type: 
------------------ ----------------- ---------------- ---------------- --------------- ------------ 
    Block Type         Move Type       (%) of Total      Accepted(%)     Rejected(%)    Aborted(%)
------------------ ----------------- ---------------- ---------------- --------------- ------------ 
io                 Uniform                21.54            34.60           65.40          0.00         
                   Median                 21.34            33.04           54.50          12.46        
                   Centroid               21.26            32.89           55.34          11.77        
                   W. Centroid            21.58            32.78           54.70          12.51        
                   W. Median              0.15             8.40            70.23          21.37        
                   Crit. Uniform          0.03             17.24           82.76          0.00         
                   Feasible Region        0.02             35.00           60.00          5.00         

clb                Uniform                3.05             4.03            95.97          0.00         
                   Median                 2.96             2.58            85.75          11.66        
                   Centroid               3.09             4.20            95.80          0.00         
                   W. Centroid            3.01             4.74            90.51          4.74         
                   W. Median              0.03             0.00            78.26          21.74        
                   Crit. Uniform          0.07             0.00            100.00         0.00         
                   Feasible Region        0.06             0.00            100.00         0.00         

mult_36            Uniform                0.40             0.00            100.00         0.00         
                   Median                 0.42             0.00            67.60          32.40        
                   Centroid               0.45             0.26            64.78          34.96        
                   W. Centroid            0.41             0.00            78.43          21.57        
                   W. Median              0.00             0.00            0.00           100.00       
                   Crit. Uniform          0.06             0.00            100.00         0.00         
                   Feasible Region        0.07             0.00            100.00         0.00         


Placement Quench timing analysis took 0.00109771 seconds (0.000986044 STA, 0.00011167 slack) (1 full updates: 1 setup, 0 hold, 0 combined).
Placement Total  timing analysis took 0.101874 seconds (0.0925057 STA, 0.0093686 slack) (88 full updates: 88 setup, 0 hold, 0 combined).
update_td_costs: connections 0 nets 0 sum_nets 0 total 0
# Placement took 0.29 seconds (max_rss 67.2 MiB, delta_rss +0.0 MiB)

# Routing
RR graph channel widths unchanged, skipping RR graph rebuild
## Initializing router criticalities
Initial Net Connection Criticality Histogram:
[        0:      0.1) 384 ( 32.7%) |***********************************************
[      0.1:      0.2)  43 (  3.7%) |*****
[      0.2:      0.3) 170 ( 14.5%) |*********************
[      0.3:      0.4)  64 (  5.5%) |********
[      0.4:      0.5)  41 (  3.5%) |*****
[      0.5:      0.6)  24 (  2.0%) |***
[      0.6:      0.7)  97 (  8.3%) |************
[      0.7:      0.8) 100 (  8.5%) |************
[      0.8:      0.9)  51 (  4.3%) |******
[      0.9:        1) 200 ( 17.0%) |************************
## Initializing router criticalities took 0.01 seconds (max_rss 67.2 MiB, delta_rss +0.0 MiB)
---- ------ ------- ---- ------- ------- ------- ----------------- --------------- -------- ---------- ---------- ---------- ---------- --------
Iter   Time    pres  BBs    Heap  Re-Rtd  Re-Rtd Overused RR Nodes      Wirelength      CPD       sTNS       sWNS       hTNS       hWNS Est Succ
      (sec)     fac Updt    push    Nets   Conns                                       (ns)       (ns)       (ns)       (ns)       (ns)     Iter
---- ------ ------- ---- ------- ------- ------- ----------------- --------------- -------- ---------- ---------- ---------- ---------- --------
   1    0.3     0.0    0 1945475     692    1136     618 ( 2.475%)    8485 (33.7%)   21.956     -1721.    -21.956      0.000      0.000      N/A
Incr Slack updates 88 in 0.00315888 sec
Full Max Req/Worst Slack updates 9 in 5.6245e-05 sec
Incr Max Req/Worst Slack updates 79 in 0.000576189 sec
Incr Criticality updates 72 in 0.00412104 sec
Full Criticality updates 16 in 0.000886661 sec
   2    0.2     0.5   19 1330929     542     950     251 ( 1.005%)    8577 (34.0%)   22.134     -1737.    -22.134      0.000      0.000      N/A
   3    0.2     0.6   11 1053155     324     625     195 ( 0.781%)    8842 (35.1%)   22.215     -1781.    -22.215      0.000      0.000      N/A
   4    0.1     0.8   13  940549     260     544     136 ( 0.545%)    9077 (36.0%)   22.559     -1782.    -22.559      0.000      0.000      N/A
   5    0.1     1.1   11  768574     204     458      62 ( 0.248%)    9189 (36.5%)   22.814     -1823.    -22.814      0.000      0.000      N/A
   6    0.1     1.4    5  567028     162     404      48 ( 0.192%)    9264 (36.8%)   22.908     -1874.    -22.908      0.000      0.000      N/A
   7    0.1     1.9    5  450731     136     328      15 ( 0.060%)    9338 (37.1%)   22.814     -1875.    -22.814      0.000      0.000      N/A
   8    0.1     2.4    2  371020     118     267       5 ( 0.020%)    9369 (37.2%)   22.670     -1875.    -22.670      0.000      0.000      N/A
   9    0.0     3.1    0  317198     108     246       4 ( 0.016%)    9374 (37.2%)   22.670     -1876.    -22.670      0.000      0.000      N/A
  10    0.0     4.1    0  300881     108     246       0 ( 0.000%)    9398 (37.3%)   22.670     -1876.    -22.670      0.000      0.000       11
Restoring best routing
Critical path: 22.6696 ns
Successfully routed after 10 routing iterations.
Final Net Connection Criticality Histogram:
[        0:      0.1) 381 ( 32.5%) |***********************************************
[      0.1:      0.2)  45 (  3.8%) |******
[      0.2:      0.3) 139 ( 11.8%) |*****************
[      0.3:      0.4)  97 (  8.3%) |************
[      0.4:      0.5)  33 (  2.8%) |****
[      0.5:      0.6)  76 (  6.5%) |*********
[      0.6:      0.7)  45 (  3.8%) |******
[      0.7:      0.8) 106 (  9.0%) |*************
[      0.8:      0.9)  50 (  4.3%) |******
[      0.9:        1) 202 ( 17.2%) |*************************
Router Stats: total_nets_routed: 2654 total_connections_routed: 5204 total_heap_pushes: 8045540 total_heap_pops: 2578773 
# Routing took 1.17 seconds (max_rss 67.2 MiB, delta_rss +0.0 MiB)

Checking to ensure routing is legal...
# Checking to ensure non-configurable edges are legal
# Checking to ensure non-configurable edges are legal took 0.00 seconds (max_rss 67.2 MiB, delta_rss +0.0 MiB)
Completed routing consistency check successfully.

Serial number (magic cookie) for the routing is: -683134128
Circuit successfully routed with a channel width factor of 60.
# Synchronize the packed netlist to routing optimization
## Annotating rr_node with routed nets
## Annotating rr_node with routed nets took 0.00 seconds (max_rss 67.2 MiB, delta_rss +0.0 MiB)
Found 1032 mismatches between routing and packing results.
Fixed 755 routing traces due to mismatch between routing and packing results.
# Synchronize the packed netlist to routing optimization took 0.01 seconds (max_rss 67.2 MiB, delta_rss +0.0 MiB)
Final Clustering Statistics: 
----------   --------   ------------------------------------   --------------------------
Block Type   # Blocks   Avg. # of input clocks and pins used   Avg. # of output pins used
----------   --------   ------------------------------------   --------------------------
     EMPTY          0                                      0                            0   
        io        258                               0.372093                     0.627907   
       clb         36                                22.7222                      10.3333   
   mult_36          5                                     52                           32   
    memory          0                                      0                            0   
Absorbed logical nets 300 out of 994 nets, 694 nets not absorbed.


Average number of bends per net: 1.90318  Maximum # of bends: 8

Number of global nets: 2
Number of routed nets (nonglobal): 692
Wire length results (in units of 1 clb segments)...
	Total wirelength: 9398, average net length: 13.5809
	Maximum net length: 100

Wire length results in terms of physical segments...
	Total wiring segments used: 2509, average wire segments per net: 3.62572
	Maximum segments used by a net: 25
	Total local nets with reserved CLB opins: 0
Total number of nets absorbed: 0

Routing channel utilization histogram:
[        1:      inf)  0 (  0.0%) |
[      0.9:        1)  0 (  0.0%) |
[      0.8:      0.9)  2 (  0.4%) |*
[      0.7:      0.8) 78 ( 17.3%) |**************************************
[      0.5:      0.6) 40 (  8.9%) |********************
[      0.4:      0.5) 62 ( 13.8%) |******************************
[      0.3:      0.4) 50 ( 11.1%) |************************
[      0.2:      0.3) 52 ( 11.6%) |*************************
[      0.1:      0.2) 68 ( 15.1%) |*********************************
[        0:      0.1) 98 ( 21.8%) |************************************************
Maximum routing channel utilization:      0.82 at (8,6)

X - Directed channels:   j max occ ave occ capacity
                      ---- ------- ------- --------
                         0      46  25.688       60
                         1      16   5.250       60
                         2      18  10.188       60
                         3      25  12.688       60
                         4      30  18.062       60
                         5      42  24.875       60
                         6      49  29.812       60
                         7      48  27.875       60
                         8      47  26.688       60
                         9      45  25.875       60
                        10      47  25.750       60
                        11      38  20.000       60
                        12      23   9.875       60
                        13       9   4.938       60
                        14      41  20.188       60
Y - Directed channels:   i max occ ave occ capacity
                      ---- ------- ------- --------
                         0      15   6.500       60
                         1       4   1.688       60
                         2      15   8.062       60
                         3      20  11.250       60
                         4      40  19.938       60
                         5      48  30.125       60
                         6      53  34.000       60
                         7      45  26.812       60
                         8      47  27.062       60
                         9      40  23.375       60
                        10      37  21.250       60
                        11      39  19.500       60
                        12      43  19.938       60
                        13      39  21.000       60
                        14      56  29.125       60

Total tracks in x-direction: 900, in y-direction: 900

Logic area (in minimum width transistor areas, excludes I/Os and empty grid tiles)...
	Total logic block area (Warning, need to add pitch of routing to blocks with height > 3): 1.21132e+07
	Total used logic block area: 3.92018e+06

Routing area (in minimum width transistor areas)...
	Total routing area: 934704., per logic tile: 3651.19

Total Number of Wiring Segments by Direction: direction length number
                                              --------- ------ -------
                                                      X      4   3824
                                                      Y      4   3824

X - Directed Wiring Segment usage by length: length utilization
                                             ------ -----------
                                             4       0.325

Y - Directed Wiring Segment usage by length: length utilization
                                             ------ -----------
                                             4       0.332

Segment occupancy by length: Length utilization
                             ------ -----------
                             L4           0.328

Segment occupancy by type:              name type utilization
                           ----------------- ---- -----------
                           unnamed_segment_0    0       0.328

Final hold Worst Negative Slack (hWNS): 0 ns
Final hold Total Negative Slack (hTNS): 0 ns

Final hold slack histogram:
[  2.9e-10:  5.1e-10) 197 ( 68.2%) |***********************************************
[  5.1e-10:  7.2e-10)  53 ( 18.3%) |*************
[  7.2e-10:  9.4e-10)  37 ( 12.8%) |*********
[  9.4e-10:  1.2e-09)   1 (  0.3%) |
[  1.2e-09:  1.4e-09)   0 (  0.0%) |
[  1.4e-09:  1.6e-09)   0 (  0.0%) |
[  1.6e-09:  1.8e-09)   0 (  0.0%) |
[  1.8e-09:    2e-09)   0 (  0.0%) |
[    2e-09:  2.2e-09)   0 (  0.0%) |
[  2.2e-09:  2.4e-09)   1 (  0.3%) |

Final critical path delay (least slack): 22.6696 ns, Fmax: 44.1119 MHz
Final setup Worst Negative Slack (sWNS): -22.6696 ns
Final setup Total Negative Slack (sTNS): -1876.07 ns

Final setup slack histogram:
[ -2.3e-08:   -2e-08) 13 (  4.5%) |******
[   -2e-08: -1.8e-08)  8 (  2.8%) |****
[ -1.8e-08: -1.6e-08)  5 (  1.7%) |**
[ -1.6e-08: -1.4e-08)  6 (  2.1%) |***
[ -1.4e-08: -1.2e-08)  7 (  2.4%) |***
[ -1.2e-08: -9.4e-09) 10 (  3.5%) |*****
[ -9.4e-09: -7.2e-09) 44 ( 15.2%) |*********************
[ -7.2e-09:   -5e-09) 100 ( 34.6%) |************************************************
[   -5e-09: -2.7e-09)  0 (  0.0%) |
[ -2.7e-09: -5.3e-10) 96 ( 33.2%) |**********************************************

Final geomean non-virtual intra-domain period: 22.6696 ns (44.1119 MHz)
Final fanout-weighted geomean non-virtual intra-domain period: 22.6696 ns (44.1119 MHz)

Incr Slack updates 1 in 3.4956e-05 sec
Full Max Req/Worst Slack updates 1 in 6.772e-06 sec
Incr Max Req/Worst Slack updates 0 in 0 sec
Incr Criticality updates 0 in 0 sec
Full Criticality updates 1 in 5.9482e-05 sec
Flow timing analysis took 0.150504 seconds (0.138968 STA, 0.0115368 slack) (101 full updates: 89 setup, 0 hold, 12 combined).
VPR succeeded
The entire flow of VPR took 2.23 seconds (max_rss 67.2 MiB)
Incr Slack updates 11 in 0.000396795 sec
Full Max Req/Worst Slack updates 3 in 1.8145e-05 sec
Incr Max Req/Worst Slack updates 8 in 5.8021e-05 sec
Incr Criticality updates 2 in 9.7854e-05 sec
Full Criticality updates 9 in 0.00048903 sec
	Command being timed: "/packages/apps/vtr/8.0.0-git/vpr/vpr k6_frac_N10_mem32K_40nm.xml diffeq1 --circuit_file diffeq1.pre-vpr.blif --route_chan_width 60 --max_criticality 0.5 --astar_fac 0 --seed 10"
	User time (seconds): 2.15
	System time (seconds): 0.04
	Percent of CPU this job got: 97%
	Elapsed (wall clock) time (h:mm:ss or m:ss): 0:02.25
	Average shared text size (kbytes): 0
	Average unshared data size (kbytes): 0
	Average stack size (kbytes): 0
	Average total size (kbytes): 0
	Maximum resident set size (kbytes): 68824
	Average resident set size (kbytes): 0
	Major (requiring I/O) page faults: 0
	Minor (reclaiming a frame) page faults: 36533
	Voluntary context switches: 209
	Involuntary context switches: 14
	Swaps: 0
	File system inputs: 0
	File system outputs: 7664
	Socket messages sent: 0
	Socket messages received: 0
	Signals delivered: 0
	Page size (bytes): 4096
	Exit status: 0
