/usr/bin/env time -v /packages/apps/vtr/8.0.0-git/vpr/vpr k6_frac_N10_mem32K_40nm.xml sha --circuit_file sha.pre-vpr.blif --route_chan_width 60 --max_criticality 0.5 --astar_fac 0 --seed 12
VPR FPGA Placement and Routing.
Version: 8.1.0-dev+109c5adcc
Revision: v8.0.0-9695-g109c5adcc
Compiled: 2024-02-23T09:38:13
Compiler: GNU 11.2.0 on Linux-4.18.0-348.el8.0.2.x86_64 x86_64
Build Info: release IPO VTR_ASSERT_LEVEL=2

University of Toronto
verilogtorouting.org
vtr-users@googlegroups.com
This is free open source code under MIT license.

VPR was run with the following command-line:
/packages/apps/vtr/8.0.0-git/vpr/vpr k6_frac_N10_mem32K_40nm.xml sha --circuit_file sha.pre-vpr.blif --route_chan_width 60 --max_criticality 0.5 --astar_fac 0 --seed 12


Architecture file: k6_frac_N10_mem32K_40nm.xml
Circuit name: sha

# Loading Architecture Description
# Loading Architecture Description took 0.01 seconds (max_rss 15.4 MiB, delta_rss +2.7 MiB)

Timing analysis: ON
Circuit netlist file: sha.net
Circuit placement file: sha.place
Circuit routing file: sha.route
Circuit SDC file: sha.sdc
Vpr floorplanning constraints file: not specified

Packer: ENABLED
Placer: ENABLED
Router: ENABLED
Analysis: ENABLED

VPR was run with the following options:

NetlistOpts.abosrb_buffer_luts            : true
NetlistOpts.sweep_dangling_primary_ios    : true
NetlistOpts.sweep_dangling_nets           : true
NetlistOpts.sweep_dangling_blocks         : true
NetlistOpts.sweep_constant_primary_outputs: false
NetlistOpts.netlist_verbosity             : 1
NetlistOpts.const_gen_inference           : COMB_SEQ

PackerOpts.allow_unrelated_clustering: auto
PackerOpts.alpha_clustering: 0.750000
PackerOpts.beta_clustering: 0.900000
PackerOpts.cluster_seed_type: BLEND2
PackerOpts.connection_driven: true
PackerOpts.global_clocks: true
PackerOpts.hill_climbing_flag: false
PackerOpts.inter_cluster_net_delay: 1.000000
PackerOpts.timing_driven: true
PackerOpts.target_external_pin_util: auto

PlacerOpts.place_freq: PLACE_ONCE
PlacerOpts.place_algorithm: CRITICALITY_TIMING_PLACE
PlacerOpts.pad_loc_type: FREE
PlacerOpts.constraints_file: No constraints file given
PlacerOpts.place_cost_exp: 1.000000
PlacerOpts.place_chan_width: 60
PlacerOpts.inner_loop_recompute_divider: 0
PlacerOpts.recompute_crit_iter: 1
PlacerOpts.timing_tradeoff: 0.500000
PlacerOpts.td_place_exp_first: 1.000000
PlacerOpts.td_place_exp_last: 8.000000
PlacerOpts.delay_offset: 0.000000
PlacerOpts.delay_ramp_delta_threshold: -1
PlacerOpts.delay_ramp_slope: 0.000000
PlacerOpts.tsu_rel_margin: 1.000000
PlacerOpts.tsu_abs_margin: 0.000000
PlacerOpts.post_place_timing_report_file: 
PlacerOpts.allowed_tiles_for_delay_model: 
PlacerOpts.delay_model_reducer: MIN
PlacerOpts.delay_model_type: DELTA
PlacerOpts.rlim_escape_fraction: 0.000000
PlacerOpts.move_stats_file: 
PlacerOpts.placement_saves_per_temperature: 0
PlacerOpts.effort_scaling: CIRCUIT
PlacerOpts.place_delta_delay_matrix_calculation_method: ASTAR_ROUTE
PlaceOpts.seed: 12
AnnealSched.type: AUTO_SCHED
AnnealSched.inner_num: 0.500000

RouterOpts.route_type: DETAILED
RouterOpts.flat_routing: false
RouterOpts.has_choking_spot: false
RouterOpts.router_algorithm: TIMING_DRIVEN
RouterOpts.base_cost_type: DELAY_NORMALIZED_LENGTH
RouterOpts.fixed_channel_width: 60
RouterOpts.check_route: FULL
RouterOpts.acc_fac: 1.000000
RouterOpts.bb_factor: 3
RouterOpts.bend_cost: 0.000000
RouterOpts.first_iter_pres_fac: 0.000000
RouterOpts.initial_pres_fac: 0.500000
RouterOpts.pres_fac_mult: 1.300000
RouterOpts.max_router_iterations: 50
RouterOpts.min_incremental_reroute_fanout: 16
RouterOpts.do_check_rr_graph: true
RouterOpts.verify_binary_search: false
RouterOpts.min_channel_width_hint: 0
RouterOpts.read_rr_edge_metadata: false
RouterOpts.exit_after_first_routing_iteration: false
RouterOpts.astar_fac: 0.000000
RouterOpts.router_profiler_astar_fac: 1.200000
RouterOpts.criticality_exp: 1.000000
RouterOpts.max_criticality: 0.500000
RouterOpts.init_wirelength_abort_threshold: 0.850000
RouterOpts.save_routing_per_iteration: false
RouterOpts.congested_routing_iteration_threshold_frac: 1.000000
RouterOpts.high_fanout_threshold: 64
RouterOpts.router_debug_net: -2
RouterOpts.router_debug_sink_rr: -2
RouterOpts.router_debug_iteration: -2
RouterOpts.max_convergence_count: 1
RouterOpts.reconvergence_cpd_threshold: 0.990000
RouterOpts.update_lower_bound_delays: true
RouterOpts.first_iteration_timing_report_file: 
RouterOpts.incr_reroute_delay_ripup: AUTO
RouterOpts.route_bb_update: DYNAMIC
RouterOpts.lookahead_type: MAP
RouterOpts.initial_timing: LOOKAHEAD
RouterOpts.router_heap: BINARY_HEAP
RouterOpts.routing_failure_predictor = SAFE
RouterOpts.routing_budgets_algorithm = DISABLE

AnalysisOpts.gen_post_synthesis_netlist: false
AnalysisOpts.timing_report_npaths: 100
AnalysisOpts.timing_report_skew: false
AnalysisOpts.echo_dot_timing_graph_node: -1
AnalysisOpts.timing_report_detail: NETLIST
AnalysisOpts.post_synth_netlist_unconn_input_handling: UNCONNECTED
AnalysisOpts.post_synth_netlist_unconn_output_handling: UNCONNECTED

# Building complex block graph
Warning 1: io[0].clock[0] unconnected pin in architecture.
# Building complex block graph took 0.02 seconds (max_rss 22.2 MiB, delta_rss +6.7 MiB)
Circuit file: sha.pre-vpr.blif
# Load circuit
# Load circuit took 0.03 seconds (max_rss 27.3 MiB, delta_rss +5.1 MiB)
# Clean circuit
Absorbed 36 LUT buffers
Inferred    0 additional primitive pins as constant generators since they have no combinationally connected inputs
Inferred    0 additional primitive pins as constant generators due to constant inputs
Swept input(s)      : 0
Swept output(s)     : 0 (0 dangling, 0 constant)
Swept net(s)        : 0
Swept block(s)      : 0
Constant Pins Marked: 0
# Clean circuit took 0.00 seconds (max_rss 27.3 MiB, delta_rss +0.0 MiB)
# Compress circuit
# Compress circuit took 0.01 seconds (max_rss 27.6 MiB, delta_rss +0.3 MiB)
# Verify circuit
# Verify circuit took 0.00 seconds (max_rss 27.6 MiB, delta_rss +0.0 MiB)
Circuit Statistics:
  Blocks: 2606
    .input :      38
    .latch :     885
    .output:      36
    6-LUT  :    1647
  Nets  : 2570
    Avg Fanout:     3.9
    Max Fanout:   885.0
    Min Fanout:     1.0
  Netlist Clocks: 1
# Build Timing Graph
  Timing Graph Nodes: 12697
  Timing Graph Edges: 20218
  Timing Graph Levels: 46
# Build Timing Graph took 0.01 seconds (max_rss 29.6 MiB, delta_rss +1.9 MiB)
Netlist contains 1 clocks
  Netlist Clock 'clk_i' Fanout: 885 pins (7.0%), 885 blocks (34.0%)
# Load Timing Constraints

SDC file 'sha.sdc' not found
Setting default timing constraints:
   * constrain all primay inputs and primary outputs on netlist clock 'clk_i'
   * optimize netlist clock to run as fast as possible
Timing constraints created 1 clocks
  Constrained Clock 'clk_i' Source: 'clk_i.inpad[0]'

# Load Timing Constraints took 0.00 seconds (max_rss 29.6 MiB, delta_rss +0.0 MiB)
# Packing
Begin packing 'sha.pre-vpr.blif'.

After removing unused inputs...
	total blocks: 2606, total nets: 2570, total inputs: 38, total outputs: 36
Begin prepacking.
0 attraction groups were created during prepacking.
Finish prepacking.
Using inter-cluster delay: 1.33777e-09
Packing with pin utilization targets: io:1,1 clb:0.8,1 mult_36:1,1 memory:1,1
Packing with high fanout thresholds: io:128 clb:32 mult_36:128 memory:128
Starting Clustering - Clustering Progress: 
-------------------   --------------------------   ---------
Molecules processed   Number of clusters created   FPGA size
-------------------   --------------------------   ---------
    68/1724      3%                            6     5 x 5     
   136/1724      7%                           10     6 x 6     
   204/1724     11%                           15     7 x 7     
   272/1724     15%                           20     7 x 7     
   340/1724     19%                           25     9 x 9     
   408/1724     23%                           30     9 x 9     
   476/1724     27%                           36    10 x 10    
   544/1724     31%                           41    10 x 10    
   612/1724     35%                           47    10 x 10    
   680/1724     39%                           53    11 x 11    
   748/1724     43%                           60    11 x 11    
   816/1724     47%                           66    12 x 12    
   884/1724     51%                           73    13 x 13    
   952/1724     55%                           79    13 x 13    
  1020/1724     59%                           85    13 x 13    
  1088/1724     63%                           92    14 x 14    
  1156/1724     67%                           99    14 x 14    
  1224/1724     70%                          106    14 x 14    
  1292/1724     74%                          112    15 x 15    
  1360/1724     78%                          118    15 x 15    
  1428/1724     82%                          125    15 x 15    
  1496/1724     86%                          131    16 x 16    
  1564/1724     90%                          138    16 x 16    
  1632/1724     94%                          144    17 x 17    
  1700/1724     98%                          198    17 x 17    

Logic Element (fle) detailed count:
  Total number of Logic Elements used : 1458
  LEs used for logic and registers    : 879
  LEs used for logic only             : 579
  LEs used for registers only         : 0

Incr Slack updates 1 in 0.000141016 sec
Full Max Req/Worst Slack updates 1 in 1.8395e-05 sec
Incr Max Req/Worst Slack updates 0 in 0 sec
Incr Criticality updates 0 in 0 sec
Full Criticality updates 1 in 0.00022903 sec
FPGA sized to 17 x 17 (auto)
Device Utilization: 0.55 (target 1.00)
	Block Utilization: 0.15 Type: io
	Block Utilization: 0.90 Type: clb

Start the iterative improvement process
the iterative improvement process is done
Final Clustering Statistics: 
----------   --------   ------------------------------------   --------------------------
Block Type   # Blocks   Avg. # of input clocks and pins used   Avg. # of output pins used
----------   --------   ------------------------------------   --------------------------
     EMPTY          0                                      0                            0   
        io         74                               0.486486                     0.513514   
       clb        149                                20.4228                      6.95302   
   mult_36          0                                      0                            0   
    memory          0                                      0                            0   
Absorbed logical nets 1496 out of 2570 nets, 1074 nets not absorbed.

Netlist conversion complete.

# Packing took 0.90 seconds (max_rss 42.1 MiB, delta_rss +12.5 MiB)
# Load packing
Begin loading packed FPGA netlist file.
Netlist generated from file 'sha.net'.
Detected 0 constant generators (to see names run with higher pack verbosity)
Finished loading packed FPGA netlist file (took 0.158127 seconds).
Warning 2: Treated 0 constant nets as global which will not be routed (to see net names increase packer verbosity).
# Load packing took 0.17 seconds (max_rss 79.5 MiB, delta_rss +37.4 MiB)
Warning 3: Netlist contains 0 global net to non-global architecture pin connections
Cluster level netlist and block usage statistics
Netlist num_nets: 1074
Netlist num_blocks: 223
Netlist EMPTY blocks: 0.
Netlist io blocks: 74.
Netlist clb blocks: 149.
Netlist mult_36 blocks: 0.
Netlist memory blocks: 0.
Netlist inputs pins: 38
Netlist output pins: 36

Pb types usage...
  io             : 74
   inpad         : 38
   outpad        : 36
  clb            : 149
   fle           : 1458
    lut5inter    : 533
     ble5        : 725
      lut5       : 722
       lut       : 722
      ff         : 176
    ble6         : 925
     lut6        : 925
      lut        : 925
     ff          : 709

# Create Device
## Build Device Grid
FPGA sized to 17 x 17: 289 grid tiles (auto)

Resource usage...
	Netlist
		74	blocks of type: io
	Architecture
		480	blocks of type: io
	Netlist
		149	blocks of type: clb
	Architecture
		165	blocks of type: clb
	Netlist
		0	blocks of type: mult_36
	Architecture
		6	blocks of type: mult_36
	Netlist
		0	blocks of type: memory
	Architecture
		4	blocks of type: memory

Device Utilization: 0.55 (target 1.00)
	Physical Tile io:
	Block Utilization: 0.15 Logical Block: io
	Physical Tile clb:
	Block Utilization: 0.90 Logical Block: clb
	Physical Tile mult_36:
	Block Utilization: 0.00 Logical Block: mult_36
	Physical Tile memory:
	Block Utilization: 0.00 Logical Block: memory

FPGA size limited by block type(s): clb

## Build Device Grid took 0.00 seconds (max_rss 79.5 MiB, delta_rss +0.0 MiB)
## Build routing resource graph
SOURCE->OPIN and IPIN->SINK edge count:13013
OPIN->CHANX/CHANY edge count before creating direct connections: 26808
OPIN->CHANX/CHANY edge count after creating direct connections: 26808
CHAN->CHAN type edge count:126189
## Build routing resource graph took 0.10 seconds (max_rss 79.5 MiB, delta_rss +0.0 MiB)
  RR Graph Nodes: 28231
  RR Graph Edges: 166010
# Create Device took 0.10 seconds (max_rss 79.5 MiB, delta_rss +0.0 MiB)

# Computing router lookahead map
## Computing wire lookahead
## Computing wire lookahead took 0.27 seconds (max_rss 79.5 MiB, delta_rss +0.0 MiB)
## Computing src/opin lookahead
Warning 4: Found no sample locations for EMPTY
Warning 5: Found no more sample locations for SOURCE in io
Warning 6: Found no more sample locations for OPIN in io
Warning 7: Found no more sample locations for SOURCE in clb
Warning 8: Found no more sample locations for OPIN in clb
Warning 9: Found no more sample locations for SOURCE in mult_36
Warning 10: Found no more sample locations for OPIN in mult_36
Warning 11: Found no more sample locations for SOURCE in memory
Warning 12: Found no more sample locations for OPIN in memory
## Computing src/opin lookahead took 0.00 seconds (max_rss 79.5 MiB, delta_rss +0.0 MiB)
# Computing router lookahead map took 0.27 seconds (max_rss 79.5 MiB, delta_rss +0.0 MiB)
# Computing placement delta delay look-up
RR graph channel widths unchanged, skipping RR graph rebuild
## Computing delta delays
## Computing delta delays took 0.02 seconds (max_rss 79.5 MiB, delta_rss +0.0 MiB)
# Computing placement delta delay look-up took 0.02 seconds (max_rss 79.5 MiB, delta_rss +0.0 MiB)

Bounding box mode is Cube

Using simple RL 'Softmax agent' for choosing move and block types
# Placement
## Initial Placement
Initial placement iteration 0 has finished successfully
## Initial Placement took 0.00 seconds (max_rss 79.5 MiB, delta_rss +0.0 MiB)

There are 2932 point to point connections in this circuit.


BB estimate of min-dist (placement) wire length: 18074

Completed placement consistency check successfully.
Initial placement cost: 1 bb_cost: 301.231 td_cost: 4.11601e-07
Initial placement estimated Critical Path Delay (CPD): 18.5999 ns
Initial placement estimated setup Total Negative Slack (sTNS): -2762.94 ns
Initial placement estimated setup Worst Negative Slack (sWNS): -18.5999 ns

Initial placement estimated setup slack histogram:
[ -1.9e-08: -1.7e-08)   5 (  0.5%) |*
[ -1.7e-08: -1.5e-08)   5 (  0.5%) |*
[ -1.5e-08: -1.3e-08)   3 (  0.3%) |
[ -1.3e-08: -1.1e-08)   6 (  0.7%) |*
[ -1.1e-08: -9.5e-09)  25 (  2.7%) |***
[ -9.5e-09: -7.7e-09)  40 (  4.3%) |*****
[ -7.7e-09: -5.9e-09)  23 (  2.5%) |***
[ -5.9e-09:   -4e-09)  21 (  2.3%) |**
[   -4e-09: -2.2e-09) 390 ( 42.3%) |*********************************************
[ -2.2e-09: -3.9e-10) 403 ( 43.8%) |***********************************************
Placement contains 0 placement macros involving 0 blocks (average macro size -nan)

Moves per temperature: 676
Warning 13: Starting t: 97 of 223 configurations accepted.

---- ------ ------- ------- ---------- ---------- ------- ---------- -------- ------- ------- ------ -------- --------- ------
Tnum   Time       T Av Cost Av BB Cost Av TD Cost     CPD       sTNS     sWNS Ac Rate Std Dev  R lim Crit Exp Tot Moves  Alpha
      (sec)                                          (ns)       (ns)     (ns)                                                 
---- ------ ------- ------- ---------- ---------- ------- ---------- -------- ------- ------- ------ -------- --------- ------
   1    0.0 7.5e-04   0.922     240.57 3.2126e-07  16.482  -2.74e+03  -16.482   0.475  0.0360   16.0     1.00       676  0.200
   2    0.0 7.1e-04   0.965     221.44 3.1676e-07  14.584  -2.57e+03  -14.584   0.391  0.0176   16.0     1.00      1352  0.950
   3    0.0 6.8e-04   0.980     213.95 2.2235e-07  14.440   -2.5e+03  -14.440   0.407  0.0114   15.2     1.37      2028  0.950
   4    0.0 6.4e-04   0.982     206.72 1.9461e-07  13.522  -2.46e+03  -13.522   0.371  0.0105   14.7     1.60      2704  0.950
   5    0.0 6.1e-04   0.985     198.78 1.5264e-07  13.668  -2.44e+03  -13.668   0.371  0.0069   13.7     2.08      3380  0.950
   6    0.0 5.8e-04   0.998     196.94 1.3195e-07  13.661  -2.49e+03  -13.661   0.340  0.0040   12.8     2.52      4056  0.950
   7    0.0 5.5e-04   0.990     193.16 1.1728e-07  13.084  -2.47e+03  -13.084   0.342  0.0059   11.5     3.11      4732  0.950
   8    0.0 5.2e-04   0.993     188.43 1.004e-07   13.518  -2.46e+03  -13.518   0.333  0.0049   10.4     3.64      5408  0.950
   9    0.0 5.0e-04   0.989     184.01 9.585e-08   13.070  -2.47e+03  -13.070   0.330  0.0041    9.2     4.15      6084  0.950
  10    0.0 4.7e-04   0.994     184.55 8.0481e-08  13.499  -2.48e+03  -13.499   0.306  0.0037    8.2     4.63      6760  0.950
  11    0.0 4.5e-04   0.994     182.27 7.7681e-08  13.089  -2.49e+03  -13.089   0.333  0.0039    7.1     5.14      7436  0.950
  12    0.0 4.3e-04   0.995     181.33 7.3399e-08  12.998  -2.47e+03  -12.998   0.340  0.0021    6.4     5.50      8112  0.950
  13    0.0 4.0e-04   0.995     179.94 7.8278e-08  12.567  -2.47e+03  -12.567   0.331  0.0029    5.7     5.79      8788  0.950
  14    0.0 3.8e-04   0.997     178.45 7.4838e-08  12.492  -2.42e+03  -12.492   0.305  0.0013    5.1     6.08      9464  0.950
  15    0.0 3.6e-04   0.992     176.04 7.5153e-08  12.303  -2.43e+03  -12.303   0.346  0.0037    4.4     6.41     10140  0.950
  16    0.0 3.5e-04   0.995     174.61 7.1257e-08  12.428  -2.45e+03  -12.428   0.330  0.0040    4.0     6.60     10816  0.950
  17    0.0 3.3e-04   0.995     171.88 7.0033e-08  12.683  -2.42e+03  -12.683   0.312  0.0030    3.6     6.81     11492  0.950
  18    0.0 3.1e-04   1.000     171.74 6.8266e-08  12.687  -2.39e+03  -12.687   0.320  0.0009    3.1     7.02     12168  0.950
  19    0.0 3.0e-04   0.991     170.60 6.6605e-08  12.731  -2.41e+03  -12.731   0.291  0.0058    2.7     7.19     12844  0.950
  20    0.0 2.8e-04   0.998     169.13 6.6198e-08  12.498  -2.42e+03  -12.498   0.389  0.0009    2.3     7.38     13520  0.950
  21    0.0 2.7e-04   0.996     168.09 6.6997e-08  12.441   -2.4e+03  -12.441   0.330  0.0029    2.2     7.44     14196  0.950
  22    0.0 2.5e-04   0.993     167.18 6.4816e-08  12.331  -2.45e+03  -12.331   0.342  0.0033    2.0     7.55     14872  0.950
  23    0.0 2.4e-04   1.000     167.30 6.1543e-08  12.238  -2.45e+03  -12.238   0.359  0.0010    1.8     7.64     15548  0.950
  24    0.0 2.3e-04   0.998     166.76 6.0926e-08  12.311  -2.41e+03  -12.311   0.345  0.0009    1.6     7.71     16224  0.950
  25    0.0 2.2e-04   1.000     166.52 6.077e-08   12.319  -2.39e+03  -12.319   0.358  0.0006    1.5     7.78     16900  0.950
  26    0.0 2.1e-04   0.999     165.80 6.1852e-08  12.295  -2.41e+03  -12.295   0.346  0.0016    1.4     7.84     17576  0.950
  27    0.0 2.0e-04   0.998     164.49 6.1411e-08  12.275  -2.42e+03  -12.275   0.306  0.0015    1.2     7.90     18252  0.950
  28    0.0 1.9e-04   0.999     164.24 6.045e-08   12.323  -2.39e+03  -12.323   0.355  0.0008    1.1     7.97     18928  0.950
  29    0.0 1.8e-04   0.998     164.40 5.9851e-08  12.404  -2.44e+03  -12.404   0.325  0.0010    1.0     8.00     19604  0.950
  30    0.0 1.7e-04   1.000     163.83 5.9052e-08  12.434  -2.42e+03  -12.434   0.324  0.0004    1.0     8.00     20280  0.950
  31    0.0 1.6e-04   1.000     164.01 6.0336e-08  12.323  -2.42e+03  -12.323   0.269  0.0005    1.0     8.00     20956  0.950
  32    0.0 1.5e-04   0.998     163.40 5.8921e-08  12.469  -2.41e+03  -12.469   0.312  0.0010    1.0     8.00     21632  0.950
  33    0.0 1.4e-04   0.998     162.99 5.8735e-08  12.461  -2.38e+03  -12.461   0.274  0.0016    1.0     8.00     22308  0.950
  34    0.0 1.4e-04   1.000     162.98 5.9075e-08  12.409  -2.35e+03  -12.409   0.272  0.0003    1.0     8.00     22984  0.950
  35    0.0 1.3e-04   1.000     163.03 5.9826e-08  12.228  -2.34e+03  -12.228   0.263  0.0004    1.0     8.00     23660  0.950
  36    0.0 1.2e-04   0.999     162.57 6.1503e-08  12.169  -2.35e+03  -12.169   0.309  0.0003    1.0     8.00     24336  0.950
  37    0.0 1.2e-04   0.998     161.68 5.7626e-08  12.493  -2.37e+03  -12.493   0.288  0.0007    1.0     8.00     25012  0.950
  38    0.0 1.1e-04   0.999     161.49 5.8445e-08  12.437   -2.4e+03  -12.437   0.275  0.0006    1.0     8.00     25688  0.950
  39    0.0 1.1e-04   0.998     161.02 5.8771e-08  12.412  -2.36e+03  -12.412   0.278  0.0008    1.0     8.00     26364  0.950
  40    0.0 1.0e-04   0.999     160.45 5.891e-08   12.412  -2.33e+03  -12.412   0.256  0.0003    1.0     8.00     27040  0.950
  41    0.0 9.6e-05   1.000     160.33 5.8902e-08  12.412  -2.37e+03  -12.412   0.244  0.0003    1.0     8.00     27716  0.950
  42    0.0 9.1e-05   1.000     160.24 5.8611e-08  12.437  -2.38e+03  -12.437   0.228  0.0002    1.0     8.00     28392  0.950
  43    0.0 8.7e-05   1.000     160.35 5.8416e-08  12.445  -2.38e+03  -12.445   0.235  0.0002    1.0     8.00     29068  0.950
  44    0.0 8.2e-05   0.999     160.03 5.8588e-08  12.437  -2.38e+03  -12.437   0.186  0.0003    1.0     8.00     29744  0.950
  45    0.0 7.8e-05   0.999     160.04 5.8549e-08  12.437  -2.37e+03  -12.437   0.225  0.0004    1.0     8.00     30420  0.950
  46    0.0 7.4e-05   1.000     159.87 5.902e-08   12.419  -2.39e+03  -12.419   0.222  0.0003    1.0     8.00     31096  0.950
  47    0.0 7.1e-05   1.000     159.59 5.9343e-08  12.419  -2.36e+03  -12.419   0.167  0.0002    1.0     8.00     31772  0.950
  48    0.0 6.7e-05   1.000     159.54 5.8952e-08  12.419  -2.39e+03  -12.419   0.222  0.0003    1.0     8.00     32448  0.950
  49    0.0 6.4e-05   0.999     158.98 5.9113e-08  12.428  -2.34e+03  -12.428   0.178  0.0002    1.0     8.00     33124  0.950
  50    0.0 6.1e-05   0.999     158.86 5.906e-08   12.428  -2.34e+03  -12.428   0.214  0.0006    1.0     8.00     33800  0.950
  51    0.0 5.8e-05   1.000     158.81 5.9247e-08  12.419  -2.34e+03  -12.419   0.155  0.0002    1.0     8.00     34476  0.950
  52    0.0 5.5e-05   1.000     158.67 5.9262e-08  12.419  -2.34e+03  -12.419   0.163  0.0002    1.0     8.00     35152  0.950
  53    0.0 5.2e-05   1.000     158.71 5.9179e-08  12.419  -2.34e+03  -12.419   0.130  0.0001    1.0     8.00     35828  0.950
  54    0.0 4.2e-05   1.000     158.59 5.9154e-08  12.419  -2.36e+03  -12.419   0.152  0.0002    1.0     8.00     36504  0.800
Agent's 2nd state: 
Checkpoint saved: bb_costs=158.487, TD costs=5.92623e-08, CPD= 12.419 (ns) 
  55    0.0 3.9e-05   1.000     158.77 5.9189e-08  12.419  -2.35e+03  -12.419   0.099  0.0003    1.0     8.00     37180  0.950
  56    0.0 3.2e-05   0.998     159.61 5.8571e-08  12.424  -2.34e+03  -12.424   0.117  0.0008    1.0     8.00     37856  0.800
  57    0.0 2.5e-05   1.000     159.52 5.842e-08   12.440  -2.35e+03  -12.440   0.070  0.0001    1.0     8.00     38532  0.800
  58    0.0 2.0e-05   1.000     159.41 5.841e-08   12.440  -2.35e+03  -12.440   0.059  0.0001    1.0     8.00     39208  0.800
  59    0.0 1.6e-05   1.000     159.38 5.841e-08   12.440  -2.37e+03  -12.440   0.077  0.0000    1.0     8.00     39884  0.800
  60    0.0 1.3e-05   1.000     159.32 5.841e-08   12.440  -2.35e+03  -12.440   0.086  0.0001    1.0     8.00     40560  0.800
  61    0.0 1.0e-05   1.000     159.31 5.8411e-08  12.440  -2.36e+03  -12.440   0.055  0.0000    1.0     8.00     41236  0.800
  62    0.0 8.3e-06   1.000     159.30 5.8411e-08  12.440  -2.36e+03  -12.440   0.068  0.0000    1.0     8.00     41912  0.800
  63    0.0 6.6e-06   1.000     159.26 5.841e-08   12.440  -2.36e+03  -12.440   0.059  0.0000    1.0     8.00     42588  0.800
  64    0.0 5.3e-06   1.000     159.24 5.841e-08   12.440  -2.35e+03  -12.440   0.062  0.0000    1.0     8.00     43264  0.800
  65    0.0 0.0e+00   1.000     159.24 5.841e-08   12.440  -2.35e+03  -12.440   0.027  0.0000    1.0     8.00     43940  0.800
## Placement Quench took 0.01 seconds (max_rss 79.5 MiB)
post-quench CPD = 12.4395 (ns) 

Checkpoint restored

BB estimate of min-dist (placement) wire length: 9509

Completed placement consistency check successfully.

Swaps called: 44163

Aborted Move Reasons:
  No moves aborted

Placement estimated critical path delay (least slack): 12.4194 ns, Fmax: 80.519 MHz
Placement estimated setup Worst Negative Slack (sWNS): -12.4194 ns
Placement estimated setup Total Negative Slack (sTNS): -2348.47 ns

Placement estimated setup slack histogram:
[ -1.2e-08: -1.1e-08)   4 (  0.4%) |
[ -1.1e-08:   -1e-08)   7 (  0.8%) |*
[   -1e-08: -8.8e-09)  18 (  2.0%) |**
[ -8.8e-09: -7.6e-09)  34 (  3.7%) |***
[ -7.6e-09: -6.4e-09)  21 (  2.3%) |**
[ -6.4e-09: -5.2e-09)  19 (  2.1%) |**
[ -5.2e-09:   -4e-09)  14 (  1.5%) |*
[   -4e-09: -2.8e-09)  19 (  2.1%) |**
[ -2.8e-09: -1.6e-09) 556 ( 60.4%) |***********************************************
[ -1.6e-09: -3.7e-10) 229 ( 24.9%) |*******************

Placement estimated geomean non-virtual intra-domain period: 12.4194 ns (80.519 MHz)
Placement estimated fanout-weighted geomean non-virtual intra-domain period: 12.4194 ns (80.519 MHz)

Placement cost: 1, bb_cost: 158.487, td_cost: 5.92623e-08, 

Placement resource usage:
  io  implemented as io : 74
  clb implemented as clb: 149

Placement number of temperatures: 65
Placement total # of swap attempts: 44163
	Swaps accepted: 11353 (25.7 %)
	Swaps rejected: 29986 (67.9 %)
	Swaps aborted:  2824 ( 6.4 %)


Placement perturbation distribution by block and move type: 
------------------ ----------------- ---------------- ---------------- --------------- ------------ 
    Block Type         Move Type       (%) of Total      Accepted(%)     Rejected(%)    Aborted(%)
------------------ ----------------- ---------------- ---------------- --------------- ------------ 
io                 Uniform                7.88             70.76           29.24          0.00         
                   Median                 7.40             50.38           19.71          29.91        
                   Centroid               7.68             55.26           18.98          25.76        
                   W. Centroid            7.65             57.68           19.44          22.88        
                   W. Median              0.82             20.60           37.36          42.03        

clb                Uniform                15.86            10.81           89.19          0.00         
                   Median                 15.41            14.76           84.59          0.65         
                   Centroid               15.38            11.70           88.30          0.00         
                   W. Centroid            15.54            11.12           88.88          0.00         
                   W. Median              1.64             2.90            96.68          0.41         
                   Crit. Uniform          2.35             0.19            99.81          0.00         
                   Feasible Region        2.37             0.10            99.90          0.00         


Placement Quench timing analysis took 0.00223654 seconds (0.00188996 STA, 0.000346572 slack) (1 full updates: 1 setup, 0 hold, 0 combined).
Placement Total  timing analysis took 0.153487 seconds (0.127303 STA, 0.0261839 slack) (68 full updates: 68 setup, 0 hold, 0 combined).
update_td_costs: connections 0 nets 0 sum_nets 0 total 0
# Placement took 0.44 seconds (max_rss 79.5 MiB, delta_rss +0.0 MiB)

# Routing
RR graph channel widths unchanged, skipping RR graph rebuild
## Initializing router criticalities
Initial Net Connection Criticality Histogram:
[        0:      0.1)  914 ( 29.7%) |****************************************
[      0.1:      0.2) 1059 ( 34.4%) |**********************************************
[      0.2:      0.3)  178 (  5.8%) |********
[      0.3:      0.4)  101 (  3.3%) |****
[      0.4:      0.5)   87 (  2.8%) |****
[      0.5:      0.6)  131 (  4.3%) |******
[      0.6:      0.7)  119 (  3.9%) |*****
[      0.7:      0.8)   80 (  2.6%) |***
[      0.8:      0.9)  107 (  3.5%) |*****
[      0.9:        1)  303 (  9.8%) |*************
## Initializing router criticalities took 0.04 seconds (max_rss 79.5 MiB, delta_rss +0.0 MiB)
---- ------ ------- ---- ------- ------- ------- ----------------- --------------- -------- ---------- ---------- ---------- ---------- --------
Iter   Time    pres  BBs    Heap  Re-Rtd  Re-Rtd Overused RR Nodes      Wirelength      CPD       sTNS       sWNS       hTNS       hWNS Est Succ
      (sec)     fac Updt    push    Nets   Conns                                       (ns)       (ns)       (ns)       (ns)       (ns)     Iter
---- ------ ------- ---- ------- ------- ------- ----------------- --------------- -------- ---------- ---------- ---------- ---------- --------
   1    0.2     0.0    0 1845036    1073    2932    1327 ( 4.701%)   12662 (44.0%)   14.191     -2827.    -14.191      0.000      0.000      N/A
Incr Slack updates 68 in 0.00884138 sec
Full Max Req/Worst Slack updates 30 in 0.000523847 sec
Incr Max Req/Worst Slack updates 38 in 0.000876821 sec
Incr Criticality updates 19 in 0.00359964 sec
Full Criticality updates 49 in 0.0103183 sec
   2    0.1     0.5   10  921458     736    2352     443 ( 1.569%)   12655 (43.9%)   14.412     -2926.    -14.412      0.000      0.000      N/A
   3    0.1     0.6    4  563265     487    1525     369 ( 1.307%)   12738 (44.2%)   14.426     -2919.    -14.426      0.000      0.000      N/A
   4    0.1     0.8    0  578916     394    1296     298 ( 1.056%)   13037 (45.3%)   14.372     -2974.    -14.372      0.000      0.000      N/A
   5    0.1     1.1    5  414977     330    1048     183 ( 0.648%)   13329 (46.3%)   14.362     -3043.    -14.362      0.000      0.000      N/A
   6    0.0     1.4    2  271184     250     734     115 ( 0.407%)   13485 (46.8%)   14.363     -3056.    -14.363      0.000      0.000      N/A
   7    0.0     1.9    7  210447     197     610      60 ( 0.213%)   13618 (47.3%)   14.365     -3077.    -14.365      0.000      0.000      N/A
   8    0.0     2.4    2  150222     159     460      28 ( 0.099%)   13684 (47.5%)   14.502     -3078.    -14.502      0.000      0.000      N/A
   9    0.0     3.1    2  121635     140     409      20 ( 0.071%)   13740 (47.7%)   14.502     -3079.    -14.502      0.000      0.000      N/A
  10    0.0     4.1    0  113548     132     387       8 ( 0.028%)   13772 (47.8%)   14.623     -3080.    -14.623      0.000      0.000       14
  11    0.0     5.3    0  101248     117     360       1 ( 0.004%)   13794 (47.9%)   14.623     -3081.    -14.623      0.000      0.000       13
  12    0.0     6.9    2   91705     113     348       0 ( 0.000%)   13801 (47.9%)   14.623     -3081.    -14.623      0.000      0.000       12
Restoring best routing
Critical path: 14.6234 ns
Successfully routed after 12 routing iterations.
Final Net Connection Criticality Histogram:
[        0:      0.1) 750 ( 24.4%) |**************************************
[      0.1:      0.2) 919 ( 29.8%) |***********************************************
[      0.2:      0.3) 485 ( 15.8%) |*************************
[      0.3:      0.4)  98 (  3.2%) |*****
[      0.4:      0.5)  84 (  2.7%) |****
[      0.5:      0.6) 125 (  4.1%) |******
[      0.6:      0.7) 142 (  4.6%) |*******
[      0.7:      0.8)  69 (  2.2%) |****
[      0.8:      0.9)  95 (  3.1%) |*****
[      0.9:        1) 312 ( 10.1%) |****************
Router Stats: total_nets_routed: 4128 total_connections_routed: 12461 total_heap_pushes: 5383641 total_heap_pops: 1214604 
# Routing took 0.70 seconds (max_rss 79.5 MiB, delta_rss +0.0 MiB)

Checking to ensure routing is legal...
# Checking to ensure non-configurable edges are legal
# Checking to ensure non-configurable edges are legal took 0.00 seconds (max_rss 79.5 MiB, delta_rss +0.0 MiB)
Completed routing consistency check successfully.

Serial number (magic cookie) for the routing is: -1811382902
Circuit successfully routed with a channel width factor of 60.
# Synchronize the packed netlist to routing optimization
## Annotating rr_node with routed nets
## Annotating rr_node with routed nets took 0.00 seconds (max_rss 79.5 MiB, delta_rss +0.0 MiB)
Found 3910 mismatches between routing and packing results.
Fixed 2809 routing traces due to mismatch between routing and packing results.
# Synchronize the packed netlist to routing optimization took 0.03 seconds (max_rss 79.5 MiB, delta_rss +0.0 MiB)
Final Clustering Statistics: 
----------   --------   ------------------------------------   --------------------------
Block Type   # Blocks   Avg. # of input clocks and pins used   Avg. # of output pins used
----------   --------   ------------------------------------   --------------------------
     EMPTY          0                                      0                            0   
        io         74                               0.486486                     0.513514   
       clb        149                                20.4228                      6.95302   
   mult_36          0                                      0                            0   
    memory          0                                      0                            0   
Absorbed logical nets 1496 out of 2570 nets, 1074 nets not absorbed.


Average number of bends per net: 1.29916  Maximum # of bends: 16

Number of global nets: 1
Number of routed nets (nonglobal): 1073
Wire length results (in units of 1 clb segments)...
	Total wirelength: 13801, average net length: 12.8621
	Maximum net length: 224

Wire length results in terms of physical segments...
	Total wiring segments used: 3654, average wire segments per net: 3.40541
	Maximum segments used by a net: 61
	Total local nets with reserved CLB opins: 0
Total number of nets absorbed: 0

Routing channel utilization histogram:
[        1:      inf)   0 (  0.0%) |
[      0.9:        1)   0 (  0.0%) |
[      0.8:      0.9)  34 (  6.6%) |************
[      0.7:      0.8) 132 ( 25.8%) |***********************************************
[      0.5:      0.6)  58 ( 11.3%) |*********************
[      0.4:      0.5)  64 ( 12.5%) |***********************
[      0.3:      0.4)  70 ( 13.7%) |*************************
[      0.2:      0.3)  62 ( 12.1%) |**********************
[      0.1:      0.2)  38 (  7.4%) |**************
[        0:      0.1)  54 ( 10.5%) |*******************
Maximum routing channel utilization:      0.85 at (9,5)

X - Directed channels:   j max occ ave occ capacity
                      ---- ------- ------- --------
                         0      26  19.118       60
                         1      31  18.412       60
                         2      36  22.412       60
                         3      44  26.647       60
                         4      50  29.941       60
                         5      51  30.647       60
                         6      49  28.471       60
                         7      49  29.882       60
                         8      51  30.588       60
                         9      50  27.353       60
                        10      49  27.647       60
                        11      49  29.000       60
                        12      48  27.765       60
                        13      50  28.353       60
                        14      45  21.706       60
                        15      26  13.471       60
Y - Directed channels:   i max occ ave occ capacity
                      ---- ------- ------- --------
                         0      20  11.706       60
                         1      25  14.706       60
                         2      26  15.118       60
                         3      39  21.941       60
                         4      49  27.529       60
                         5      48  26.176       60
                         6      48  27.706       60
                         7      53  36.941       60
                         8      54  37.529       60
                         9      46  29.706       60
                        10      46  31.059       60
                        11      51  35.529       60
                        12      45  33.118       60
                        13      33  22.235       60
                        14      36  18.000       60
                        15      24  11.412       60

Total tracks in x-direction: 960, in y-direction: 960

Logic area (in minimum width transistor areas, excludes I/Os and empty grid tiles)...
	Total logic block area (Warning, need to add pitch of routing to blocks with height > 3): 1.34605e+07
	Total used logic block area: 8.03021e+06

Routing area (in minimum width transistor areas)...
	Total routing area: 1.06831e+06, per logic tile: 3696.59

Total Number of Wiring Segments by Direction: direction length number
                                              --------- ------ -------
                                                      X      4   4320
                                                      Y      4   4320

X - Directed Wiring Segment usage by length: length utilization
                                             ------ -----------
                                             4       0.425

Y - Directed Wiring Segment usage by length: length utilization
                                             ------ -----------
                                             4       0.421

Segment occupancy by length: Length utilization
                             ------ -----------
                             L4           0.423

Segment occupancy by type:              name type utilization
                           ----------------- ---- -----------
                           unnamed_segment_0    0       0.423

Final hold Worst Negative Slack (hWNS): 0 ns
Final hold Total Negative Slack (hTNS): 0 ns

Final hold slack histogram:
[  2.9e-10:  4.9e-10) 882 ( 95.8%) |***********************************************
[  4.9e-10:  6.9e-10)  17 (  1.8%) |*
[  6.9e-10:  8.9e-10)   7 (  0.8%) |
[  8.9e-10:  1.1e-09)   7 (  0.8%) |
[  1.1e-09:  1.3e-09)   1 (  0.1%) |
[  1.3e-09:  1.5e-09)   3 (  0.3%) |
[  1.5e-09:  1.7e-09)   2 (  0.2%) |
[  1.7e-09:  1.9e-09)   0 (  0.0%) |
[  1.9e-09:  2.1e-09)   1 (  0.1%) |
[  2.1e-09:  2.3e-09)   1 (  0.1%) |

Final critical path delay (least slack): 14.6234 ns, Fmax: 68.3838 MHz
Final setup Worst Negative Slack (sWNS): -14.6234 ns
Final setup Total Negative Slack (sTNS): -3080.76 ns

Final setup slack histogram:
[ -1.5e-08: -1.3e-08)   7 (  0.8%) |*
[ -1.3e-08: -1.2e-08)   4 (  0.4%) |
[ -1.2e-08:   -1e-08)   4 (  0.4%) |
[   -1e-08: -8.9e-09)  32 (  3.5%) |**
[ -8.9e-09: -7.5e-09)  31 (  3.4%) |**
[ -7.5e-09: -6.1e-09)  16 (  1.7%) |*
[ -6.1e-09: -4.7e-09)  20 (  2.2%) |*
[ -4.7e-09: -3.2e-09)  94 ( 10.2%) |*******
[ -3.2e-09: -1.8e-09) 655 ( 71.1%) |***********************************************
[ -1.8e-09: -3.9e-10)  58 (  6.3%) |****

Final geomean non-virtual intra-domain period: 14.6234 ns (68.3838 MHz)
Final fanout-weighted geomean non-virtual intra-domain period: 14.6234 ns (68.3838 MHz)

Incr Slack updates 1 in 0.000119475 sec
Full Max Req/Worst Slack updates 1 in 1.8504e-05 sec
Incr Max Req/Worst Slack updates 0 in 0 sec
Incr Criticality updates 0 in 0 sec
Full Criticality updates 1 in 0.000219973 sec
Flow timing analysis took 0.275 seconds (0.23995 STA, 0.0350501 slack) (83 full updates: 69 setup, 0 hold, 14 combined).
VPR succeeded
The entire flow of VPR took 2.92 seconds (max_rss 79.5 MiB)
Incr Slack updates 13 in 0.0015083 sec
Full Max Req/Worst Slack updates 4 in 6.855e-05 sec
Incr Max Req/Worst Slack updates 9 in 0.000214245 sec
Incr Criticality updates 3 in 0.000459163 sec
Full Criticality updates 10 in 0.00208324 sec
	Command being timed: "/packages/apps/vtr/8.0.0-git/vpr/vpr k6_frac_N10_mem32K_40nm.xml sha --circuit_file sha.pre-vpr.blif --route_chan_width 60 --max_criticality 0.5 --astar_fac 0 --seed 12"
	User time (seconds): 2.81
	System time (seconds): 0.05
	Percent of CPU this job got: 97%
	Elapsed (wall clock) time (h:mm:ss or m:ss): 0:02.95
	Average shared text size (kbytes): 0
	Average unshared data size (kbytes): 0
	Average stack size (kbytes): 0
	Average total size (kbytes): 0
	Maximum resident set size (kbytes): 81444
	Average resident set size (kbytes): 0
	Major (requiring I/O) page faults: 0
	Minor (reclaiming a frame) page faults: 41949
	Voluntary context switches: 370
	Involuntary context switches: 24
	Swaps: 0
	File system inputs: 6624
	File system outputs: 18120
	Socket messages sent: 0
	Socket messages received: 0
	Signals delivered: 0
	Page size (bytes): 4096
	Exit status: 0
