/usr/bin/env time -v /packages/apps/vtr/8.0.0-git/vpr/vpr k6_frac_N10_mem32K_40nm.xml ex4p --circuit_file ex4p.pre-vpr.blif --route_chan_width 50 --max_criticality 0.5 --astar_fac 0 --seed 20
VPR FPGA Placement and Routing.
Version: 8.1.0-dev+109c5adcc
Revision: v8.0.0-9695-g109c5adcc
Compiled: 2024-02-23T09:38:13
Compiler: GNU 11.2.0 on Linux-4.18.0-348.el8.0.2.x86_64 x86_64
Build Info: release IPO VTR_ASSERT_LEVEL=2

University of Toronto
verilogtorouting.org
vtr-users@googlegroups.com
This is free open source code under MIT license.

VPR was run with the following command-line:
/packages/apps/vtr/8.0.0-git/vpr/vpr k6_frac_N10_mem32K_40nm.xml ex4p --circuit_file ex4p.pre-vpr.blif --route_chan_width 50 --max_criticality 0.5 --astar_fac 0 --seed 20


Architecture file: k6_frac_N10_mem32K_40nm.xml
Circuit name: ex4p

# Loading Architecture Description
# Loading Architecture Description took 0.01 seconds (max_rss 15.4 MiB, delta_rss +2.7 MiB)

Timing analysis: ON
Circuit netlist file: ex4p.net
Circuit placement file: ex4p.place
Circuit routing file: ex4p.route
Circuit SDC file: ex4p.sdc
Vpr floorplanning constraints file: not specified

Packer: ENABLED
Placer: ENABLED
Router: ENABLED
Analysis: ENABLED

VPR was run with the following options:

NetlistOpts.abosrb_buffer_luts            : true
NetlistOpts.sweep_dangling_primary_ios    : true
NetlistOpts.sweep_dangling_nets           : true
NetlistOpts.sweep_dangling_blocks         : true
NetlistOpts.sweep_constant_primary_outputs: false
NetlistOpts.netlist_verbosity             : 1
NetlistOpts.const_gen_inference           : COMB_SEQ

PackerOpts.allow_unrelated_clustering: auto
PackerOpts.alpha_clustering: 0.750000
PackerOpts.beta_clustering: 0.900000
PackerOpts.cluster_seed_type: BLEND2
PackerOpts.connection_driven: true
PackerOpts.global_clocks: true
PackerOpts.hill_climbing_flag: false
PackerOpts.inter_cluster_net_delay: 1.000000
PackerOpts.timing_driven: true
PackerOpts.target_external_pin_util: auto

PlacerOpts.place_freq: PLACE_ONCE
PlacerOpts.place_algorithm: CRITICALITY_TIMING_PLACE
PlacerOpts.pad_loc_type: FREE
PlacerOpts.constraints_file: No constraints file given
PlacerOpts.place_cost_exp: 1.000000
PlacerOpts.place_chan_width: 50
PlacerOpts.inner_loop_recompute_divider: 0
PlacerOpts.recompute_crit_iter: 1
PlacerOpts.timing_tradeoff: 0.500000
PlacerOpts.td_place_exp_first: 1.000000
PlacerOpts.td_place_exp_last: 8.000000
PlacerOpts.delay_offset: 0.000000
PlacerOpts.delay_ramp_delta_threshold: -1
PlacerOpts.delay_ramp_slope: 0.000000
PlacerOpts.tsu_rel_margin: 1.000000
PlacerOpts.tsu_abs_margin: 0.000000
PlacerOpts.post_place_timing_report_file: 
PlacerOpts.allowed_tiles_for_delay_model: 
PlacerOpts.delay_model_reducer: MIN
PlacerOpts.delay_model_type: DELTA
PlacerOpts.rlim_escape_fraction: 0.000000
PlacerOpts.move_stats_file: 
PlacerOpts.placement_saves_per_temperature: 0
PlacerOpts.effort_scaling: CIRCUIT
PlacerOpts.place_delta_delay_matrix_calculation_method: ASTAR_ROUTE
PlaceOpts.seed: 20
AnnealSched.type: AUTO_SCHED
AnnealSched.inner_num: 0.500000

RouterOpts.route_type: DETAILED
RouterOpts.flat_routing: false
RouterOpts.has_choking_spot: false
RouterOpts.router_algorithm: TIMING_DRIVEN
RouterOpts.base_cost_type: DELAY_NORMALIZED_LENGTH
RouterOpts.fixed_channel_width: 50
RouterOpts.check_route: FULL
RouterOpts.acc_fac: 1.000000
RouterOpts.bb_factor: 3
RouterOpts.bend_cost: 0.000000
RouterOpts.first_iter_pres_fac: 0.000000
RouterOpts.initial_pres_fac: 0.500000
RouterOpts.pres_fac_mult: 1.300000
RouterOpts.max_router_iterations: 50
RouterOpts.min_incremental_reroute_fanout: 16
RouterOpts.do_check_rr_graph: true
RouterOpts.verify_binary_search: false
RouterOpts.min_channel_width_hint: 0
RouterOpts.read_rr_edge_metadata: false
RouterOpts.exit_after_first_routing_iteration: false
RouterOpts.astar_fac: 0.000000
RouterOpts.router_profiler_astar_fac: 1.200000
RouterOpts.criticality_exp: 1.000000
RouterOpts.max_criticality: 0.500000
RouterOpts.init_wirelength_abort_threshold: 0.850000
RouterOpts.save_routing_per_iteration: false
RouterOpts.congested_routing_iteration_threshold_frac: 1.000000
RouterOpts.high_fanout_threshold: 64
RouterOpts.router_debug_net: -2
RouterOpts.router_debug_sink_rr: -2
RouterOpts.router_debug_iteration: -2
RouterOpts.max_convergence_count: 1
RouterOpts.reconvergence_cpd_threshold: 0.990000
RouterOpts.update_lower_bound_delays: true
RouterOpts.first_iteration_timing_report_file: 
RouterOpts.incr_reroute_delay_ripup: AUTO
RouterOpts.route_bb_update: DYNAMIC
RouterOpts.lookahead_type: MAP
RouterOpts.initial_timing: LOOKAHEAD
RouterOpts.router_heap: BINARY_HEAP
RouterOpts.routing_failure_predictor = SAFE
RouterOpts.routing_budgets_algorithm = DISABLE

AnalysisOpts.gen_post_synthesis_netlist: false
AnalysisOpts.timing_report_npaths: 100
AnalysisOpts.timing_report_skew: false
AnalysisOpts.echo_dot_timing_graph_node: -1
AnalysisOpts.timing_report_detail: NETLIST
AnalysisOpts.post_synth_netlist_unconn_input_handling: UNCONNECTED
AnalysisOpts.post_synth_netlist_unconn_output_handling: UNCONNECTED

# Building complex block graph
Warning 1: io[0].clock[0] unconnected pin in architecture.
# Building complex block graph took 0.02 seconds (max_rss 22.2 MiB, delta_rss +6.7 MiB)
Circuit file: ex4p.pre-vpr.blif
# Load circuit
Found constant-zero generator 'no_27_'
# Load circuit took 0.00 seconds (max_rss 22.9 MiB, delta_rss +0.8 MiB)
# Clean circuit
Absorbed 14 LUT buffers
Inferred    0 additional primitive pins as constant generators since they have no combinationally connected inputs
Inferred    0 additional primitive pins as constant generators due to constant inputs
Inferred    0 additional primitive pins as constant generators since they have no combinationally connected inputs
Inferred    0 additional primitive pins as constant generators due to constant inputs
Inferred    0 additional primitive pins as constant generators since they have no combinationally connected inputs
Inferred    0 additional primitive pins as constant generators due to constant inputs
Swept input(s)      : 44
Swept output(s)     : 0 (0 dangling, 0 constant)
Swept net(s)        : 44
Swept block(s)      : 0
Constant Pins Marked: 0
# Clean circuit took 0.00 seconds (max_rss 22.9 MiB, delta_rss +0.0 MiB)
# Compress circuit
# Compress circuit took 0.00 seconds (max_rss 22.9 MiB, delta_rss +0.0 MiB)
# Verify circuit
# Verify circuit took 0.00 seconds (max_rss 22.9 MiB, delta_rss +0.0 MiB)
Circuit Statistics:
  Blocks: 385
    .input :      84
    .output:      28
    0-LUT  :       1
    6-LUT  :     272
  Nets  : 357
    Avg Fanout:     3.7
    Max Fanout:    41.0
    Min Fanout:     1.0
  Netlist Clocks: 0
# Build Timing Graph
  Timing Graph Nodes: 1669
  Timing Graph Edges: 2596
  Timing Graph Levels: 10
# Build Timing Graph took 0.00 seconds (max_rss 22.9 MiB, delta_rss +0.0 MiB)
Netlist contains 0 clocks
# Load Timing Constraints

SDC file 'ex4p.sdc' not found
Setting default timing constraints:
   * constrain all primay inputs and primary outputs on a virtual external clock 'virtual_io_clock'
   * optimize virtual clock to run as fast as possible
Timing constraints created 1 clocks
  Constrained Clock 'virtual_io_clock' (Virtual Clock)

# Load Timing Constraints took 0.00 seconds (max_rss 22.9 MiB, delta_rss +0.0 MiB)
# Packing
Begin packing 'ex4p.pre-vpr.blif'.

After removing unused inputs...
	total blocks: 385, total nets: 357, total inputs: 84, total outputs: 28
Begin prepacking.
0 attraction groups were created during prepacking.
Finish prepacking.
Using inter-cluster delay: 1.33777e-09
Packing with pin utilization targets: io:1,1 clb:0.8,1 mult_36:1,1 memory:1,1
Packing with high fanout thresholds: io:128 clb:32 mult_36:128 memory:128
Starting Clustering - Clustering Progress: 
-------------------   --------------------------   ---------
Molecules processed   Number of clusters created   FPGA size
-------------------   --------------------------   ---------
    15/385       3%                            1     4 x 4     
    30/385       7%                            3     5 x 5     
    45/385      11%                            4     5 x 5     
    60/385      15%                            5     5 x 5     
    75/385      19%                            6     5 x 5     
    90/385      23%                            7     6 x 6     
   105/385      27%                            8     6 x 6     
   120/385      31%                            9     6 x 6     
   135/385      35%                           11     6 x 6     
   150/385      38%                           12     6 x 6     
   165/385      42%                           13     7 x 7     
   180/385      46%                           14     7 x 7     
   195/385      50%                           16     7 x 7     
   210/385      54%                           17     7 x 7     
   225/385      58%                           19     7 x 7     
   240/385      62%                           20     7 x 7     
   255/385      66%                           22     8 x 8     
   270/385      70%                           23     8 x 8     
   285/385      74%                           35     8 x 8     
   300/385      77%                           50     8 x 8     
   315/385      81%                           65     8 x 8     
   330/385      85%                           80     8 x 8     
   345/385      89%                           95     8 x 8     
   360/385      93%                          110     8 x 8     
   375/385      97%                          125     8 x 8     

Logic Element (fle) detailed count:
  Total number of Logic Elements used : 210
  LEs used for logic and registers    : 0
  LEs used for logic only             : 210
  LEs used for registers only         : 0

Incr Slack updates 1 in 2.7061e-05 sec
Full Max Req/Worst Slack updates 1 in 1.794e-06 sec
Incr Max Req/Worst Slack updates 0 in 0 sec
Incr Criticality updates 0 in 0 sec
Full Criticality updates 1 in 3.8602e-05 sec
FPGA sized to 8 x 8 (auto)
Device Utilization: 0.59 (target 1.00)
	Block Utilization: 0.58 Type: io
	Block Utilization: 1.00 Type: clb

Start the iterative improvement process
the iterative improvement process is done
Final Clustering Statistics: 
----------   --------   ------------------------------------   --------------------------
Block Type   # Blocks   Avg. # of input clocks and pins used   Avg. # of output pins used
----------   --------   ------------------------------------   --------------------------
     EMPTY          0                                      0                            0   
        io        112                                   0.25                         0.75   
       clb         24                                15.4583                      4.16667   
   mult_36          0                                      0                            0   
    memory          0                                      0                            0   
Absorbed logical nets 173 out of 357 nets, 184 nets not absorbed.

Netlist conversion complete.

# Packing took 0.15 seconds (max_rss 25.6 MiB, delta_rss +2.7 MiB)
# Load packing
Begin loading packed FPGA netlist file.
Netlist generated from file 'ex4p.net'.
Detected 1 constant generators (to see names run with higher pack verbosity)
Finished loading packed FPGA netlist file (took 0.036819 seconds).
Warning 2: Treated 1 constant nets as global which will not be routed (to see net names increase packer verbosity).
# Load packing took 0.04 seconds (max_rss 63.8 MiB, delta_rss +38.2 MiB)
Warning 3: Netlist contains 1 global net to non-global architecture pin connections
Warning 4: Logic block #23 (no_27_) has only 1 output pin 'no_27_.O[10]'. It may be a constant generator.
Cluster level netlist and block usage statistics
Netlist num_nets: 184
Netlist num_blocks: 136
Netlist EMPTY blocks: 0.
Netlist io blocks: 112.
Netlist clb blocks: 24.
Netlist mult_36 blocks: 0.
Netlist memory blocks: 0.
Netlist inputs pins: 84
Netlist output pins: 28

Pb types usage...
  io             : 112
   inpad         : 84
   outpad        : 28
  clb            : 24
   fle           : 210
    lut5inter    : 136
     ble5        : 199
      lut5       : 199
       lut       : 199
    ble6         : 74
     lut6        : 74
      lut        : 74

# Create Device
## Build Device Grid
FPGA sized to 8 x 8: 64 grid tiles (auto)

Resource usage...
	Netlist
		112	blocks of type: io
	Architecture
		192	blocks of type: io
	Netlist
		24	blocks of type: clb
	Architecture
		24	blocks of type: clb
	Netlist
		0	blocks of type: mult_36
	Architecture
		1	blocks of type: mult_36
	Netlist
		0	blocks of type: memory
	Architecture
		1	blocks of type: memory

Device Utilization: 0.59 (target 1.00)
	Physical Tile io:
	Block Utilization: 0.58 Logical Block: io
	Physical Tile clb:
	Block Utilization: 1.00 Logical Block: clb
	Physical Tile mult_36:
	Block Utilization: 0.00 Logical Block: mult_36
	Physical Tile memory:
	Block Utilization: 0.00 Logical Block: memory

FPGA size limited by block type(s): clb

## Build Device Grid took 0.00 seconds (max_rss 63.8 MiB, delta_rss +0.0 MiB)
## Build routing resource graph
SOURCE->OPIN and IPIN->SINK edge count:2345
OPIN->CHANX/CHANY edge count before creating direct connections: 4232
OPIN->CHANX/CHANY edge count after creating direct connections: 4232
CHAN->CHAN type edge count:17366
## Build routing resource graph took 0.02 seconds (max_rss 63.8 MiB, delta_rss +0.0 MiB)
  RR Graph Nodes: 5326
  RR Graph Edges: 23943
# Create Device took 0.02 seconds (max_rss 63.8 MiB, delta_rss +0.0 MiB)

# Computing router lookahead map
## Computing wire lookahead
## Computing wire lookahead took 0.04 seconds (max_rss 63.8 MiB, delta_rss +0.0 MiB)
## Computing src/opin lookahead
Warning 5: Found no sample locations for EMPTY
Warning 6: Found no more sample locations for SOURCE in io
Warning 7: Found no more sample locations for OPIN in io
Warning 8: Found no more sample locations for SOURCE in clb
Warning 9: Found no more sample locations for OPIN in clb
Warning 10: Found no more sample locations for SOURCE in mult_36
Warning 11: Found no more sample locations for OPIN in mult_36
Warning 12: Found no more sample locations for SOURCE in memory
Warning 13: Found no more sample locations for OPIN in memory
## Computing src/opin lookahead took 0.00 seconds (max_rss 63.8 MiB, delta_rss +0.0 MiB)
# Computing router lookahead map took 0.04 seconds (max_rss 63.8 MiB, delta_rss +0.0 MiB)
# Computing placement delta delay look-up
RR graph channel widths unchanged, skipping RR graph rebuild
## Computing delta delays
## Computing delta delays took 0.00 seconds (max_rss 63.8 MiB, delta_rss +0.0 MiB)
# Computing placement delta delay look-up took 0.00 seconds (max_rss 63.8 MiB, delta_rss +0.0 MiB)

Bounding box mode is Cube

Using simple RL 'Softmax agent' for choosing move and block types
# Placement
## Initial Placement
Initial placement iteration 0 has finished successfully
## Initial Placement took 0.00 seconds (max_rss 63.8 MiB, delta_rss +0.0 MiB)

There are 385 point to point connections in this circuit.


BB estimate of min-dist (placement) wire length: 1385

Completed placement consistency check successfully.
Initial placement cost: 1 bb_cost: 27.7037 td_cost: 8.04553e-08
Initial placement estimated Critical Path Delay (CPD): 3.3752 ns
Initial placement estimated setup Total Negative Slack (sTNS): -29.4669 ns
Initial placement estimated setup Worst Negative Slack (sWNS): -3.3752 ns

Initial placement estimated setup slack histogram:
[ -3.4e-09: -3.2e-09) 1 (  7.1%) |************
[ -3.2e-09:   -3e-09) 0 (  0.0%) |
[   -3e-09: -2.8e-09) 1 (  7.1%) |************
[ -2.8e-09: -2.6e-09) 2 ( 14.3%) |*************************
[ -2.6e-09: -2.4e-09) 1 (  7.1%) |************
[ -2.4e-09: -2.2e-09) 1 (  7.1%) |************
[ -2.2e-09:   -2e-09) 1 (  7.1%) |************
[   -2e-09: -1.8e-09) 0 (  0.0%) |
[ -1.8e-09: -1.6e-09) 3 ( 21.4%) |*************************************
[ -1.6e-09: -1.4e-09) 4 ( 28.6%) |*************************************************
Placement contains 0 placement macros involving 0 blocks (average macro size -nan)

Moves per temperature: 349
Warning 14: Starting t: 61 of 136 configurations accepted.

---- ------ ------- ------- ---------- ---------- ------- ---------- -------- ------- ------- ------ -------- --------- ------
Tnum   Time       T Av Cost Av BB Cost Av TD Cost     CPD       sTNS     sWNS Ac Rate Std Dev  R lim Crit Exp Tot Moves  Alpha
      (sec)                                          (ns)       (ns)     (ns)                                                 
---- ------ ------- ------- ---------- ---------- ------- ---------- -------- ------- ------- ------ -------- --------- ------
   1    0.0 5.3e-04   0.904      21.89 7.5637e-08   2.777      -27.6   -2.777   0.378  0.0392    7.0     1.00       349  0.200
   2    0.0 5.1e-04   0.963      19.03 5.8141e-08   2.740      -26.6   -2.740   0.258  0.0117    6.6     1.50       698  0.950
   3    0.0 4.8e-04   0.968      17.76 4.7098e-08   2.521      -25.2   -2.521   0.261  0.0149    5.4     2.90      1047  0.950
   4    0.0 4.6e-04   0.987      17.09 3.8184e-08   2.521      -24.2   -2.521   0.249  0.0048    4.4     4.02      1396  0.950
   5    0.0 4.3e-04   0.981      16.67 3.4213e-08   2.496      -24.7   -2.496   0.178  0.0083    3.6     5.00      1745  0.950
   6    0.0 4.1e-04   0.984      16.39 3.0943e-08   2.457        -24   -2.457   0.226  0.0097    2.6     6.10      2094  0.950
   7    0.0 3.9e-04   0.992      16.11 2.8924e-08   2.441      -23.8   -2.441   0.192  0.0046    2.1     6.75      2443  0.950
   8    0.0 3.7e-04   0.997      16.02 2.8443e-08   2.410      -23.5   -2.410   0.186  0.0018    1.6     7.35      2792  0.950
   9    0.0 3.5e-04   0.994      16.09 2.485e-08    2.452      -23.8   -2.452   0.218  0.0033    1.2     7.81      3141  0.950
  10    0.0 3.4e-04   0.994      15.95 2.7686e-08   2.410      -23.3   -2.410   0.223  0.0028    1.0     8.00      3490  0.950
  11    0.0 3.2e-04   0.992      15.82 2.7834e-08   2.410      -23.4   -2.410   0.212  0.0050    1.0     8.00      3839  0.950
  12    0.0 3.0e-04   0.996      15.73 2.7444e-08   2.410      -23.6   -2.410   0.195  0.0014    1.0     8.00      4188  0.950
  13    0.0 2.9e-04   0.996      15.62 2.7312e-08   2.410      -23.5   -2.410   0.172  0.0016    1.0     8.00      4537  0.950
  14    0.0 2.7e-04   0.995      15.59 2.7167e-08   2.410      -23.2   -2.410   0.149  0.0024    1.0     8.00      4886  0.950
  15    0.0 2.2e-04   0.994      15.57 2.4652e-08   2.410      -22.8   -2.410   0.163  0.0027    1.0     8.00      5235  0.800
Agent's 2nd state: 
Checkpoint saved: bb_costs=15.5114, TD costs=2.63722e-08, CPD=  2.426 (ns) 
  16    0.0 2.1e-04   0.998      15.53 2.6225e-08   2.426      -23.2   -2.426   0.129  0.0017    1.0     8.00      5584  0.950
  17    0.0 1.7e-04   0.994      15.52 2.6835e-08   2.441      -23.5   -2.441   0.117  0.0022    1.0     8.00      5933  0.800
  18    0.0 1.3e-04   0.995      15.49 2.4497e-08   2.442      -23.4   -2.442   0.123  0.0021    1.0     8.00      6282  0.800
  19    0.0 1.1e-04   0.998      15.45 2.4916e-08   2.429      -23.5   -2.429   0.077  0.0012    1.0     8.00      6631  0.800
  20    0.0 8.5e-05   0.998      15.43 2.5637e-08   2.429      -23.4   -2.429   0.086  0.0012    1.0     8.00      6980  0.800
Checkpoint saved: bb_costs=15.4308, TD costs=2.78513e-08, CPD=  2.410 (ns) 
  21    0.0 6.8e-05   0.998      15.44 2.7709e-08   2.410      -23.3   -2.410   0.123  0.0013    1.0     8.00      7329  0.800
  22    0.0 5.4e-05   0.997      15.45 2.5707e-08   2.410      -23.1   -2.410   0.095  0.0025    1.0     8.00      7678  0.800
  23    0.0 4.4e-05   0.999      15.45 2.6707e-08   2.410      -23.2   -2.410   0.077  0.0005    1.0     8.00      8027  0.800
  24    0.0 3.5e-05   0.999      15.45 2.6535e-08   2.410      -23.2   -2.410   0.097  0.0010    1.0     8.00      8376  0.800
Checkpoint saved: bb_costs=15.4308, TD costs=2.73098e-08, CPD=  2.395 (ns) 
  25    0.0 2.8e-05   1.000      15.45 2.7254e-08   2.395      -23.1   -2.395   0.077  0.0001    1.0     8.00      8725  0.800
  26    0.0 0.0e+00   0.999      15.44 2.5181e-08   2.410      -23.1   -2.410   0.080  0.0005    1.0     8.00      9074  0.800
## Placement Quench took 0.00 seconds (max_rss 63.8 MiB)
post-quench CPD = 2.41007 (ns) 

Checkpoint restored

BB estimate of min-dist (placement) wire length: 772

Completed placement consistency check successfully.

Swaps called: 9210

Aborted Move Reasons:
  No moves aborted

Placement estimated critical path delay (least slack): 2.39525 ns, Fmax: 417.493 MHz
Placement estimated setup Worst Negative Slack (sWNS): -2.39525 ns
Placement estimated setup Total Negative Slack (sTNS): -23.0575 ns

Placement estimated setup slack histogram:
[ -2.4e-09: -2.3e-09) 4 ( 28.6%) |*************************************************
[ -2.3e-09: -2.1e-09) 1 (  7.1%) |************
[ -2.1e-09:   -2e-09) 0 (  0.0%) |
[   -2e-09: -1.9e-09) 0 (  0.0%) |
[ -1.9e-09: -1.7e-09) 0 (  0.0%) |
[ -1.7e-09: -1.6e-09) 0 (  0.0%) |
[ -1.6e-09: -1.5e-09) 2 ( 14.3%) |*************************
[ -1.5e-09: -1.3e-09) 1 (  7.1%) |************
[ -1.3e-09: -1.2e-09) 2 ( 14.3%) |*************************
[ -1.2e-09: -1.1e-09) 4 ( 28.6%) |*************************************************

Placement estimated geomean non-virtual intra-domain period: nan ns (nan MHz)
Placement estimated fanout-weighted geomean non-virtual intra-domain period: nan ns (nan MHz)

Placement cost: 1, bb_cost: 15.4308, td_cost: 2.73098e-08, 

Placement resource usage:
  io  implemented as io : 112
  clb implemented as clb: 24

Placement number of temperatures: 26
Placement total # of swap attempts: 9210
	Swaps accepted: 1577 (17.1 %)
	Swaps rejected: 6632 (72.0 %)
	Swaps aborted: 1001 (10.9 %)


Placement perturbation distribution by block and move type: 
------------------ ----------------- ---------------- ---------------- --------------- ------------ 
    Block Type         Move Type       (%) of Total      Accepted(%)     Rejected(%)    Aborted(%)
------------------ ----------------- ---------------- ---------------- --------------- ------------ 
io                 Uniform                17.35            25.34           74.66          0.00         
                   Median                 16.81            18.15           58.40          23.45        
                   Centroid               16.24            24.67           63.90          11.43        
                   W. Centroid            16.76            24.16           64.96          10.88        
                   W. Median              4.72             10.11           60.00          29.89        
                   Crit. Uniform          3.33             4.56            95.44          0.00         
                   Feasible Region        3.08             7.04            74.65          18.31        

clb                Uniform                3.85             3.10            96.90          0.00         
                   Median                 3.49             4.05            79.75          16.20        
                   Centroid               3.52             5.25            91.36          3.40         
                   W. Centroid            4.28             4.57            92.39          3.05         
                   W. Median              1.11             2.94            65.69          31.37        
                   Crit. Uniform          2.80             1.94            98.06          0.00         
                   Feasible Region        2.65             1.64            94.26          4.10         


Placement Quench timing analysis took 0.000297579 seconds (0.000244079 STA, 5.35e-05 slack) (1 full updates: 1 setup, 0 hold, 0 combined).
Placement Total  timing analysis took 0.0119306 seconds (0.0104104 STA, 0.00152026 slack) (29 full updates: 29 setup, 0 hold, 0 combined).
update_td_costs: connections 0 nets 0 sum_nets 0 total 0
# Placement took 0.03 seconds (max_rss 63.8 MiB, delta_rss +0.0 MiB)

# Routing
RR graph channel widths unchanged, skipping RR graph rebuild
## Initializing router criticalities
Initial Net Connection Criticality Histogram:
[        0:      0.1)  14 (  3.5%) |*****
[      0.1:      0.2)   0 (  0.0%) |
[      0.2:      0.3)   0 (  0.0%) |
[      0.3:      0.4)   0 (  0.0%) |
[      0.4:      0.5)  33 (  8.3%) |************
[      0.5:      0.6)  19 (  4.8%) |*******
[      0.6:      0.7)  45 ( 11.3%) |*****************
[      0.7:      0.8) 123 ( 30.8%) |**********************************************
[      0.8:      0.9) 127 ( 31.8%) |***********************************************
[      0.9:        1)  38 (  9.5%) |**************
## Initializing router criticalities took 0.01 seconds (max_rss 63.8 MiB, delta_rss +0.0 MiB)
---- ------ ------- ---- ------- ------- ------- ----------------- --------------- -------- ---------- ---------- ---------- ---------- --------
Iter   Time    pres  BBs    Heap  Re-Rtd  Re-Rtd Overused RR Nodes      Wirelength      CPD       sTNS       sWNS       hTNS       hWNS Est Succ
      (sec)     fac Updt    push    Nets   Conns                                       (ns)       (ns)       (ns)       (ns)       (ns)     Iter
---- ------ ------- ---- ------- ------- ------- ----------------- --------------- -------- ---------- ---------- ---------- ---------- --------
   1    0.0     0.0    0   34282     183     385     161 ( 3.023%)    1147 (27.3%)    2.959     -27.71     -2.959      0.000      0.000      N/A
Incr Slack updates 29 in 0.000585864 sec
Full Max Req/Worst Slack updates 14 in 1.7673e-05 sec
Incr Max Req/Worst Slack updates 15 in 1.7143e-05 sec
Incr Criticality updates 11 in 0.000328407 sec
Full Criticality updates 18 in 0.000479473 sec
   2    0.0     0.5    1   20794     106     300      61 ( 1.145%)    1149 (27.4%)    3.005     -28.10     -3.005      0.000      0.000      N/A
   3    0.0     0.6    0   18114      69     262      46 ( 0.864%)    1131 (26.9%)    3.018     -28.37     -3.018      0.000      0.000      N/A
   4    0.0     0.8    0   17954      62     252      36 ( 0.676%)    1175 (28.0%)    3.117     -28.56     -3.117      0.000      0.000      N/A
   5    0.0     1.1    0   17874      63     252      20 ( 0.376%)    1159 (27.6%)    3.110     -28.49     -3.110      0.000      0.000      N/A
   6    0.0     1.4    0   16125      56     247       9 ( 0.169%)    1169 (27.8%)    3.110     -28.64     -3.110      0.000      0.000      N/A
   7    0.0     1.9    0   16381      54     243       5 ( 0.094%)    1192 (28.4%)    3.110     -28.76     -3.110      0.000      0.000      N/A
   8    0.0     2.4    0   15724      52     241       2 ( 0.038%)    1200 (28.6%)    3.110     -28.76     -3.110      0.000      0.000      N/A
   9    0.0     3.1    0   14533      52     241       0 ( 0.000%)    1194 (28.4%)    3.110     -28.76     -3.110      0.000      0.000      N/A
Restoring best routing
Critical path: 3.11036 ns
Successfully routed after 9 routing iterations.
Final Net Connection Criticality Histogram:
[        0:      0.1)  14 (  3.5%) |****
[      0.1:      0.2)   0 (  0.0%) |
[      0.2:      0.3)   0 (  0.0%) |
[      0.3:      0.4)   1 (  0.3%) |
[      0.4:      0.5)  32 (  8.0%) |*********
[      0.5:      0.6)  26 (  6.5%) |*******
[      0.6:      0.7)  27 (  6.8%) |*******
[      0.7:      0.8)  85 ( 21.3%) |***********************
[      0.8:      0.9) 176 ( 44.1%) |***********************************************
[      0.9:        1)  38 (  9.5%) |**********
Router Stats: total_nets_routed: 697 total_connections_routed: 2423 total_heap_pushes: 171781 total_heap_pops: 46103 
# Routing took 0.03 seconds (max_rss 63.8 MiB, delta_rss +0.0 MiB)

Checking to ensure routing is legal...
# Checking to ensure non-configurable edges are legal
# Checking to ensure non-configurable edges are legal took 0.00 seconds (max_rss 63.8 MiB, delta_rss +0.0 MiB)
Completed routing consistency check successfully.

Serial number (magic cookie) for the routing is: -44546150
Circuit successfully routed with a channel width factor of 50.
# Synchronize the packed netlist to routing optimization
## Annotating rr_node with routed nets
## Annotating rr_node with routed nets took 0.00 seconds (max_rss 63.8 MiB, delta_rss +0.0 MiB)
Found 539 mismatches between routing and packing results.
Fixed 359 routing traces due to mismatch between routing and packing results.
# Synchronize the packed netlist to routing optimization took 0.00 seconds (max_rss 63.8 MiB, delta_rss +0.0 MiB)
Final Clustering Statistics: 
----------   --------   ------------------------------------   --------------------------
Block Type   # Blocks   Avg. # of input clocks and pins used   Avg. # of output pins used
----------   --------   ------------------------------------   --------------------------
     EMPTY          0                                      0                            0   
        io        112                                   0.25                         0.75   
       clb         24                                15.4583                      4.16667   
   mult_36          0                                      0                            0   
    memory          0                                      0                            0   
Absorbed logical nets 173 out of 357 nets, 184 nets not absorbed.


Average number of bends per net: 0.661202  Maximum # of bends: 4

Number of global nets: 1
Number of routed nets (nonglobal): 183
Wire length results (in units of 1 clb segments)...
	Total wirelength: 1194, average net length: 6.52459
	Maximum net length: 21

Wire length results in terms of physical segments...
	Total wiring segments used: 398, average wire segments per net: 2.17486
	Maximum segments used by a net: 7
	Total local nets with reserved CLB opins: 0
Total number of nets absorbed: 0

Routing channel utilization histogram:
[        1:      inf)  0 (  0.0%) |
[      0.9:        1)  0 (  0.0%) |
[      0.8:      0.9)  0 (  0.0%) |
[      0.7:      0.8)  0 (  0.0%) |
[      0.5:      0.6) 10 ( 10.2%) |********************
[      0.4:      0.5)  8 (  8.2%) |****************
[      0.3:      0.4) 22 ( 22.4%) |********************************************
[      0.2:      0.3) 20 ( 20.4%) |****************************************
[      0.1:      0.2) 24 ( 24.5%) |************************************************
[        0:      0.1) 14 ( 14.3%) |****************************
Maximum routing channel utilization:      0.58 at (2,0)

X - Directed channels:   j max occ ave occ capacity
                      ---- ------- ------- --------
                         0      29  18.375       50
                         1      23  14.250       50
                         2      17  10.250       50
                         3      14   8.000       50
                         4      12   7.000       50
                         5      14   7.875       50
                         6      27  17.000       50
Y - Directed channels:   i max occ ave occ capacity
                      ---- ------- ------- --------
                         0      21  14.125       50
                         1      13   5.750       50
                         2      14   7.250       50
                         3      17  11.750       50
                         4      19  13.250       50
                         5      13   9.125       50
                         6      10   5.250       50

Total tracks in x-direction: 350, in y-direction: 350

Logic area (in minimum width transistor areas, excludes I/Os and empty grid tiles)...
	Total logic block area (Warning, need to add pitch of routing to blocks with height > 3): 2.23746e+06
	Total used logic block area: 1.29346e+06

Routing area (in minimum width transistor areas)...
	Total routing area: 160885., per logic tile: 2513.83

Total Number of Wiring Segments by Direction: direction length number
                                              --------- ------ -------
                                                      X      4    786
                                                      Y      4    786

X - Directed Wiring Segment usage by length: length utilization
                                             ------ -----------
                                             4       0.268

Y - Directed Wiring Segment usage by length: length utilization
                                             ------ -----------
                                             4       0.238

Segment occupancy by length: Length utilization
                             ------ -----------
                             L4           0.253

Segment occupancy by type:              name type utilization
                           ----------------- ---- -----------
                           unnamed_segment_0    0       0.253

Final hold Worst Negative Slack (hWNS): 0 ns
Final hold Total Negative Slack (hTNS): 0 ns

Final hold slack histogram:
[  8.5e-10:  9.2e-10) 3 ( 21.4%) |*************************************
[  9.2e-10:    1e-09) 1 (  7.1%) |************
[    1e-09:  1.1e-09) 1 (  7.1%) |************
[  1.1e-09:  1.1e-09) 4 ( 28.6%) |*************************************************
[  1.1e-09:  1.2e-09) 1 (  7.1%) |************
[  1.2e-09:  1.3e-09) 0 (  0.0%) |
[  1.3e-09:  1.4e-09) 1 (  7.1%) |************
[  1.4e-09:  1.4e-09) 1 (  7.1%) |************
[  1.4e-09:  1.5e-09) 1 (  7.1%) |************
[  1.5e-09:  1.6e-09) 1 (  7.1%) |************

Final critical path delay (least slack): 3.11036 ns, Fmax: 321.506 MHz
Final setup Worst Negative Slack (sWNS): -3.11036 ns
Final setup Total Negative Slack (sTNS): -28.7644 ns

Final setup slack histogram:
[ -3.1e-09: -2.9e-09) 4 ( 28.6%) |*************************************************
[ -2.9e-09: -2.7e-09) 1 (  7.1%) |************
[ -2.7e-09: -2.5e-09) 0 (  0.0%) |
[ -2.5e-09: -2.3e-09) 0 (  0.0%) |
[ -2.3e-09: -2.1e-09) 0 (  0.0%) |
[ -2.1e-09: -1.9e-09) 0 (  0.0%) |
[ -1.9e-09: -1.8e-09) 1 (  7.1%) |************
[ -1.8e-09: -1.6e-09) 3 ( 21.4%) |*************************************
[ -1.6e-09: -1.4e-09) 3 ( 21.4%) |*************************************
[ -1.4e-09: -1.2e-09) 2 ( 14.3%) |*************************

Final geomean non-virtual intra-domain period: nan ns (nan MHz)
Final fanout-weighted geomean non-virtual intra-domain period: nan ns (nan MHz)

Incr Slack updates 1 in 1.7623e-05 sec
Full Max Req/Worst Slack updates 1 in 1.794e-06 sec
Incr Max Req/Worst Slack updates 0 in 0 sec
Incr Criticality updates 0 in 0 sec
Full Criticality updates 1 in 3.1429e-05 sec
Flow timing analysis took 0.0286489 seconds (0.026136 STA, 0.00251284 slack) (41 full updates: 30 setup, 0 hold, 11 combined).
VPR succeeded
The entire flow of VPR took 0.44 seconds (max_rss 63.8 MiB)
Incr Slack updates 10 in 0.000196007 sec
Full Max Req/Worst Slack updates 3 in 4.699e-06 sec
Incr Max Req/Worst Slack updates 7 in 7.945e-06 sec
Incr Criticality updates 4 in 0.00011138 sec
Full Criticality updates 6 in 0.000159831 sec
	Command being timed: "/packages/apps/vtr/8.0.0-git/vpr/vpr k6_frac_N10_mem32K_40nm.xml ex4p --circuit_file ex4p.pre-vpr.blif --route_chan_width 50 --max_criticality 0.5 --astar_fac 0 --seed 20"
	User time (seconds): 0.38
	System time (seconds): 0.03
	Percent of CPU this job got: 89%
	Elapsed (wall clock) time (h:mm:ss or m:ss): 0:00.46
	Average shared text size (kbytes): 0
	Average unshared data size (kbytes): 0
	Average stack size (kbytes): 0
	Average total size (kbytes): 0
	Maximum resident set size (kbytes): 65356
	Average resident set size (kbytes): 0
	Major (requiring I/O) page faults: 0
	Minor (reclaiming a frame) page faults: 33621
	Voluntary context switches: 125
	Involuntary context switches: 12
	Swaps: 0
	File system inputs: 0
	File system outputs: 2648
	Socket messages sent: 0
	Socket messages received: 0
	Signals delivered: 0
	Page size (bytes): 4096
	Exit status: 0
