/usr/bin/env time -v /packages/apps/vtr/8.0.0-git/vpr/vpr k6_frac_N10_mem32K_40nm.xml alu4 --circuit_file alu4.pre-vpr.blif --route_chan_width 40 --max_criticality 0.5 --seed 15
VPR FPGA Placement and Routing.
Version: 8.1.0-dev+109c5adcc
Revision: v8.0.0-9695-g109c5adcc
Compiled: 2024-02-23T09:38:13
Compiler: GNU 11.2.0 on Linux-4.18.0-348.el8.0.2.x86_64 x86_64
Build Info: release IPO VTR_ASSERT_LEVEL=2

University of Toronto
verilogtorouting.org
vtr-users@googlegroups.com
This is free open source code under MIT license.

VPR was run with the following command-line:
/packages/apps/vtr/8.0.0-git/vpr/vpr k6_frac_N10_mem32K_40nm.xml alu4 --circuit_file alu4.pre-vpr.blif --route_chan_width 40 --max_criticality 0.5 --seed 15


Architecture file: k6_frac_N10_mem32K_40nm.xml
Circuit name: alu4

# Loading Architecture Description
# Loading Architecture Description took 0.01 seconds (max_rss 15.4 MiB, delta_rss +2.7 MiB)

Timing analysis: ON
Circuit netlist file: alu4.net
Circuit placement file: alu4.place
Circuit routing file: alu4.route
Circuit SDC file: alu4.sdc
Vpr floorplanning constraints file: not specified

Packer: ENABLED
Placer: ENABLED
Router: ENABLED
Analysis: ENABLED

VPR was run with the following options:

NetlistOpts.abosrb_buffer_luts            : true
NetlistOpts.sweep_dangling_primary_ios    : true
NetlistOpts.sweep_dangling_nets           : true
NetlistOpts.sweep_dangling_blocks         : true
NetlistOpts.sweep_constant_primary_outputs: false
NetlistOpts.netlist_verbosity             : 1
NetlistOpts.const_gen_inference           : COMB_SEQ

PackerOpts.allow_unrelated_clustering: auto
PackerOpts.alpha_clustering: 0.750000
PackerOpts.beta_clustering: 0.900000
PackerOpts.cluster_seed_type: BLEND2
PackerOpts.connection_driven: true
PackerOpts.global_clocks: true
PackerOpts.hill_climbing_flag: false
PackerOpts.inter_cluster_net_delay: 1.000000
PackerOpts.timing_driven: true
PackerOpts.target_external_pin_util: auto

PlacerOpts.place_freq: PLACE_ONCE
PlacerOpts.place_algorithm: CRITICALITY_TIMING_PLACE
PlacerOpts.pad_loc_type: FREE
PlacerOpts.constraints_file: No constraints file given
PlacerOpts.place_cost_exp: 1.000000
PlacerOpts.place_chan_width: 40
PlacerOpts.inner_loop_recompute_divider: 0
PlacerOpts.recompute_crit_iter: 1
PlacerOpts.timing_tradeoff: 0.500000
PlacerOpts.td_place_exp_first: 1.000000
PlacerOpts.td_place_exp_last: 8.000000
PlacerOpts.delay_offset: 0.000000
PlacerOpts.delay_ramp_delta_threshold: -1
PlacerOpts.delay_ramp_slope: 0.000000
PlacerOpts.tsu_rel_margin: 1.000000
PlacerOpts.tsu_abs_margin: 0.000000
PlacerOpts.post_place_timing_report_file: 
PlacerOpts.allowed_tiles_for_delay_model: 
PlacerOpts.delay_model_reducer: MIN
PlacerOpts.delay_model_type: DELTA
PlacerOpts.rlim_escape_fraction: 0.000000
PlacerOpts.move_stats_file: 
PlacerOpts.placement_saves_per_temperature: 0
PlacerOpts.effort_scaling: CIRCUIT
PlacerOpts.place_delta_delay_matrix_calculation_method: ASTAR_ROUTE
PlaceOpts.seed: 15
AnnealSched.type: AUTO_SCHED
AnnealSched.inner_num: 0.500000

RouterOpts.route_type: DETAILED
RouterOpts.flat_routing: false
RouterOpts.has_choking_spot: false
RouterOpts.router_algorithm: TIMING_DRIVEN
RouterOpts.base_cost_type: DELAY_NORMALIZED_LENGTH
RouterOpts.fixed_channel_width: 40
RouterOpts.check_route: FULL
RouterOpts.acc_fac: 1.000000
RouterOpts.bb_factor: 3
RouterOpts.bend_cost: 0.000000
RouterOpts.first_iter_pres_fac: 0.000000
RouterOpts.initial_pres_fac: 0.500000
RouterOpts.pres_fac_mult: 1.300000
RouterOpts.max_router_iterations: 50
RouterOpts.min_incremental_reroute_fanout: 16
RouterOpts.do_check_rr_graph: true
RouterOpts.verify_binary_search: false
RouterOpts.min_channel_width_hint: 0
RouterOpts.read_rr_edge_metadata: false
RouterOpts.exit_after_first_routing_iteration: false
RouterOpts.astar_fac: 1.200000
RouterOpts.router_profiler_astar_fac: 1.200000
RouterOpts.criticality_exp: 1.000000
RouterOpts.max_criticality: 0.500000
RouterOpts.init_wirelength_abort_threshold: 0.850000
RouterOpts.save_routing_per_iteration: false
RouterOpts.congested_routing_iteration_threshold_frac: 1.000000
RouterOpts.high_fanout_threshold: 64
RouterOpts.router_debug_net: -2
RouterOpts.router_debug_sink_rr: -2
RouterOpts.router_debug_iteration: -2
RouterOpts.max_convergence_count: 1
RouterOpts.reconvergence_cpd_threshold: 0.990000
RouterOpts.update_lower_bound_delays: true
RouterOpts.first_iteration_timing_report_file: 
RouterOpts.incr_reroute_delay_ripup: AUTO
RouterOpts.route_bb_update: DYNAMIC
RouterOpts.lookahead_type: MAP
RouterOpts.initial_timing: LOOKAHEAD
RouterOpts.router_heap: BINARY_HEAP
RouterOpts.routing_failure_predictor = SAFE
RouterOpts.routing_budgets_algorithm = DISABLE

AnalysisOpts.gen_post_synthesis_netlist: false
AnalysisOpts.timing_report_npaths: 100
AnalysisOpts.timing_report_skew: false
AnalysisOpts.echo_dot_timing_graph_node: -1
AnalysisOpts.timing_report_detail: NETLIST
AnalysisOpts.post_synth_netlist_unconn_input_handling: UNCONNECTED
AnalysisOpts.post_synth_netlist_unconn_output_handling: UNCONNECTED

# Building complex block graph
Warning 1: io[0].clock[0] unconnected pin in architecture.
# Building complex block graph took 0.02 seconds (max_rss 22.2 MiB, delta_rss +6.7 MiB)
Circuit file: alu4.pre-vpr.blif
# Load circuit
# Load circuit took 0.01 seconds (max_rss 24.5 MiB, delta_rss +2.3 MiB)
# Clean circuit
Absorbed 0 LUT buffers
Inferred    0 additional primitive pins as constant generators since they have no combinationally connected inputs
Inferred    0 additional primitive pins as constant generators due to constant inputs
Swept input(s)      : 0
Swept output(s)     : 0 (0 dangling, 0 constant)
Swept net(s)        : 0
Swept block(s)      : 0
Constant Pins Marked: 0
# Clean circuit took 0.00 seconds (max_rss 24.5 MiB, delta_rss +0.0 MiB)
# Compress circuit
# Compress circuit took 0.00 seconds (max_rss 24.5 MiB, delta_rss +0.0 MiB)
# Verify circuit
# Verify circuit took 0.00 seconds (max_rss 24.5 MiB, delta_rss +0.0 MiB)
Circuit Statistics:
  Blocks: 1195
    .input :      14
    .output:       8
    6-LUT  :    1173
  Nets  : 1187
    Avg Fanout:     4.9
    Max Fanout:   358.0
    Min Fanout:     1.0
  Netlist Clocks: 0
# Build Timing Graph
  Timing Graph Nodes: 7016
  Timing Graph Edges: 11650
  Timing Graph Levels: 14
# Build Timing Graph took 0.01 seconds (max_rss 25.9 MiB, delta_rss +1.5 MiB)
Netlist contains 0 clocks
# Load Timing Constraints

SDC file 'alu4.sdc' not found
Setting default timing constraints:
   * constrain all primay inputs and primary outputs on a virtual external clock 'virtual_io_clock'
   * optimize virtual clock to run as fast as possible
Timing constraints created 1 clocks
  Constrained Clock 'virtual_io_clock' (Virtual Clock)

# Load Timing Constraints took 0.00 seconds (max_rss 25.9 MiB, delta_rss +0.0 MiB)
# Packing
Begin packing 'alu4.pre-vpr.blif'.

After removing unused inputs...
	total blocks: 1195, total nets: 1187, total inputs: 14, total outputs: 8
Begin prepacking.
0 attraction groups were created during prepacking.
Finish prepacking.
Using inter-cluster delay: 1.33777e-09
Packing with pin utilization targets: io:1,1 clb:0.8,1 mult_36:1,1 memory:1,1
Packing with high fanout thresholds: io:128 clb:32 mult_36:128 memory:128
Starting Clustering - Clustering Progress: 
-------------------   --------------------------   ---------
Molecules processed   Number of clusters created   FPGA size
-------------------   --------------------------   ---------
    47/1195      3%                            4     5 x 5     
    94/1195      7%                            8     6 x 6     
   141/1195     11%                           12     7 x 7     
   188/1195     15%                           16     7 x 7     
   235/1195     19%                           20     7 x 7     
   282/1195     23%                           24     8 x 8     
   329/1195     27%                           28     9 x 9     
   376/1195     31%                           32     9 x 9     
   423/1195     35%                           36    10 x 10    
   470/1195     39%                           40    10 x 10    
   517/1195     43%                           44    10 x 10    
   564/1195     47%                           48    10 x 10    
   611/1195     51%                           52    11 x 11    
   658/1195     55%                           56    11 x 11    
   705/1195     58%                           60    11 x 11    
   752/1195     62%                           65    12 x 12    
   799/1195     66%                           68    12 x 12    
   846/1195     70%                           73    13 x 13    
   893/1195     74%                           77    13 x 13    
   940/1195     78%                           81    13 x 13    
   987/1195     82%                           85    13 x 13    
  1034/1195     86%                           90    14 x 14    
  1081/1195     90%                           95    14 x 14    
  1128/1195     94%                           99    14 x 14    
  1175/1195     98%                          108    14 x 14    

Logic Element (fle) detailed count:
  Total number of Logic Elements used : 1030
  LEs used for logic and registers    : 0
  LEs used for logic only             : 1030
  LEs used for registers only         : 0

Incr Slack updates 1 in 8.3097e-05 sec
Full Max Req/Worst Slack updates 1 in 1.673e-06 sec
Incr Max Req/Worst Slack updates 0 in 0 sec
Incr Criticality updates 0 in 0 sec
Full Criticality updates 1 in 0.000137719 sec
FPGA sized to 14 x 14 (auto)
Device Utilization: 0.56 (target 1.00)
	Block Utilization: 0.06 Type: io
	Block Utilization: 0.99 Type: clb

Start the iterative improvement process
the iterative improvement process is done
Final Clustering Statistics: 
----------   --------   ------------------------------------   --------------------------
Block Type   # Blocks   Avg. # of input clocks and pins used   Avg. # of output pins used
----------   --------   ------------------------------------   --------------------------
     EMPTY          0                                      0                            0   
        io         22                               0.363636                     0.636364   
       clb        107                                18.1028                      5.03738   
   mult_36          0                                      0                            0   
    memory          0                                      0                            0   
Absorbed logical nets 634 out of 1187 nets, 553 nets not absorbed.

Netlist conversion complete.

# Packing took 0.59 seconds (max_rss 34.6 MiB, delta_rss +8.7 MiB)
# Load packing
Begin loading packed FPGA netlist file.
Netlist generated from file 'alu4.net'.
Detected 0 constant generators (to see names run with higher pack verbosity)
Finished loading packed FPGA netlist file (took 0.11621 seconds).
Warning 2: Treated 0 constant nets as global which will not be routed (to see net names increase packer verbosity).
# Load packing took 0.12 seconds (max_rss 72.2 MiB, delta_rss +37.6 MiB)
Warning 3: Netlist contains 0 global net to non-global architecture pin connections
Cluster level netlist and block usage statistics
Netlist num_nets: 553
Netlist num_blocks: 129
Netlist EMPTY blocks: 0.
Netlist io blocks: 22.
Netlist clb blocks: 107.
Netlist mult_36 blocks: 0.
Netlist memory blocks: 0.
Netlist inputs pins: 14
Netlist output pins: 8

Pb types usage...
  io             : 22
   inpad         : 14
   outpad        : 8
  clb            : 107
   fle           : 1030
    lut5inter    : 539
     ble5        : 682
      lut5       : 682
       lut       : 682
    ble6         : 491
     lut6        : 491
      lut        : 491

# Create Device
## Build Device Grid
FPGA sized to 14 x 14: 196 grid tiles (auto)

Resource usage...
	Netlist
		22	blocks of type: io
	Architecture
		384	blocks of type: io
	Netlist
		107	blocks of type: clb
	Architecture
		108	blocks of type: clb
	Netlist
		0	blocks of type: mult_36
	Architecture
		3	blocks of type: mult_36
	Netlist
		0	blocks of type: memory
	Architecture
		4	blocks of type: memory

Device Utilization: 0.56 (target 1.00)
	Physical Tile io:
	Block Utilization: 0.06 Logical Block: io
	Physical Tile clb:
	Block Utilization: 0.99 Logical Block: clb
	Physical Tile mult_36:
	Block Utilization: 0.00 Logical Block: mult_36
	Physical Tile memory:
	Block Utilization: 0.00 Logical Block: memory

FPGA size limited by block type(s): clb

## Build Device Grid took 0.00 seconds (max_rss 72.2 MiB, delta_rss +0.0 MiB)
## Build routing resource graph
SOURCE->OPIN and IPIN->SINK edge count:8816
OPIN->CHANX/CHANY edge count before creating direct connections: 12064
OPIN->CHANX/CHANY edge count after creating direct connections: 12064
CHAN->CHAN type edge count:55348
## Build routing resource graph took 0.05 seconds (max_rss 72.2 MiB, delta_rss +0.0 MiB)
  RR Graph Nodes: 17320
  RR Graph Edges: 76228
# Create Device took 0.05 seconds (max_rss 72.2 MiB, delta_rss +0.0 MiB)

# Computing router lookahead map
## Computing wire lookahead
## Computing wire lookahead took 0.14 seconds (max_rss 72.2 MiB, delta_rss +0.0 MiB)
## Computing src/opin lookahead
Warning 4: Found no sample locations for EMPTY
Warning 5: Found no more sample locations for SOURCE in io
Warning 6: Found no more sample locations for OPIN in io
Warning 7: Found no more sample locations for SOURCE in clb
Warning 8: Found no more sample locations for OPIN in clb
Warning 9: Found no more sample locations for SOURCE in mult_36
Warning 10: Found no more sample locations for OPIN in mult_36
Warning 11: Found no more sample locations for SOURCE in memory
Warning 12: Found no more sample locations for OPIN in memory
## Computing src/opin lookahead took 0.00 seconds (max_rss 72.2 MiB, delta_rss +0.0 MiB)
# Computing router lookahead map took 0.14 seconds (max_rss 72.2 MiB, delta_rss +0.0 MiB)
# Computing placement delta delay look-up
RR graph channel widths unchanged, skipping RR graph rebuild
## Computing delta delays
## Computing delta delays took 0.02 seconds (max_rss 72.2 MiB, delta_rss +0.0 MiB)
# Computing placement delta delay look-up took 0.02 seconds (max_rss 72.2 MiB, delta_rss +0.0 MiB)

Bounding box mode is Cube

Using simple RL 'Softmax agent' for choosing move and block types
# Placement
## Initial Placement
Initial placement iteration 0 has finished successfully
## Initial Placement took 0.00 seconds (max_rss 72.2 MiB, delta_rss +0.0 MiB)

There are 1945 point to point connections in this circuit.


BB estimate of min-dist (placement) wire length: 7074

Completed placement consistency check successfully.
Initial placement cost: 1 bb_cost: 176.86 td_cost: 6.09394e-07
Initial placement estimated Critical Path Delay (CPD): 5.68302 ns
Initial placement estimated setup Total Negative Slack (sTNS): -33.0197 ns
Initial placement estimated setup Worst Negative Slack (sWNS): -5.68302 ns

Initial placement estimated setup slack histogram:
[ -5.7e-09: -5.4e-09) 1 ( 12.5%) |*************************
[ -5.4e-09:   -5e-09) 1 ( 12.5%) |*************************
[   -5e-09: -4.7e-09) 0 (  0.0%) |
[ -4.7e-09: -4.4e-09) 2 ( 25.0%) |*************************************************
[ -4.4e-09: -4.1e-09) 1 ( 12.5%) |*************************
[ -4.1e-09: -3.8e-09) 0 (  0.0%) |
[ -3.8e-09: -3.5e-09) 1 ( 12.5%) |*************************
[ -3.5e-09: -3.1e-09) 0 (  0.0%) |
[ -3.1e-09: -2.8e-09) 0 (  0.0%) |
[ -2.8e-09: -2.5e-09) 2 ( 25.0%) |*************************************************
Placement contains 0 placement macros involving 0 blocks (average macro size -nan)

Moves per temperature: 325
Warning 13: Starting t: 47 of 129 configurations accepted.

---- ------ ------- ------- ---------- ---------- ------- ---------- -------- ------- ------- ------ -------- --------- ------
Tnum   Time       T Av Cost Av BB Cost Av TD Cost     CPD       sTNS     sWNS Ac Rate Std Dev  R lim Crit Exp Tot Moves  Alpha
      (sec)                                          (ns)       (ns)     (ns)                                                 
---- ------ ------- ------- ---------- ---------- ------- ---------- -------- ------- ------- ------ -------- --------- ------
   1    0.0 4.6e-04   0.948     143.96 6.1966e-07   4.740      -29.9   -4.740   0.274  0.0271   13.0     1.00       325  0.200
   2    0.0 4.4e-04   0.969     135.81 4.2707e-07   4.683      -29.2   -4.683   0.249  0.0144   10.8     2.26       650  0.950
   3    0.0 4.2e-04   0.985     130.64 3.209e-07    4.619      -28.2   -4.619   0.169  0.0087    8.8     3.47       975  0.950
   4    0.0 3.9e-04   0.975     128.41 2.4403e-07   4.619      -27.9   -4.619   0.185  0.0150    6.4     4.85      1300  0.950
   5    0.0 3.8e-04   0.985     126.66 2.4071e-07   4.390      -28.2   -4.390   0.215  0.0076    4.8     5.80      1625  0.950
   6    0.0 3.6e-04   0.980     124.27 1.8063e-07   4.438      -27.9   -4.438   0.206  0.0094    3.7     6.43      1950  0.950
   7    0.0 3.4e-04   0.980     124.59 1.4599e-07   4.529      -27.6   -4.529   0.203  0.0134    2.8     6.93      2275  0.950
   8    0.0 3.2e-04   0.967     123.67 1.3168e-07   4.567      -28.1   -4.567   0.240  0.0191    2.2     7.32      2600  0.950
   9    0.0 3.1e-04   0.965     120.91 1.1716e-07   4.649      -28.4   -4.649   0.388  0.0144    1.7     7.58      2925  0.950
  10    0.0 2.9e-04   0.975     118.53 1.3538e-07   4.501      -27.9   -4.501   0.323  0.0116    1.6     7.63      3250  0.950
  11    0.0 2.8e-04   0.983     117.36 1.5602e-07   4.365      -28.2   -4.365   0.311  0.0071    1.4     7.74      3575  0.950
  12    0.0 2.6e-04   0.985     117.16 1.8437e-07   4.323      -28.3   -4.323   0.271  0.0043    1.3     7.85      3900  0.950
  13    0.0 2.5e-04   0.994     116.81 1.6555e-07   4.325      -27.5   -4.325   0.231  0.0032    1.0     7.97      4225  0.950
  14    0.0 2.4e-04   0.991     116.11 1.7481e-07   4.311      -27.5   -4.311   0.228  0.0038    1.0     8.00      4550  0.950
  15    0.0 2.2e-04   0.995     116.01 1.4398e-07   4.387      -27.1   -4.387   0.206  0.0026    1.0     8.00      4875  0.950
  16    0.0 2.1e-04   0.994     115.53 1.4582e-07   4.351      -26.9   -4.351   0.222  0.0031    1.0     8.00      5200  0.950
  17    0.0 2.0e-04   0.996     115.82 1.5168e-07   4.273      -26.4   -4.273   0.240  0.0019    1.0     8.00      5525  0.950
  18    0.0 1.9e-04   0.995     116.16 1.0287e-07   4.556      -27.5   -4.556   0.218  0.0033    1.0     8.00      5850  0.950
  19    0.0 1.8e-04   0.991     115.71 1.6996e-07   4.111      -27.1   -4.111   0.182  0.0037    1.0     8.00      6175  0.950
  20    0.0 1.7e-04   0.997     114.69 1.5453e-07   4.187      -26.6   -4.187   0.114  0.0013    1.0     8.00      6500  0.950
  21    0.0 1.4e-04   0.997     114.67 1.6097e-07   4.187        -27   -4.187   0.135  0.0014    1.0     8.00      6825  0.800
Agent's 2nd state: 
Checkpoint saved: bb_costs=114.881, TD costs=1.40301e-07, CPD=  4.323 (ns) 
  22    0.0 1.1e-04   0.995     114.89 1.3893e-07   4.323      -27.1   -4.323   0.129  0.0030    1.0     8.00      7150  0.800
Checkpoint saved: bb_costs=114.578, TD costs=1.64327e-07, CPD=  4.279 (ns) 
  23    0.0 8.9e-05   0.996     114.69 1.6283e-07   4.279      -27.2   -4.279   0.111  0.0022    1.0     8.00      7475  0.800
Checkpoint saved: bb_costs=114.387, TD costs=1.80317e-07, CPD=  4.233 (ns) 
  24    0.0 7.1e-05   0.994     114.26 1.7821e-07   4.233      -27.4   -4.233   0.065  0.0028    1.0     8.00      7800  0.800
Checkpoint saved: bb_costs=114.047, TD costs=1.95807e-07, CPD=  4.157 (ns) 
  25    0.0 5.7e-05   0.996     113.92 1.9454e-07   4.157      -26.9   -4.157   0.086  0.0022    1.0     8.00      8125  0.800
Checkpoint saved: bb_costs=113.827, TD costs=1.94789e-07, CPD=  4.154 (ns) 
  26    0.0 4.6e-05   0.996     113.75 1.9337e-07   4.154      -26.9   -4.154   0.083  0.0024    1.0     8.00      8450  0.800
  27    0.0 3.6e-05   0.995     113.65 1.3019e-07   4.352      -27.3   -4.352   0.086  0.0030    1.0     8.00      8775  0.800
  28    0.0 2.9e-05   0.996     113.37 1.7743e-07   4.174      -27.2   -4.174   0.068  0.0017    1.0     8.00      9100  0.800
  29    0.0 2.3e-05   0.997     113.08 1.3348e-07   4.327      -27.1   -4.327   0.077  0.0020    1.0     8.00      9425  0.800
  30    0.0 1.9e-05   0.997     113.06 1.3189e-07   4.327      -27.2   -4.327   0.055  0.0011    1.0     8.00      9750  0.800
  31    0.0 1.5e-05   0.997     113.10 1.7814e-07   4.164      -27.1   -4.164   0.046  0.0010    1.0     8.00     10075  0.800
  32    0.0 1.2e-05   0.999     113.06 1.7037e-07   4.182        -27   -4.182   0.037  0.0008    1.0     8.00     10400  0.800
  33    0.0 9.6e-06   0.999     112.95 1.7709e-07   4.164      -26.9   -4.164   0.034  0.0008    1.0     8.00     10725  0.800
  34    0.0 0.0e+00   0.998     112.98 1.8555e-07   4.138      -26.8   -4.138   0.028  0.0007    1.0     8.00     11050  0.800
## Placement Quench took 0.00 seconds (max_rss 72.2 MiB)
post-quench CPD = 4.14481 (ns) 

BB estimate of min-dist (placement) wire length: 4520

Completed placement consistency check successfully.

Swaps called: 11179

Aborted Move Reasons:
  No moves aborted

Placement estimated critical path delay (least slack): 4.14481 ns, Fmax: 241.265 MHz
Placement estimated setup Worst Negative Slack (sWNS): -4.14481 ns
Placement estimated setup Total Negative Slack (sTNS): -26.9422 ns

Placement estimated setup slack histogram:
[ -4.1e-09: -3.9e-09) 3 ( 37.5%) |*************************************************
[ -3.9e-09: -3.7e-09) 0 (  0.0%) |
[ -3.7e-09: -3.5e-09) 0 (  0.0%) |
[ -3.5e-09: -3.3e-09) 2 ( 25.0%) |*********************************
[ -3.3e-09: -3.1e-09) 1 ( 12.5%) |****************
[ -3.1e-09: -2.9e-09) 0 (  0.0%) |
[ -2.9e-09: -2.7e-09) 0 (  0.0%) |
[ -2.7e-09: -2.5e-09) 1 ( 12.5%) |****************
[ -2.5e-09: -2.3e-09) 0 (  0.0%) |
[ -2.3e-09: -2.1e-09) 1 ( 12.5%) |****************

Placement estimated geomean non-virtual intra-domain period: nan ns (nan MHz)
Placement estimated fanout-weighted geomean non-virtual intra-domain period: nan ns (nan MHz)

Placement cost: 0.997216, bb_cost: 112.998, td_cost: 1.87865e-07, 

Placement resource usage:
  io  implemented as io : 22
  clb implemented as clb: 107

Placement number of temperatures: 34
Placement total # of swap attempts: 11179
	Swaps accepted:  1904 (17.0 %)
	Swaps rejected:  8489 (75.9 %)
	Swaps aborted:   786 ( 7.0 %)


Placement perturbation distribution by block and move type: 
------------------ ----------------- ---------------- ---------------- --------------- ------------ 
    Block Type         Move Type       (%) of Total      Accepted(%)     Rejected(%)    Aborted(%)
------------------ ----------------- ---------------- ---------------- --------------- ------------ 
io                 Uniform                4.18             40.26           59.74          0.00         
                   Median                 3.64             14.50           12.04          73.46        
                   Centroid               3.42             35.86           30.37          33.77        
                   W. Centroid            3.95             35.52           33.48          31.00        
                   W. Median              1.12             8.00            13.60          78.40        
                   Crit. Uniform          2.59             11.38           88.62          0.00         
                   Feasible Region        2.35             14.07           72.62          13.31        

clb                Uniform                18.21            15.42           84.58          0.00         
                   Median                 16.76            19.00           77.59          3.42         
                   Centroid               16.68            16.19           83.81          0.00         
                   W. Centroid            16.44            13.49           86.51          0.00         
                   W. Median              4.82             7.61            87.94          4.45         
                   Crit. Uniform          2.69             3.65            96.35          0.00         
                   Feasible Region        3.13             3.14            96.86          0.00         


Placement Quench timing analysis took 0.00111423 seconds (0.000884804 STA, 0.000229422 slack) (1 full updates: 1 setup, 0 hold, 0 combined).
Placement Total  timing analysis took 0.0542827 seconds (0.0465166 STA, 0.00776617 slack) (36 full updates: 36 setup, 0 hold, 0 combined).
update_td_costs: connections 0 nets 0 sum_nets 0 total 0
# Placement took 0.13 seconds (max_rss 72.2 MiB, delta_rss +0.0 MiB)

# Routing
RR graph channel widths unchanged, skipping RR graph rebuild
## Initializing router criticalities
Initial Net Connection Criticality Histogram:
[        0:      0.1)   0 (  0.0%) |
[      0.1:      0.2)   0 (  0.0%) |
[      0.2:      0.3)   0 (  0.0%) |
[      0.3:      0.4)   9 (  0.5%) |*
[      0.4:      0.5)  53 (  2.7%) |****
[      0.5:      0.6)  82 (  4.2%) |******
[      0.6:      0.7) 311 ( 16.0%) |***********************
[      0.7:      0.8) 610 ( 31.4%) |********************************************
[      0.8:      0.9) 647 ( 33.3%) |***********************************************
[      0.9:        1) 233 ( 12.0%) |*****************
## Initializing router criticalities took 0.02 seconds (max_rss 72.2 MiB, delta_rss +0.0 MiB)
---- ------ ------- ---- ------- ------- ------- ----------------- --------------- -------- ---------- ---------- ---------- ---------- --------
Iter   Time    pres  BBs    Heap  Re-Rtd  Re-Rtd Overused RR Nodes      Wirelength      CPD       sTNS       sWNS       hTNS       hWNS Est Succ
      (sec)     fac Updt    push    Nets   Conns                                       (ns)       (ns)       (ns)       (ns)       (ns)     Iter
---- ------ ------- ---- ------- ------- ------- ----------------- --------------- -------- ---------- ---------- ---------- ---------- --------
   1    0.0     0.0    0   42658     553    1945     737 ( 4.255%)    5607 (44.9%)    5.023     -32.73     -5.023      0.000      0.000      N/A
Incr Slack updates 36 in 0.00276794 sec
Full Max Req/Worst Slack updates 23 in 2.1099e-05 sec
Incr Max Req/Worst Slack updates 13 in 1.2416e-05 sec
Incr Criticality updates 3 in 0.000398029 sec
Full Criticality updates 33 in 0.00417493 sec
   2    0.0     0.5    2   37156     369    1539     308 ( 1.778%)    5600 (44.9%)    5.026     -32.79     -5.026      0.000      0.000      N/A
   3    0.0     0.6    1   22943     214     892     238 ( 1.374%)    5721 (45.8%)    5.110     -32.96     -5.110      0.000      0.000      N/A
   4    0.0     0.8    0   26311     167    1056     176 ( 1.016%)    5703 (45.7%)    5.219     -33.25     -5.219      0.000      0.000      N/A
   5    0.0     1.1    1   26506     130    1015     127 ( 0.733%)    5838 (46.8%)    5.091     -33.65     -5.091      0.000      0.000      N/A
   6    0.0     1.4    2   26754     133    1007     109 ( 0.629%)    5845 (46.8%)    5.076     -33.49     -5.076      0.000      0.000      N/A
   7    0.0     1.9    0   25784     100     954      48 ( 0.277%)    5905 (47.3%)    5.215     -33.85     -5.215      0.000      0.000      N/A
   8    0.0     2.4    0   24061      89     903      36 ( 0.208%)    5909 (47.3%)    5.215     -33.89     -5.215      0.000      0.000      N/A
   9    0.0     3.1    0   24250      83     891      15 ( 0.087%)    5980 (47.9%)    5.132     -33.44     -5.132      0.000      0.000      N/A
  10    0.0     4.1    1   23470      77     872       8 ( 0.046%)    5986 (48.0%)    5.121     -33.48     -5.121      0.000      0.000       14
  11    0.0     5.3    0   23422      78     870       2 ( 0.012%)    5988 (48.0%)    5.121     -33.53     -5.121      0.000      0.000       13
  12    0.0     6.9    0   23106      73     864       0 ( 0.000%)    5989 (48.0%)    5.121     -33.33     -5.121      0.000      0.000       12
Restoring best routing
Critical path: 5.12083 ns
Successfully routed after 12 routing iterations.
Final Net Connection Criticality Histogram:
[        0:      0.1)   0 (  0.0%) |
[      0.1:      0.2)   0 (  0.0%) |
[      0.2:      0.3)   0 (  0.0%) |
[      0.3:      0.4)   3 (  0.2%) |
[      0.4:      0.5)  24 (  1.2%) |**
[      0.5:      0.6)  70 (  3.6%) |*****
[      0.6:      0.7) 232 ( 11.9%) |***************
[      0.7:      0.8) 636 ( 32.7%) |******************************************
[      0.8:      0.9) 705 ( 36.2%) |***********************************************
[      0.9:        1) 275 ( 14.1%) |******************
Router Stats: total_nets_routed: 2066 total_connections_routed: 12808 total_heap_pushes: 326421 total_heap_pops: 61583 
# Routing took 0.12 seconds (max_rss 72.2 MiB, delta_rss +0.0 MiB)

Checking to ensure routing is legal...
# Checking to ensure non-configurable edges are legal
# Checking to ensure non-configurable edges are legal took 0.00 seconds (max_rss 72.2 MiB, delta_rss +0.0 MiB)
Completed routing consistency check successfully.

Serial number (magic cookie) for the routing is: -335783226
Circuit successfully routed with a channel width factor of 40.
# Synchronize the packed netlist to routing optimization
## Annotating rr_node with routed nets
## Annotating rr_node with routed nets took 0.00 seconds (max_rss 72.2 MiB, delta_rss +0.0 MiB)
Found 2702 mismatches between routing and packing results.
Fixed 1877 routing traces due to mismatch between routing and packing results.
# Synchronize the packed netlist to routing optimization took 0.02 seconds (max_rss 72.2 MiB, delta_rss +0.0 MiB)
Final Clustering Statistics: 
----------   --------   ------------------------------------   --------------------------
Block Type   # Blocks   Avg. # of input clocks and pins used   Avg. # of output pins used
----------   --------   ------------------------------------   --------------------------
     EMPTY          0                                      0                            0   
        io         22                               0.363636                     0.636364   
       clb        107                                18.1028                      5.03738   
   mult_36          0                                      0                            0   
    memory          0                                      0                            0   
Absorbed logical nets 634 out of 1187 nets, 553 nets not absorbed.


Average number of bends per net: 0.913201  Maximum # of bends: 10

Number of global nets: 0
Number of routed nets (nonglobal): 553
Wire length results (in units of 1 clb segments)...
	Total wirelength: 5989, average net length: 10.8300
	Maximum net length: 158

Wire length results in terms of physical segments...
	Total wiring segments used: 1658, average wire segments per net: 2.99819
	Maximum segments used by a net: 45
	Total local nets with reserved CLB opins: 0
Total number of nets absorbed: 0

Routing channel utilization histogram:
[        1:      inf)  0 (  0.0%) |
[      0.9:        1)  0 (  0.0%) |
[      0.8:      0.9)  2 (  0.6%) |*
[      0.7:      0.8) 78 ( 23.1%) |************************************************
[      0.5:      0.6) 62 ( 18.3%) |**************************************
[      0.4:      0.5) 56 ( 16.6%) |**********************************
[      0.3:      0.4) 52 ( 15.4%) |********************************
[      0.2:      0.3) 34 ( 10.1%) |*********************
[      0.1:      0.2) 20 (  5.9%) |************
[        0:      0.1) 34 ( 10.1%) |*********************
Maximum routing channel utilization:      0.82 at (6,7)

X - Directed channels:   j max occ ave occ capacity
                      ---- ------- ------- --------
                         0      28  14.429       40
                         1      27  15.571       40
                         2      29  17.643       40
                         3      30  20.500       40
                         4      30  19.643       40
                         5      32  19.929       40
                         6      28  19.214       40
                         7      33  19.286       40
                         8      26  15.643       40
                         9      29  16.929       40
                        10      22  13.571       40
                        11      24  12.357       40
                        12      14   6.929       40
Y - Directed channels:   i max occ ave occ capacity
                      ---- ------- ------- --------
                         0      18  11.429       40
                         1      17  10.429       40
                         2      22  12.643       40
                         3      30  19.214       40
                         4      30  20.786       40
                         5      25  16.500       40
                         6      28  16.357       40
                         7      35  22.929       40
                         8      32  21.571       40
                         9      26  16.643       40
                        10      28  16.857       40
                        11      30  18.429       40
                        12      22  12.357       40

Total tracks in x-direction: 520, in y-direction: 520

Logic area (in minimum width transistor areas, excludes I/Os and empty grid tiles)...
	Total logic block area (Warning, need to add pitch of routing to blocks with height > 3): 9.20055e+06
	Total used logic block area: 5.76666e+06

Routing area (in minimum width transistor areas)...
	Total routing area: 488146., per logic tile: 2490.54

Total Number of Wiring Segments by Direction: direction length number
                                              --------- ------ -------
                                                      X      4   1950
                                                      Y      4   1950

X - Directed Wiring Segment usage by length: length utilization
                                             ------ -----------
                                             4       0.424

Y - Directed Wiring Segment usage by length: length utilization
                                             ------ -----------
                                             4       0.427

Segment occupancy by length: Length utilization
                             ------ -----------
                             L4           0.425

Segment occupancy by type:              name type utilization
                           ----------------- ---- -----------
                           unnamed_segment_0    0       0.425

Final hold Worst Negative Slack (hWNS): 0 ns
Final hold Total Negative Slack (hTNS): 0 ns

Final hold slack histogram:
[  1.3e-09:  1.4e-09) 1 ( 12.5%) |*************************
[  1.4e-09:  1.4e-09) 0 (  0.0%) |
[  1.4e-09:  1.5e-09) 2 ( 25.0%) |*************************************************
[  1.5e-09:  1.6e-09) 0 (  0.0%) |
[  1.6e-09:  1.7e-09) 0 (  0.0%) |
[  1.7e-09:  1.8e-09) 0 (  0.0%) |
[  1.8e-09:  1.9e-09) 1 ( 12.5%) |*************************
[  1.9e-09:    2e-09) 1 ( 12.5%) |*************************
[    2e-09:  2.1e-09) 1 ( 12.5%) |*************************
[  2.1e-09:  2.2e-09) 2 ( 25.0%) |*************************************************

Final critical path delay (least slack): 5.12083 ns, Fmax: 195.281 MHz
Final setup Worst Negative Slack (sWNS): -5.12083 ns
Final setup Total Negative Slack (sTNS): -33.3301 ns

Final setup slack histogram:
[ -5.1e-09: -4.9e-09) 2 ( 25.0%) |*************************************************
[ -4.9e-09: -4.7e-09) 1 ( 12.5%) |*************************
[ -4.7e-09: -4.5e-09) 0 (  0.0%) |
[ -4.5e-09: -4.3e-09) 0 (  0.0%) |
[ -4.3e-09: -4.1e-09) 1 ( 12.5%) |*************************
[ -4.1e-09: -3.8e-09) 2 ( 25.0%) |*************************************************
[ -3.8e-09: -3.6e-09) 0 (  0.0%) |
[ -3.6e-09: -3.4e-09) 0 (  0.0%) |
[ -3.4e-09: -3.2e-09) 1 ( 12.5%) |*************************
[ -3.2e-09:   -3e-09) 1 ( 12.5%) |*************************

Final geomean non-virtual intra-domain period: nan ns (nan MHz)
Final fanout-weighted geomean non-virtual intra-domain period: nan ns (nan MHz)

Incr Slack updates 1 in 6.6215e-05 sec
Full Max Req/Worst Slack updates 1 in 1.673e-06 sec
Incr Max Req/Worst Slack updates 0 in 0 sec
Incr Criticality updates 0 in 0 sec
Full Criticality updates 1 in 0.000137729 sec
Flow timing analysis took 0.132987 seconds (0.119693 STA, 0.0132943 slack) (51 full updates: 37 setup, 0 hold, 14 combined).
VPR succeeded
The entire flow of VPR took 1.38 seconds (max_rss 72.2 MiB)
Incr Slack updates 13 in 0.00111309 sec
Full Max Req/Worst Slack updates 7 in 7.925e-06 sec
Incr Max Req/Worst Slack updates 6 in 6.361e-06 sec
Incr Criticality updates 3 in 0.00031927 sec
Full Criticality updates 10 in 0.00135288 sec
	Command being timed: "/packages/apps/vtr/8.0.0-git/vpr/vpr k6_frac_N10_mem32K_40nm.xml alu4 --circuit_file alu4.pre-vpr.blif --route_chan_width 40 --max_criticality 0.5 --seed 15"
	User time (seconds): 1.30
	System time (seconds): 0.04
	Percent of CPU this job got: 95%
	Elapsed (wall clock) time (h:mm:ss or m:ss): 0:01.41
	Average shared text size (kbytes): 0
	Average unshared data size (kbytes): 0
	Average stack size (kbytes): 0
	Average total size (kbytes): 0
	Maximum resident set size (kbytes): 73928
	Average resident set size (kbytes): 0
	Major (requiring I/O) page faults: 0
	Minor (reclaiming a frame) page faults: 38342
	Voluntary context switches: 243
	Involuntary context switches: 16
	Swaps: 0
	File system inputs: 4304
	File system outputs: 9776
	Socket messages sent: 0
	Socket messages received: 0
	Signals delivered: 0
	Page size (bytes): 4096
	Exit status: 0
