/usr/bin/env time -v /packages/apps/vtr/8.0.0-git/vpr/vpr k6_frac_N10_mem32K_40nm.xml sha --circuit_file sha.pre-vpr.blif --route_chan_width 60 --max_criticality 0.5 --seed 1
VPR FPGA Placement and Routing.
Version: 8.1.0-dev+109c5adcc
Revision: v8.0.0-9695-g109c5adcc
Compiled: 2024-02-23T09:38:13
Compiler: GNU 11.2.0 on Linux-4.18.0-348.el8.0.2.x86_64 x86_64
Build Info: release IPO VTR_ASSERT_LEVEL=2

University of Toronto
verilogtorouting.org
vtr-users@googlegroups.com
This is free open source code under MIT license.

VPR was run with the following command-line:
/packages/apps/vtr/8.0.0-git/vpr/vpr k6_frac_N10_mem32K_40nm.xml sha --circuit_file sha.pre-vpr.blif --route_chan_width 60 --max_criticality 0.5 --seed 1


Architecture file: k6_frac_N10_mem32K_40nm.xml
Circuit name: sha

# Loading Architecture Description
# Loading Architecture Description took 0.01 seconds (max_rss 15.4 MiB, delta_rss +2.7 MiB)

Timing analysis: ON
Circuit netlist file: sha.net
Circuit placement file: sha.place
Circuit routing file: sha.route
Circuit SDC file: sha.sdc
Vpr floorplanning constraints file: not specified

Packer: ENABLED
Placer: ENABLED
Router: ENABLED
Analysis: ENABLED

VPR was run with the following options:

NetlistOpts.abosrb_buffer_luts            : true
NetlistOpts.sweep_dangling_primary_ios    : true
NetlistOpts.sweep_dangling_nets           : true
NetlistOpts.sweep_dangling_blocks         : true
NetlistOpts.sweep_constant_primary_outputs: false
NetlistOpts.netlist_verbosity             : 1
NetlistOpts.const_gen_inference           : COMB_SEQ

PackerOpts.allow_unrelated_clustering: auto
PackerOpts.alpha_clustering: 0.750000
PackerOpts.beta_clustering: 0.900000
PackerOpts.cluster_seed_type: BLEND2
PackerOpts.connection_driven: true
PackerOpts.global_clocks: true
PackerOpts.hill_climbing_flag: false
PackerOpts.inter_cluster_net_delay: 1.000000
PackerOpts.timing_driven: true
PackerOpts.target_external_pin_util: auto

PlacerOpts.place_freq: PLACE_ONCE
PlacerOpts.place_algorithm: CRITICALITY_TIMING_PLACE
PlacerOpts.pad_loc_type: FREE
PlacerOpts.constraints_file: No constraints file given
PlacerOpts.place_cost_exp: 1.000000
PlacerOpts.place_chan_width: 60
PlacerOpts.inner_loop_recompute_divider: 0
PlacerOpts.recompute_crit_iter: 1
PlacerOpts.timing_tradeoff: 0.500000
PlacerOpts.td_place_exp_first: 1.000000
PlacerOpts.td_place_exp_last: 8.000000
PlacerOpts.delay_offset: 0.000000
PlacerOpts.delay_ramp_delta_threshold: -1
PlacerOpts.delay_ramp_slope: 0.000000
PlacerOpts.tsu_rel_margin: 1.000000
PlacerOpts.tsu_abs_margin: 0.000000
PlacerOpts.post_place_timing_report_file: 
PlacerOpts.allowed_tiles_for_delay_model: 
PlacerOpts.delay_model_reducer: MIN
PlacerOpts.delay_model_type: DELTA
PlacerOpts.rlim_escape_fraction: 0.000000
PlacerOpts.move_stats_file: 
PlacerOpts.placement_saves_per_temperature: 0
PlacerOpts.effort_scaling: CIRCUIT
PlacerOpts.place_delta_delay_matrix_calculation_method: ASTAR_ROUTE
PlaceOpts.seed: 1
AnnealSched.type: AUTO_SCHED
AnnealSched.inner_num: 0.500000

RouterOpts.route_type: DETAILED
RouterOpts.flat_routing: false
RouterOpts.has_choking_spot: false
RouterOpts.router_algorithm: TIMING_DRIVEN
RouterOpts.base_cost_type: DELAY_NORMALIZED_LENGTH
RouterOpts.fixed_channel_width: 60
RouterOpts.check_route: FULL
RouterOpts.acc_fac: 1.000000
RouterOpts.bb_factor: 3
RouterOpts.bend_cost: 0.000000
RouterOpts.first_iter_pres_fac: 0.000000
RouterOpts.initial_pres_fac: 0.500000
RouterOpts.pres_fac_mult: 1.300000
RouterOpts.max_router_iterations: 50
RouterOpts.min_incremental_reroute_fanout: 16
RouterOpts.do_check_rr_graph: true
RouterOpts.verify_binary_search: false
RouterOpts.min_channel_width_hint: 0
RouterOpts.read_rr_edge_metadata: false
RouterOpts.exit_after_first_routing_iteration: false
RouterOpts.astar_fac: 1.200000
RouterOpts.router_profiler_astar_fac: 1.200000
RouterOpts.criticality_exp: 1.000000
RouterOpts.max_criticality: 0.500000
RouterOpts.init_wirelength_abort_threshold: 0.850000
RouterOpts.save_routing_per_iteration: false
RouterOpts.congested_routing_iteration_threshold_frac: 1.000000
RouterOpts.high_fanout_threshold: 64
RouterOpts.router_debug_net: -2
RouterOpts.router_debug_sink_rr: -2
RouterOpts.router_debug_iteration: -2
RouterOpts.max_convergence_count: 1
RouterOpts.reconvergence_cpd_threshold: 0.990000
RouterOpts.update_lower_bound_delays: true
RouterOpts.first_iteration_timing_report_file: 
RouterOpts.incr_reroute_delay_ripup: AUTO
RouterOpts.route_bb_update: DYNAMIC
RouterOpts.lookahead_type: MAP
RouterOpts.initial_timing: LOOKAHEAD
RouterOpts.router_heap: BINARY_HEAP
RouterOpts.routing_failure_predictor = SAFE
RouterOpts.routing_budgets_algorithm = DISABLE

AnalysisOpts.gen_post_synthesis_netlist: false
AnalysisOpts.timing_report_npaths: 100
AnalysisOpts.timing_report_skew: false
AnalysisOpts.echo_dot_timing_graph_node: -1
AnalysisOpts.timing_report_detail: NETLIST
AnalysisOpts.post_synth_netlist_unconn_input_handling: UNCONNECTED
AnalysisOpts.post_synth_netlist_unconn_output_handling: UNCONNECTED

# Building complex block graph
Warning 1: io[0].clock[0] unconnected pin in architecture.
# Building complex block graph took 0.02 seconds (max_rss 22.2 MiB, delta_rss +6.7 MiB)
Circuit file: sha.pre-vpr.blif
# Load circuit
# Load circuit took 0.03 seconds (max_rss 27.3 MiB, delta_rss +5.1 MiB)
# Clean circuit
Absorbed 36 LUT buffers
Inferred    0 additional primitive pins as constant generators since they have no combinationally connected inputs
Inferred    0 additional primitive pins as constant generators due to constant inputs
Swept input(s)      : 0
Swept output(s)     : 0 (0 dangling, 0 constant)
Swept net(s)        : 0
Swept block(s)      : 0
Constant Pins Marked: 0
# Clean circuit took 0.00 seconds (max_rss 27.3 MiB, delta_rss +0.0 MiB)
# Compress circuit
# Compress circuit took 0.01 seconds (max_rss 27.6 MiB, delta_rss +0.3 MiB)
# Verify circuit
# Verify circuit took 0.00 seconds (max_rss 27.6 MiB, delta_rss +0.0 MiB)
Circuit Statistics:
  Blocks: 2606
    .input :      38
    .latch :     885
    .output:      36
    6-LUT  :    1647
  Nets  : 2570
    Avg Fanout:     3.9
    Max Fanout:   885.0
    Min Fanout:     1.0
  Netlist Clocks: 1
# Build Timing Graph
  Timing Graph Nodes: 12697
  Timing Graph Edges: 20218
  Timing Graph Levels: 46
# Build Timing Graph took 0.01 seconds (max_rss 29.6 MiB, delta_rss +1.9 MiB)
Netlist contains 1 clocks
  Netlist Clock 'clk_i' Fanout: 885 pins (7.0%), 885 blocks (34.0%)
# Load Timing Constraints

SDC file 'sha.sdc' not found
Setting default timing constraints:
   * constrain all primay inputs and primary outputs on netlist clock 'clk_i'
   * optimize netlist clock to run as fast as possible
Timing constraints created 1 clocks
  Constrained Clock 'clk_i' Source: 'clk_i.inpad[0]'

# Load Timing Constraints took 0.00 seconds (max_rss 29.6 MiB, delta_rss +0.0 MiB)
# Packing
Begin packing 'sha.pre-vpr.blif'.

After removing unused inputs...
	total blocks: 2606, total nets: 2570, total inputs: 38, total outputs: 36
Begin prepacking.
0 attraction groups were created during prepacking.
Finish prepacking.
Using inter-cluster delay: 1.33777e-09
Packing with pin utilization targets: io:1,1 clb:0.8,1 mult_36:1,1 memory:1,1
Packing with high fanout thresholds: io:128 clb:32 mult_36:128 memory:128
Starting Clustering - Clustering Progress: 
-------------------   --------------------------   ---------
Molecules processed   Number of clusters created   FPGA size
-------------------   --------------------------   ---------
    68/1724      3%                            6     5 x 5     
   136/1724      7%                           10     6 x 6     
   204/1724     11%                           15     7 x 7     
   272/1724     15%                           20     7 x 7     
   340/1724     19%                           25     9 x 9     
   408/1724     23%                           30     9 x 9     
   476/1724     27%                           36    10 x 10    
   544/1724     31%                           41    10 x 10    
   612/1724     35%                           47    10 x 10    
   680/1724     39%                           53    11 x 11    
   748/1724     43%                           60    11 x 11    
   816/1724     47%                           66    12 x 12    
   884/1724     51%                           73    13 x 13    
   952/1724     55%                           79    13 x 13    
  1020/1724     59%                           85    13 x 13    
  1088/1724     63%                           92    14 x 14    
  1156/1724     67%                           99    14 x 14    
  1224/1724     70%                          106    14 x 14    
  1292/1724     74%                          112    15 x 15    
  1360/1724     78%                          118    15 x 15    
  1428/1724     82%                          125    15 x 15    
  1496/1724     86%                          131    16 x 16    
  1564/1724     90%                          138    16 x 16    
  1632/1724     94%                          144    17 x 17    
  1700/1724     98%                          198    17 x 17    

Logic Element (fle) detailed count:
  Total number of Logic Elements used : 1458
  LEs used for logic and registers    : 879
  LEs used for logic only             : 579
  LEs used for registers only         : 0

Incr Slack updates 1 in 0.000147658 sec
Full Max Req/Worst Slack updates 1 in 1.9176e-05 sec
Incr Max Req/Worst Slack updates 0 in 0 sec
Incr Criticality updates 0 in 0 sec
Full Criticality updates 1 in 0.000232747 sec
FPGA sized to 17 x 17 (auto)
Device Utilization: 0.55 (target 1.00)
	Block Utilization: 0.15 Type: io
	Block Utilization: 0.90 Type: clb

Start the iterative improvement process
the iterative improvement process is done
Final Clustering Statistics: 
----------   --------   ------------------------------------   --------------------------
Block Type   # Blocks   Avg. # of input clocks and pins used   Avg. # of output pins used
----------   --------   ------------------------------------   --------------------------
     EMPTY          0                                      0                            0   
        io         74                               0.486486                     0.513514   
       clb        149                                20.4228                      6.95302   
   mult_36          0                                      0                            0   
    memory          0                                      0                            0   
Absorbed logical nets 1496 out of 2570 nets, 1074 nets not absorbed.

Netlist conversion complete.

# Packing took 0.88 seconds (max_rss 42.1 MiB, delta_rss +12.5 MiB)
# Load packing
Begin loading packed FPGA netlist file.
Netlist generated from file 'sha.net'.
Detected 0 constant generators (to see names run with higher pack verbosity)
Finished loading packed FPGA netlist file (took 0.156658 seconds).
Warning 2: Treated 0 constant nets as global which will not be routed (to see net names increase packer verbosity).
# Load packing took 0.17 seconds (max_rss 79.5 MiB, delta_rss +37.4 MiB)
Warning 3: Netlist contains 0 global net to non-global architecture pin connections
Cluster level netlist and block usage statistics
Netlist num_nets: 1074
Netlist num_blocks: 223
Netlist EMPTY blocks: 0.
Netlist io blocks: 74.
Netlist clb blocks: 149.
Netlist mult_36 blocks: 0.
Netlist memory blocks: 0.
Netlist inputs pins: 38
Netlist output pins: 36

Pb types usage...
  io             : 74
   inpad         : 38
   outpad        : 36
  clb            : 149
   fle           : 1458
    lut5inter    : 533
     ble5        : 725
      lut5       : 722
       lut       : 722
      ff         : 176
    ble6         : 925
     lut6        : 925
      lut        : 925
     ff          : 709

# Create Device
## Build Device Grid
FPGA sized to 17 x 17: 289 grid tiles (auto)

Resource usage...
	Netlist
		74	blocks of type: io
	Architecture
		480	blocks of type: io
	Netlist
		149	blocks of type: clb
	Architecture
		165	blocks of type: clb
	Netlist
		0	blocks of type: mult_36
	Architecture
		6	blocks of type: mult_36
	Netlist
		0	blocks of type: memory
	Architecture
		4	blocks of type: memory

Device Utilization: 0.55 (target 1.00)
	Physical Tile io:
	Block Utilization: 0.15 Logical Block: io
	Physical Tile clb:
	Block Utilization: 0.90 Logical Block: clb
	Physical Tile mult_36:
	Block Utilization: 0.00 Logical Block: mult_36
	Physical Tile memory:
	Block Utilization: 0.00 Logical Block: memory

FPGA size limited by block type(s): clb

## Build Device Grid took 0.00 seconds (max_rss 79.5 MiB, delta_rss +0.0 MiB)
## Build routing resource graph
SOURCE->OPIN and IPIN->SINK edge count:13013
OPIN->CHANX/CHANY edge count before creating direct connections: 26808
OPIN->CHANX/CHANY edge count after creating direct connections: 26808
CHAN->CHAN type edge count:126189
## Build routing resource graph took 0.10 seconds (max_rss 79.5 MiB, delta_rss +0.0 MiB)
  RR Graph Nodes: 28231
  RR Graph Edges: 166010
# Create Device took 0.10 seconds (max_rss 79.5 MiB, delta_rss +0.0 MiB)

# Computing router lookahead map
## Computing wire lookahead
## Computing wire lookahead took 0.27 seconds (max_rss 79.5 MiB, delta_rss +0.0 MiB)
## Computing src/opin lookahead
Warning 4: Found no sample locations for EMPTY
Warning 5: Found no more sample locations for SOURCE in io
Warning 6: Found no more sample locations for OPIN in io
Warning 7: Found no more sample locations for SOURCE in clb
Warning 8: Found no more sample locations for OPIN in clb
Warning 9: Found no more sample locations for SOURCE in mult_36
Warning 10: Found no more sample locations for OPIN in mult_36
Warning 11: Found no more sample locations for SOURCE in memory
Warning 12: Found no more sample locations for OPIN in memory
## Computing src/opin lookahead took 0.00 seconds (max_rss 79.5 MiB, delta_rss +0.0 MiB)
# Computing router lookahead map took 0.27 seconds (max_rss 79.5 MiB, delta_rss +0.0 MiB)
# Computing placement delta delay look-up
RR graph channel widths unchanged, skipping RR graph rebuild
## Computing delta delays
## Computing delta delays took 0.02 seconds (max_rss 79.5 MiB, delta_rss +0.0 MiB)
# Computing placement delta delay look-up took 0.02 seconds (max_rss 79.5 MiB, delta_rss +0.0 MiB)

Bounding box mode is Cube

Using simple RL 'Softmax agent' for choosing move and block types
# Placement
## Initial Placement
Initial placement iteration 0 has finished successfully
## Initial Placement took 0.00 seconds (max_rss 79.5 MiB, delta_rss +0.0 MiB)

There are 2932 point to point connections in this circuit.


BB estimate of min-dist (placement) wire length: 17399

Completed placement consistency check successfully.
Initial placement cost: 1 bb_cost: 289.978 td_cost: 3.9247e-07
Initial placement estimated Critical Path Delay (CPD): 18.4517 ns
Initial placement estimated setup Total Negative Slack (sTNS): -2840.19 ns
Initial placement estimated setup Worst Negative Slack (sWNS): -18.4517 ns

Initial placement estimated setup slack histogram:
[ -1.8e-08: -1.7e-08)   5 (  0.5%) |
[ -1.7e-08: -1.5e-08)   5 (  0.5%) |
[ -1.5e-08: -1.3e-08)   4 (  0.4%) |
[ -1.3e-08: -1.1e-08)   5 (  0.5%) |
[ -1.1e-08: -9.4e-09)  28 (  3.0%) |**
[ -9.4e-09: -7.6e-09)  37 (  4.0%) |***
[ -7.6e-09: -5.8e-09)  21 (  2.3%) |**
[ -5.8e-09:   -4e-09)  22 (  2.4%) |**
[   -4e-09: -2.2e-09) 544 ( 59.1%) |***********************************************
[ -2.2e-09: -3.7e-10) 250 ( 27.1%) |**********************
Placement contains 0 placement macros involving 0 blocks (average macro size -nan)

Moves per temperature: 676
Warning 13: Starting t: 81 of 223 configurations accepted.

---- ------ ------- ------- ---------- ---------- ------- ---------- -------- ------- ------- ------ -------- --------- ------
Tnum   Time       T Av Cost Av BB Cost Av TD Cost     CPD       sTNS     sWNS Ac Rate Std Dev  R lim Crit Exp Tot Moves  Alpha
      (sec)                                          (ns)       (ns)     (ns)                                                 
---- ------ ------- ------- ---------- ---------- ------- ---------- -------- ------- ------- ------ -------- --------- ------
   1    0.0 4.9e-04   0.920     242.41 3.3306e-07  16.681   -2.7e+03  -16.681   0.454  0.0408   16.0     1.00       676  0.200
   2    0.0 4.7e-04   0.963     217.35 3.0518e-07  14.932  -2.67e+03  -14.932   0.368  0.0229   16.0     1.00      1352  0.950
   3    0.0 4.4e-04   0.978     204.00 2.0143e-07  14.197  -2.56e+03  -14.197   0.362  0.0125   14.9     1.54      2028  0.950
   4    0.0 4.2e-04   0.979     197.36 1.5696e-07  13.529  -2.59e+03  -13.529   0.361  0.0125   13.7     2.07      2704  0.950
   5    0.0 4.0e-04   0.981     191.21 1.2744e-07  13.458  -2.62e+03  -13.458   0.321  0.0109   12.6     2.58      3380  0.950
   6    0.0 3.8e-04   0.984     185.64 1.058e-07   13.142  -2.61e+03  -13.142   0.317  0.0102   11.1     3.28      4056  0.950
   7    0.0 3.6e-04   0.990     181.57 9.1889e-08  13.040  -2.73e+03  -13.040   0.337  0.0055    9.7     3.92      4732  0.950
   8    0.0 3.4e-04   0.993     178.19 8.1964e-08  13.191  -2.68e+03  -13.191   0.281  0.0048    8.7     4.39      5408  0.950
   9    0.0 3.2e-04   0.992     175.27 7.4264e-08  13.135  -2.67e+03  -13.135   0.293  0.0043    7.4     5.03      6084  0.950
  10    0.0 3.1e-04   0.996     172.65 7.0641e-08  12.912  -2.62e+03  -12.912   0.259  0.0016    6.3     5.54      6760  0.950
  11    0.0 2.9e-04   0.994     170.58 6.5806e-08  12.912   -2.6e+03  -12.912   0.278  0.0042    5.1     6.07      7436  0.950
  12    0.0 2.8e-04   0.999     170.05 6.1204e-08  12.911  -2.63e+03  -12.911   0.263  0.0017    4.3     6.46      8112  0.950
  13    0.0 2.6e-04   0.998     169.11 5.8189e-08  12.900  -2.63e+03  -12.900   0.297  0.0015    3.5     6.81      8788  0.950
  14    0.0 2.5e-04   0.994     170.36 5.7906e-08  12.760  -2.61e+03  -12.760   0.286  0.0038    3.0     7.05      9464  0.950
  15    0.0 2.4e-04   0.992     168.52 6.031e-08   12.422  -2.61e+03  -12.422   0.251  0.0038    2.6     7.27     10140  0.950
  16    0.0 2.3e-04   0.992     166.99 5.856e-08   12.445  -2.64e+03  -12.445   0.331  0.0052    2.1     7.49     10816  0.950
  17    0.0 2.2e-04   0.998     164.92 5.838e-08   12.375  -2.64e+03  -12.375   0.333  0.0013    1.9     7.60     11492  0.950
  18    0.0 2.0e-04   1.001     164.90 5.7843e-08  12.347   -2.6e+03  -12.347   0.311  0.0007    1.7     7.69     12168  0.950
  19    0.0 1.9e-04   1.000     164.67 5.757e-08   12.347  -2.62e+03  -12.347   0.315  0.0008    1.4     7.79     12844  0.950
  20    0.0 1.8e-04   0.998     163.68 5.7305e-08  12.347  -2.56e+03  -12.347   0.321  0.0010    1.3     7.88     13520  0.950
  21    0.0 1.8e-04   1.000     163.14 5.6865e-08  12.347  -2.51e+03  -12.347   0.277  0.0005    1.1     7.95     14196  0.950
  22    0.0 1.7e-04   1.000     163.15 5.669e-08   12.347  -2.55e+03  -12.347   0.287  0.0005    1.0     8.00     14872  0.950
  23    0.0 1.6e-04   0.999     162.88 5.6857e-08  12.295  -2.56e+03  -12.295   0.262  0.0004    1.0     8.00     15548  0.950
  24    0.0 1.5e-04   0.997     162.58 5.6838e-08  12.297  -2.54e+03  -12.297   0.274  0.0016    1.0     8.00     16224  0.950
  25    0.0 1.4e-04   0.997     161.30 5.6479e-08  12.297  -2.52e+03  -12.297   0.277  0.0006    1.0     8.00     16900  0.950
  26    0.0 1.4e-04   1.000     161.21 5.6234e-08  12.347  -2.52e+03  -12.347   0.268  0.0003    1.0     8.00     17576  0.950
  27    0.0 1.3e-04   0.999     160.80 5.6348e-08  12.347  -2.56e+03  -12.347   0.263  0.0010    1.0     8.00     18252  0.950
  28    0.0 1.2e-04   0.999     160.02 5.6534e-08  12.297  -2.56e+03  -12.297   0.272  0.0003    1.0     8.00     18928  0.950
  29    0.0 1.2e-04   1.000     159.94 5.6388e-08  12.335  -2.57e+03  -12.335   0.257  0.0004    1.0     8.00     19604  0.950
  30    0.0 1.1e-04   0.999     159.86 5.6552e-08  12.275  -2.58e+03  -12.275   0.235  0.0004    1.0     8.00     20280  0.950
  31    0.0 1.1e-04   0.999     159.39 5.6629e-08  12.275  -2.57e+03  -12.275   0.247  0.0006    1.0     8.00     20956  0.950
  32    0.0 1.0e-04   1.000     158.92 5.665e-08   12.275  -2.56e+03  -12.275   0.228  0.0003    1.0     8.00     21632  0.950
  33    0.0 9.5e-05   1.000     158.58 5.6535e-08  12.335  -2.56e+03  -12.335   0.182  0.0002    1.0     8.00     22308  0.950
  34    0.0 9.0e-05   1.000     158.77 5.6614e-08  12.275  -2.53e+03  -12.275   0.194  0.0003    1.0     8.00     22984  0.950
  35    0.0 8.6e-05   1.000     158.66 5.6633e-08  12.275  -2.54e+03  -12.275   0.213  0.0002    1.0     8.00     23660  0.950
  36    0.0 8.1e-05   1.000     158.48 5.6624e-08  12.275  -2.56e+03  -12.275   0.183  0.0004    1.0     8.00     24336  0.950
  37    0.0 7.7e-05   1.000     158.22 5.6362e-08  12.335  -2.56e+03  -12.335   0.210  0.0004    1.0     8.00     25012  0.950
  38    0.0 7.3e-05   1.001     158.46 5.6559e-08  12.275  -2.57e+03  -12.275   0.170  0.0002    1.0     8.00     25688  0.950
  39    0.0 7.0e-05   0.999     158.41 5.6559e-08  12.275  -2.56e+03  -12.275   0.213  0.0003    1.0     8.00     26364  0.950
  40    0.0 6.6e-05   1.000     158.32 5.6643e-08  12.275  -2.56e+03  -12.275   0.192  0.0001    1.0     8.00     27040  0.950
  41    0.0 6.3e-05   1.000     158.32 5.6685e-08  12.275  -2.56e+03  -12.275   0.186  0.0002    1.0     8.00     27716  0.950
  42    0.0 6.0e-05   0.999     157.99 5.6698e-08  12.275  -2.54e+03  -12.275   0.178  0.0007    1.0     8.00     28392  0.950
  43    0.0 5.7e-05   1.000     157.35 5.6431e-08  12.335  -2.51e+03  -12.335   0.145  0.0002    1.0     8.00     29068  0.950
  44    0.0 4.5e-05   1.000     157.36 5.6507e-08  12.335  -2.52e+03  -12.335   0.151  0.0001    1.0     8.00     29744  0.800
Agent's 2nd state: 
Checkpoint saved: bb_costs=157.451, TD costs=5.66517e-08, CPD= 12.275 (ns) 
  45    0.0 4.3e-05   1.000     157.35 5.6658e-08  12.275  -2.51e+03  -12.275   0.096  0.0001    1.0     8.00     30420  0.950
  46    0.0 3.5e-05   1.000     157.33 5.669e-08   12.275  -2.51e+03  -12.275   0.105  0.0001    1.0     8.00     31096  0.800
  47    0.0 2.8e-05   1.000     157.19 5.6588e-08  12.275  -2.51e+03  -12.275   0.090  0.0001    1.0     8.00     31772  0.800
  48    0.0 2.2e-05   1.000     157.18 5.6628e-08  12.275  -2.51e+03  -12.275   0.065  0.0001    1.0     8.00     32448  0.800
  49    0.0 1.8e-05   1.000     157.10 5.6597e-08  12.275  -2.51e+03  -12.275   0.089  0.0001    1.0     8.00     33124  0.800
  50    0.0 1.4e-05   1.000     157.07 5.6597e-08  12.275  -2.51e+03  -12.275   0.068  0.0000    1.0     8.00     33800  0.800
  51    0.0 1.1e-05   1.000     157.09 5.6569e-08  12.275  -2.51e+03  -12.275   0.056  0.0000    1.0     8.00     34476  0.800
  52    0.0 9.1e-06   1.000     157.03 5.6494e-08  12.275  -2.51e+03  -12.275   0.074  0.0001    1.0     8.00     35152  0.800
  53    0.0 7.2e-06   1.000     156.93 5.6509e-08  12.275  -2.51e+03  -12.275   0.068  0.0000    1.0     8.00     35828  0.800
  54    0.0 5.8e-06   1.000     156.92 5.651e-08   12.275  -2.51e+03  -12.275   0.068  0.0000    1.0     8.00     36504  0.800
  55    0.0 0.0e+00   1.000     156.91 5.6578e-08  12.275  -2.51e+03  -12.275   0.040  0.0000    1.0     8.00     37180  0.800
## Placement Quench took 0.01 seconds (max_rss 79.5 MiB)
post-quench CPD = 12.2753 (ns) 

BB estimate of min-dist (placement) wire length: 9416

Completed placement consistency check successfully.

Swaps called: 37403

Aborted Move Reasons:
  No moves aborted

Placement estimated critical path delay (least slack): 12.2753 ns, Fmax: 81.4641 MHz
Placement estimated setup Worst Negative Slack (sWNS): -12.2753 ns
Placement estimated setup Total Negative Slack (sTNS): -2505.33 ns

Placement estimated setup slack histogram:
[ -1.2e-08: -1.1e-08)   6 (  0.7%) |*
[ -1.1e-08: -9.9e-09)   5 (  0.5%) |
[ -9.9e-09: -8.7e-09)  29 (  3.1%) |***
[ -8.7e-09: -7.5e-09)  30 (  3.3%) |***
[ -7.5e-09: -6.3e-09)  17 (  1.8%) |*
[ -6.3e-09: -5.1e-09)  14 (  1.5%) |*
[ -5.1e-09: -3.9e-09)  17 (  1.8%) |*
[ -3.9e-09: -2.8e-09)  31 (  3.4%) |***
[ -2.8e-09: -1.6e-09) 544 ( 59.1%) |***********************************************
[ -1.6e-09: -3.7e-10) 228 ( 24.8%) |********************

Placement estimated geomean non-virtual intra-domain period: 12.2753 ns (81.4641 MHz)
Placement estimated fanout-weighted geomean non-virtual intra-domain period: 12.2753 ns (81.4641 MHz)

Placement cost: 0.99992, bb_cost: 156.93, td_cost: 5.64911e-08, 

Placement resource usage:
  io  implemented as io : 74
  clb implemented as clb: 149

Placement number of temperatures: 55
Placement total # of swap attempts: 37403
	Swaps accepted:  8547 (22.9 %)
	Swaps rejected: 26233 (70.1 %)
	Swaps aborted:  2623 ( 7.0 %)


Placement perturbation distribution by block and move type: 
------------------ ----------------- ---------------- ---------------- --------------- ------------ 
    Block Type         Move Type       (%) of Total      Accepted(%)     Rejected(%)    Aborted(%)
------------------ ----------------- ---------------- ---------------- --------------- ------------ 
io                 Uniform                7.27             66.68           33.32          0.00         
                   Median                 7.44             45.78           23.93          30.29        
                   Centroid               7.60             50.86           23.71          25.43        
                   W. Centroid            7.58             49.77           24.32          25.91        
                   W. Median              0.99             24.93           36.86          38.21        

clb                Uniform                15.37            9.46            90.54          0.00         
                   Median                 15.57            12.45           85.13          2.42         
                   Centroid               15.01            10.58           89.42          0.00         
                   W. Centroid            15.46            11.00           89.00          0.00         
                   W. Median              1.87             1.58            92.69          5.73         
                   Crit. Uniform          2.88             0.00            100.00         0.00         
                   Feasible Region        2.96             0.00            100.00         0.00         


Placement Quench timing analysis took 0.00216336 seconds (0.00178513 STA, 0.000378232 slack) (1 full updates: 1 setup, 0 hold, 0 combined).
Placement Total  timing analysis took 0.129338 seconds (0.107921 STA, 0.0214173 slack) (57 full updates: 57 setup, 0 hold, 0 combined).
update_td_costs: connections 0 nets 0 sum_nets 0 total 0
# Placement took 0.37 seconds (max_rss 79.5 MiB, delta_rss +0.0 MiB)

# Routing
RR graph channel widths unchanged, skipping RR graph rebuild
## Initializing router criticalities
Initial Net Connection Criticality Histogram:
[        0:      0.1)  955 ( 31.0%) |********************************************
[      0.1:      0.2) 1004 ( 32.6%) |**********************************************
[      0.2:      0.3)  206 (  6.7%) |*********
[      0.3:      0.4)  102 (  3.3%) |*****
[      0.4:      0.5)   92 (  3.0%) |****
[      0.5:      0.6)  126 (  4.1%) |******
[      0.6:      0.7)  136 (  4.4%) |******
[      0.7:      0.8)   60 (  1.9%) |***
[      0.8:      0.9)  108 (  3.5%) |*****
[      0.9:        1)  290 (  9.4%) |*************
## Initializing router criticalities took 0.04 seconds (max_rss 79.5 MiB, delta_rss +0.0 MiB)
---- ------ ------- ---- ------- ------- ------- ----------------- --------------- -------- ---------- ---------- ---------- ---------- --------
Iter   Time    pres  BBs    Heap  Re-Rtd  Re-Rtd Overused RR Nodes      Wirelength      CPD       sTNS       sWNS       hTNS       hWNS Est Succ
      (sec)     fac Updt    push    Nets   Conns                                       (ns)       (ns)       (ns)       (ns)       (ns)     Iter
---- ------ ------- ---- ------- ------- ------- ----------------- --------------- -------- ---------- ---------- ---------- ---------- --------
   1    0.0     0.0    0   82215    1073    2932    1385 ( 4.906%)   12582 (43.7%)   15.125     -3125.    -15.125      0.000      0.000      N/A
Incr Slack updates 57 in 0.00720484 sec
Full Max Req/Worst Slack updates 22 in 0.000371132 sec
Incr Max Req/Worst Slack updates 35 in 0.000808009 sec
Incr Criticality updates 27 in 0.00528082 sec
Full Criticality updates 30 in 0.00614722 sec
   2    0.0     0.5   12   75637     797    2485     530 ( 1.877%)   12633 (43.9%)   15.295     -3040.    -15.295      0.000      0.000      N/A
   3    0.0     0.6    4   51767     522    1622     447 ( 1.583%)   12779 (44.4%)   15.208     -3095.    -15.208      0.000      0.000      N/A
   4    0.0     0.8    2   52563     466    1518     383 ( 1.357%)   12992 (45.1%)   15.192     -3153.    -15.192      0.000      0.000      N/A
   5    0.0     1.1    2   43760     400    1217     245 ( 0.868%)   13194 (45.8%)   15.421     -3216.    -15.421      0.000      0.000      N/A
   6    0.0     1.4    1   37818     296     983     158 ( 0.560%)   13497 (46.9%)   15.429     -3184.    -15.429      0.000      0.000      N/A
   7    0.0     1.9    1   28506     231     690      85 ( 0.301%)   13673 (47.5%)   15.630     -3186.    -15.630      0.000      0.000      N/A
   8    0.0     2.4    1   27467     197     682      52 ( 0.184%)   13771 (47.8%)   15.626     -3239.    -15.626      0.000      0.000      N/A
   9    0.0     3.1    2   18834     150     443      18 ( 0.064%)   13884 (48.2%)   15.626     -3245.    -15.626      0.000      0.000      N/A
  10    0.0     4.1    0   18853     138     463       9 ( 0.032%)   13878 (48.2%)   15.626     -3205.    -15.626      0.000      0.000       14
  11    0.0     5.3    0   14548     128     373       1 ( 0.004%)   13909 (48.3%)   15.749     -3210.    -15.749      0.000      0.000       13
  12    0.0     6.9    0   14078     123     364       0 ( 0.000%)   13901 (48.3%)   15.749     -3210.    -15.749      0.000      0.000       12
Restoring best routing
Critical path: 15.749 ns
Successfully routed after 12 routing iterations.
Final Net Connection Criticality Histogram:
[        0:      0.1) 836 ( 27.2%) |*******************************************
[      0.1:      0.2) 923 ( 30.0%) |***********************************************
[      0.2:      0.3) 422 ( 13.7%) |*********************
[      0.3:      0.4)  93 (  3.0%) |*****
[      0.4:      0.5) 100 (  3.2%) |*****
[      0.5:      0.6) 138 (  4.5%) |*******
[      0.6:      0.7) 116 (  3.8%) |******
[      0.7:      0.8)  78 (  2.5%) |****
[      0.8:      0.9) 135 (  4.4%) |*******
[      0.9:        1) 238 (  7.7%) |************
Router Stats: total_nets_routed: 4521 total_connections_routed: 13772 total_heap_pushes: 466046 total_heap_pops: 84196 
# Routing took 0.17 seconds (max_rss 79.5 MiB, delta_rss +0.0 MiB)

Checking to ensure routing is legal...
# Checking to ensure non-configurable edges are legal
# Checking to ensure non-configurable edges are legal took 0.00 seconds (max_rss 79.5 MiB, delta_rss +0.0 MiB)
Completed routing consistency check successfully.

Serial number (magic cookie) for the routing is: -1760558081
Circuit successfully routed with a channel width factor of 60.
# Synchronize the packed netlist to routing optimization
## Annotating rr_node with routed nets
## Annotating rr_node with routed nets took 0.00 seconds (max_rss 79.5 MiB, delta_rss +0.0 MiB)
Found 3922 mismatches between routing and packing results.
Fixed 2799 routing traces due to mismatch between routing and packing results.
# Synchronize the packed netlist to routing optimization took 0.03 seconds (max_rss 79.5 MiB, delta_rss +0.0 MiB)
Final Clustering Statistics: 
----------   --------   ------------------------------------   --------------------------
Block Type   # Blocks   Avg. # of input clocks and pins used   Avg. # of output pins used
----------   --------   ------------------------------------   --------------------------
     EMPTY          0                                      0                            0   
        io         74                               0.486486                     0.513514   
       clb        149                                20.4228                      6.95302   
   mult_36          0                                      0                            0   
    memory          0                                      0                            0   
Absorbed logical nets 1496 out of 2570 nets, 1074 nets not absorbed.


Average number of bends per net: 1.37838  Maximum # of bends: 25

Number of global nets: 1
Number of routed nets (nonglobal): 1073
Wire length results (in units of 1 clb segments)...
	Total wirelength: 13901, average net length: 12.9553
	Maximum net length: 285

Wire length results in terms of physical segments...
	Total wiring segments used: 3677, average wire segments per net: 3.42684
	Maximum segments used by a net: 79
	Total local nets with reserved CLB opins: 0
Total number of nets absorbed: 0

Routing channel utilization histogram:
[        1:      inf)   0 (  0.0%) |
[      0.9:        1)   0 (  0.0%) |
[      0.8:      0.9)  28 (  5.5%) |********
[      0.7:      0.8) 160 ( 31.2%) |***********************************************
[      0.5:      0.6)  50 (  9.8%) |***************
[      0.4:      0.5)  64 ( 12.5%) |*******************
[      0.3:      0.4)  66 ( 12.9%) |*******************
[      0.2:      0.3)  52 ( 10.2%) |***************
[      0.1:      0.2)  36 (  7.0%) |***********
[        0:      0.1)  56 ( 10.9%) |****************
Maximum routing channel utilization:      0.87 at (7,7)

X - Directed channels:   j max occ ave occ capacity
                      ---- ------- ------- --------
                         0      30  16.941       60
                         1      25  15.706       60
                         2      34  19.882       60
                         3      41  23.941       60
                         4      50  31.176       60
                         5      45  29.412       60
                         6      48  30.294       60
                         7      52  32.059       60
                         8      47  29.059       60
                         9      50  32.412       60
                        10      50  31.824       60
                        11      49  30.059       60
                        12      43  26.647       60
                        13      49  28.176       60
                        14      49  24.471       60
                        15      39  20.176       60
Y - Directed channels:   i max occ ave occ capacity
                      ---- ------- ------- --------
                         0      30  13.118       60
                         1      40  17.412       60
                         2      33  19.412       60
                         3      48  31.294       60
                         4      51  33.824       60
                         5      45  30.412       60
                         6      48  30.647       60
                         7      51  35.765       60
                         8      54  37.529       60
                         9      42  28.235       60
                        10      39  25.353       60
                        11      43  31.647       60
                        12      37  25.353       60
                        13      19  12.882       60
                        14      21  13.118       60
                        15      18   9.471       60

Total tracks in x-direction: 960, in y-direction: 960

Logic area (in minimum width transistor areas, excludes I/Os and empty grid tiles)...
	Total logic block area (Warning, need to add pitch of routing to blocks with height > 3): 1.34605e+07
	Total used logic block area: 8.03021e+06

Routing area (in minimum width transistor areas)...
	Total routing area: 1.06831e+06, per logic tile: 3696.59

Total Number of Wiring Segments by Direction: direction length number
                                              --------- ------ -------
                                                      X      4   4320
                                                      Y      4   4320

X - Directed Wiring Segment usage by length: length utilization
                                             ------ -----------
                                             4       0.434

Y - Directed Wiring Segment usage by length: length utilization
                                             ------ -----------
                                             4       0.417

Segment occupancy by length: Length utilization
                             ------ -----------
                             L4           0.426

Segment occupancy by type:              name type utilization
                           ----------------- ---- -----------
                           unnamed_segment_0    0       0.426

Final hold Worst Negative Slack (hWNS): 0 ns
Final hold Total Negative Slack (hTNS): 0 ns

Final hold slack histogram:
[  2.9e-10:  4.7e-10) 876 ( 95.1%) |***********************************************
[  4.7e-10:  6.5e-10)  17 (  1.8%) |*
[  6.5e-10:  8.2e-10)  15 (  1.6%) |*
[  8.2e-10:    1e-09)   5 (  0.5%) |
[    1e-09:  1.2e-09)   2 (  0.2%) |
[  1.2e-09:  1.4e-09)   1 (  0.1%) |
[  1.4e-09:  1.5e-09)   1 (  0.1%) |
[  1.5e-09:  1.7e-09)   1 (  0.1%) |
[  1.7e-09:  1.9e-09)   1 (  0.1%) |
[  1.9e-09:  2.1e-09)   2 (  0.2%) |

Final critical path delay (least slack): 15.749 ns, Fmax: 63.496 MHz
Final setup Worst Negative Slack (sWNS): -15.749 ns
Final setup Total Negative Slack (sTNS): -3210.22 ns

Final setup slack histogram:
[ -1.6e-08: -1.4e-08)   5 (  0.5%) |
[ -1.4e-08: -1.3e-08)   6 (  0.7%) |
[ -1.3e-08: -1.1e-08)   3 (  0.3%) |
[ -1.1e-08: -9.6e-09)  12 (  1.3%) |*
[ -9.6e-09: -8.1e-09)  42 (  4.6%) |***
[ -8.1e-09: -6.6e-09)  22 (  2.4%) |**
[ -6.6e-09:   -5e-09)  18 (  2.0%) |*
[   -5e-09: -3.5e-09) 108 ( 11.7%) |********
[ -3.5e-09:   -2e-09) 613 ( 66.6%) |***********************************************
[   -2e-09: -4.4e-10)  92 ( 10.0%) |*******

Final geomean non-virtual intra-domain period: 15.749 ns (63.496 MHz)
Final fanout-weighted geomean non-virtual intra-domain period: 15.749 ns (63.496 MHz)

Incr Slack updates 1 in 0.000118022 sec
Full Max Req/Worst Slack updates 1 in 2.1571e-05 sec
Incr Max Req/Worst Slack updates 0 in 0 sec
Incr Criticality updates 0 in 0 sec
Full Criticality updates 1 in 0.000224051 sec
Flow timing analysis took 0.247512 seconds (0.217213 STA, 0.0302994 slack) (72 full updates: 58 setup, 0 hold, 14 combined).
VPR succeeded
The entire flow of VPR took 2.30 seconds (max_rss 79.5 MiB)
Incr Slack updates 13 in 0.00153318 sec
Full Max Req/Worst Slack updates 4 in 6.8057e-05 sec
Incr Max Req/Worst Slack updates 9 in 0.000210486 sec
Incr Criticality updates 3 in 0.000508136 sec
Full Criticality updates 10 in 0.0020656 sec
	Command being timed: "/packages/apps/vtr/8.0.0-git/vpr/vpr k6_frac_N10_mem32K_40nm.xml sha --circuit_file sha.pre-vpr.blif --route_chan_width 60 --max_criticality 0.5 --seed 1"
	User time (seconds): 2.21
	System time (seconds): 0.04
	Percent of CPU this job got: 96%
	Elapsed (wall clock) time (h:mm:ss or m:ss): 0:02.33
	Average shared text size (kbytes): 0
	Average unshared data size (kbytes): 0
	Average stack size (kbytes): 0
	Average total size (kbytes): 0
	Maximum resident set size (kbytes): 81424
	Average resident set size (kbytes): 0
	Major (requiring I/O) page faults: 0
	Minor (reclaiming a frame) page faults: 41946
	Voluntary context switches: 371
	Involuntary context switches: 21
	Swaps: 0
	File system inputs: 6624
	File system outputs: 18120
	Socket messages sent: 0
	Socket messages received: 0
	Signals delivered: 0
	Page size (bytes): 4096
	Exit status: 0
