#Packing pin usage report
Type: io
	Input Pin Usage:
		Max: 1.00 (0.50)
		Avg: 0.74 (0.37)
		Min: 0.00 (0.00)
		Histogram:
		[        0:      0.2) 16 ( 25.8%) |*****************
		[      0.2:      0.4)  0 (  0.0%) |
		[      0.4:      0.6)  0 (  0.0%) |
		[      0.6:      0.8)  0 (  0.0%) |
		[      0.8:        1) 46 ( 74.2%) |************************************************
		[        1:      1.2)  0 (  0.0%) |
		[      1.2:      1.4)  0 (  0.0%) |
		[      1.4:      1.6)  0 (  0.0%) |
		[      1.6:      1.8)  0 (  0.0%) |
		[      1.8:        2)  0 (  0.0%) |
	Output Pin Usage:
		Max: 1.00 (1.00)
		Avg: 0.26 (0.26)
		Min: 0.00 (0.00)
		Histogram:
		[        0:      0.1) 46 ( 74.2%) |************************************************
		[      0.1:      0.2)  0 (  0.0%) |
		[      0.2:      0.3)  0 (  0.0%) |
		[      0.3:      0.4)  0 (  0.0%) |
		[      0.4:      0.5)  0 (  0.0%) |
		[      0.5:      0.6)  0 (  0.0%) |
		[      0.6:      0.7)  0 (  0.0%) |
		[      0.7:      0.8)  0 (  0.0%) |
		[      0.8:      0.9)  0 (  0.0%) |
		[      0.9:        1) 16 ( 25.8%) |*****************

Type: clb
	Input Pin Usage:
		Max: 32.00 (0.78)
		Avg: 24.39 (0.59)
		Min: 3.00 (0.07)
		Histogram:
		[        0:      4.1)  5 (  1.6%) |***
		[      4.1:      8.2)  5 (  1.6%) |***
		[      8.2:       12)  8 (  2.6%) |****
		[       12:       16) 12 (  3.8%) |******
		[       16:       20) 35 ( 11.2%) |*******************
		[       20:       25) 70 ( 22.4%) |*************************************
		[       25:       29) 88 ( 28.1%) |***********************************************
		[       29:       33) 90 ( 28.8%) |************************************************
		[       33:       37)  0 (  0.0%) |
		[       37:       41)  0 (  0.0%) |
	Output Pin Usage:
		Max: 10.00 (1.00)
		Avg: 4.84 (0.48)
		Min: 1.00 (0.10)
		Histogram:
		[        0:        1) 35 ( 11.2%) |**************************************
		[        1:        2) 42 ( 13.4%) |**********************************************
		[        2:        3) 33 ( 10.5%) |************************************
		[        3:        4) 30 (  9.6%) |*********************************
		[        4:        5) 44 ( 14.1%) |************************************************
		[        5:        6) 44 ( 14.1%) |************************************************
		[        6:        7) 34 ( 10.9%) |*************************************
		[        7:        8) 19 (  6.1%) |*********************
		[        8:        9) 16 (  5.1%) |*****************
		[        9:       10) 16 (  5.1%) |*****************

