/usr/bin/env time -v /packages/apps/vtr/8.0.0-git/vpr/vpr k6_N10_40nm_3.xml spla --circuit_file spla.pre-vpr.blif --reorder_rr_graph_nodes_algorithm random_shuffle
VPR FPGA Placement and Routing.
Version: 8.1.0-dev+109c5adcc
Revision: v8.0.0-9695-g109c5adcc
Compiled: 2024-02-23T09:38:13
Compiler: GNU 11.2.0 on Linux-4.18.0-348.el8.0.2.x86_64 x86_64
Build Info: release IPO VTR_ASSERT_LEVEL=2

University of Toronto
verilogtorouting.org
vtr-users@googlegroups.com
This is free open source code under MIT license.

VPR was run with the following command-line:
/packages/apps/vtr/8.0.0-git/vpr/vpr k6_N10_40nm_3.xml spla --circuit_file spla.pre-vpr.blif --reorder_rr_graph_nodes_algorithm random_shuffle


Architecture file: k6_N10_40nm_3.xml
Circuit name: spla

# Loading Architecture Description
# Loading Architecture Description took 0.00 seconds (max_rss 14.1 MiB, delta_rss +1.3 MiB)

Timing analysis: ON
Circuit netlist file: spla.net
Circuit placement file: spla.place
Circuit routing file: spla.route
Circuit SDC file: spla.sdc
Vpr floorplanning constraints file: not specified

Packer: ENABLED
Placer: ENABLED
Router: ENABLED
Analysis: ENABLED

VPR was run with the following options:

NetlistOpts.abosrb_buffer_luts            : true
NetlistOpts.sweep_dangling_primary_ios    : true
NetlistOpts.sweep_dangling_nets           : true
NetlistOpts.sweep_dangling_blocks         : true
NetlistOpts.sweep_constant_primary_outputs: false
NetlistOpts.netlist_verbosity             : 1
NetlistOpts.const_gen_inference           : COMB_SEQ

PackerOpts.allow_unrelated_clustering: auto
PackerOpts.alpha_clustering: 0.750000
PackerOpts.beta_clustering: 0.900000
PackerOpts.cluster_seed_type: BLEND2
PackerOpts.connection_driven: true
PackerOpts.global_clocks: true
PackerOpts.hill_climbing_flag: false
PackerOpts.inter_cluster_net_delay: 1.000000
PackerOpts.timing_driven: true
PackerOpts.target_external_pin_util: auto

PlacerOpts.place_freq: PLACE_ONCE
PlacerOpts.place_algorithm: CRITICALITY_TIMING_PLACE
PlacerOpts.pad_loc_type: FREE
PlacerOpts.constraints_file: No constraints file given
PlacerOpts.place_cost_exp: 1.000000
PlacerOpts.place_chan_width: 100
PlacerOpts.inner_loop_recompute_divider: 0
PlacerOpts.recompute_crit_iter: 1
PlacerOpts.timing_tradeoff: 0.500000
PlacerOpts.td_place_exp_first: 1.000000
PlacerOpts.td_place_exp_last: 8.000000
PlacerOpts.delay_offset: 0.000000
PlacerOpts.delay_ramp_delta_threshold: -1
PlacerOpts.delay_ramp_slope: 0.000000
PlacerOpts.tsu_rel_margin: 1.000000
PlacerOpts.tsu_abs_margin: 0.000000
PlacerOpts.post_place_timing_report_file: 
PlacerOpts.allowed_tiles_for_delay_model: 
PlacerOpts.delay_model_reducer: MIN
PlacerOpts.delay_model_type: DELTA
PlacerOpts.rlim_escape_fraction: 0.000000
PlacerOpts.move_stats_file: 
PlacerOpts.placement_saves_per_temperature: 0
PlacerOpts.effort_scaling: CIRCUIT
PlacerOpts.place_delta_delay_matrix_calculation_method: ASTAR_ROUTE
PlaceOpts.seed: 1
AnnealSched.type: AUTO_SCHED
AnnealSched.inner_num: 0.500000

RouterOpts.route_type: DETAILED
RouterOpts.flat_routing: false
RouterOpts.has_choking_spot: false
RouterOpts.router_algorithm: TIMING_DRIVEN
RouterOpts.base_cost_type: DELAY_NORMALIZED_LENGTH
RouterOpts.fixed_channel_width: NO_FIXED_CHANNEL_WIDTH
RouterOpts.check_route: FULL
RouterOpts.acc_fac: 1.000000
RouterOpts.bb_factor: 3
RouterOpts.bend_cost: 0.000000
RouterOpts.first_iter_pres_fac: 0.000000
RouterOpts.initial_pres_fac: 0.500000
RouterOpts.pres_fac_mult: 1.300000
RouterOpts.max_router_iterations: 50
RouterOpts.min_incremental_reroute_fanout: 16
RouterOpts.do_check_rr_graph: true
RouterOpts.verify_binary_search: false
RouterOpts.min_channel_width_hint: 0
RouterOpts.read_rr_edge_metadata: false
RouterOpts.exit_after_first_routing_iteration: false
RouterOpts.astar_fac: 1.200000
RouterOpts.router_profiler_astar_fac: 1.200000
RouterOpts.criticality_exp: 1.000000
RouterOpts.max_criticality: 0.990000
RouterOpts.init_wirelength_abort_threshold: 0.850000
RouterOpts.save_routing_per_iteration: false
RouterOpts.congested_routing_iteration_threshold_frac: 1.000000
RouterOpts.high_fanout_threshold: 64
RouterOpts.router_debug_net: -2
RouterOpts.router_debug_sink_rr: -2
RouterOpts.router_debug_iteration: -2
RouterOpts.max_convergence_count: 1
RouterOpts.reconvergence_cpd_threshold: 0.990000
RouterOpts.update_lower_bound_delays: true
RouterOpts.first_iteration_timing_report_file: 
RouterOpts.incr_reroute_delay_ripup: AUTO
RouterOpts.route_bb_update: DYNAMIC
RouterOpts.lookahead_type: MAP
RouterOpts.initial_timing: LOOKAHEAD
RouterOpts.router_heap: BINARY_HEAP
RouterOpts.routing_failure_predictor = SAFE
RouterOpts.routing_budgets_algorithm = DISABLE

AnalysisOpts.gen_post_synthesis_netlist: false
AnalysisOpts.timing_report_npaths: 100
AnalysisOpts.timing_report_skew: false
AnalysisOpts.echo_dot_timing_graph_node: -1
AnalysisOpts.timing_report_detail: NETLIST
AnalysisOpts.post_synth_netlist_unconn_input_handling: UNCONNECTED
AnalysisOpts.post_synth_netlist_unconn_output_handling: UNCONNECTED

# Building complex block graph
Warning 1: io[0].clock[0] unconnected pin in architecture.
# Building complex block graph took 0.00 seconds (max_rss 15.9 MiB, delta_rss +1.8 MiB)
Circuit file: spla.pre-vpr.blif
# Load circuit
# Load circuit took 0.03 seconds (max_rss 22.8 MiB, delta_rss +6.9 MiB)
# Clean circuit
Absorbed 0 LUT buffers
Inferred    0 additional primitive pins as constant generators since they have no combinationally connected inputs
Inferred    0 additional primitive pins as constant generators due to constant inputs
Swept input(s)      : 0
Swept output(s)     : 0 (0 dangling, 0 constant)
Swept net(s)        : 0
Swept block(s)      : 0
Constant Pins Marked: 0
# Clean circuit took 0.00 seconds (max_rss 22.8 MiB, delta_rss +0.0 MiB)
# Compress circuit
# Compress circuit took 0.01 seconds (max_rss 22.8 MiB, delta_rss +0.0 MiB)
# Verify circuit
# Verify circuit took 0.00 seconds (max_rss 22.8 MiB, delta_rss +0.0 MiB)
Circuit Statistics:
  Blocks: 3067
    .input :      16
    .output:      46
    6-LUT  :    3005
  Nets  : 3021
    Avg Fanout:     5.4
    Max Fanout:  1045.0
    Min Fanout:     1.0
  Netlist Clocks: 0
# Build Timing Graph
  Timing Graph Nodes: 19473
  Timing Graph Edges: 32858
  Timing Graph Levels: 14
# Build Timing Graph took 0.02 seconds (max_rss 27.2 MiB, delta_rss +4.3 MiB)
Netlist contains 0 clocks
# Load Timing Constraints

SDC file 'spla.sdc' not found
Setting default timing constraints:
   * constrain all primay inputs and primary outputs on a virtual external clock 'virtual_io_clock'
   * optimize virtual clock to run as fast as possible
Timing constraints created 1 clocks
  Constrained Clock 'virtual_io_clock' (Virtual Clock)

# Load Timing Constraints took 0.00 seconds (max_rss 27.2 MiB, delta_rss +0.0 MiB)
# Packing
Begin packing 'spla.pre-vpr.blif'.

After removing unused inputs...
	total blocks: 3067, total nets: 3021, total inputs: 16, total outputs: 46
Begin prepacking.
0 attraction groups were created during prepacking.
Finish prepacking.
Using inter-cluster delay: 1.33777e-09
Packing with pin utilization targets: io:1,1 clb:0.8,1
Packing with high fanout thresholds: io:128 clb:32
Starting Clustering - Clustering Progress: 
-------------------   --------------------------   ---------
Molecules processed   Number of clusters created   FPGA size
-------------------   --------------------------   ---------
   122/3067      3%                           13     6 x 6     
   244/3067      7%                           25     8 x 8     
   366/3067     11%                           38     9 x 9     
   488/3067     15%                           50    10 x 10    
   610/3067     19%                           62    10 x 10    
   732/3067     23%                           74    11 x 11    
   854/3067     27%                           87    12 x 12    
   976/3067     31%                           99    12 x 12    
  1098/3067     35%                          111    13 x 13    
  1220/3067     39%                          123    14 x 14    
  1342/3067     43%                          136    14 x 14    
  1464/3067     47%                          148    15 x 15    
  1586/3067     51%                          160    15 x 15    
  1708/3067     55%                          172    16 x 16    
  1830/3067     59%                          184    16 x 16    
  1952/3067     63%                          197    17 x 17    
  2074/3067     67%                          209    17 x 17    
  2196/3067     71%                          221    17 x 17    
  2318/3067     75%                          233    18 x 18    
  2440/3067     79%                          245    18 x 18    
  2562/3067     83%                          258    19 x 19    
  2684/3067     87%                          271    19 x 19    
  2806/3067     91%                          283    19 x 19    
  2928/3067     95%                          296    20 x 20    
  3050/3067     99%                          357    20 x 20    

Logic Element (fle) detailed count:
  Total number of Logic Elements used : 3005
  LEs used for logic and registers    : 0
  LEs used for logic only             : 3005
  LEs used for registers only         : 0

Incr Slack updates 1 in 0.000273615 sec
Full Max Req/Worst Slack updates 1 in 2.345e-06 sec
Incr Max Req/Worst Slack updates 0 in 0 sec
Incr Criticality updates 0 in 0 sec
Full Criticality updates 1 in 0.000410622 sec
FPGA sized to 20 x 20 (auto)
Device Utilization: 0.80 (target 1.00)
	Block Utilization: 0.11 Type: io
	Block Utilization: 0.97 Type: clb

Start the iterative improvement process
the iterative improvement process is done
Final Clustering Statistics: 
----------   --------   ------------------------------------   --------------------------
Block Type   # Blocks   Avg. # of input clocks and pins used   Avg. # of output pins used
----------   --------   ------------------------------------   --------------------------
     EMPTY          0                                      0                            0   
        io         62                               0.741935                     0.258065   
       clb        313                                24.3866                      4.84345   
Absorbed logical nets 1489 out of 3021 nets, 1532 nets not absorbed.

Netlist conversion complete.

# Packing took 0.84 seconds (max_rss 47.9 MiB, delta_rss +20.8 MiB)
# Load packing
Begin loading packed FPGA netlist file.
Netlist generated from file 'spla.net'.
Detected 0 constant generators (to see names run with higher pack verbosity)
Finished loading packed FPGA netlist file (took 0.231714 seconds).
Warning 2: Treated 0 constant nets as global which will not be routed (to see net names increase packer verbosity).
# Load packing took 0.24 seconds (max_rss 85.3 MiB, delta_rss +37.4 MiB)
Warning 3: Netlist contains 0 global net to non-global architecture pin connections
Cluster level netlist and block usage statistics
Netlist num_nets: 1532
Netlist num_blocks: 375
Netlist EMPTY blocks: 0.
Netlist io blocks: 62.
Netlist clb blocks: 313.
Netlist inputs pins: 16
Netlist output pins: 46

Pb types usage...
  io         : 62
   inpad     : 16
   outpad    : 46
  clb        : 313
   fle       : 3005
    ble6     : 3005
     lut6    : 3005
      lut    : 3005

# Create Device
## Build Device Grid
FPGA sized to 20 x 20: 400 grid tiles (auto)

Resource usage...
	Netlist
		62	blocks of type: io
	Architecture
		576	blocks of type: io
	Netlist
		313	blocks of type: clb
	Architecture
		324	blocks of type: clb

Device Utilization: 0.80 (target 1.00)
	Physical Tile io:
	Block Utilization: 0.11 Logical Block: io
	Physical Tile clb:
	Block Utilization: 0.97 Logical Block: clb

FPGA size limited by block type(s): clb

## Build Device Grid took 0.00 seconds (max_rss 85.3 MiB, delta_rss +0.0 MiB)
## Build routing resource graph
SOURCE->OPIN and IPIN->SINK edge count:18252
OPIN->CHANX/CHANY edge count before creating direct connections: 93680
OPIN->CHANX/CHANY edge count after creating direct connections: 93680
CHAN->CHAN type edge count:1484353
## Build routing resource graph took 0.64 seconds (max_rss 85.3 MiB, delta_rss +0.0 MiB)
  RR Graph Nodes: 40900
  RR Graph Edges: 1596285
# Create Device took 0.65 seconds (max_rss 85.3 MiB, delta_rss +0.0 MiB)

# Computing router lookahead map
## Computing wire lookahead
## Computing wire lookahead took 1.07 seconds (max_rss 85.3 MiB, delta_rss +0.0 MiB)
## Computing src/opin lookahead
Warning 4: Found no sample locations for EMPTY
Warning 5: Found no more sample locations for SOURCE in io
Warning 6: Found no more sample locations for OPIN in io
Warning 7: Found no more sample locations for SOURCE in clb
Warning 8: Found no more sample locations for OPIN in clb
## Computing src/opin lookahead took 0.00 seconds (max_rss 85.3 MiB, delta_rss +0.0 MiB)
# Computing router lookahead map took 1.08 seconds (max_rss 85.3 MiB, delta_rss +0.0 MiB)
# Computing placement delta delay look-up
## Build routing resource graph
SOURCE->OPIN and IPIN->SINK edge count:18252
OPIN->CHANX/CHANY edge count before creating direct connections: 91584
OPIN->CHANX/CHANY edge count after creating direct connections: 91584
CHAN->CHAN type edge count:1425300
## Build routing resource graph took 0.61 seconds (max_rss 85.3 MiB, delta_rss +0.0 MiB)
  RR Graph Nodes: 40104
  RR Graph Edges: 1535136
## Computing router lookahead map
### Computing wire lookahead
### Computing wire lookahead took 1.04 seconds (max_rss 85.3 MiB, delta_rss +0.0 MiB)
### Computing src/opin lookahead
Warning 9: Found no sample locations for EMPTY
Warning 10: Found no more sample locations for SOURCE in io
Warning 11: Found no more sample locations for OPIN in io
Warning 12: Found no more sample locations for SOURCE in clb
Warning 13: Found no more sample locations for OPIN in clb
### Computing src/opin lookahead took 0.00 seconds (max_rss 85.3 MiB, delta_rss +0.0 MiB)
## Computing router lookahead map took 1.04 seconds (max_rss 85.3 MiB, delta_rss +0.0 MiB)
## Computing delta delays
## Computing delta delays took 0.02 seconds (max_rss 85.3 MiB, delta_rss +0.0 MiB)
# Computing placement delta delay look-up took 1.68 seconds (max_rss 85.3 MiB, delta_rss +0.0 MiB)

Bounding box mode is Cube

Using simple RL 'Softmax agent' for choosing move and block types
# Placement
## Initial Placement
Initial placement iteration 0 has finished successfully
## Initial Placement took 0.00 seconds (max_rss 85.3 MiB, delta_rss +0.0 MiB)

There are 7679 point to point connections in this circuit.


BB estimate of min-dist (placement) wire length: 31883

Completed placement consistency check successfully.
Initial placement cost: 1 bb_cost: 332.112 td_cost: 3.75062e-06
Initial placement estimated Critical Path Delay (CPD): 10.4793 ns
Initial placement estimated setup Total Negative Slack (sTNS): -313.373 ns
Initial placement estimated setup Worst Negative Slack (sWNS): -10.4793 ns

Initial placement estimated setup slack histogram:
[   -1e-08: -9.7e-09) 1 (  2.2%) |******
[ -9.7e-09: -8.9e-09) 6 ( 13.0%) |*************************************
[ -8.9e-09: -8.1e-09) 8 ( 17.4%) |*************************************************
[ -8.1e-09: -7.3e-09) 7 ( 15.2%) |*******************************************
[ -7.3e-09: -6.5e-09) 1 (  2.2%) |******
[ -6.5e-09: -5.8e-09) 6 ( 13.0%) |*************************************
[ -5.8e-09:   -5e-09) 8 ( 17.4%) |*************************************************
[   -5e-09: -4.2e-09) 4 (  8.7%) |*************************
[ -4.2e-09: -3.4e-09) 3 (  6.5%) |******************
[ -3.4e-09: -2.6e-09) 2 (  4.3%) |************
Placement contains 0 placement macros involving 0 blocks (average macro size -nan)

Moves per temperature: 1351
Warning 14: Starting t: 146 of 375 configurations accepted.

---- ------ ------- ------- ---------- ---------- ------- ---------- -------- ------- ------- ------ -------- --------- ------
Tnum   Time       T Av Cost Av BB Cost Av TD Cost     CPD       sTNS     sWNS Ac Rate Std Dev  R lim Crit Exp Tot Moves  Alpha
      (sec)                                          (ns)       (ns)     (ns)                                                 
---- ------ ------- ------- ---------- ---------- ------- ---------- -------- ------- ------- ------ -------- --------- ------
   1    0.0 4.0e-04   0.953     283.32 3.3979e-06   9.637       -292   -9.637   0.434  0.0207   19.0     1.00      1351  0.200
   2    0.0 3.8e-04   0.982     270.90 3.0343e-06  10.217       -274  -10.217   0.380  0.0081   18.9     1.04      2702  0.950
   3    0.0 3.6e-04   0.990     267.90 2.7007e-06   8.913       -267   -8.913   0.390  0.0076   17.8     1.48      4053  0.950
   4    0.0 3.5e-04   0.982     259.75 2.4367e-06   8.711       -265   -8.711   0.327  0.0087   16.9     1.83      5404  0.950
   5    0.0 3.3e-04   0.979     257.78 1.8693e-06   8.771       -272   -8.771   0.325  0.0115   15.0     2.57      6755  0.950
   6    0.0 3.1e-04   0.979     256.52 1.1557e-06   8.861       -262   -8.861   0.334  0.0100   13.2     3.24      8106  0.950
   7    0.0 3.0e-04   0.974     253.98 8.9694e-07   8.982       -262   -8.982   0.343  0.0129   11.8     3.79      9457  0.950
   8    0.0 2.8e-04   0.978     250.19 9.5697e-07   8.045       -243   -8.045   0.344  0.0099   10.7     4.23     10808  0.950
   9    0.0 2.7e-04   0.977     247.97 4.728e-07    9.175       -250   -9.175   0.309  0.0109    9.7     4.63     12159  0.950
  10    0.0 2.5e-04   0.970     246.69 5.9822e-07   8.372       -248   -8.372   0.319  0.0138    8.4     5.12     13510  0.950
  11    0.0 2.4e-04   0.973     245.27 8.3017e-07   7.555       -247   -7.555   0.310  0.0103    7.4     5.52     14861  0.950
  12    0.0 2.3e-04   0.973     244.37 6.0015e-07   8.122       -255   -8.122   0.321  0.0157    6.4     5.89     16212  0.950
  13    0.0 2.2e-04   0.966     242.33 5.7145e-07   7.779       -243   -7.779   0.278  0.0142    5.7     6.19     17563  0.950
  14    0.0 2.1e-04   0.968     242.80 4.6709e-07   7.689       -244   -7.689   0.286  0.0142    4.7     6.55     18914  0.950
  15    0.0 2.0e-04   0.963     242.94 3.0141e-07   8.024       -245   -8.024   0.292  0.0167    4.0     6.83     20265  0.950
  16    0.0 1.9e-04   0.957     238.13 4.5775e-07   7.548       -240   -7.548   0.322  0.0225    3.4     7.06     21616  0.950
  17    0.0 1.8e-04   0.980     236.28 3.3124e-07   7.954       -237   -7.954   0.269  0.0124    3.0     7.22     22967  0.950
  18    0.0 1.7e-04   0.971     232.61 3.6041e-07   7.554       -236   -7.554   0.489  0.0147    2.5     7.42     24318  0.950
  19    0.0 1.6e-04   0.980     229.47 3.3042e-07   7.641       -235   -7.641   0.474  0.0115    2.6     7.37     25669  0.950
  20    0.0 1.5e-04   0.977     227.69 4.4921e-07   7.477       -234   -7.477   0.454  0.0113    2.7     7.34     27020  0.950
  21    0.0 1.4e-04   0.984     225.05 3.8374e-07   7.542       -226   -7.542   0.420  0.0079    2.7     7.32     28371  0.950
  22    0.0 1.4e-04   0.984     223.86 4.1085e-07   7.542       -228   -7.542   0.408  0.0095    2.7     7.34     29722  0.950
  23    0.0 1.3e-04   0.982     224.50 5.3315e-07   7.136       -227   -7.136   0.412  0.0084    2.6     7.38     31073  0.950
  24    0.0 1.2e-04   0.987     223.88 5.5319e-07   7.149       -228   -7.149   0.392  0.0071    2.5     7.40     32424  0.950
  25    0.0 1.2e-04   0.981     222.03 3.9034e-07   7.530       -234   -7.530   0.376  0.0101    2.4     7.45     33775  0.950
  26    0.0 1.1e-04   0.986     222.23 5.3066e-07   7.238       -224   -7.238   0.353  0.0078    2.3     7.51     35126  0.950
  27    0.0 1.1e-04   0.989     221.44 5.6563e-07   7.016       -221   -7.016   0.350  0.0051    2.1     7.59     36477  0.950
  28    0.0 1.0e-04   0.993     221.88 4.7403e-07   7.169       -222   -7.169   0.414  0.0041    1.9     7.66     37828  0.950
  29    0.0 9.6e-05   0.994     221.84 6.2998e-07   6.861       -221   -6.861   0.437  0.0040    1.8     7.68     39179  0.950
  30    0.0 9.1e-05   0.992     221.00 4.2013e-07   7.232       -221   -7.232   0.403  0.0043    1.8     7.68     40530  0.950
  31    0.0 8.7e-05   0.990     219.30 5.4636e-07   7.016       -221   -7.016   0.376  0.0044    1.8     7.71     41881  0.950
  32    0.0 8.2e-05   0.994     217.75 4.8496e-07   7.080       -218   -7.080   0.325  0.0025    1.6     7.75     43232  0.950
  33    0.0 7.8e-05   0.994     216.83 5.9153e-07   6.860       -215   -6.860   0.321  0.0032    1.5     7.82     44583  0.950
  34    0.0 7.4e-05   0.994     216.56 3.3688e-07   7.347       -218   -7.347   0.303  0.0024    1.3     7.89     45934  0.950
  35    0.0 7.1e-05   0.994     215.94 5.933e-07    6.815       -216   -6.815   0.306  0.0031    1.1     7.96     47285  0.950
  36    0.0 6.7e-05   0.995     215.84 5.7062e-07   6.796       -215   -6.796   0.309  0.0021    1.0     8.00     48636  0.950
  37    0.0 6.4e-05   0.995     215.52 4.8434e-07   6.957       -216   -6.957   0.299  0.0035    1.0     8.00     49987  0.950
  38    0.0 6.1e-05   0.995     215.11 4.4846e-07   7.026       -212   -7.026   0.272  0.0029    1.0     8.00     51338  0.950
  39    0.0 5.8e-05   0.994     213.93 4.9289e-07   6.972       -214   -6.972   0.264  0.0027    1.0     8.00     52689  0.950
  40    0.0 5.5e-05   0.995     213.53 5.5932e-07   6.857       -217   -6.857   0.241  0.0025    1.0     8.00     54040  0.950
  41    0.0 5.2e-05   0.996     213.37 5.054e-07    6.831       -216   -6.831   0.218  0.0022    1.0     8.00     55391  0.950
  42    0.0 4.9e-05   0.997     212.59 5.2954e-07   6.791       -216   -6.791   0.223  0.0011    1.0     8.00     56742  0.950
  43    0.0 4.7e-05   0.997     212.55 3.6592e-07   7.101       -214   -7.101   0.205  0.0020    1.0     8.00     58093  0.950
  44    0.0 4.5e-05   0.996     212.72 4.3977e-07   6.900       -212   -6.900   0.203  0.0018    1.0     8.00     59444  0.950
  45    0.0 4.2e-05   0.997     212.80 5.3716e-07   6.726       -212   -6.726   0.183  0.0017    1.0     8.00     60795  0.950
  46    0.0 4.0e-05   0.995     212.05 4.7494e-07   6.802       -213   -6.802   0.190  0.0022    1.0     8.00     62146  0.950
  47    0.0 3.8e-05   0.996     212.10 4.0891e-07   6.940       -213   -6.940   0.173  0.0017    1.0     8.00     63497  0.950
  48    0.0 3.6e-05   0.997     211.81 5.3327e-07   6.686       -210   -6.686   0.144  0.0015    1.0     8.00     64848  0.950
  49    0.0 2.9e-05   0.998     211.51 5.0453e-07   6.686       -211   -6.686   0.125  0.0010    1.0     8.00     66199  0.800
Agent's 2nd state: 
Checkpoint saved: bb_costs=211.677, TD costs=5.92034e-07, CPD=  6.550 (ns) 
  50    0.0 2.3e-05   0.998     211.38 5.9036e-07   6.550       -210   -6.550   0.102  0.0009    1.0     8.00     67550  0.800
  51    0.0 1.9e-05   0.997     211.23 5.2058e-07   6.686       -210   -6.686   0.106  0.0013    1.0     8.00     68901  0.800
  52    0.0 1.5e-05   0.997     210.59 6.0731e-07   6.550       -209   -6.550   0.095  0.0017    1.0     8.00     70252  0.800
  53    0.0 1.2e-05   0.999     210.32 5.273e-07    6.686       -210   -6.686   0.051  0.0008    1.0     8.00     71603  0.800
  54    0.0 9.5e-06   0.998     210.45 5.5637e-07   6.622       -210   -6.622   0.055  0.0009    1.0     8.00     72954  0.800
  55    0.0 7.6e-06   0.999     210.23 5.6818e-07   6.565       -209   -6.565   0.054  0.0005    1.0     8.00     74305  0.800
Checkpoint saved: bb_costs=210.264, TD costs=5.99016e-07, CPD=  6.540 (ns) 
  56    0.0 6.1e-06   0.999     210.34 5.9721e-07   6.540       -208   -6.540   0.034  0.0006    1.0     8.00     75656  0.800
  57    0.0 4.9e-06   0.999     210.45 5.6561e-07   6.565       -208   -6.565   0.040  0.0006    1.0     8.00     77007  0.800
  58    0.0 3.9e-06   0.999     210.42 5.3755e-07   6.616       -208   -6.616   0.038  0.0005    1.0     8.00     78358  0.800
  59    0.0 0.0e+00   0.999     210.37 5.9579e-07   6.525       -208   -6.525   0.027  0.0007    1.0     8.00     79709  0.800
## Placement Quench took 0.01 seconds (max_rss 85.3 MiB)
post-quench CPD = 6.81104 (ns) 

Checkpoint restored

BB estimate of min-dist (placement) wire length: 20185

Completed placement consistency check successfully.

Swaps called: 80084

Aborted Move Reasons:
  No moves aborted

Placement estimated critical path delay (least slack): 6.54003 ns, Fmax: 152.904 MHz
Placement estimated setup Worst Negative Slack (sWNS): -6.54003 ns
Placement estimated setup Total Negative Slack (sTNS): -208.464 ns

Placement estimated setup slack histogram:
[ -6.5e-09:   -6e-09)  8 ( 17.4%) |***********************************
[   -6e-09: -5.5e-09) 10 ( 21.7%) |********************************************
[ -5.5e-09:   -5e-09)  1 (  2.2%) |****
[   -5e-09: -4.5e-09)  1 (  2.2%) |****
[ -4.5e-09:   -4e-09) 11 ( 23.9%) |************************************************
[   -4e-09: -3.5e-09)  2 (  4.3%) |*********
[ -3.5e-09:   -3e-09)  6 ( 13.0%) |**************************
[   -3e-09: -2.5e-09)  3 (  6.5%) |*************
[ -2.5e-09:   -2e-09)  2 (  4.3%) |*********
[   -2e-09: -1.5e-09)  2 (  4.3%) |*********

Placement estimated geomean non-virtual intra-domain period: nan ns (nan MHz)
Placement estimated fanout-weighted geomean non-virtual intra-domain period: nan ns (nan MHz)

Placement cost: 1, bb_cost: 210.264, td_cost: 5.99016e-07, 

Placement resource usage:
  io  implemented as io : 62
  clb implemented as clb: 313

Placement number of temperatures: 59
Placement total # of swap attempts: 80084
	Swaps accepted: 22094 (27.6 %)
	Swaps rejected: 54544 (68.1 %)
	Swaps aborted:  3446 ( 4.3 %)


Placement perturbation distribution by block and move type: 
------------------ ----------------- ---------------- ---------------- --------------- ------------ 
    Block Type         Move Type       (%) of Total      Accepted(%)     Rejected(%)    Aborted(%)
------------------ ----------------- ---------------- ---------------- --------------- ------------ 
io                 Uniform                3.91             54.48           45.52          0.00         
                   Median                 3.65             39.63           17.15          43.22        
                   Centroid               3.87             48.18           27.59          24.23        
                   W. Centroid            3.78             51.72           25.71          22.57        
                   W. Median              0.38             9.77            29.32          60.91        
                   Crit. Uniform          0.79             3.82            96.18          0.00         
                   Feasible Region        0.82             2.29            69.31          28.40        

clb                Uniform                19.91            21.94           78.06          0.00         
                   Median                 19.19            32.32           65.62          2.06         
                   Centroid               19.44            23.97           76.03          0.00         
                   W. Centroid            19.11            24.25           75.75          0.00         
                   W. Median              1.98             6.61            89.80          3.59         
                   Crit. Uniform          1.57             5.16            94.84          0.00         
                   Feasible Region        1.59             1.65            98.35          0.00         


Placement Quench timing analysis took 0.00305717 seconds (0.00244006 STA, 0.00061711 slack) (1 full updates: 1 setup, 0 hold, 0 combined).
Placement Total  timing analysis took 0.21936 seconds (0.183523 STA, 0.0358367 slack) (62 full updates: 62 setup, 0 hold, 0 combined).
update_td_costs: connections 0 nets 0 sum_nets 0 total 0
# Placement took 0.85 seconds (max_rss 85.3 MiB, delta_rss +0.0 MiB)

# Routing
Initializing minimum channel width search based on maximum CLB pins

Attempting to route at 52 channels (binary search bounds: [-1, -1])
## Build routing resource graph
SOURCE->OPIN and IPIN->SINK edge count:18252
OPIN->CHANX/CHANY edge count before creating direct connections: 47888
OPIN->CHANX/CHANY edge count after creating direct connections: 47888
CHAN->CHAN type edge count:772009
## Build routing resource graph took 0.32 seconds (max_rss 85.3 MiB, delta_rss +0.0 MiB)
  RR Graph Nodes: 31324
  RR Graph Edges: 838149
## Computing router lookahead map
### Computing wire lookahead
### Computing wire lookahead took 0.65 seconds (max_rss 85.3 MiB, delta_rss +0.0 MiB)
### Computing src/opin lookahead
Warning 15: Found no sample locations for EMPTY
Warning 16: Found no more sample locations for SOURCE in io
Warning 17: Found no more sample locations for OPIN in io
Warning 18: Found no more sample locations for SOURCE in clb
Warning 19: Found no more sample locations for OPIN in clb
### Computing src/opin lookahead took 0.00 seconds (max_rss 85.3 MiB, delta_rss +0.0 MiB)
## Computing router lookahead map took 0.65 seconds (max_rss 85.3 MiB, delta_rss +0.0 MiB)
## Initializing router criticalities
Initial Net Connection Criticality Histogram:
[        0:      0.1)    0 (  0.0%) |
[      0.1:      0.2)    3 (  0.0%) |
[      0.2:      0.3)   32 (  0.4%) |*
[      0.3:      0.4)  103 (  1.3%) |**
[      0.4:      0.5)  347 (  4.5%) |******
[      0.5:      0.6)  791 ( 10.3%) |***************
[      0.6:      0.7) 1770 ( 23.0%) |*********************************
[      0.7:      0.8) 2498 ( 32.5%) |**********************************************
[      0.8:      0.9) 1632 ( 21.3%) |******************************
[      0.9:        1)  503 (  6.6%) |*********
## Initializing router criticalities took 0.06 seconds (max_rss 85.3 MiB, delta_rss +0.0 MiB)
---- ------ ------- ---- ------- ------- ------- ----------------- --------------- -------- ---------- ---------- ---------- ---------- --------
Iter   Time    pres  BBs    Heap  Re-Rtd  Re-Rtd Overused RR Nodes      Wirelength      CPD       sTNS       sWNS       hTNS       hWNS Est Succ
      (sec)     fac Updt    push    Nets   Conns                                       (ns)       (ns)       (ns)       (ns)       (ns)     Iter
---- ------ ------- ---- ------- ------- ------- ----------------- --------------- -------- ---------- ---------- ---------- ---------- --------
   1    0.0     0.0    0  341276    1532    7679    3650 (11.652%)   23329 (65.6%)    7.352     -237.5     -7.352      0.000      0.000      N/A
Incr Slack updates 62 in 0.0113839 sec
Full Max Req/Worst Slack updates 42 in 7.1356e-05 sec
Incr Max Req/Worst Slack updates 20 in 3.7798e-05 sec
Incr Criticality updates 1 in 0.000328908 sec
Full Criticality updates 61 in 0.0224194 sec
   2    0.0     0.5    0  331061    1493    7579    1970 ( 6.289%)   23504 (66.1%)    7.324     -239.0     -7.324      0.000      0.000      N/A
   3    0.0     0.6    0  301196    1260    6617    2104 ( 6.717%)   23647 (66.5%)    7.352     -240.3     -7.352      0.000      0.000      N/A
   4    0.0     0.8    0  316635    1240    6673    1987 ( 6.343%)   23776 (66.8%)    7.354     -239.6     -7.354      0.000      0.000      N/A
   5    0.0     1.1    0  321616    1104    6415    1409 ( 4.498%)   23800 (66.9%)    7.352     -239.0     -7.352      0.000      0.000      N/A
   6    0.0     1.4    0  326457     944    6201    1134 ( 3.620%)   23694 (66.6%)    7.441     -241.0     -7.441      0.000      0.000      N/A
   7    0.0     1.9    0  303635     776    5308     943 ( 3.010%)   23958 (67.4%)    7.397     -244.6     -7.397      0.000      0.000      N/A
   8    0.0     2.4    0  291324     682    4802     728 ( 2.324%)   24161 (67.9%)    7.354     -244.1     -7.354      0.000      0.000      N/A
   9    0.0     3.1    2  243174     559    3774     569 ( 1.816%)   24190 (68.0%)    7.354     -244.8     -7.354      0.000      0.000      N/A
  10    0.0     4.1    2  235456     517    3636     459 ( 1.465%)   24546 (69.0%)    7.354     -244.4     -7.354      0.000      0.000       37
  11    0.0     5.3    1  214409     439    2969     353 ( 1.127%)   25040 (70.4%)    7.354     -245.2     -7.354      0.000      0.000       36
  12    0.0     6.9    1  193540     358    2647     293 ( 0.935%)   25347 (71.3%)    7.405     -246.6     -7.405      0.000      0.000       36
  13    0.0     9.0    3  182525     342    2370     240 ( 0.766%)   25676 (72.2%)    7.434     -252.4     -7.434      0.000      0.000       36
  14    0.0    11.6    1  158082     284    1972     192 ( 0.613%)   26048 (73.2%)    7.828     -257.7     -7.828      0.000      0.000       37
  15    0.0    15.1    1  106097     221    1143     119 ( 0.380%)   26334 (74.0%)    9.092     -269.6     -9.092      0.000      0.000       38
  16    0.0    19.7    0   86470     163     654      91 ( 0.291%)   26989 (75.9%)    8.708     -275.2     -8.708      0.000      0.000       35
  17    0.0    25.6    2  101309     143     814      64 ( 0.204%)   27348 (76.9%)    9.127     -287.0     -9.127      0.000      0.000       34
  18    0.0    33.3    3   90038     116     694      65 ( 0.208%)   27509 (77.3%)    9.093     -286.3     -9.093      0.000      0.000       33
  19    0.0    43.3    3   58732     108     395      42 ( 0.134%)   27743 (78.0%)    8.395     -276.1     -8.395      0.000      0.000       33
  20    0.0    56.2    1   61320     104     315      44 ( 0.140%)   27858 (78.3%)    9.374     -279.2     -9.374      0.000      0.000       33
  21    0.0    73.1    1   56815      64     265      27 ( 0.086%)   28030 (78.8%)    9.679     -287.7     -9.679      0.000      0.000       34
  22    0.0    95.0    0   40688      52     306      24 ( 0.077%)   28105 (79.0%)    8.738     -282.0     -8.738      0.000      0.000       34
  23    0.0   123.5    0   44547      73     233      21 ( 0.067%)   28217 (79.3%)   10.720     -294.8    -10.720      0.000      0.000       34
  24    0.0   160.6    1   22094      36     116      22 ( 0.070%)   28371 (79.8%)   10.122     -309.0    -10.122      0.000      0.000       35
  25    0.0   208.8    3   62224      61     207      20 ( 0.064%)   28726 (80.8%)   11.272     -310.3    -11.272      0.000      0.000       36
  26    0.0   271.4    0   35955      35     117      21 ( 0.067%)   28835 (81.1%)   10.717     -305.5    -10.717      0.000      0.000       38
  27    0.0   352.8    2   78417      56     360      29 ( 0.093%)   29106 (81.8%)   12.018     -334.6    -12.018      0.000      0.000       40
  28    0.0   458.7    3   22934      51     149      22 ( 0.070%)   29146 (81.9%)   10.859     -333.4    -10.859      0.000      0.000       44
  29    0.0   596.3    1   65240      52     187      22 ( 0.070%)   29239 (82.2%)   10.980     -328.3    -10.980      0.000      0.000       49
  30    0.0   775.1    1   33383      38     116      15 ( 0.048%)   29316 (82.4%)   10.346     -324.3    -10.346      0.000      0.000       52
  31    0.0  1007.7    0   70604      46     125      13 ( 0.042%)   29331 (82.5%)   10.346     -321.9    -10.346      0.000      0.000       56
  32    0.0  1310.0    0   55748      35     103      11 ( 0.035%)   29341 (82.5%)   10.346     -322.0    -10.346      0.000      0.000       56
  33    0.0  1703.0    0   81691      36     118       9 ( 0.029%)   29473 (82.9%)   10.346     -324.5    -10.346      0.000      0.000       58
  34    0.0  2213.9    1   49156      37     105       8 ( 0.026%)   29460 (82.8%)   10.249     -320.8    -10.249      0.000      0.000       57
  35    0.0  2878.1    0   36602      36      86       5 ( 0.016%)   29497 (82.9%)   10.249     -320.7    -10.249      0.000      0.000       56
  36    0.0  3741.5    0   39031      36      98       4 ( 0.013%)   29579 (83.2%)   12.221     -324.2    -12.221      0.000      0.000       54
  37    0.0  4863.9    1    4996       9      19       4 ( 0.013%)   29543 (83.1%)   10.249     -320.7    -10.249      0.000      0.000       52
  38    0.0  6323.1    0   37236      37      87       4 ( 0.013%)   29555 (83.1%)   10.249     -321.3    -10.249      0.000      0.000       51
  39    0.0  8220.0    1   35576      35      87       4 ( 0.013%)   29522 (83.0%)   10.249     -320.7    -10.249      0.000      0.000       50
  40    0.0 10686.0    0   32081      34      81       4 ( 0.013%)   29526 (83.0%)   10.249     -320.7    -10.249      0.000      0.000       50
  41    0.0 13891.9    0   33487      33      79       3 ( 0.010%)   29526 (83.0%)   10.249     -320.7    -10.249      0.000      0.000       51
  42    0.0 18059.4    0   31806      32      76       3 ( 0.010%)   29522 (83.0%)   10.249     -320.7    -10.249      0.000      0.000       51
  43    0.0 23477.2    0   33763      33      80       3 ( 0.010%)   29526 (83.0%)   10.249     -320.7    -10.249      0.000      0.000       50
  44    0.0 30520.4    0   31815      33      78       3 ( 0.010%)   29522 (83.0%)   10.249     -320.7    -10.249      0.000      0.000       51
  45    0.0 39676.5    0   33663      33      79       3 ( 0.010%)   29526 (83.0%)   10.249     -320.7    -10.249      0.000      0.000       51
  46    0.0 51579.5    0   32340      33      79       3 ( 0.010%)   29522 (83.0%)   10.249     -320.7    -10.249      0.000      0.000       51
  47    0.0 67053.3    0   33488      33      77       3 ( 0.010%)   29522 (83.0%)   10.249     -320.7    -10.249      0.000      0.000       52
  48    0.0 87169.3    0   32022      34      79       4 ( 0.013%)   29530 (83.0%)   10.249     -320.7    -10.249      0.000      0.000       53
  49    0.0 1.1e+05    0   41054      36     111       9 ( 0.029%)   29569 (83.1%)   10.249     -319.5    -10.249      0.000      0.000       54
  50    0.0 1.5e+05    0   56511      35      97       4 ( 0.013%)   29565 (83.1%)   11.119     -324.6    -11.119      0.000      0.000       58
Routing failed.

Failed routing attempt
Total number of overused nodes: 4
Routing Failure Diagnostics: Printing Overused Nodes Information
------ ------- ---------- --------- -------- ------------ ------- ------- ------- ------- ------- ------- -------
   No.  NodeId  Occupancy  Capacity  RR Node    Direction    Side     PTC   Block    Xlow    Ylow   Xhigh   Yhigh
                                        type                          NUM    Name                                 
------ ------- ---------- --------- -------- ------------ ------- ------- ------- ------- ------- ------- -------
     0    6736          2         1     OPIN          N/A   RIGHT      49     clb       6       9       6       9
     1   13994          2         1     OPIN          N/A    LEFT      47     clb      13       5      13       5
     2   27659          2         1    CHANY      DEC_DIR     N/A      51     clb       5       9       5      12
     3   28679          2         1    CHANY      DEC_DIR     N/A      25     clb       9       4       9       7

Final Net Connection Criticality Histogram:
[        0:      0.1)    0 (  0.0%) |
[      0.1:      0.2)   26 (  0.3%) |
[      0.2:      0.3)  166 (  2.2%) |***
[      0.3:      0.4)  729 (  9.5%) |************
[      0.4:      0.5) 1959 ( 25.5%) |*********************************
[      0.5:      0.6) 2713 ( 35.3%) |**********************************************
[      0.6:      0.7) 1404 ( 18.3%) |************************
[      0.7:      0.8)  490 (  6.4%) |********
[      0.8:      0.9)  152 (  2.0%) |***
[      0.9:        1)   40 (  0.5%) |*
Router Stats: total_nets_routed: 13579 total_connections_routed: 76457 total_heap_pushes: 5529319 total_heap_pops: 901243 

Attempting to route at 104 channels (binary search bounds: [52, -1])
