/usr/bin/env time -v /packages/apps/vtr/8.0.0-git/vpr/vpr k6_frac_N10_mem32K_40nm.xml diffeq1 --circuit_file diffeq1.pre-vpr.blif --place_algorithm bounding_box
VPR FPGA Placement and Routing.
Version: 8.1.0-dev+109c5adcc
Revision: v8.0.0-9695-g109c5adcc
Compiled: 2024-02-23T09:38:13
Compiler: GNU 11.2.0 on Linux-4.18.0-348.el8.0.2.x86_64 x86_64
Build Info: release IPO VTR_ASSERT_LEVEL=2

University of Toronto
verilogtorouting.org
vtr-users@googlegroups.com
This is free open source code under MIT license.

Warning 1: To use RLPlace for WLdriven placements, the reward function should be basic or nonPenalizing_basic.
you can specify the reward function using --place_reward_fun.
Setting the placement reward function to "basic"
VPR was run with the following command-line:
/packages/apps/vtr/8.0.0-git/vpr/vpr k6_frac_N10_mem32K_40nm.xml diffeq1 --circuit_file diffeq1.pre-vpr.blif --place_algorithm bounding_box


Architecture file: k6_frac_N10_mem32K_40nm.xml
Circuit name: diffeq1

# Loading Architecture Description
# Loading Architecture Description took 0.01 seconds (max_rss 15.5 MiB, delta_rss +2.7 MiB)

Timing analysis: ON
Circuit netlist file: diffeq1.net
Circuit placement file: diffeq1.place
Circuit routing file: diffeq1.route
Circuit SDC file: diffeq1.sdc
Vpr floorplanning constraints file: not specified

Packer: ENABLED
Placer: ENABLED
Router: ENABLED
Analysis: ENABLED

VPR was run with the following options:

NetlistOpts.abosrb_buffer_luts            : true
NetlistOpts.sweep_dangling_primary_ios    : true
NetlistOpts.sweep_dangling_nets           : true
NetlistOpts.sweep_dangling_blocks         : true
NetlistOpts.sweep_constant_primary_outputs: false
NetlistOpts.netlist_verbosity             : 1
NetlistOpts.const_gen_inference           : COMB_SEQ

PackerOpts.allow_unrelated_clustering: auto
PackerOpts.alpha_clustering: 0.750000
PackerOpts.beta_clustering: 0.900000
PackerOpts.cluster_seed_type: BLEND2
PackerOpts.connection_driven: true
PackerOpts.global_clocks: true
PackerOpts.hill_climbing_flag: false
PackerOpts.inter_cluster_net_delay: 1.000000
PackerOpts.timing_driven: true
PackerOpts.target_external_pin_util: auto

PlacerOpts.place_freq: PLACE_ONCE
PlacerOpts.place_algorithm: BOUNDING_BOX_PLACE
PlacerOpts.pad_loc_type: FREE
PlacerOpts.constraints_file: No constraints file given
PlacerOpts.place_cost_exp: 1.000000
PlacerOpts.place_chan_width: 100
PlacerOpts.rlim_escape_fraction: 0.000000
PlacerOpts.move_stats_file: 
PlacerOpts.placement_saves_per_temperature: 0
PlacerOpts.effort_scaling: CIRCUIT
PlacerOpts.place_delta_delay_matrix_calculation_method: ASTAR_ROUTE
PlaceOpts.seed: 1
AnnealSched.type: AUTO_SCHED
AnnealSched.inner_num: 0.500000

RouterOpts.route_type: DETAILED
RouterOpts.flat_routing: false
RouterOpts.has_choking_spot: false
RouterOpts.router_algorithm: TIMING_DRIVEN
RouterOpts.base_cost_type: DELAY_NORMALIZED_LENGTH
RouterOpts.fixed_channel_width: NO_FIXED_CHANNEL_WIDTH
RouterOpts.check_route: FULL
RouterOpts.acc_fac: 1.000000
RouterOpts.bb_factor: 3
RouterOpts.bend_cost: 0.000000
RouterOpts.first_iter_pres_fac: 0.000000
RouterOpts.initial_pres_fac: 0.500000
RouterOpts.pres_fac_mult: 1.300000
RouterOpts.max_router_iterations: 50
RouterOpts.min_incremental_reroute_fanout: 16
RouterOpts.do_check_rr_graph: true
RouterOpts.verify_binary_search: false
RouterOpts.min_channel_width_hint: 0
RouterOpts.read_rr_edge_metadata: false
RouterOpts.exit_after_first_routing_iteration: false
RouterOpts.astar_fac: 1.200000
RouterOpts.router_profiler_astar_fac: 1.200000
RouterOpts.criticality_exp: 1.000000
RouterOpts.max_criticality: 0.990000
RouterOpts.init_wirelength_abort_threshold: 0.850000
RouterOpts.save_routing_per_iteration: false
RouterOpts.congested_routing_iteration_threshold_frac: 1.000000
RouterOpts.high_fanout_threshold: 64
RouterOpts.router_debug_net: -2
RouterOpts.router_debug_sink_rr: -2
RouterOpts.router_debug_iteration: -2
RouterOpts.max_convergence_count: 1
RouterOpts.reconvergence_cpd_threshold: 0.990000
RouterOpts.update_lower_bound_delays: true
RouterOpts.first_iteration_timing_report_file: 
RouterOpts.incr_reroute_delay_ripup: AUTO
RouterOpts.route_bb_update: DYNAMIC
RouterOpts.lookahead_type: MAP
RouterOpts.initial_timing: LOOKAHEAD
RouterOpts.router_heap: BINARY_HEAP
RouterOpts.routing_failure_predictor = SAFE
RouterOpts.routing_budgets_algorithm = DISABLE

AnalysisOpts.gen_post_synthesis_netlist: false
AnalysisOpts.timing_report_npaths: 100
AnalysisOpts.timing_report_skew: false
AnalysisOpts.echo_dot_timing_graph_node: -1
AnalysisOpts.timing_report_detail: NETLIST
AnalysisOpts.post_synth_netlist_unconn_input_handling: UNCONNECTED
AnalysisOpts.post_synth_netlist_unconn_output_handling: UNCONNECTED

# Building complex block graph
Warning 2: io[0].clock[0] unconnected pin in architecture.
# Building complex block graph took 0.01 seconds (max_rss 22.2 MiB, delta_rss +6.7 MiB)
Circuit file: diffeq1.pre-vpr.blif
# Load circuit
Found constant-zero generator 'unconn'
Found constant-one generator 'vcc'
# Load circuit took 0.01 seconds (max_rss 24.0 MiB, delta_rss +1.8 MiB)
# Clean circuit
Absorbed 0 LUT buffers
Inferred    0 additional primitive pins as constant generators since they have no combinationally connected inputs
Inferred    0 additional primitive pins as constant generators due to constant inputs
Inferred    0 additional primitive pins as constant generators since they have no combinationally connected inputs
Inferred    0 additional primitive pins as constant generators due to constant inputs
Swept input(s)      : 0
Swept output(s)     : 0 (0 dangling, 0 constant)
Swept net(s)        : 200
Swept block(s)      : 0
Constant Pins Marked: 0
# Clean circuit took 0.00 seconds (max_rss 24.0 MiB, delta_rss +0.0 MiB)
# Compress circuit
# Compress circuit took 0.00 seconds (max_rss 24.0 MiB, delta_rss +0.0 MiB)
# Verify circuit
# Verify circuit took 0.00 seconds (max_rss 24.0 MiB, delta_rss +0.0 MiB)
Circuit Statistics:
  Blocks: 935
    .input  :     162
    .latch  :     193
    .output :      96
    0-LUT   :       1
    6-LUT   :     478
    multiply:       5
  Nets  : 994
    Avg Fanout:     2.8
    Max Fanout:   193.0
    Min Fanout:     1.0
  Netlist Clocks: 1
# Build Timing Graph
  Timing Graph Nodes: 3778
  Timing Graph Edges: 13532
  Timing Graph Levels: 40
# Build Timing Graph took 0.01 seconds (max_rss 25.5 MiB, delta_rss +1.5 MiB)
Netlist contains 1 clocks
  Netlist Clock 'clk' Fanout: 193 pins (5.1%), 193 blocks (20.6%)
# Load Timing Constraints

SDC file 'diffeq1.sdc' not found
Setting default timing constraints:
   * constrain all primay inputs and primary outputs on netlist clock 'clk'
   * optimize netlist clock to run as fast as possible
Timing constraints created 1 clocks
  Constrained Clock 'clk' Source: 'clk.inpad[0]'

# Load Timing Constraints took 0.00 seconds (max_rss 25.5 MiB, delta_rss +0.0 MiB)
# Packing
Begin packing 'diffeq1.pre-vpr.blif'.

After removing unused inputs...
	total blocks: 935, total nets: 994, total inputs: 162, total outputs: 96
Begin prepacking.
0 attraction groups were created during prepacking.
Finish prepacking.
Using inter-cluster delay: 1.33777e-09
Packing with pin utilization targets: io:1,1 clb:0.8,1 mult_36:1,1 memory:1,1
Packing with high fanout thresholds: io:128 clb:32 mult_36:128 memory:128
Starting Clustering - Clustering Progress: 
-------------------   --------------------------   ---------
Molecules processed   Number of clusters created   FPGA size
-------------------   --------------------------   ---------
    29/743       3%                            7    16 x 16    
    58/743       7%                            9    16 x 16    
    87/743      11%                           11    16 x 16    
   116/743      15%                           14    16 x 16    
   145/743      19%                           16    16 x 16    
   174/743      23%                           18    16 x 16    
   203/743      27%                           20    16 x 16    
   232/743      31%                           22    16 x 16    
   261/743      35%                           24    16 x 16    
   290/743      39%                           26    16 x 16    
   319/743      42%                           28    16 x 16    
   348/743      46%                           30    16 x 16    
   377/743      50%                           32    16 x 16    
   406/743      54%                           34    16 x 16    
   435/743      58%                           36    16 x 16    
   464/743      62%                           38    16 x 16    
   493/743      66%                           48    16 x 16    
   522/743      70%                           77    16 x 16    
   551/743      74%                          106    16 x 16    
   580/743      78%                          135    16 x 16    
   609/743      81%                          164    16 x 16    
   638/743      85%                          193    16 x 16    
   667/743      89%                          222    16 x 16    
   696/743      93%                          251    16 x 16    
   725/743      97%                          280    16 x 16    

Logic Element (fle) detailed count:
  Total number of Logic Elements used : 337
  LEs used for logic and registers    : 138
  LEs used for logic only             : 199
  LEs used for registers only         : 0

Incr Slack updates 1 in 3.0648e-05 sec
Full Max Req/Worst Slack updates 1 in 5.901e-06 sec
Incr Max Req/Worst Slack updates 0 in 0 sec
Incr Criticality updates 0 in 0 sec
Full Criticality updates 1 in 5.5525e-05 sec
FPGA sized to 16 x 16 (auto)
Device Utilization: 0.34 (target 1.00)
	Block Utilization: 0.58 Type: io
	Block Utilization: 0.26 Type: clb
	Block Utilization: 0.83 Type: mult_36

Start the iterative improvement process
the iterative improvement process is done
Final Clustering Statistics: 
----------   --------   ------------------------------------   --------------------------
Block Type   # Blocks   Avg. # of input clocks and pins used   Avg. # of output pins used
----------   --------   ------------------------------------   --------------------------
     EMPTY          0                                      0                            0   
        io        258                               0.372093                     0.627907   
       clb         36                                22.7222                      10.3333   
   mult_36          5                                     52                           32   
    memory          0                                      0                            0   
Absorbed logical nets 300 out of 994 nets, 694 nets not absorbed.

Netlist conversion complete.

# Packing took 0.19 seconds (max_rss 29.3 MiB, delta_rss +3.8 MiB)
# Load packing
Begin loading packed FPGA netlist file.
Netlist generated from file 'diffeq1.net'.
Detected 1 constant generators (to see names run with higher pack verbosity)
Finished loading packed FPGA netlist file (took 0.059102 seconds).
Warning 3: Treated 1 constant nets as global which will not be routed (to see net names increase packer verbosity).
# Load packing took 0.06 seconds (max_rss 67.2 MiB, delta_rss +37.9 MiB)
Warning 4: Netlist contains 5 global net to non-global architecture pin connections
Warning 5: Logic block #40 (vcc) has only 1 output pin 'vcc.O[0]'. It may be a constant generator.
Cluster level netlist and block usage statistics
Netlist num_nets: 694
Netlist num_blocks: 299
Netlist EMPTY blocks: 0.
Netlist io blocks: 258.
Netlist clb blocks: 36.
Netlist mult_36 blocks: 5.
Netlist memory blocks: 0.
Netlist inputs pins: 162
Netlist output pins: 96

Pb types usage...
  io                    : 258
   inpad                : 162
   outpad               : 96
  clb                   : 36
   fle                  : 337
    lut5inter           : 168
     ble5               : 311
      lut5              : 310
       lut              : 310
      ff                : 136
    ble6                : 169
     lut6               : 169
      lut               : 169
     ff                 : 57
  mult_36               : 5
   mult_36x36_slice     : 5
    mult_36x36          : 5

# Create Device
## Build Device Grid
FPGA sized to 16 x 16: 256 grid tiles (auto)

Resource usage...
	Netlist
		258	blocks of type: io
	Architecture
		448	blocks of type: io
	Netlist
		36	blocks of type: clb
	Architecture
		140	blocks of type: clb
	Netlist
		5	blocks of type: mult_36
	Architecture
		6	blocks of type: mult_36
	Netlist
		0	blocks of type: memory
	Architecture
		4	blocks of type: memory

Device Utilization: 0.34 (target 1.00)
	Physical Tile io:
	Block Utilization: 0.58 Logical Block: io
	Physical Tile clb:
	Block Utilization: 0.26 Logical Block: clb
	Physical Tile mult_36:
	Block Utilization: 0.83 Logical Block: mult_36
	Physical Tile memory:
	Block Utilization: 0.00 Logical Block: memory

FPGA size limited by block type(s): mult_36

## Build Device Grid took 0.00 seconds (max_rss 67.3 MiB, delta_rss +0.0 MiB)
## Build routing resource graph
SOURCE->OPIN and IPIN->SINK edge count:11392
OPIN->CHANX/CHANY edge count before creating direct connections: 39360
OPIN->CHANX/CHANY edge count after creating direct connections: 39360
CHAN->CHAN type edge count:182653
## Build routing resource graph took 0.14 seconds (max_rss 67.3 MiB, delta_rss +0.0 MiB)
  RR Graph Nodes: 30072
  RR Graph Edges: 233405
# Create Device took 0.15 seconds (max_rss 67.3 MiB, delta_rss +0.0 MiB)


Bounding box mode is Cube

Using simple RL 'Softmax agent' for choosing move and block types
# Placement
## Initial Placement
Initial placement iteration 0 has finished successfully
## Initial Placement took 0.00 seconds (max_rss 67.3 MiB, delta_rss +0.0 MiB)

BB estimate of min-dist (placement) wire length: 8948

Completed placement consistency check successfully.
Initial placement cost: 1 bb_cost: 89.4819 td_cost: nan
Placement contains 0 placement macros involving 0 blocks (average macro size -nan)

Moves per temperature: 999
Warning 6: Starting t: 151 of 299 configurations accepted.

---- ------ ------- ------- ---------- ---------- ------- ---------- -------- ------- ------- ------ -------- --------- ------
Tnum   Time       T Av Cost Av BB Cost Av TD Cost     CPD       sTNS     sWNS Ac Rate Std Dev  R lim Crit Exp Tot Moves  Alpha
      (sec)                                          (ns)       (ns)     (ns)                                                 
---- ------ ------- ------- ---------- ---------- ------- ---------- -------- ------- ------- ------ -------- --------- ------
   1    0.0 5.2e-04   0.914      71.41 nan            nan        nan      nan   0.557  0.0472   15.0     0.00       999  0.200
   2    0.0 5.0e-04   0.977      65.69 nan            nan        nan      nan   0.530  0.0141   15.0     0.00      1998  0.950
   3    0.0 4.7e-04   0.992      63.31 nan            nan        nan      nan   0.498  0.0049   15.0     0.00      2997  0.950
   4    0.0 4.5e-04   0.980      61.78 nan            nan        nan      nan   0.497  0.0109   15.0     0.00      3996  0.950
   5    0.0 4.3e-04   0.998      60.88 nan            nan        nan      nan   0.445  0.0037   15.0     0.00      4995  0.950
   6    0.0 4.1e-04   0.996      60.47 nan            nan        nan      nan   0.454  0.0018   15.0     0.00      5994  0.950
   7    0.0 3.9e-04   0.995      60.15 nan            nan        nan      nan   0.443  0.0028   15.0     0.00      6993  0.950
   8    0.0 3.7e-04   0.989      59.23 nan            nan        nan      nan   0.419  0.0067   15.0     0.00      7992  0.950
   9    0.0 3.5e-04   1.005      59.12 nan            nan        nan      nan   0.438  0.0023   14.7     0.00      8991  0.950
  10    0.0 3.3e-04   0.998      59.01 nan            nan        nan      nan   0.424  0.0025   14.7     0.00      9990  0.950
  11    0.0 3.1e-04   0.992      58.32 nan            nan        nan      nan   0.409  0.0047   14.4     0.00     10989  0.950
  12    0.0 3.0e-04   0.994      57.64 nan            nan        nan      nan   0.352  0.0038   14.0     0.00     11988  0.950
  13    0.0 2.8e-04   1.000      57.44 nan            nan        nan      nan   0.376  0.0013   12.8     0.00     12987  0.950
  14    0.0 2.7e-04   0.997      57.37 nan            nan        nan      nan   0.346  0.0016   12.0     0.00     13986  0.950
  15    0.0 2.6e-04   0.995      56.99 nan            nan        nan      nan   0.320  0.0017   10.8     0.00     14985  0.950
  16    0.0 2.4e-04   1.000      56.94 nan            nan        nan      nan   0.290  0.0014    9.5     0.00     15984  0.950
  17    0.0 2.3e-04   1.002      56.85 nan            nan        nan      nan   0.315  0.0008    8.1     0.00     16983  0.950
  18    0.0 2.2e-04   1.001      56.83 nan            nan        nan      nan   0.319  0.0013    7.1     0.00     17982  0.950
  19    0.0 2.1e-04   0.995      56.50 nan            nan        nan      nan   0.324  0.0020    6.2     0.00     18981  0.950
  20    0.0 2.0e-04   1.000      56.49 nan            nan        nan      nan   0.325  0.0015    5.5     0.00     19980  0.950
  21    0.0 1.9e-04   0.997      56.20 nan            nan        nan      nan   0.322  0.0015    4.9     0.00     20979  0.950
  22    0.0 1.8e-04   0.997      56.01 nan            nan        nan      nan   0.305  0.0028    4.3     0.00     21978  0.950
  23    0.0 1.7e-04   0.997      55.63 nan            nan        nan      nan   0.303  0.0023    3.7     0.00     22977  0.950
  24    0.0 1.6e-04   0.996      55.26 nan            nan        nan      nan   0.273  0.0017    3.2     0.00     23976  0.950
  25    0.0 1.5e-04   1.000      55.23 nan            nan        nan      nan   0.301  0.0011    2.7     0.00     24975  0.950
  26    0.0 1.5e-04   0.999      55.10 nan            nan        nan      nan   0.284  0.0006    2.3     0.00     25974  0.950
  27    0.0 1.4e-04   0.998      55.00 nan            nan        nan      nan   0.384  0.0008    2.0     0.00     26973  0.950
  28    0.0 1.3e-04   0.998      54.84 nan            nan        nan      nan   0.398  0.0020    1.8     0.00     27972  0.950
  29    0.0 1.2e-04   1.000      54.70 nan            nan        nan      nan   0.336  0.0010    1.8     0.00     28971  0.950
  30    0.0 1.2e-04   0.999      54.61 nan            nan        nan      nan   0.343  0.0008    1.6     0.00     29970  0.950
  31    0.0 1.1e-04   0.998      54.42 nan            nan        nan      nan   0.355  0.0008    1.4     0.00     30969  0.950
  32    0.0 1.1e-04   0.998      54.31 nan            nan        nan      nan   0.319  0.0005    1.3     0.00     31968  0.950
  33    0.0 1.0e-04   0.998      54.20 nan            nan        nan      nan   0.330  0.0010    1.2     0.00     32967  0.950
  34    0.0 9.6e-05   1.000      54.21 nan            nan        nan      nan   0.349  0.0005    1.0     0.00     33966  0.950
  35    0.0 9.2e-05   0.998      54.14 nan            nan        nan      nan   0.358  0.0013    1.0     0.00     34965  0.950
  36    0.0 8.7e-05   0.999      54.02 nan            nan        nan      nan   0.348  0.0010    1.0     0.00     35964  0.950
  37    0.0 8.3e-05   0.998      53.83 nan            nan        nan      nan   0.313  0.0020    1.0     0.00     36963  0.950
  38    0.0 7.9e-05   1.000      53.67 nan            nan        nan      nan   0.291  0.0005    1.0     0.00     37962  0.950
  39    0.0 7.5e-05   0.999      53.64 nan            nan        nan      nan   0.313  0.0005    1.0     0.00     38961  0.950
  40    0.0 7.1e-05   0.999      53.58 nan            nan        nan      nan   0.286  0.0005    1.0     0.00     39960  0.950
  41    0.0 6.7e-05   0.999      53.50 nan            nan        nan      nan   0.316  0.0004    1.0     0.00     40959  0.950
  42    0.0 6.4e-05   1.000      53.52 nan            nan        nan      nan   0.294  0.0002    1.0     0.00     41958  0.950
  43    0.0 6.1e-05   1.000      53.50 nan            nan        nan      nan   0.304  0.0004    1.0     0.00     42957  0.950
  44    0.0 5.8e-05   1.000      53.47 nan            nan        nan      nan   0.259  0.0003    1.0     0.00     43956  0.950
  45    0.0 5.5e-05   1.000      53.47 nan            nan        nan      nan   0.302  0.0002    1.0     0.00     44955  0.950
  46    0.0 5.2e-05   1.000      53.47 nan            nan        nan      nan   0.284  0.0002    1.0     0.00     45954  0.950
  47    0.0 5.0e-05   1.000      53.44 nan            nan        nan      nan   0.334  0.0002    1.0     0.00     46953  0.950
  48    0.0 4.7e-05   1.000      53.43 nan            nan        nan      nan   0.273  0.0001    1.0     0.00     47952  0.950
  49    0.0 4.5e-05   1.000      53.40 nan            nan        nan      nan   0.291  0.0009    1.0     0.00     48951  0.950
  50    0.0 4.2e-05   0.999      53.31 nan            nan        nan      nan   0.262  0.0004    1.0     0.00     49950  0.950
  51    0.0 4.0e-05   1.000      53.25 nan            nan        nan      nan   0.266  0.0001    1.0     0.00     50949  0.950
  52    0.0 3.8e-05   0.997      53.11 nan            nan        nan      nan   0.286  0.0030    1.0     0.00     51948  0.950
  53    0.0 3.6e-05   1.000      52.91 nan            nan        nan      nan   0.299  0.0001    1.0     0.00     52947  0.950
  54    0.0 3.5e-05   1.000      52.92 nan            nan        nan      nan   0.307  0.0000    1.0     0.00     53946  0.950
  55    0.0 3.3e-05   1.000      52.92 nan            nan        nan      nan   0.256  0.0001    1.0     0.00     54945  0.950
  56    0.0 3.1e-05   1.000      52.91 nan            nan        nan      nan   0.283  0.0002    1.0     0.00     55944  0.950
  57    0.0 3.0e-05   1.000      52.90 nan            nan        nan      nan   0.273  0.0000    1.0     0.00     56943  0.950
  58    0.0 2.8e-05   1.000      52.88 nan            nan        nan      nan   0.272  0.0002    1.0     0.00     57942  0.950
  59    0.0 2.7e-05   1.000      52.87 nan            nan        nan      nan   0.277  0.0000    1.0     0.00     58941  0.950
  60    0.0 2.5e-05   0.999      52.80 nan            nan        nan      nan   0.277  0.0016    1.0     0.00     59940  0.950
  61    0.0 2.4e-05   1.000      52.68 nan            nan        nan      nan   0.267  0.0000    1.0     0.00     60939  0.950
  62    0.0 2.3e-05   0.999      52.62 nan            nan        nan      nan   0.279  0.0012    1.0     0.00     61938  0.950
  63    0.0 2.2e-05   1.000      52.53 nan            nan        nan      nan   0.249  0.0001    1.0     0.00     62937  0.950
  64    0.0 2.1e-05   1.000      52.52 nan            nan        nan      nan   0.274  0.0000    1.0     0.00     63936  0.950
  65    0.0 2.0e-05   1.000      52.52 nan            nan        nan      nan   0.237  0.0000    1.0     0.00     64935  0.950
  66    0.0 1.9e-05   1.000      52.52 nan            nan        nan      nan   0.277  0.0000    1.0     0.00     65934  0.950
  67    0.0 1.8e-05   1.000      52.52 nan            nan        nan      nan   0.256  0.0000    1.0     0.00     66933  0.950
  68    0.0 1.7e-05   1.000      52.52 nan            nan        nan      nan   0.284  0.0002    1.0     0.00     67932  0.950
  69    0.0 1.6e-05   0.999      52.45 nan            nan        nan      nan   0.256  0.0012    1.0     0.00     68931  0.950
  70    0.0 1.5e-05   1.000      52.38 nan            nan        nan      nan   0.282  0.0000    1.0     0.00     69930  0.950
  71    0.0 1.4e-05   1.000      52.37 nan            nan        nan      nan   0.256  0.0001    1.0     0.00     70929  0.950
  72    0.0 1.4e-05   1.000      52.35 nan            nan        nan      nan   0.264  0.0002    1.0     0.00     71928  0.950
  73    0.0 1.3e-05   1.000      52.29 nan            nan        nan      nan   0.287  0.0002    1.0     0.00     72927  0.950
  74    0.0 1.2e-05   1.000      52.28 nan            nan        nan      nan   0.244  0.0001    1.0     0.00     73926  0.950
  75    0.0 1.2e-05   1.000      52.27 nan            nan        nan      nan   0.276  0.0000    1.0     0.00     74925  0.950
  76    0.0 1.1e-05   1.000      52.26 nan            nan        nan      nan   0.282  0.0001    1.0     0.00     75924  0.950
  77    0.0 1.1e-05   1.000      52.25 nan            nan        nan      nan   0.246  0.0000    1.0     0.00     76923  0.950
  78    0.0 1.0e-05   1.000      52.25 nan            nan        nan      nan   0.274  0.0000    1.0     0.00     77922  0.950
  79    0.0 9.6e-06   1.000      52.25 nan            nan        nan      nan   0.280  0.0000    1.0     0.00     78921  0.950
  80    0.0 9.1e-06   1.000      52.23 nan            nan        nan      nan   0.240  0.0001    1.0     0.00     79920  0.950
  81    0.0 8.7e-06   1.000      52.22 nan            nan        nan      nan   0.265  0.0001    1.0     0.00     80919  0.950
  82    0.0 8.2e-06   0.999      52.19 nan            nan        nan      nan   0.258  0.0002    1.0     0.00     81918  0.950
  83    0.0 7.8e-06   1.000      52.18 nan            nan        nan      nan   0.267  0.0000    1.0     0.00     82917  0.950
  84    0.0 7.4e-06   1.000      52.18 nan            nan        nan      nan   0.277  0.0000    1.0     0.00     83916  0.950
  85    0.0 0.0e+00   1.000      52.18 nan            nan        nan      nan   0.281  0.0000    1.0     0.00     84915  0.950
## Placement Quench took 0.00 seconds (max_rss 67.3 MiB)

BB estimate of min-dist (placement) wire length: 5218

Completed placement consistency check successfully.

Swaps called: 85214

Aborted Move Reasons:
  No moves aborted
Placement cost: 1, bb_cost: 52.1819, td_cost: nan, 

Placement resource usage:
  io      implemented as io     : 258
  clb     implemented as clb    : 36
  mult_36 implemented as mult_36: 5

Placement number of temperatures: 85
Placement total # of swap attempts: 85214
	Swaps accepted: 27114 (31.8 %)
	Swaps rejected: 50522 (59.3 %)
	Swaps aborted:  7578 ( 8.9 %)


Placement perturbation distribution by block and move type: 
------------------ ----------------- ---------------- ---------------- --------------- ------------ 
    Block Type         Move Type       (%) of Total      Accepted(%)     Rejected(%)    Aborted(%)
------------------ ----------------- ---------------- ---------------- --------------- ------------ 
io                 Uniform                31.34            33.19           66.81          0.00         
                   Median                 33.63            31.27           55.27          13.46        
                   Centroid               33.96            31.79           55.55          12.66        

clb                Uniform                0.17             8.90            91.10          0.00         
                   Median                 0.42             8.66            77.93          13.41        
                   Centroid               0.35             15.77           84.23          0.00         

mult_36            Uniform                0.04             0.00            100.00         0.00         
                   Median                 0.05             0.00            87.80          12.20        
                   Centroid               0.04             0.00            90.62          9.38         


Placement Quench timing analysis took 0 seconds (0 STA, 0 slack) (0 full updates: 0 setup, 0 hold, 0 combined).
Placement Total  timing analysis took 0 seconds (0 STA, 0 slack) (0 full updates: 0 setup, 0 hold, 0 combined).
update_td_costs: connections 0 nets 0 sum_nets 0 total 0
# Placement took 0.09 seconds (max_rss 67.3 MiB, delta_rss +0.0 MiB)

# Routing
Initializing minimum channel width search based on maximum CLB pins

Attempting to route at 62 channels (binary search bounds: [-1, -1])
## Build routing resource graph
SOURCE->OPIN and IPIN->SINK edge count:11392
OPIN->CHANX/CHANY edge count before creating direct connections: 24316
OPIN->CHANX/CHANY edge count after creating direct connections: 24316
CHAN->CHAN type edge count:113550
## Build routing resource graph took 0.08 seconds (max_rss 67.3 MiB, delta_rss +0.0 MiB)
  RR Graph Nodes: 25228
  RR Graph Edges: 149258
## Computing router lookahead map
### Computing wire lookahead
### Computing wire lookahead took 0.24 seconds (max_rss 67.3 MiB, delta_rss +0.0 MiB)
### Computing src/opin lookahead
Warning 7: Found no sample locations for EMPTY
Warning 8: Found no more sample locations for SOURCE in io
Warning 9: Found no more sample locations for OPIN in io
Warning 10: Found no more sample locations for SOURCE in clb
Warning 11: Found no more sample locations for OPIN in clb
Warning 12: Found no more sample locations for SOURCE in mult_36
Warning 13: Found no more sample locations for OPIN in mult_36
Warning 14: Found no more sample locations for SOURCE in memory
Warning 15: Found no more sample locations for OPIN in memory
### Computing src/opin lookahead took 0.00 seconds (max_rss 67.3 MiB, delta_rss +0.0 MiB)
## Computing router lookahead map took 0.24 seconds (max_rss 67.3 MiB, delta_rss +0.0 MiB)
## Initializing router criticalities
Initial Net Connection Criticality Histogram:
[        0:      0.1) 388 ( 33.0%) |***********************************************
[      0.1:      0.2)  41 (  3.5%) |*****
[      0.2:      0.3) 180 ( 15.3%) |**********************
[      0.3:      0.4)  53 (  4.5%) |******
[      0.4:      0.5)  47 (  4.0%) |******
[      0.5:      0.6)  21 (  1.8%) |***
[      0.6:      0.7) 104 (  8.9%) |*************
[      0.7:      0.8) 102 (  8.7%) |************
[      0.8:      0.9)  45 (  3.8%) |*****
[      0.9:        1) 193 ( 16.4%) |***********************
## Initializing router criticalities took 0.01 seconds (max_rss 67.3 MiB, delta_rss +0.0 MiB)
---- ------ ------- ---- ------- ------- ------- ----------------- --------------- -------- ---------- ---------- ---------- ---------- --------
Iter   Time    pres  BBs    Heap  Re-Rtd  Re-Rtd Overused RR Nodes      Wirelength      CPD       sTNS       sWNS       hTNS       hWNS Est Succ
      (sec)     fac Updt    push    Nets   Conns                                       (ns)       (ns)       (ns)       (ns)       (ns)     Iter
---- ------ ------- ---- ------- ------- ------- ----------------- --------------- -------- ---------- ---------- ---------- ---------- --------
   1    0.0     0.0    0  251118     692    1136     687 ( 2.723%)    8188 (31.4%)   22.933     -1758.    -22.933      0.000      0.000      N/A
   2    0.0     0.5   20  235529     550     976     401 ( 1.590%)    8275 (31.8%)   22.936     -1769.    -22.936      0.000      0.000      N/A
   3    0.0     0.6   14  215177     415     779     339 ( 1.344%)    8448 (32.4%)   22.934     -1763.    -22.934      0.000      0.000      N/A
   4    0.0     0.8   12  213565     372     724     287 ( 1.138%)    8575 (32.9%)   22.880     -1727.    -22.880      0.000      0.000      N/A
   5    0.0     1.1    8  183926     314     625     226 ( 0.896%)    8723 (33.5%)   22.880     -1765.    -22.880      0.000      0.000      N/A
   6    0.0     1.4   10  181739     264     556     176 ( 0.698%)    8904 (34.2%)   22.889     -1769.    -22.889      0.000      0.000      N/A
   7    0.0     1.9   12  136258     219     446     127 ( 0.503%)    9007 (34.6%)   22.892     -1768.    -22.892      0.000      0.000      N/A
   8    0.0     2.4    8  117275     173     392     106 ( 0.420%)    9105 (35.0%)   22.892     -1771.    -22.892      0.000      0.000      N/A
   9    0.0     3.1    4  105757     146     319      77 ( 0.305%)    9295 (35.7%)   22.892     -1772.    -22.892      0.000      0.000      N/A
  10    0.0     4.1    7   87972     113     260      65 ( 0.258%)    9325 (35.8%)   22.874     -1773.    -22.874      0.000      0.000       25
  11    0.0     5.3    4   74377      91     218      36 ( 0.143%)    9508 (36.5%)   22.983     -1784.    -22.983      0.000      0.000       27
  12    0.0     6.9    4   67279      70     150      30 ( 0.119%)    9658 (37.1%)   22.983     -1784.    -22.983      0.000      0.000       24
  13    0.0     9.0    6   57640      51     114      19 ( 0.075%)    9765 (37.5%)   22.992     -1786.    -22.992      0.000      0.000       23
  14    0.0    11.6    6   40430      35      75      16 ( 0.063%)    9851 (37.8%)   22.983     -1788.    -22.983      0.000      0.000       22
  15    0.0    15.1    5   29050      27      74       7 ( 0.028%)    9915 (38.1%)   22.992     -1787.    -22.992      0.000      0.000       22
  16    0.0    19.7    2   15583      21      47       8 ( 0.032%)    9954 (38.2%)   22.992     -1789.    -22.992      0.000      0.000       21
  17    0.0    25.6    1   15530      19      44       6 ( 0.024%)    9922 (38.1%)   22.992     -1788.    -22.992      0.000      0.000       21
  18    0.0    33.3    1   11350      15      37       4 ( 0.016%)    9925 (38.1%)   22.992     -1788.    -22.992      0.000      0.000       22
  19    0.0    43.3    0   25456      18      48       3 ( 0.012%)    9952 (38.2%)   23.016     -1789.    -23.016      0.000      0.000       22
  20    0.0    56.2    2   22528      15      42       2 ( 0.008%)    9992 (38.4%)   23.016     -1790.    -23.016      0.000      0.000       22
  21    0.0    73.1    1   26112      13      36       1 ( 0.004%)    9990 (38.4%)   23.016     -1790.    -23.016      0.000      0.000       22
  22    0.0    95.0    0   25237      12      35       1 ( 0.004%)    9991 (38.4%)   23.016     -1790.    -23.016      0.000      0.000       22
  23    0.0   123.5    0   20307      12      38       0 ( 0.000%)   10006 (38.4%)   23.016     -1790.    -23.016      0.000      0.000       22
Restoring best routing
Critical path: 23.0158 ns
Successfully routed after 23 routing iterations.
Final Net Connection Criticality Histogram:
[        0:      0.1) 375 ( 31.9%) |***********************************************
[      0.1:      0.2)  50 (  4.3%) |******
[      0.2:      0.3) 175 ( 14.9%) |**********************
[      0.3:      0.4)  63 (  5.4%) |********
[      0.4:      0.5)  31 (  2.6%) |****
[      0.5:      0.6)  53 (  4.5%) |*******
[      0.6:      0.7)  75 (  6.4%) |*********
[      0.7:      0.8)  67 (  5.7%) |********
[      0.8:      0.9)  83 (  7.1%) |**********
[      0.9:        1) 202 ( 17.2%) |*************************
Router Stats: total_nets_routed: 3657 total_connections_routed: 7171 total_heap_pushes: 2159195 total_heap_pops: 616119 

Attempting to route at 32 channels (binary search bounds: [-1, 62])
## Build routing resource graph
SOURCE->OPIN and IPIN->SINK edge count:11392
OPIN->CHANX/CHANY edge count before creating direct connections: 12956
OPIN->CHANX/CHANY edge count after creating direct connections: 12956
CHAN->CHAN type edge count:59172
## Build routing resource graph took 0.05 seconds (max_rss 67.3 MiB, delta_rss +0.0 MiB)
  RR Graph Nodes: 21404
  RR Graph Edges: 83520
## Computing router lookahead map
### Computing wire lookahead
### Computing wire lookahead took 0.15 seconds (max_rss 67.3 MiB, delta_rss +0.0 MiB)
### Computing src/opin lookahead
Warning 16: Found no sample locations for EMPTY
Warning 17: Found no more sample locations for SOURCE in io
Warning 18: Found no more sample locations for OPIN in io
Warning 19: Found no more sample locations for SOURCE in clb
Warning 20: Found no more sample locations for OPIN in clb
Warning 21: Found no more sample locations for SOURCE in mult_36
Warning 22: Found no more sample locations for OPIN in mult_36
Warning 23: Found no more sample locations for SOURCE in memory
Warning 24: Found no more sample locations for OPIN in memory
### Computing src/opin lookahead took 0.00 seconds (max_rss 67.3 MiB, delta_rss +0.0 MiB)
## Computing router lookahead map took 0.15 seconds (max_rss 67.3 MiB, delta_rss +0.0 MiB)
## Initializing router criticalities
Initial Net Connection Criticality Histogram:
[        0:      0.1) 388 ( 33.0%) |***********************************************
[      0.1:      0.2)  41 (  3.5%) |*****
[      0.2:      0.3) 180 ( 15.3%) |**********************
[      0.3:      0.4)  53 (  4.5%) |******
[      0.4:      0.5)  47 (  4.0%) |******
[      0.5:      0.6)  21 (  1.8%) |***
[      0.6:      0.7) 104 (  8.9%) |*************
[      0.7:      0.8) 102 (  8.7%) |************
[      0.8:      0.9)  45 (  3.8%) |*****
[      0.9:        1) 193 ( 16.4%) |***********************
## Initializing router criticalities took 0.00 seconds (max_rss 67.3 MiB, delta_rss +0.0 MiB)
---- ------ ------- ---- ------- ------- ------- ----------------- --------------- -------- ---------- ---------- ---------- ---------- --------
Iter   Time    pres  BBs    Heap  Re-Rtd  Re-Rtd Overused RR Nodes      Wirelength      CPD       sTNS       sWNS       hTNS       hWNS Est Succ
      (sec)     fac Updt    push    Nets   Conns                                       (ns)       (ns)       (ns)       (ns)       (ns)     Iter
---- ------ ------- ---- ------- ------- ------- ----------------- --------------- -------- ---------- ---------- ---------- ---------- --------
   1    0.0     0.0    0  197661     692    1136     849 ( 3.967%)    8611 (64.1%)   23.054     -1789.    -23.054      0.000      0.000      N/A
   2    0.0     0.5   32  200007     639    1079     714 ( 3.336%)    8701 (64.7%)   23.062     -1806.    -23.062      0.000      0.000      N/A
   3    0.0     0.6   16  240566     575    1010     736 ( 3.439%)    9336 (69.5%)   23.064     -1807.    -23.064      0.000      0.000      N/A
   4    0.0     0.8   35  289984     568     998     719 ( 3.359%)    9830 (73.1%)   23.064     -1802.    -23.064      0.000      0.000      N/A
   5    0.0     1.1   39  319354     558     986     676 ( 3.158%)    9943 (74.0%)   23.077     -1819.    -23.077      0.000      0.000      N/A
   6    0.0     1.4   15  346288     539     965     642 ( 2.999%)   10226 (76.1%)   23.079     -1838.    -23.079      0.000      0.000      N/A
   7    0.1     1.9   39  414793     523     953     608 ( 2.841%)   10631 (79.1%)   23.081     -1860.    -23.081      0.000      0.000      N/A
   8    0.1     2.4   34  509559     525     926     600 ( 2.803%)   10920 (81.2%)   23.096     -1943.    -23.096      0.000      0.000      N/A
   9    0.1     3.1   33  612067     523     927     591 ( 2.761%)   11267 (83.8%)   23.071     -2000.    -23.071      0.000      0.000      N/A
  10    0.1     4.1   28  643094     511     925     599 ( 2.799%)   11558 (86.0%)   23.110     -1941.    -23.110      0.000      0.000      198
Routing aborted, the predicted iteration for a successful route (198.3) is too high.
Routing failed.

Failed routing attempt
Total number of overused nodes: 599
Total number of overused nodes is larger than the logging limit (20).
Displaying the first 20 entries.
Routing Failure Diagnostics: Printing Overused Nodes Information
------ ------- ---------- --------- -------- ------------ ------- ------- ------- ------- ------- ------- -------
   No.  NodeId  Occupancy  Capacity  RR Node    Direction    Side     PTC   Block    Xlow    Ylow   Xhigh   Yhigh
                                        type                          NUM    Name                                 
------ ------- ---------- --------- -------- ------------ ------- ------- ------- ------- ------- ------- -------
     0    4524          2         1     IPIN          N/A     TOP      28     clb       4       7       4       7
     1    5604          2         1     IPIN          N/A     TOP      16     clb       5       5       5       5
     2    5674          2         1     IPIN          N/A    LEFT       3     clb       5       6       5       6
     3    5679          2         1     IPIN          N/A     TOP       8     clb       5       6       5       6
     4    5686          2         1     IPIN          N/A    LEFT      15     clb       5       6       5       6
     5    5690          2         1     IPIN          N/A    LEFT      19     clb       5       6       5       6
     6    5710          2         1     IPIN          N/A    LEFT      39     clb       5       6       5       6
     7    7560          2         1     IPIN          N/A    LEFT       3     clb       7       2       7       2
     8    7572          2         1     IPIN          N/A    LEFT      15     clb       7       2       7       2
     9    7585          3         1     IPIN          N/A     TOP      28     clb       7       2       7       2
    10    7646          2         1     IPIN          N/A  BOTTOM       6     clb       7       3       7       3
    11    7649          2         1     IPIN          N/A   RIGHT       9     clb       7       3       7       3
    12    7650          2         1     IPIN          N/A  BOTTOM      10     clb       7       3       7       3
    13    7725          2         1     IPIN          N/A  BOTTOM       2     clb       7       4       7       4
    14    7728          2         1     IPIN          N/A   RIGHT       5     clb       7       4       7       4
    15    7734          2         1     IPIN          N/A    LEFT      11     clb       7       4       7       4
    16    7738          2         1     IPIN          N/A    LEFT      15     clb       7       4       7       4
    17    7813          2         1     IPIN          N/A    LEFT       7     clb       7       5       7       5
    18    7897          2         1     IPIN          N/A     TOP       8     clb       7       6       7       6
    19    7979          2         1     IPIN          N/A    LEFT       7     clb       7       7       7       7

Final Net Connection Criticality Histogram:
[        0:      0.1) 358 ( 30.5%) |***********************************************
[      0.1:      0.2)  65 (  5.5%) |*********
[      0.2:      0.3)  85 (  7.2%) |***********
[      0.3:      0.4) 153 ( 13.0%) |********************
[      0.4:      0.5)  29 (  2.5%) |****
[      0.5:      0.6)  58 (  4.9%) |********
[      0.6:      0.7)  73 (  6.2%) |**********
[      0.7:      0.8)  72 (  6.1%) |*********
[      0.8:      0.9)  77 (  6.6%) |**********
[      0.9:        1) 204 ( 17.4%) |***************************
Router Stats: total_nets_routed: 5653 total_connections_routed: 9905 total_heap_pushes: 3773373 total_heap_pops: 1274092 

Attempting to route at 48 channels (binary search bounds: [32, 62])
## Build routing resource graph
SOURCE->OPIN and IPIN->SINK edge count:11392
OPIN->CHANX/CHANY edge count before creating direct connections: 19436
OPIN->CHANX/CHANY edge count after creating direct connections: 19436
CHAN->CHAN type edge count:88108
## Build routing resource graph took 0.07 seconds (max_rss 67.3 MiB, delta_rss +0.0 MiB)
  RR Graph Nodes: 23444
  RR Graph Edges: 118936
## Computing router lookahead map
### Computing wire lookahead
### Computing wire lookahead took 0.19 seconds (max_rss 67.3 MiB, delta_rss +0.0 MiB)
### Computing src/opin lookahead
Warning 25: Found no sample locations for EMPTY
Warning 26: Found no more sample locations for SOURCE in io
Warning 27: Found no more sample locations for OPIN in io
Warning 28: Found no more sample locations for SOURCE in clb
Warning 29: Found no more sample locations for OPIN in clb
Warning 30: Found no more sample locations for SOURCE in mult_36
Warning 31: Found no more sample locations for OPIN in mult_36
Warning 32: Found no more sample locations for SOURCE in memory
Warning 33: Found no more sample locations for OPIN in memory
### Computing src/opin lookahead took 0.00 seconds (max_rss 67.3 MiB, delta_rss +0.0 MiB)
## Computing router lookahead map took 0.19 seconds (max_rss 67.3 MiB, delta_rss +0.0 MiB)
## Initializing router criticalities
Initial Net Connection Criticality Histogram:
[        0:      0.1) 388 ( 33.0%) |***********************************************
[      0.1:      0.2)  41 (  3.5%) |*****
[      0.2:      0.3) 180 ( 15.3%) |**********************
[      0.3:      0.4)  53 (  4.5%) |******
[      0.4:      0.5)  47 (  4.0%) |******
[      0.5:      0.6)  21 (  1.8%) |***
[      0.6:      0.7) 104 (  8.9%) |*************
[      0.7:      0.8) 102 (  8.7%) |************
[      0.8:      0.9)  45 (  3.8%) |*****
[      0.9:        1) 193 ( 16.4%) |***********************
## Initializing router criticalities took 0.00 seconds (max_rss 67.3 MiB, delta_rss +0.0 MiB)
---- ------ ------- ---- ------- ------- ------- ----------------- --------------- -------- ---------- ---------- ---------- ---------- --------
Iter   Time    pres  BBs    Heap  Re-Rtd  Re-Rtd Overused RR Nodes      Wirelength      CPD       sTNS       sWNS       hTNS       hWNS Est Succ
      (sec)     fac Updt    push    Nets   Conns                                       (ns)       (ns)       (ns)       (ns)       (ns)     Iter
---- ------ ------- ---- ------- ------- ------- ----------------- --------------- -------- ---------- ---------- ---------- ---------- --------
   1    0.0     0.0    0  248268     692    1136     741 ( 3.161%)    8332 (41.3%)   22.962     -1715.    -22.962      0.000      0.000      N/A
   2    0.0     0.5   25  238604     593    1017     522 ( 2.227%)    8459 (42.0%)   22.964     -1720.    -22.964      0.000      0.000      N/A
   3    0.0     0.6   10  233233     490     851     501 ( 2.137%)    8760 (43.5%)   22.974     -1717.    -22.974      0.000      0.000      N/A
   4    0.0     0.8   19  253051     435     833     433 ( 1.847%)    8987 (44.6%)   23.071     -1757.    -23.071      0.000      0.000      N/A
   5    0.0     1.1   14  243214     405     779     353 ( 1.506%)    9182 (45.5%)   23.059     -1758.    -23.059      0.000      0.000      N/A
   6    0.0     1.4   15  206028     332     673     296 ( 1.263%)    9415 (46.7%)   23.014     -1772.    -23.014      0.000      0.000      N/A
   7    0.0     1.9   13  219466     329     674     269 ( 1.147%)    9562 (47.4%)   22.961     -1762.    -22.961      0.000      0.000      N/A
   8    0.0     2.4   11  203137     295     588     234 ( 0.998%)    9898 (49.1%)   23.033     -1801.    -23.033      0.000      0.000      N/A
   9    0.0     3.1   18  202226     288     565     218 ( 0.930%)   10030 (49.8%)   23.052     -1825.    -23.052      0.000      0.000      N/A
  10    0.0     4.1   14  198835     263     511     192 ( 0.819%)   10289 (51.0%)   23.075     -1852.    -23.075      0.000      0.000       54
  11    0.0     5.3   12  208578     231     460     150 ( 0.640%)   10654 (52.8%)   23.088     -1868.    -23.088      0.000      0.000       59
  12    0.0     6.9   21  180569     207     436     134 ( 0.572%)   10930 (54.2%)   23.073     -1879.    -23.073      0.000      0.000       51
  13    0.0     9.0   19  181303     187     375     119 ( 0.508%)   11245 (55.8%)   23.084     -1929.    -23.084      0.000      0.000       47
  14    0.0    11.6   24  215557     176     354     103 ( 0.439%)   11623 (57.7%)   23.091     -1986.    -23.091      0.000      0.000       47
  15    0.0    15.1   21  226229     167     344      96 ( 0.409%)   11830 (58.7%)   23.081     -2017.    -23.081      0.000      0.000       46
  16    0.0    19.7   20  219517     154     326      80 ( 0.341%)   12131 (60.2%)   23.081     -2013.    -23.081      0.000      0.000       48
  17    0.0    25.6   16  196384     130     275      83 ( 0.354%)   12189 (60.5%)   23.230     -2030.    -23.230      0.000      0.000       47
  18    0.0    33.3   11  171277     126     258      71 ( 0.303%)   12470 (61.9%)   23.230     -2035.    -23.230      0.000      0.000       51
  19    0.0    43.3   14  182620     138     294      64 ( 0.273%)   12535 (62.2%)   23.232     -2035.    -23.232      0.000      0.000       54
  20    0.0    56.2   13  198768     122     275      59 ( 0.252%)   12712 (63.1%)   23.336     -2044.    -23.336      0.000      0.000       55
  21    0.0    73.1   11  179947     107     222      59 ( 0.252%)   12656 (62.8%)   23.593     -2062.    -23.593      0.000      0.000       59
  22    0.0    95.0    5  274855     115     269      59 ( 0.252%)   12832 (63.7%)   23.532     -2059.    -23.532      0.000      0.000       62
  23    0.1   123.5   11  301878     121     287      59 ( 0.252%)   12901 (64.0%)   24.180     -2091.    -24.180      0.000      0.000       68
  24    0.1   160.6   15  342188     113     248      52 ( 0.222%)   13006 (64.5%)   24.493     -2123.    -24.493      0.000      0.000       73
  25    0.1   208.8   13  314408     117     258      55 ( 0.235%)   13262 (65.8%)   24.344     -2151.    -24.344      0.000      0.000       79
  26    0.0   271.4   14  258798     114     266      47 ( 0.200%)   13230 (65.6%)   24.830     -2206.    -24.830      0.000      0.000       85
  27    0.0   352.8   12  269057     111     264      39 ( 0.166%)   13323 (66.1%)   24.867     -2208.    -24.867      0.000      0.000       91
  28    0.0   458.7    5  220699     104     225      37 ( 0.158%)   13363 (66.3%)   25.088     -2293.    -25.088      0.000      0.000       87
  29    0.0   596.3    9  158539     100     214      37 ( 0.158%)   13352 (66.2%)   25.023     -2290.    -25.023      0.000      0.000       87
  30    0.0   775.1    6  148200     102     215      31 ( 0.132%)   13431 (66.6%)   25.162     -2174.    -25.162      0.000      0.000       87
  31    0.0  1007.7    7  121663      96     217      22 ( 0.094%)   13511 (67.0%)   26.056     -2225.    -26.056      0.000      0.000       86
  32    0.0  1310.0    7  110085      88     180      27 ( 0.115%)   13574 (67.3%)   26.172     -2224.    -26.172      0.000      0.000       78
  33    0.0  1703.0    7  108937      93     198      27 ( 0.115%)   13602 (67.5%)   25.874     -2230.    -25.874      0.000      0.000       77
  34    0.0  2213.9    4  100247      97     208      26 ( 0.111%)   13692 (67.9%)   25.756     -2223.    -25.756      0.000      0.000       78
  35    0.0  2878.1    4  101681      95     209      26 ( 0.111%)   13685 (67.9%)   25.994     -2219.    -25.994      0.000      0.000       79
  36    0.0  3741.5    3  163393      95     220      33 ( 0.141%)   13775 (68.3%)   25.994     -2186.    -25.994      0.000      0.000       81
  37    0.0  4863.9    7  170565     102     247      28 ( 0.119%)   13865 (68.8%)   25.576     -2157.    -25.576      0.000      0.000       87
  38    0.0  6323.1    7  114208      96     221      22 ( 0.094%)   13881 (68.9%)   25.733     -2165.    -25.733      0.000      0.000       91
  39    0.0  8220.0    3  128363      89     215      21 ( 0.090%)   13875 (68.8%)   25.733     -2165.    -25.733      0.000      0.000       91
  40    0.0 10686.0    1  101699      91     218      22 ( 0.094%)   13888 (68.9%)   25.717     -2161.    -25.717      0.000      0.000       91
  41    0.0 13891.9    2   88708      87     203      20 ( 0.085%)   13891 (68.9%)   26.667     -2207.    -26.667      0.000      0.000       92
  42    0.0 18059.4    5  117307      85     215      22 ( 0.094%)   13917 (69.0%)   26.089     -2180.    -26.089      0.000      0.000       93
  43    0.0 23477.2    4  133487      94     237      23 ( 0.098%)   14050 (69.7%)   26.273     -2187.    -26.273      0.000      0.000       97
  44    0.0 30520.4    6  165515      91     214      24 ( 0.102%)   13938 (69.1%)   26.342     -2172.    -26.342      0.000      0.000      101
  45    0.0 39676.5    3  202812      99     224      23 ( 0.098%)   14178 (70.3%)   26.077     -2147.    -26.077      0.000      0.000      109
  46    0.0 51579.5    6  177145      95     214      28 ( 0.119%)   14088 (69.9%)   25.913     -2143.    -25.913      0.000      0.000      114
  47    0.0 67053.3    4  155230      99     215      25 ( 0.107%)   14123 (70.1%)   25.811     -2138.    -25.811      0.000      0.000      131
  48    0.0 87169.3    3  162705      99     222      27 ( 0.115%)   14100 (69.9%)   26.425     -2149.    -26.425      0.000      0.000      140
  49    0.0 1.1e+05    3  160894     102     228      29 ( 0.124%)   14210 (70.5%)   26.130     -2133.    -26.130      0.000      0.000      163
  50    0.0 1.5e+05    3  190414      99     244      28 ( 0.119%)   14281 (70.8%)   28.013     -2217.    -28.013      0.000      0.000      183
Routing failed.

Failed routing attempt
Total number of overused nodes: 28
Total number of overused nodes is larger than the logging limit (20).
Displaying the first 20 entries.
Routing Failure Diagnostics: Printing Overused Nodes Information
------ ------- ---------- --------- -------- ------------ ------- ------- ------- ------- ------- ------- -------
   No.  NodeId  Occupancy  Capacity  RR Node    Direction    Side     PTC   Block    Xlow    Ylow   Xhigh   Yhigh
                                        type                          NUM    Name                                 
------ ------- ---------- --------- -------- ------------ ------- ------- ------- ------- ------- ------- -------
     0    7749          2         1     IPIN          N/A  BOTTOM      26     clb       7       4       7       4
     1   12096          2         1     IPIN          N/A   RIGHT      25     clb      11       2      11       2
     2   14849          2         1     IPIN          N/A   RIGHT      13     clb      13       5      13       5
     3   14868          2         1     IPIN          N/A     TOP      32     clb      13       5      13       5
     4   14954          2         1     IPIN          N/A    LEFT      35     clb      13       6      13       6
     5   17418          2         1    CHANX      INC_DIR     N/A      40      io       5       0       8       0
     6   17718          2         1    CHANX      INC_DIR     N/A      42     clb      13       1      14       1
     7   18028          2         1    CHANX      INC_DIR     N/A      38     clb       5       3       8       3
     8   18080          2         1    CHANX      INC_DIR     N/A       0  memory      10       3      13       3
     9   18108          2         1    CHANX      INC_DIR     N/A      20     clb      12       3      14       3
    10   18312          2         1    CHANX      INC_DIR     N/A      22     clb      12       4      14       4
    11   18433          2         1    CHANX      DEC_DIR     N/A      19     clb       5       5       8       5
    12   18514          2         1    CHANX      INC_DIR     N/A       8     clb      12       5      14       5
    13   18697          2         1    CHANX      DEC_DIR     N/A      23  memory      10       6      13       6
    14   18861          2         1    CHANX      DEC_DIR     N/A       3     clb       7       7      10       7
    15   22095          2         1    CHANY      DEC_DIR     N/A      31     clb       8       4       8       7
    16   22281          2         1    CHANY      DEC_DIR     N/A       7     clb       9       3       9       6
    17   22283          2         1    CHANY      DEC_DIR     N/A      15     clb       9       3       9       6
    18   22362          2         1    CHANY      INC_DIR     N/A      42     clb       9       9       9      12
    19   22608          2         1    CHANY      INC_DIR     N/A      20   EMPTY      10      13      10      14

Final Net Connection Criticality Histogram:
[        0:      0.1) 372 ( 31.7%) |***********************************************
[      0.1:      0.2)  53 (  4.5%) |*******
[      0.2:      0.3) 134 ( 11.4%) |*****************
[      0.3:      0.4) 104 (  8.9%) |*************
[      0.4:      0.5)  43 (  3.7%) |*****
[      0.5:      0.6)  86 (  7.3%) |***********
[      0.6:      0.7)  30 (  2.6%) |****
[      0.7:      0.8) 105 (  8.9%) |*************
[      0.8:      0.9)  46 (  3.9%) |******
[      0.9:        1) 201 ( 17.1%) |*************************
Router Stats: total_nets_routed: 8756 total_connections_routed: 17841 total_heap_pushes: 9470491 total_heap_pops: 3747113 

Attempting to route at 56 channels (binary search bounds: [48, 62])
## Build routing resource graph
SOURCE->OPIN and IPIN->SINK edge count:11392
OPIN->CHANX/CHANY edge count before creating direct connections: 22224
OPIN->CHANX/CHANY edge count after creating direct connections: 22224
CHAN->CHAN type edge count:102104
## Build routing resource graph took 0.08 seconds (max_rss 67.3 MiB, delta_rss +0.0 MiB)
  RR Graph Nodes: 24464
  RR Graph Edges: 135720
## Computing router lookahead map
### Computing wire lookahead
### Computing wire lookahead took 0.22 seconds (max_rss 67.3 MiB, delta_rss +0.0 MiB)
### Computing src/opin lookahead
Warning 34: Found no sample locations for EMPTY
Warning 35: Found no more sample locations for SOURCE in io
Warning 36: Found no more sample locations for OPIN in io
Warning 37: Found no more sample locations for SOURCE in clb
Warning 38: Found no more sample locations for OPIN in clb
Warning 39: Found no more sample locations for SOURCE in mult_36
Warning 40: Found no more sample locations for OPIN in mult_36
Warning 41: Found no more sample locations for SOURCE in memory
Warning 42: Found no more sample locations for OPIN in memory
### Computing src/opin lookahead took 0.00 seconds (max_rss 67.3 MiB, delta_rss +0.0 MiB)
## Computing router lookahead map took 0.22 seconds (max_rss 67.3 MiB, delta_rss +0.0 MiB)
## Initializing router criticalities
Initial Net Connection Criticality Histogram:
[        0:      0.1) 388 ( 33.0%) |***********************************************
[      0.1:      0.2)  41 (  3.5%) |*****
[      0.2:      0.3) 180 ( 15.3%) |**********************
[      0.3:      0.4)  53 (  4.5%) |******
[      0.4:      0.5)  47 (  4.0%) |******
[      0.5:      0.6)  21 (  1.8%) |***
[      0.6:      0.7) 104 (  8.9%) |*************
[      0.7:      0.8) 102 (  8.7%) |************
[      0.8:      0.9)  45 (  3.8%) |*****
[      0.9:        1) 193 ( 16.4%) |***********************
## Initializing router criticalities took 0.00 seconds (max_rss 67.3 MiB, delta_rss +0.0 MiB)
---- ------ ------- ---- ------- ------- ------- ----------------- --------------- -------- ---------- ---------- ---------- ---------- --------
Iter   Time    pres  BBs    Heap  Re-Rtd  Re-Rtd Overused RR Nodes      Wirelength      CPD       sTNS       sWNS       hTNS       hWNS Est Succ
      (sec)     fac Updt    push    Nets   Conns                                       (ns)       (ns)       (ns)       (ns)       (ns)     Iter
---- ------ ------- ---- ------- ------- ------- ----------------- --------------- -------- ---------- ---------- ---------- ---------- --------
   1    0.0     0.0    0  223504     692    1136     687 ( 2.808%)    8151 (34.7%)   22.896     -1742.    -22.896      0.000      0.000      N/A
   2    0.0     0.5   18  212581     563     998     427 ( 1.745%)    8173 (34.7%)   22.928     -1737.    -22.928      0.000      0.000      N/A
   3    0.0     0.6    8  210652     451     813     385 ( 1.574%)    8474 (36.0%)   22.890     -1726.    -22.890      0.000      0.000      N/A
   4    0.0     0.8   12  226573     393     756     328 ( 1.341%)    8591 (36.5%)   23.021     -1759.    -23.021      0.000      0.000      N/A
   5    0.0     1.1   10  217336     332     688     251 ( 1.026%)    8882 (37.8%)   23.062     -1756.    -23.062      0.000      0.000      N/A
   6    0.0     1.4    9  190520     270     553     202 ( 0.826%)    9053 (38.5%)   23.019     -1765.    -23.019      0.000      0.000      N/A
   7    0.0     1.9   16  189601     258     531     168 ( 0.687%)    9293 (39.5%)   23.050     -1750.    -23.050      0.000      0.000      N/A
   8    0.0     2.4   10  171487     213     445     135 ( 0.552%)    9477 (40.3%)   23.055     -1773.    -23.055      0.000      0.000      N/A
   9    0.0     3.1   13  161082     187     380     116 ( 0.474%)    9623 (40.9%)   23.085     -1787.    -23.085      0.000      0.000      N/A
  10    0.0     4.1   11  124731     165     344      98 ( 0.401%)    9882 (42.0%)   23.061     -1797.    -23.061      0.000      0.000       33
  11    0.0     5.3   14  114502     126     274      76 ( 0.311%)    9905 (42.1%)   23.061     -1793.    -23.061      0.000      0.000       35
  12    0.0     6.9   10  109775     116     275      56 ( 0.229%)   10121 (43.0%)   23.071     -1793.    -23.071      0.000      0.000       34
  13    0.0     9.0   13   99867      98     224      49 ( 0.200%)   10311 (43.8%)   23.040     -1796.    -23.040      0.000      0.000       31
  14    0.0    11.6   12   95762      83     188      39 ( 0.159%)   10542 (44.8%)   23.097     -1793.    -23.097      0.000      0.000       32
  15    0.0    15.1   11   74303      76     167      33 ( 0.135%)   10665 (45.3%)   23.083     -1793.    -23.083      0.000      0.000       31
  16    0.0    19.7    7   72598      71     165      31 ( 0.127%)   10868 (46.2%)   23.083     -1800.    -23.083      0.000      0.000       31
  17    0.0    25.6    8   68139      62     131      23 ( 0.094%)   10941 (46.5%)   23.093     -1808.    -23.093      0.000      0.000       33
  18    0.0    33.3    4   48110      56     135      21 ( 0.086%)   10987 (46.7%)   23.093     -1808.    -23.093      0.000      0.000       33
  19    0.0    43.3    7   39512      60     137      14 ( 0.057%)   10986 (46.7%)   23.093     -1806.    -23.093      0.000      0.000       34
  20    0.0    56.2    5   43292      48     110      12 ( 0.049%)   11043 (47.0%)   23.093     -1808.    -23.093      0.000      0.000       33
  21    0.0    73.1    6   32318      42     112       9 ( 0.037%)   11115 (47.3%)   23.332     -1829.    -23.332      0.000      0.000       33
  22    0.0    95.0    4   48285      45     113      11 ( 0.045%)   11105 (47.2%)   23.193     -1822.    -23.193      0.000      0.000       32
  23    0.0   123.5    1   32086      45     112       7 ( 0.029%)   11078 (47.1%)   23.292     -1825.    -23.292      0.000      0.000       34
  24    0.0   160.6    1   49054      41     102       6 ( 0.025%)   11127 (47.3%)   23.599     -1835.    -23.599      0.000      0.000       34
  25    0.0   208.8    3   54695      41      97       5 ( 0.020%)   11132 (47.3%)   23.292     -1824.    -23.292      0.000      0.000       33
  26    0.0   271.4    5   29419      36      91       3 ( 0.012%)   11166 (47.5%)   23.292     -1824.    -23.292      0.000      0.000       33
  27    0.0   352.8    2   24667      35      88       3 ( 0.012%)   11169 (47.5%)   23.292     -1824.    -23.292      0.000      0.000       33
  28    0.0   458.7    2   25655      35      92       3 ( 0.012%)   11164 (47.5%)   23.292     -1824.    -23.292      0.000      0.000       33
  29    0.0   596.3    1   16716      34      85       2 ( 0.008%)   11181 (47.5%)   23.292     -1824.    -23.292      0.000      0.000       33
  30    0.0   775.1    1   14575      32      83       1 ( 0.004%)   11199 (47.6%)   23.908     -1862.    -23.908      0.000      0.000       33
  31    0.0  1007.7    0   21672      34      86       1 ( 0.004%)   11184 (47.6%)   23.893     -1861.    -23.893      0.000      0.000       32
  32    0.0  1310.0    0   15100      32      83       1 ( 0.004%)   11189 (47.6%)   23.893     -1861.    -23.893      0.000      0.000       32
  33    0.0  1703.0    0   21556      32      84       2 ( 0.008%)   11215 (47.7%)   23.893     -1861.    -23.893      0.000      0.000       32
  34    0.0  2213.9    1   30836      35      92       1 ( 0.004%)   11270 (47.9%)   23.893     -1861.    -23.893      0.000      0.000       33
  35    0.0  2878.1    1   32378      33      86       1 ( 0.004%)   11270 (47.9%)   23.893     -1861.    -23.893      0.000      0.000       33
  36    0.0  3741.5    0   28736      33      87       2 ( 0.008%)   11249 (47.8%)   23.893     -1861.    -23.893      0.000      0.000       33
  37    0.0  4863.9    0   27158      34      87       1 ( 0.004%)   11283 (48.0%)   23.893     -1862.    -23.893      0.000      0.000       35
  38    0.0  6323.1    0   27001      32      85       1 ( 0.004%)   11262 (47.9%)   23.920     -1864.    -23.920      0.000      0.000       35
  39    0.0  8220.0    1   20306      33      88       0 ( 0.000%)   11268 (47.9%)   23.893     -1862.    -23.893      0.000      0.000       35
Restoring best routing
Critical path: 23.8934 ns
Successfully routed after 39 routing iterations.
Final Net Connection Criticality Histogram:
[        0:      0.1) 371 ( 31.6%) |***********************************************
[      0.1:      0.2)  54 (  4.6%) |*******
[      0.2:      0.3) 166 ( 14.1%) |*********************
[      0.3:      0.4)  69 (  5.9%) |*********
[      0.4:      0.5)  26 (  2.2%) |***
[      0.5:      0.6)  92 (  7.8%) |************
[      0.6:      0.7)  37 (  3.2%) |*****
[      0.7:      0.8) 104 (  8.9%) |*************
[      0.8:      0.9)  51 (  4.3%) |******
[      0.9:        1) 204 ( 17.4%) |**************************
Router Stats: total_nets_routed: 5004 total_connections_routed: 10203 total_heap_pushes: 3246140 total_heap_pops: 984246 

Attempting to route at 52 channels (binary search bounds: [48, 56])
## Build routing resource graph
SOURCE->OPIN and IPIN->SINK edge count:11392
OPIN->CHANX/CHANY edge count before creating direct connections: 20828
OPIN->CHANX/CHANY edge count after creating direct connections: 20828
CHAN->CHAN type edge count:94941
## Build routing resource graph took 0.07 seconds (max_rss 67.3 MiB, delta_rss +0.0 MiB)
  RR Graph Nodes: 23952
  RR Graph Edges: 127161
## Computing router lookahead map
### Computing wire lookahead
### Computing wire lookahead took 0.21 seconds (max_rss 67.3 MiB, delta_rss +0.0 MiB)
### Computing src/opin lookahead
Warning 43: Found no sample locations for EMPTY
Warning 44: Found no more sample locations for SOURCE in io
Warning 45: Found no more sample locations for OPIN in io
Warning 46: Found no more sample locations for SOURCE in clb
Warning 47: Found no more sample locations for OPIN in clb
Warning 48: Found no more sample locations for SOURCE in mult_36
Warning 49: Found no more sample locations for OPIN in mult_36
Warning 50: Found no more sample locations for SOURCE in memory
Warning 51: Found no more sample locations for OPIN in memory
### Computing src/opin lookahead took 0.00 seconds (max_rss 67.3 MiB, delta_rss +0.0 MiB)
## Computing router lookahead map took 0.21 seconds (max_rss 67.3 MiB, delta_rss +0.0 MiB)
## Initializing router criticalities
Initial Net Connection Criticality Histogram:
[        0:      0.1) 388 ( 33.0%) |***********************************************
[      0.1:      0.2)  41 (  3.5%) |*****
[      0.2:      0.3) 180 ( 15.3%) |**********************
[      0.3:      0.4)  53 (  4.5%) |******
[      0.4:      0.5)  47 (  4.0%) |******
[      0.5:      0.6)  21 (  1.8%) |***
[      0.6:      0.7) 104 (  8.9%) |*************
[      0.7:      0.8) 102 (  8.7%) |************
[      0.8:      0.9)  45 (  3.8%) |*****
[      0.9:        1) 193 ( 16.4%) |***********************
## Initializing router criticalities took 0.00 seconds (max_rss 67.3 MiB, delta_rss +0.0 MiB)
---- ------ ------- ---- ------- ------- ------- ----------------- --------------- -------- ---------- ---------- ---------- ---------- --------
Iter   Time    pres  BBs    Heap  Re-Rtd  Re-Rtd Overused RR Nodes      Wirelength      CPD       sTNS       sWNS       hTNS       hWNS Est Succ
      (sec)     fac Updt    push    Nets   Conns                                       (ns)       (ns)       (ns)       (ns)       (ns)     Iter
---- ------ ------- ---- ------- ------- ------- ----------------- --------------- -------- ---------- ---------- ---------- ---------- --------
   1    0.0     0.0    0  204250     692    1136     740 ( 3.090%)    8214 (37.6%)   22.977     -1714.    -22.977      0.000      0.000      N/A
   2    0.0     0.5   25  194907     591    1014     480 ( 2.004%)    8232 (37.7%)   22.979     -1722.    -22.979      0.000      0.000      N/A
   3    0.0     0.6    6  202962     451     822     414 ( 1.728%)    8518 (39.0%)   22.994     -1723.    -22.994      0.000      0.000      N/A
   4    0.0     0.8   22  191498     406     778     368 ( 1.536%)    8791 (40.3%)   22.991     -1734.    -22.991      0.000      0.000      N/A
   5    0.0     1.1   20  208602     365     724     290 ( 1.211%)    8974 (41.1%)   22.989     -1738.    -22.989      0.000      0.000      N/A
   6    0.0     1.4    9  181639     319     642     242 ( 1.010%)    9105 (41.7%)   22.966     -1737.    -22.966      0.000      0.000      N/A
   7    0.0     1.9   15  180133     283     579     220 ( 0.919%)    9364 (42.9%)   23.090     -1789.    -23.090      0.000      0.000      N/A
   8    0.0     2.4    9  190067     267     540     178 ( 0.743%)    9611 (44.0%)   23.092     -1809.    -23.092      0.000      0.000      N/A
   9    0.0     3.1   13  138967     207     424     150 ( 0.626%)    9810 (44.9%)   23.094     -1818.    -23.094      0.000      0.000      N/A
  10    0.0     4.1   12  151461     193     399     123 ( 0.514%)   10095 (46.2%)   23.096     -1844.    -23.096      0.000      0.000       40
  11    0.0     5.3   17  128020     172     373      93 ( 0.388%)   10189 (46.7%)   23.095     -1826.    -23.095      0.000      0.000       38
  12    0.0     6.9   10  135136     141     304      83 ( 0.347%)   10451 (47.9%)   23.104     -1847.    -23.104      0.000      0.000       35
  13    0.0     9.0   11  138355     123     255      74 ( 0.309%)   10635 (48.7%)   23.104     -1850.    -23.104      0.000      0.000       34
  14    0.0    11.6   18  101351     110     250      51 ( 0.213%)   10766 (49.3%)   23.164     -1857.    -23.164      0.000      0.000       36
  15    0.0    15.1   11   95043      96     192      42 ( 0.175%)   10998 (50.4%)   23.164     -1870.    -23.164      0.000      0.000       34
  16    0.0    19.7   13   96072      86     167      37 ( 0.154%)   11097 (50.8%)   23.168     -1894.    -23.168      0.000      0.000       34
  17    0.0    25.6   12  102813      81     157      31 ( 0.129%)   11094 (50.8%)   23.164     -1867.    -23.164      0.000      0.000       34
  18    0.0    33.3   11   75105      65     134      24 ( 0.100%)   11216 (51.4%)   23.164     -1875.    -23.164      0.000      0.000       34
  19    0.0    43.3    6   67575      62     128      25 ( 0.104%)   11412 (52.3%)   23.164     -1875.    -23.164      0.000      0.000       34
  20    0.0    56.2    5   67267      63     133      22 ( 0.092%)   11464 (52.5%)   23.164     -1897.    -23.164      0.000      0.000       35
  21    0.0    73.1    7   55796      63     138      19 ( 0.079%)   11548 (52.9%)   23.119     -1905.    -23.119      0.000      0.000       37
  22    0.0    95.0    3   67886      65     134      21 ( 0.088%)   11594 (53.1%)   23.119     -1896.    -23.119      0.000      0.000       38
  23    0.0   123.5    4   48940      61     135      16 ( 0.067%)   11749 (53.8%)   23.142     -1898.    -23.142      0.000      0.000       41
  24    0.0   160.6    7   50052      53     118      14 ( 0.058%)   11732 (53.7%)   23.622     -1929.    -23.622      0.000      0.000       42
  25    0.0   208.8    2   73089      56     114      13 ( 0.054%)   11749 (53.8%)   23.622     -1930.    -23.622      0.000      0.000       44
  26    0.0   271.4    1   69820      48     101      11 ( 0.046%)   11759 (53.8%)   23.622     -1931.    -23.622      0.000      0.000       44
  27    0.0   352.8    2   67521      50     107       9 ( 0.038%)   11815 (54.1%)   23.641     -1926.    -23.641      0.000      0.000       46
  28    0.0   458.7    1   53980      48     104      12 ( 0.050%)   11869 (54.3%)   23.641     -1926.    -23.641      0.000      0.000       46
  29    0.0   596.3    3   56489      47     112      10 ( 0.042%)   11898 (54.5%)   24.001     -1972.    -24.001      0.000      0.000       49
  30    0.0   775.1    3   62044      42     109       8 ( 0.033%)   11930 (54.6%)   23.851     -1941.    -23.851      0.000      0.000       50
  31    0.0  1007.7    2   44592      47     107       7 ( 0.029%)   11984 (54.9%)   24.674     -1967.    -24.674      0.000      0.000       51
  32    0.0  1310.0    3   38175      46     105       7 ( 0.029%)   12054 (55.2%)   24.625     -1966.    -24.625      0.000      0.000       50
  33    0.0  1703.0    3   41604      44     104       6 ( 0.025%)   12046 (55.2%)   24.298     -1955.    -24.298      0.000      0.000       51
  34    0.0  2213.9    2   67845      43     117       6 ( 0.025%)   12013 (55.0%)   23.875     -1942.    -23.875      0.000      0.000       51
  35    0.0  2878.1    2   72868      43     131       7 ( 0.029%)   12014 (55.0%)   23.851     -1940.    -23.851      0.000      0.000       52
  36    0.0  3741.5    2   68915      47     127       3 ( 0.013%)   11999 (54.9%)   24.030     -1952.    -24.030      0.000      0.000       54
  37    0.0  4863.9    2   50921      42     117       3 ( 0.013%)   11968 (54.8%)   23.896     -1943.    -23.896      0.000      0.000       51
  38    0.0  6323.1    0   29975      40     125       1 ( 0.004%)   11993 (54.9%)   23.896     -1943.    -23.896      0.000      0.000       50
  39    0.0  8220.0    0   21143      38     100       1 ( 0.004%)   11996 (54.9%)   23.896     -1943.    -23.896      0.000      0.000       46
  40    0.0 10686.0    0   22184      38     102       1 ( 0.004%)   12001 (54.9%)   23.896     -1943.    -23.896      0.000      0.000       44
  41    0.0 13891.9    1   21511      38     100       1 ( 0.004%)   12004 (55.0%)   23.896     -1943.    -23.896      0.000      0.000       43
  42    0.0 18059.4    0   21316      38     100       1 ( 0.004%)   12011 (55.0%)   23.896     -1943.    -23.896      0.000      0.000       43
  43    0.0 23477.2    1   16026      37      97       1 ( 0.004%)   12018 (55.0%)   23.896     -1943.    -23.896      0.000      0.000       42
  44    0.0 30520.4    1   16887      37      98       0 ( 0.000%)   12049 (55.2%)   23.896     -1943.    -23.896      0.000      0.000       42
Restoring best routing
Critical path: 23.8956 ns
Successfully routed after 44 routing iterations.
Final Net Connection Criticality Histogram:
[        0:      0.1) 365 ( 31.1%) |***********************************************
[      0.1:      0.2)  62 (  5.3%) |********
[      0.2:      0.3) 140 ( 11.9%) |******************
[      0.3:      0.4)  88 (  7.5%) |***********
[      0.4:      0.5)  21 (  1.8%) |***
[      0.5:      0.6)  80 (  6.8%) |**********
[      0.6:      0.7)  53 (  4.5%) |*******
[      0.7:      0.8)  56 (  4.8%) |*******
[      0.8:      0.9) 105 (  8.9%) |**************
[      0.9:        1) 204 ( 17.4%) |**************************
Router Stats: total_nets_routed: 5884 total_connections_routed: 11853 total_heap_pushes: 3990802 total_heap_pops: 1373508 

Attempting to route at 50 channels (binary search bounds: [48, 52])
## Build routing resource graph
SOURCE->OPIN and IPIN->SINK edge count:11392
OPIN->CHANX/CHANY edge count before creating direct connections: 20128
OPIN->CHANX/CHANY edge count after creating direct connections: 20128
CHAN->CHAN type edge count:91514
## Build routing resource graph took 0.07 seconds (max_rss 67.3 MiB, delta_rss +0.0 MiB)
  RR Graph Nodes: 23696
  RR Graph Edges: 123034
## Computing router lookahead map
### Computing wire lookahead
### Computing wire lookahead took 0.20 seconds (max_rss 67.3 MiB, delta_rss +0.0 MiB)
### Computing src/opin lookahead
Warning 52: Found no sample locations for EMPTY
Warning 53: Found no more sample locations for SOURCE in io
Warning 54: Found no more sample locations for OPIN in io
Warning 55: Found no more sample locations for SOURCE in clb
Warning 56: Found no more sample locations for OPIN in clb
Warning 57: Found no more sample locations for SOURCE in mult_36
Warning 58: Found no more sample locations for OPIN in mult_36
Warning 59: Found no more sample locations for SOURCE in memory
Warning 60: Found no more sample locations for OPIN in memory
### Computing src/opin lookahead took 0.00 seconds (max_rss 67.3 MiB, delta_rss +0.0 MiB)
## Computing router lookahead map took 0.21 seconds (max_rss 67.3 MiB, delta_rss +0.0 MiB)
## Initializing router criticalities
Initial Net Connection Criticality Histogram:
[        0:      0.1) 388 ( 33.0%) |***********************************************
[      0.1:      0.2)  41 (  3.5%) |*****
[      0.2:      0.3) 180 ( 15.3%) |**********************
[      0.3:      0.4)  53 (  4.5%) |******
[      0.4:      0.5)  47 (  4.0%) |******
[      0.5:      0.6)  21 (  1.8%) |***
[      0.6:      0.7) 104 (  8.9%) |*************
[      0.7:      0.8) 102 (  8.7%) |************
[      0.8:      0.9)  45 (  3.8%) |*****
[      0.9:        1) 193 ( 16.4%) |***********************
## Initializing router criticalities took 0.00 seconds (max_rss 67.3 MiB, delta_rss +0.0 MiB)
---- ------ ------- ---- ------- ------- ------- ----------------- --------------- -------- ---------- ---------- ---------- ---------- --------
Iter   Time    pres  BBs    Heap  Re-Rtd  Re-Rtd Overused RR Nodes      Wirelength      CPD       sTNS       sWNS       hTNS       hWNS Est Succ
      (sec)     fac Updt    push    Nets   Conns                                       (ns)       (ns)       (ns)       (ns)       (ns)     Iter
---- ------ ------- ---- ------- ------- ------- ----------------- --------------- -------- ---------- ---------- ---------- ---------- --------
   1    0.0     0.0    0  229954     692    1136     744 ( 3.140%)    8262 (39.3%)   23.006     -1753.    -23.006      0.000      0.000      N/A
   2    0.0     0.5   24  218266     584    1007     472 ( 1.992%)    8353 (39.8%)   23.007     -1729.    -23.007      0.000      0.000      N/A
   3    0.0     0.6    8  223210     458     843     441 ( 1.861%)    8648 (41.2%)   23.006     -1758.    -23.006      0.000      0.000      N/A
   4    0.0     0.8   15  240585     423     776     388 ( 1.637%)    8874 (42.3%)   23.006     -1756.    -23.006      0.000      0.000      N/A
   5    0.0     1.1   23  216793     367     741     314 ( 1.325%)    9077 (43.2%)   22.910     -1816.    -22.910      0.000      0.000      N/A
   6    0.0     1.4   18  222800     348     677     261 ( 1.101%)    9208 (43.8%)   22.912     -1759.    -22.912      0.000      0.000      N/A
   7    0.0     1.9   13  196868     293     599     226 ( 0.954%)    9377 (44.7%)   22.904     -1810.    -22.904      0.000      0.000      N/A
   8    0.0     2.4   11  203860     276     563     196 ( 0.827%)    9716 (46.3%)   22.920     -1877.    -22.920      0.000      0.000      N/A
   9    0.0     3.1   14  204532     247     489     174 ( 0.734%)    9985 (47.5%)   22.921     -1883.    -22.921      0.000      0.000      N/A
  10    0.0     4.1   17  191912     223     425     155 ( 0.654%)   10103 (48.1%)   23.038     -1872.    -23.038      0.000      0.000       44
  11    0.0     5.3   13  156694     206     415     129 ( 0.544%)   10410 (49.6%)   23.045     -1878.    -23.045      0.000      0.000       49
  12    0.0     6.9   16  184820     196     387     119 ( 0.502%)   10572 (50.3%)   23.043     -1890.    -23.043      0.000      0.000       47
  13    0.0     9.0   18  179036     172     343      93 ( 0.392%)   10733 (51.1%)   23.046     -1915.    -23.046      0.000      0.000       48
  14    0.0    11.6   15  149490     136     261      89 ( 0.376%)   10987 (52.3%)   23.047     -1871.    -23.047      0.000      0.000       45
  15    0.0    15.1   20  173707     129     282      73 ( 0.308%)   11294 (53.8%)   23.024     -1890.    -23.024      0.000      0.000       46
  16    0.0    19.7   17  185624     118     260      63 ( 0.266%)   11495 (54.7%)   23.023     -1935.    -23.023      0.000      0.000       45
  17    0.0    25.6   15  168456     108     224      58 ( 0.245%)   11703 (55.7%)   23.493     -1973.    -23.493      0.000      0.000       45
  18    0.0    33.3   14  204798     104     228      57 ( 0.241%)   11907 (56.7%)   23.336     -1979.    -23.336      0.000      0.000       45
  19    0.0    43.3    9  183231     104     231      52 ( 0.219%)   12224 (58.2%)   23.259     -2013.    -23.259      0.000      0.000       48
  20    0.0    56.2   18  169722      98     188      51 ( 0.215%)   12284 (58.5%)   23.542     -2029.    -23.542      0.000      0.000       50
  21    0.0    73.1   12  174369      99     203      48 ( 0.203%)   12341 (58.8%)   23.529     -2035.    -23.529      0.000      0.000       55
  22    0.0    95.0   14  132071      94     187      41 ( 0.173%)   12491 (59.5%)   23.854     -2075.    -23.854      0.000      0.000       58
  23    0.0   123.5   14  167038      93     208      38 ( 0.160%)   12720 (60.6%)   24.478     -2097.    -24.478      0.000      0.000       61
  24    0.0   160.6   13  133183      90     207      37 ( 0.156%)   12693 (60.4%)   24.334     -2089.    -24.334      0.000      0.000       62
  25    0.0   208.8   11  152085      94     223      37 ( 0.156%)   12781 (60.9%)   24.192     -2069.    -24.192      0.000      0.000       67
  26    0.0   271.4   14  141172      84     179      26 ( 0.110%)   12939 (61.6%)   25.590     -2132.    -25.590      0.000      0.000       70
  27    0.0   352.8    5  151726      80     193      23 ( 0.097%)   12792 (60.9%)   25.464     -2120.    -25.464      0.000      0.000       67
  28    0.0   458.7   10  136867      78     179      24 ( 0.101%)   12980 (61.8%)   26.789     -2197.    -26.789      0.000      0.000       65
  29    0.0   596.3    5  135060      78     174      19 ( 0.080%)   12941 (61.6%)   25.457     -2125.    -25.457      0.000      0.000       66
  30    0.0   775.1    4  102441      70     159      15 ( 0.063%)   12968 (61.8%)   25.852     -2138.    -25.852      0.000      0.000       64
  31    0.0  1007.7    2   51715      77     167      14 ( 0.059%)   12888 (61.4%)   25.386     -2123.    -25.386      0.000      0.000       60
  32    0.0  1310.0    3   77946      67     146      14 ( 0.059%)   12881 (61.3%)   25.095     -2110.    -25.095      0.000      0.000       59
  33    0.0  1703.0    2   78597      72     154      13 ( 0.055%)   13046 (62.1%)   26.997     -2185.    -26.997      0.000      0.000       57
  34    0.0  2213.9    8   86096      74     183      11 ( 0.046%)   13035 (62.1%)   26.083     -2154.    -26.083      0.000      0.000       58
  35    0.0  2878.1    6   88325      71     154       9 ( 0.038%)   13126 (62.5%)   25.859     -2155.    -25.859      0.000      0.000       56
  36    0.0  3741.5    5   80392      67     148       7 ( 0.030%)   13159 (62.7%)   25.859     -2153.    -25.859      0.000      0.000       56
  37    0.0  4863.9    2   66990      66     149       8 ( 0.034%)   13115 (62.5%)   26.000     -2162.    -26.000      0.000      0.000       54
  38    0.0  6323.1    2   71899      62     146       6 ( 0.025%)   13051 (62.1%)   25.800     -2150.    -25.800      0.000      0.000       54
  39    0.0  8220.0    2   67655      63     146       5 ( 0.021%)   13101 (62.4%)   25.800     -2149.    -25.800      0.000      0.000       54
  40    0.0 10686.0    2   66308      60     140       5 ( 0.021%)   13098 (62.4%)   25.800     -2150.    -25.800      0.000      0.000       53
  41    0.0 13891.9    0   63766      58     138       8 ( 0.034%)   13120 (62.5%)   25.800     -2152.    -25.800      0.000      0.000       53
  42    0.0 18059.4    1   76771      62     156       7 ( 0.030%)   13171 (62.7%)   25.800     -2149.    -25.800      0.000      0.000       55
  43    0.0 23477.2    1   65158      61     140       5 ( 0.021%)   13260 (63.1%)   25.800     -2148.    -25.800      0.000      0.000       56
  44    0.0 30520.4    3   67194      63     144       4 ( 0.017%)   13251 (63.1%)   25.543     -2139.    -25.543      0.000      0.000       57
  45    0.0 39676.5    1   38112      57     136       4 ( 0.017%)   13208 (62.9%)   25.592     -2139.    -25.592      0.000      0.000       57
  46    0.0 51579.5    0   41956      60     142       4 ( 0.017%)   13193 (62.8%)   25.592     -2141.    -25.592      0.000      0.000       57
  47    0.0 67053.3    3   40331      61     144       6 ( 0.025%)   13319 (63.4%)   25.491     -2139.    -25.491      0.000      0.000       58
  48    0.0 87169.3    5   37885      58     141       3 ( 0.013%)   13322 (63.4%)   25.491     -2139.    -25.491      0.000      0.000       60
  49    0.0 1.1e+05    1   36269      58     142       2 ( 0.008%)   13321 (63.4%)   25.491     -2141.    -25.491      0.000      0.000       60
  50    0.0 1.5e+05    1   36028      57     138       2 ( 0.008%)   13305 (63.4%)   25.491     -2141.    -25.491      0.000      0.000       59
Routing failed.

Failed routing attempt
Total number of overused nodes: 2
Routing Failure Diagnostics: Printing Overused Nodes Information
------ ------- ---------- --------- -------- ------------ ------- ------- ------- ------- ------- ------- -------
   No.  NodeId  Occupancy  Capacity  RR Node    Direction    Side     PTC   Block    Xlow    Ylow   Xhigh   Yhigh
                                        type                          NUM    Name                                 
------ ------- ---------- --------- -------- ------------ ------- ------- ------- ------- ------- ------- -------
     0    7642          2         1     IPIN          N/A  BOTTOM       2     clb       7       3       7       3
     1   23588          2         1    CHANY      INC_DIR     N/A      22 mult_36      14       6      14       9

Final Net Connection Criticality Histogram:
[        0:      0.1) 359 ( 30.6%) |***********************************************
[      0.1:      0.2)  61 (  5.2%) |********
[      0.2:      0.3) 118 ( 10.1%) |***************
[      0.3:      0.4) 117 ( 10.0%) |***************
[      0.4:      0.5)  28 (  2.4%) |****
[      0.5:      0.6)  94 (  8.0%) |************
[      0.6:      0.7)  22 (  1.9%) |***
[      0.7:      0.8)  88 (  7.5%) |************
[      0.8:      0.9)  80 (  6.8%) |**********
[      0.9:        1) 207 ( 17.6%) |***************************
Router Stats: total_nets_routed: 7416 total_connections_routed: 14941 total_heap_pushes: 6569763 total_heap_pops: 2471596 
## Build routing resource graph
SOURCE->OPIN and IPIN->SINK edge count:11392
OPIN->CHANX/CHANY edge count before creating direct connections: 20828
OPIN->CHANX/CHANY edge count after creating direct connections: 20828
CHAN->CHAN type edge count:94941
## Build routing resource graph took 0.07 seconds (max_rss 67.3 MiB, delta_rss +0.0 MiB)
  RR Graph Nodes: 23952
  RR Graph Edges: 127161
Best routing used a channel width factor of 52.
# Routing took 6.35 seconds (max_rss 67.3 MiB, delta_rss +0.0 MiB)

Checking to ensure routing is legal...
# Checking to ensure non-configurable edges are legal
# Checking to ensure non-configurable edges are legal took 0.00 seconds (max_rss 67.3 MiB, delta_rss +0.0 MiB)
Completed routing consistency check successfully.

Serial number (magic cookie) for the routing is: -774442983
Circuit successfully routed with a channel width factor of 52.
# Synchronize the packed netlist to routing optimization
## Annotating rr_node with routed nets
## Annotating rr_node with routed nets took 0.00 seconds (max_rss 67.3 MiB, delta_rss +0.0 MiB)
Found 1028 mismatches between routing and packing results.
Fixed 763 routing traces due to mismatch between routing and packing results.
# Synchronize the packed netlist to routing optimization took 0.01 seconds (max_rss 67.3 MiB, delta_rss +0.0 MiB)
Final Clustering Statistics: 
----------   --------   ------------------------------------   --------------------------
Block Type   # Blocks   Avg. # of input clocks and pins used   Avg. # of output pins used
----------   --------   ------------------------------------   --------------------------
     EMPTY          0                                      0                            0   
        io        258                               0.372093                     0.627907   
       clb         36                                22.7222                      10.3333   
   mult_36          5                                     52                           32   
    memory          0                                      0                            0   
Absorbed logical nets 300 out of 994 nets, 694 nets not absorbed.


Average number of bends per net: 2.89740  Maximum # of bends: 23

Number of global nets: 2
Number of routed nets (nonglobal): 692
Wire length results (in units of 1 clb segments)...
	Total wirelength: 12049, average net length: 17.4118
	Maximum net length: 147

Wire length results in terms of physical segments...
	Total wiring segments used: 3347, average wire segments per net: 4.83671
	Maximum segments used by a net: 43
	Total local nets with reserved CLB opins: 0
Total number of nets absorbed: 0

Routing channel utilization histogram:
[        1:      inf)  0 (  0.0%) |
[      0.9:        1) 56 ( 12.4%) |*********************************
[      0.8:      0.9) 74 ( 16.4%) |*******************************************
[      0.7:      0.8) 78 ( 17.3%) |**********************************************
[      0.5:      0.6) 42 (  9.3%) |*************************
[      0.4:      0.5) 22 (  4.9%) |*************
[      0.3:      0.4) 36 (  8.0%) |*********************
[      0.2:      0.3) 24 (  5.3%) |**************
[      0.1:      0.2) 36 (  8.0%) |*********************
[        0:      0.1) 82 ( 18.2%) |************************************************
Maximum routing channel utilization:      0.98 at (7,3)

X - Directed channels:   j max occ ave occ capacity
                      ---- ------- ------- --------
                         0      50  36.000       52
                         1      49  29.938       52
                         2      50  31.375       52
                         3      51  32.312       52
                         4      49  32.250       52
                         5      48  31.188       52
                         6      45  31.562       52
                         7      44  28.625       52
                         8      49  27.875       52
                         9      41  23.625       52
                        10      37  16.938       52
                        11      30  13.625       52
                        12      33  12.938       52
                        13      20   8.375       52
                        14      37  19.812       52
Y - Directed channels:   i max occ ave occ capacity
                      ---- ------- ------- --------
                         0      21   7.812       52
                         1      10   4.562       52
                         2      18   8.125       52
                         3      28  13.438       52
                         4      37  18.062       52
                         5      49  22.812       52
                         6      49  30.188       52
                         7      47  30.562       52
                         8      46  32.625       52
                         9      47  33.188       52
                        10      47  31.062       52
                        11      49  33.125       52
                        12      48  33.438       52
                        13      51  37.688       52
                        14      52  39.938       52

Total tracks in x-direction: 780, in y-direction: 780

Logic area (in minimum width transistor areas, excludes I/Os and empty grid tiles)...
	Total logic block area (Warning, need to add pitch of routing to blocks with height > 3): 1.21132e+07
	Total used logic block area: 3.92018e+06

Routing area (in minimum width transistor areas)...
	Total routing area: 805949., per logic tile: 3148.24

Total Number of Wiring Segments by Direction: direction length number
                                              --------- ------ -------
                                                      X      4   3314
                                                      Y      4   3314

X - Directed Wiring Segment usage by length: length utilization
                                             ------ -----------
                                             4       0.507

Y - Directed Wiring Segment usage by length: length utilization
                                             ------ -----------
                                             4       0.503

Segment occupancy by length: Length utilization
                             ------ -----------
                             L4           0.505

Segment occupancy by type:              name type utilization
                           ----------------- ---- -----------
                           unnamed_segment_0    0       0.505

Final hold Worst Negative Slack (hWNS): 0 ns
Final hold Total Negative Slack (hTNS): 0 ns

Final hold slack histogram:
[  2.9e-10:  4.9e-10) 196 ( 67.8%) |***********************************************
[  4.9e-10:  6.8e-10)  25 (  8.7%) |******
[  6.8e-10:  8.7e-10)  32 ( 11.1%) |********
[  8.7e-10:  1.1e-09)  16 (  5.5%) |****
[  1.1e-09:  1.3e-09)   8 (  2.8%) |**
[  1.3e-09:  1.4e-09)   6 (  2.1%) |*
[  1.4e-09:  1.6e-09)   3 (  1.0%) |*
[  1.6e-09:  1.8e-09)   2 (  0.7%) |
[  1.8e-09:    2e-09)   0 (  0.0%) |
[    2e-09:  2.2e-09)   1 (  0.3%) |

Final critical path delay (least slack): 23.8956 ns, Fmax: 41.8488 MHz
Final setup Worst Negative Slack (sWNS): -23.8956 ns
Final setup Total Negative Slack (sTNS): -1943.14 ns

Final setup slack histogram:
[ -2.4e-08: -2.2e-08)  12 (  4.2%) |*****
[ -2.2e-08: -1.9e-08)   7 (  2.4%) |***
[ -1.9e-08: -1.7e-08)   8 (  2.8%) |***
[ -1.7e-08: -1.5e-08)   5 (  1.7%) |**
[ -1.5e-08: -1.2e-08)  14 (  4.8%) |******
[ -1.2e-08: -9.9e-09)   8 (  2.8%) |***
[ -9.9e-09: -7.5e-09)  20 (  6.9%) |********
[ -7.5e-09: -5.2e-09) 119 ( 41.2%) |***********************************************
[ -5.2e-09: -2.8e-09)   0 (  0.0%) |
[ -2.8e-09: -5.1e-10)  96 ( 33.2%) |**************************************

Final geomean non-virtual intra-domain period: 23.8956 ns (41.8488 MHz)
Final fanout-weighted geomean non-virtual intra-domain period: 23.8956 ns (41.8488 MHz)

Incr Slack updates 1 in 3.3242e-05 sec
Full Max Req/Worst Slack updates 1 in 5.911e-06 sec
Incr Max Req/Worst Slack updates 0 in 0 sec
Incr Criticality updates 0 in 0 sec
Full Criticality updates 1 in 5.6135e-05 sec
Flow timing analysis took 0.469535 seconds (0.432872 STA, 0.0366626 slack) (224 full updates: 1 setup, 0 hold, 223 combined).
VPR succeeded
The entire flow of VPR took 7.00 seconds (max_rss 67.3 MiB)
Incr Slack updates 222 in 0.00747106 sec
Full Max Req/Worst Slack updates 69 in 0.000393896 sec
Incr Max Req/Worst Slack updates 153 in 0.0010492 sec
Incr Criticality updates 58 in 0.00281164 sec
Full Criticality updates 164 in 0.00884755 sec
	Command being timed: "/packages/apps/vtr/8.0.0-git/vpr/vpr k6_frac_N10_mem32K_40nm.xml diffeq1 --circuit_file diffeq1.pre-vpr.blif --place_algorithm bounding_box"
	User time (seconds): 6.87
	System time (seconds): 0.06
	Percent of CPU this job got: 98%
	Elapsed (wall clock) time (h:mm:ss or m:ss): 0:07.03
	Average shared text size (kbytes): 0
	Average unshared data size (kbytes): 0
	Average stack size (kbytes): 0
	Average total size (kbytes): 0
	Maximum resident set size (kbytes): 68936
	Average resident set size (kbytes): 0
	Major (requiring I/O) page faults: 0
	Minor (reclaiming a frame) page faults: 37981
	Voluntary context switches: 222
	Involuntary context switches: 19
	Swaps: 0
	File system inputs: 0
	File system outputs: 8720
	Socket messages sent: 0
	Socket messages received: 0
	Signals delivered: 0
	Page size (bytes): 4096
	Exit status: 0
